-----------------------------------------------------------
Family information: none_filt.tab
Log: ./none_filt.log
Tree: (((musDom:52,gloMor:52):52,((droWil:56,(droPse:48,((droYak:14,droMel:14):17,droAna:31):17):8):8,(droVir:32,droMoj:32):32):39):184,((culQui:79,aedAeg:79):79,(anoDar:70,(anoSte:35,anoGam:35):35):88):129)
The number of families is 6975
Root Family size : 1 ~ 155
Family size : 0 ~ 174
P-value: 0.010000
Num of Threads: 12
Num of Random: 1000
Empirical Prior Estimation Result: 12
Poisson lambda: 0.080796 & Score: inf
Lambda : 0.00519278445079 & Score: -108338.346514
.Lambda : 0.00545242367333 & Score: -inf
.Lambda : 0.00493314522825 & Score: -106622.074497
.Lambda : 0.00467350600571 & Score: -104916.742727
.Lambda : 0.00415422756063 & Score: -101567.597452
.Lambda : 0.00363494911555 & Score: -98365.432014
.Lambda : 0.00259639222539 & Score: -92949.282439
.Lambda : 0.00155783533524 & Score: -91020.080282
.Lambda : -0.00051927844508 & Score: -inf
.Lambda : 0.00051927844508 & Score: -103966.068320
.Lambda : 0.00259639222539 & Score: -92949.282439
.Lambda : 0.00051927844508 & Score: -103966.068320
.Lambda : 0.00103855689016 & Score: -93682.320520
.Lambda : 0.00207711378031 & Score: -91266.514837
.Lambda : 0.00103855689016 & Score: -93682.320520
.Lambda : 0.00129819611270 & Score: -91829.061897
.Lambda : 0.00181747455778 & Score: -90901.775858
.Lambda : 0.00207711378031 & Score: -91266.514837
.Lambda : 0.00194729416904 & Score: -91033.415690
.Lambda : 0.00168765494651 & Score: -90889.672700
.Lambda : 0.00155783533524 & Score: -91020.080282
.Lambda : 0.00162274514087 & Score: -90935.564004
.Lambda : 0.00175256475214 & Score: -90879.447568
.Lambda : 0.00181747455778 & Score: -90901.775858
.Lambda : 0.00178501965496 & Score: -90886.747558
.Lambda : 0.00172010984932 & Score: -90880.275774
.Lambda : 0.00178501965496 & Score: -90886.747558
.Lambda : 0.00176879220355 & Score: -90882.116581
.Lambda : 0.00173633730073 & Score: -90878.812272
.Lambda : 0.00172010984932 & Score: -90880.275774
.Lambda : 0.00172822357503 & Score: -90879.277003
.Lambda : 0.00174445102644 & Score: -90878.870427
.Lambda : 0.00172822357503 & Score: -90879.277003
.Lambda : 0.00173228043788 & Score: -90878.978248
.Lambda : 0.00174039416358 & Score: -90878.777447
.Lambda : 0.00174445102644 & Score: -90878.870427
.Lambda : 0.00174242259501 & Score: -90878.807563
.Lambda : 0.00173836573216 & Score: -90878.778848
.Lambda : 0.00174242259501 & Score: -90878.807563
.Lambda : 0.00174140837930 & Score: -90878.788406
.Lambda : 0.00173937994787 & Score: -90878.774488
.Lambda : 0.00173836573216 & Score: -90878.778848
.Lambda : 0.00173887284001 & Score: -90878.775640
.Lambda : 0.00173988705573 & Score: -90878.775045
.Lambda : 0.00173887284001 & Score: -90878.775640
.Lambda : 0.00173912639394 & Score: -90878.774807
.Lambda : 0.00173963350180 & Score: -90878.774615
.Lambda : 0.00173912639394 & Score: -90878.774807
.Lambda : 0.00173925317091 & Score: -90878.774584
.Lambda : 0.00173950672483 & Score: -90878.774522
.Lambda : 0.00173925317091 & Score: -90878.774584
.Lambda : 0.00173931655939 & Score: -90878.774520
.Lambda : 0.00173944333635 & Score: -90878.774489
.
Lambda Search Result: 25
Lambda : 0.00173937994787 & Score: 90878.774488
DONE: Lamda Search or setting, for command:
lambda -s
Running Viterbi algorithm....
Building Metapost report: none_filt_lambda.mp
Building HTML report: none_filt_lambda.html
Report Done
Lambda Tree: (((2,1)1,((1,(1,((1,1)1,1)1)1)1,(1,1)1)1)1,((1,1)1,(1,(1,1)1)1)1)
Empirical Prior Estimation Result: 26
Poisson lambda: 0.419806 & Score: 102702.176087
Lambda : 0.00121607782532,0.00011636394471 & Score: -96903.003134
.Lambda : 0.00127688171658,0.00011636394471 & Score: -96562.265288
.Lambda : 0.00127688171658,0.00012218214194 & Score: -96510.916831
.Lambda : 0.00133768560785,0.00012218214194 & Score: -96225.494514
.Lambda : 0.00139848949912,0.00012509124056 & Score: -95965.159562
.Lambda : 0.00139848949912,0.00013090943780 & Score: -95919.528620
.Lambda : 0.00145929339038,0.00013818218434 & Score: -95675.779901
.Lambda : 0.00158090117291,0.00014109128296 & Score: -95395.459022
.Lambda : 0.00173291090108,0.00015054585347 & Score: -95199.578814
.Lambda : 0.00179371479234,0.00016363679725 & Score: -95122.489967
.Lambda : 0.00199132743896,0.00018290957559 & Score: -95188.930193
.Lambda : 0.00206733230304,0.00017600046637 & Score: -95342.416915
.Lambda : 0.00145929339038,0.00013818218434 & Score: -95675.779901
.Lambda : 0.00161130311855,0.00014763675485 & Score: -95310.207410
.Lambda : 0.00191532257488,0.00016654589586 & Score: -95177.524716
.Lambda : 0.00197612646614,0.00017963683964 & Score: -95183.298742
.Lambda : 0.00173291090108,0.00015054585347 & Score: -95199.578814
.Lambda : 0.00179371479234,0.00015781860001 & Score: -95154.424360
.Lambda : 0.00167210700981,0.00015490950139 & Score: -95204.779823
.Lambda : 0.00173291090108,0.00015781860001 & Score: -95157.325797
.Lambda : 0.00185451868361,0.00016363679725 & Score: -95145.754673
.Lambda : 0.00185451868361,0.00016945499448 & Score: -95115.444024
.Lambda : 0.00188492062924,0.00017527319172 & Score: -95107.128708
.Lambda : 0.00182411673798,0.00017527319172 & Score: -95070.302361
.Lambda : 0.00180891576516,0.00018109138895 & Score: -95035.179539
.Lambda : 0.00190012160206,0.00019272778342 & Score: -95036.531577
.Lambda : 0.00182411673798,0.00019854598066 & Score: -94956.369349
.Lambda : 0.00179371479234,0.00021018237513 & Score: -94890.909488
.Lambda : 0.00170250895544,0.00019854598066 & Score: -94950.271756
.Lambda : 0.00168730798263,0.00022763696684 & Score: -94818.115829
.Lambda : 0.00162650409136,0.00025090975578 & Score: -94754.009640
.Lambda : 0.00171770992826,0.00026254615025 & Score: -94659.543064
.Lambda : 0.00172531041467,0.00029454623504 & Score: -94535.048938
.Lambda : 0.00155809971369,0.00033527361569 & Score: -94495.116114
.Lambda : 0.00144029217436,0.00039781923597 & Score: -94497.151671
.Lambda : 0.00165690603700,0.00037891009496 & Score: -94264.166057
.Lambda : 0.00167210700981,0.00044291026455 & Score: -94073.501559
.Lambda : 0.00150489630883,0.00048363764519 & Score: -94115.368391
.Lambda : 0.00161890360495,0.00059127429405 & Score: -93738.903220
.Lambda : 0.00164930555059,0.00071927463323 & Score: -93484.697562
.Lambda : 0.00181651625157,0.00067854725258 & Score: -93621.107745
.Lambda : 0.00179371479234,0.00095491162126 & Score: -93204.254529
.Lambda : 0.00185451868361,0.00121091229962 & Score: -93015.697352
.Lambda : 0.00168730798263,0.00125163968027 & Score: -92837.214102
.Lambda : 0.00162270384816,0.00153818589412 & Score: -92619.324826
.Lambda : 0.00182791698118,0.00202982356051 & Score: -92512.344722
.Lambda : 0.00191722269648,0.00268509802415 & Score: -92500.435914
.Lambda : 0.00168540786103,0.00301237161864 & Score: -92172.247655
.Lambda : 0.00160085244973,0.00391310127815 & Score: -92133.083818
.Lambda : 0.00189537129805,0.00506001340818 & Score: -92505.921071
.Lambda : 0.00162270384816,0.00153818589412 & Score: -92619.324826
.Lambda : 0.00169087071063,0.00241864277263 & Score: -92270.664443
.Lambda : 0.00137450046389,0.00364664602663 & Score: -92408.538707
.Lambda : 0.00191722269648,0.00268509802415 & Score: -92500.435914
.Lambda : 0.00178154213833,0.00292548502477 & Score: -92259.300057
.Lambda : 0.00169152387743,0.00441994353029 & Score: -92181.001332
.Lambda : 0.00151083418884,0.00540755978367 & Score: -92320.715763
.Lambda : 0.00157851117621,0.00478704109394 & Score: -92200.411929
.Lambda : 0.00171386515096,0.00354600371449 & Score: -92161.616131
.Lambda : 0.00162319372326,0.00303916146236 & Score: -92155.008531
.Lambda : 0.00151018102204,0.00340625902601 & Score: -92185.661289
.Lambda : 0.00156110205427,0.00344119519813 & Score: -92146.190274
.Lambda : 0.00153876078074,0.00431513501393 & Score: -92179.291884
.Lambda : 0.00155986901637,0.00399614162603 & Score: -92149.557016
.Lambda : 0.00160208548763,0.00335815485025 & Score: -92135.235272
.Lambda : 0.00164183588310,0.00383006093027 & Score: -92131.301448
.Lambda : 0.00168220279751,0.00402449379633 & Score: -92151.215891
.Lambda : 0.00164060284520,0.00438500735817 & Score: -92159.112783
.Lambda : 0.00163097350581,0.00412829423119 & Score: -92141.103896
.Lambda : 0.00162134416642,0.00387158110421 & Score: -92130.406409
.Lambda : 0.00162196068536,0.00359410789026 & Score: -92127.814826
.Lambda : 0.00160146896868,0.00363562806420 & Score: -92129.186572
.Lambda : 0.00160208548763,0.00335815485025 & Score: -92135.235272
.Lambda : 0.00160690015733,0.00348651141374 & Score: -92130.358603
.Lambda : 0.00161652949672,0.00374322454072 & Score: -92128.115794
.Lambda : 0.00163702121340,0.00370170436678 & Score: -92128.755695
.Lambda : 0.00160146896868,0.00363562806420 & Score: -92129.186572
.Lambda : 0.00161035702986,0.00365214713984 & Score: -92128.038202
.Lambda : 0.00161578821851,0.00350303048938 & Score: -92129.234711
.Lambda : 0.00161597353806,0.00356307900222 & Score: -92128.245161
.Lambda : 0.00161615885761,0.00362312751505 & Score: -92127.742398
.Lambda : 0.00161924509104,0.00366866621549 & Score: -92127.595979
.Lambda : 0.00161344326329,0.00369768584028 & Score: -92127.903958
.Lambda : 0.00161557261881,0.00367179135278 & Score: -92127.705880
.Lambda : 0.00161865885224,0.00371733005321 & Score: -92127.826203
.Lambda : 0.00161803385358,0.00369377941867 & Score: -92127.695115
.Lambda : 0.00162170632581,0.00369065428139 & Score: -92127.651594
.Lambda : 0.00162291756327,0.00366554107820 & Score: -92127.591918
.Lambda : 0.00162535941812,0.00365142190797 & Score: -92127.644869
.Lambda : 0.00162045632850,0.00364355301230 & Score: -92127.583205
.Lambda : 0.00161983132985,0.00362000237776 & Score: -92127.661192
.Lambda : 0.00162412880073,0.00364042787502 & Score: -92127.620829
.Lambda : 0.00162290787331,0.00364748746013 & Score: -92127.587956
.Lambda : 0.00162044663854,0.00362549939424 & Score: -92127.631980
.Lambda : 0.00162106436972,0.00363550981523 & Score: -92127.597248
.Lambda : 0.00162168210091,0.00364552023622 & Score: -92127.579049
.Lambda : 0.00162168694589,0.00365454704525 & Score: -92127.573118
.Lambda : 0.00162291271829,0.00365651426917 & Score: -92127.584743
.Lambda : 0.00162229862085,0.00365327395495 & Score: -92127.577466
.Lambda : 0.00162230346583,0.00366230076399 & Score: -92127.580695
.Lambda : 0.00162214812460,0.00365810563204 & Score: -92127.576548
.Lambda : 0.00162153644964,0.00365937872234 & Score: -92127.573630
.Lambda : 0.00162107527093,0.00365582013555 & Score: -92127.572006
.Lambda : 0.00162053884410,0.00365467738731 & Score: -92127.573613
.Lambda : 0.00162122576718,0.00365098845846 & Score: -92127.573175
.Lambda : 0.00162153644964,0.00365937872234 & Score: -92127.573630
.Lambda : 0.00162145877902,0.00365728115637 & Score: -92127.572582
.Lambda : 0.00162084710407,0.00365855424667 & Score: -92127.572996
.Lambda : 0.00162168694589,0.00365454704525 & Score: -92127.573118
.Lambda : 0.00162147698543,0.00365554884561 & Score: -92127.572372
.Lambda : 0.00162109347734,0.00365408782479 & Score: -92127.572084
.Lambda : 0.00162069176284,0.00365435911473 & Score: -92127.572957
.Lambda : 0.00162088806849,0.00365465654745 & Score: -92127.572310
.Lambda : 0.00162128067978,0.00365525141289 & Score: -92127.572018
.Lambda : 0.00162126247338,0.00365698372365 & Score: -92127.572180
.Lambda : 0.00162122022437,0.00365625974894 & Score: -92127.572030
.Lambda : 0.00162113572635,0.00365481179950 & Score: -92127.571982
.Lambda : 0.00162109347734,0.00365408782479 & Score: -92127.572084
.Lambda : 0.00162093031750,0.00365538052217 & Score: -92127.572185
.Lambda : 0.00162101790807,0.00365534824485 & Score: -92127.572048
.Lambda : 0.00162110549864,0.00365531596753 & Score: -92127.571975
.Lambda : 0.00162120820307,0.00365503160620 & Score: -92127.571975
.Lambda : 0.00162117797536,0.00365553577422 & Score: -92127.571964
.Lambda : 0.00162119909986,0.00365589776158 & Score: -92127.571987
.Lambda : 0.00162107527093,0.00365582013555 & Score: -92127.572006
.Lambda : 0.00162110850396,0.00365562300321 & Score: -92127.571978
.Lambda : 0.00162114173700,0.00365542587088 & Score: -92127.571963
.Lambda : 0.00162119308921,0.00365528369021 & Score: -92127.571965
.Lambda : 0.00162112662314,0.00365567795489 & Score: -92127.571973
.Lambda : 0.00162114323966,0.00365557938872 & Score: -92127.571966
.Lambda : 0.00162115985618,0.00365548082255 & Score: -92127.571962
.Lambda : 0.00162116741311,0.00365535478054 & Score: -92127.571961
.Lambda : 0.00162118553228,0.00365540973222 & Score: -92127.571963
.Lambda : 0.00162117458346,0.00365541376688 & Score: -92127.571962
.Lambda : 0.00162118214039,0.00365528772487 & Score: -92127.571962
.Lambda : 0.00162117656934,0.00365533599929 & Score: -92127.571962
.
Lambda Search Result: 72
Lambda : 0.00162116741311,0.00365535478054 & Score: 92127.571961
DONE: Lamda Search or setting, for command:
lambda -s -t (((2,1)1,((1,(1,((1,1)1,1)1)1)1,(1,1)1)1)1,((1,1)1,(1,(1,1)1)1)1)
Running Viterbi algorithm....
Building Metapost report: none_filt_lambda_musca.mp
Building HTML report: none_filt_lambda_musca.html
Report Done
Lambda Tree: (((2,3)1,((5,(5,((5,5)5,5)5)5)5,(5,5)5)1)1,((4,4)4,(4,(4,4)4)4)1)
Empirical Prior Estimation Result: 30
Poisson lambda: 0.419807 & Score: 102702.176087
Lambda : 0.00462701578078,0.00345856263100,0.00235493893168,0.00076039210873,0.00526649960944 & Score: -109622.887812
.Lambda : 0.00485836656982,0.00345856263100,0.00235493893168,0.00076039210873,0.00526649960944 & Score: -110229.351067
.Lambda : 0.00485836656982,0.00363149076255,0.00235493893168,0.00076039210873,0.00526649960944 & Score: -110228.494419
.Lambda : 0.00485836656982,0.00345856263100,0.00247268587827,0.00076039210873,0.00526649960944 & Score: -110177.556508
.Lambda : 0.00485836656982,0.00345856263100,0.00235493893168,0.00079841171417,0.00526649960944 & Score: -109860.563389
.Lambda : 0.00485836656982,0.00345856263100,0.00235493893168,0.00076039210873,0.00552982458992 & Score: -110788.022843
.Lambda : 0.00476582625420,0.00352773388362,0.00240203771032,0.00077559995090,0.00500317462897 & Score: -109261.886760
.Lambda : 0.00471955609639,0.00356231950993,0.00242558709963,0.00078320387199,0.00473984964850 & Score: -108510.868334
.Lambda : 0.00471030206483,0.00356923663519,0.00243029697750,0.00078472465621,0.00505583962507 & Score: -109125.771248
.Lambda : 0.00465107626284,0.00337140685270,0.00246044019582,0.00079445767520,0.00497157563131 & Score: -108689.913167
.Lambda : 0.00456816014005,0.00350947267293,0.00233779497626,0.00080808390179,0.00485360604006 & Score: -108152.534858
.Lambda : 0.00442305692516,0.00353492769389,0.00227034952526,0.00083192979832,0.00464715925537 & Score: -107161.181421
.Lambda : 0.00439403628219,0.00354001869808,0.00242170616027,0.00078347153001,0.00460586989843 & Score: -107371.983656
.Lambda : 0.00453219527179,0.00357260112492,0.00244841305171,0.00083072290396,0.00434161801403 & Score: -106764.740661
.Lambda : 0.00448478501729,0.00362962037188,0.00249515011172,0.00086588830158,0.00387917721633 & Score: -105427.244596
.Lambda : 0.00435870216872,0.00348608061540,0.00239899625959,0.00083885581463,0.00408161303491 & Score: -105741.742431
.Lambda : 0.00430097833306,0.00372977990297,0.00234427546677,0.00084688205141,0.00380989199010 & Score: -105028.284620
.Lambda : 0.00412592936817,0.00390896642811,0.00228619310224,0.00087309423952,0.00322905016950 & Score: -103350.038624
.Lambda : 0.00399504780822,0.00367752601302,0.00232337096400,0.00089409200164,0.00343729818132 & Score: -103157.078564
.Lambda : 0.00363279366413,0.00373512926456,0.00227226289618,0.00094953606646,0.00278602244773 & Score: -100759.008807
.Lambda : 0.00401607057520,0.00377787105145,0.00226747459772,0.00096025015819,0.00284333895110 & Score: -101828.829493
.Lambda : 0.00382425539224,0.00388013939867,0.00241768126173,0.00096312003384,0.00208052147245 & Score: -100400.930392
.Lambda : 0.00352485462578,0.00405274525106,0.00249134712996,0.00102871515159,0.00079720258099 & Score: -100665.565969
.Lambda : 0.00367483143809,0.00408660999047,0.00229650852825,0.00100589970520,0.00184563106793 & Score: -99673.894940
.Lambda : 0.00333289607278,0.00438687467801,0.00224526466258,0.00108942165049,0.00072764008444 & Score: -100287.601045
.Lambda : 0.00322476715784,0.00412586608143,0.00212089804273,0.00103487177970,0.00123464842716 & Score: -98664.775187
.Lambda : 0.00259475822812,0.00437398893621,0.00193377200823,0.00111936351876,-0.00008761596743 & Score: -inf
.Lambda : 0.00322315792283,0.00393327988652,0.00226373702840,0.00109237685783,0.00108701477705 & Score: -98557.545504
.Lambda : 0.00277177220016,0.00394543661573,0.00225250899148,0.00120201816699,0.00001599708083 & Score: -inf
.Lambda : 0.00301585165485,0.00412653879721,0.00228096050519,0.00105807161902,0.00077019632583 & Score: -99288.463944
.Lambda : 0.00315235176222,0.00432584439716,0.00227965125034,0.00111219993178,0.00002118238044 & Score: -inf
.Lambda : 0.00327246223769,0.00417816561401,0.00227780416180,0.00107153396545,0.00071239239726 & Score: -100268.109532
.Lambda : 0.00274017277229,0.00430004474919,0.00207828204482,0.00114198153705,0.00017943172564 & Score: -106304.373533
.Lambda : 0.00301119342727,0.00419506841156,0.00216313184905,0.00109726616125,0.00065470416234 & Score: -99814.159155
.Lambda : 0.00318745840266,0.00400877965287,0.00217229021965,0.00104386048375,0.00152448550686 & Score: -98176.563426
.Lambda : 0.00314495648515,0.00392408667230,0.00211953324858,0.00103002374290,0.00193053206166 & Score: -98146.574480
.Lambda : 0.00350223243623,0.00388348415961,0.00226952309221,0.00099123132062,0.00209250490151 & Score: -99397.238769
.Lambda : 0.00276955482467,0.00391069224836,0.00212535223859,0.00107673042283,0.00100032752935 & Score: -97643.229180
.Lambda : 0.00231691651795,0.00382273337730,0.00203977409376,0.00111214578165,0.00057767576006 & Score: -98370.101217
.Lambda : 0.00264908278190,0.00412470131472,0.00209466933318,0.00112559844830,0.00031658274691 & Score: -102514.177455
.Lambda : 0.00286237019548,0.00406439702594,0.00213838277294,0.00109200666638,0.00076056328556 & Score: -98787.574433
.Lambda : 0.00307407097954,0.00385678996861,0.00202620082730,0.00107233216884,0.00163503810649 & Score: -97730.992408
.Lambda : 0.00331223275252,0.00383588891695,0.00212390578130,0.00103052732247,0.00199446107512 & Score: -98641.555326
.Lambda : 0.00298482202804,0.00365842899566,0.00214259360694,0.00108592442625,0.00182430099271 & Score: -97332.449875
.Lambda : 0.00286484946314,0.00342471045278,0.00215344138905,0.00111145074952,0.00211912727549 & Score: -96987.122829
.Lambda : 0.00271840311760,0.00378393477448,0.00215140011147,0.00112263825430,0.00111435482489 & Score: -96951.832773
.Lambda : 0.00242148830014,0.00375795770324,0.00216514727656,0.00116869372022,0.00067430169978 & Score: -97626.785511
.Lambda : 0.00260557602521,0.00362680576008,0.00196663409759,0.00107289327753,0.00203273714210 & Score: -96493.030491
.Lambda : 0.00229678507639,0.00347356869686,0.00181808263219,0.00106315148737,0.00250559832463 & Score: -96166.112592
.Lambda : 0.00234450889939,0.00345579178414,0.00199025763087,0.00114849749024,0.00141924636268 & Score: -95388.980966
.Lambda : 0.00194428510651,0.00322164434006,0.00192561982201,0.00120773436391,0.00116360351318 & Score: -94380.595456
.Lambda : 0.00196348005579,0.00326903023640,0.00204335765003,0.00116034994234,0.00152616648053 & Score: -94127.178154
.Lambda : 0.00140818459391,0.00297515037030,0.00205193606139,0.00120435882908,0.00147173066755 & Score: -92413.977395
.Lambda : 0.00172344811836,0.00284091120543,0.00191483976785,0.00120700305084,0.00234943831295 & Score: -93640.582585
.Lambda : 0.00117159294197,0.00309337330208,0.00179130996891,0.00121050364469,0.00132276298179 & Score: -92098.686329
.Lambda : 0.00032496468139,0.00292770472673,0.00161024425885,0.00126003009227,0.00092458083495 & Score: -91625.025911
.Lambda : 0.00036066391302,0.00239165696127,0.00157688890544,0.00125427287509,0.00225162583641 & Score: -90787.694202
.Lambda : -0.00081820568927,0.00169551805467,0.00128963330243,0.00132009018548,0.00282026134217 & Score: -inf
.Lambda : 0.00000783348888,0.00226925834466,0.00181372889403,0.00139020819711,0.00075879334139 & Score: -94094.549332
.Lambda : -0.00041424718828,0.00214022830330,0.00166143533301,0.00131861485385,0.00193886408412 & Score: -inf
.Lambda : 0.00017538588541,0.00241058231249,0.00172748145526,0.00129089473136,0.00174504894138 & Score: -90511.406054
.Lambda : 0.00158922538796,0.00314914388583,0.00173882728549,0.00109641563435,0.00273817649591 & Score: -94323.809308
.Lambda : 0.00119387741319,0.00292917250054,0.00175755268762,0.00116986377504,0.00224333070728 & Score: -92363.847262
.Lambda : -0.00033821752359,0.00261279554310,0.00157480157957,0.00126476507029,0.00110508848209 & Score: -inf
.Lambda : 0.00017719888690,0.00266982445868,0.00165981112664,0.00125032456543,0.00141617593980 & Score: -90851.135717
.Lambda : -0.00051534828195,0.00235642601358,0.00128085531214,0.00128579558659,0.00196057423637 & Score: -inf
.Lambda : -0.00003446506298,0.00251110710276,0.00147362549945,0.00126543639722,0.00183836334417 & Score: -inf
.Lambda : 0.00026802489922,0.00240111963688,0.00165218518035,0.00127258380323,0.00199833738890 & Score: -90520.713365
.Lambda : 0.00017629238616,0.00254020338559,0.00169364629095,0.00127060964840,0.00158061244059 & Score: -90639.637365
.Lambda : 0.00025017528340,0.00266914351961,0.00166886285705,0.00127546241182,0.00133481488817 & Score: -90668.584444
.Lambda : 0.00068463164930,0.00266987740651,0.00174251707144,0.00123037925320,0.00199418982433 & Score: -90840.963297
.Lambda : 0.00079178523966,0.00269286634139,0.00188970875832,0.00124762678022,0.00160838980447 & Score: -90809.399367
.Lambda : -0.00001996617176,0.00241568867187,0.00171023674533,0.00131249169681,0.00131269156107 & Score: -inf
.Lambda : 0.00015618328351,0.00247923585553,0.00171830682686,0.00129196358591,0.00148306612689 & Score: -90682.939017
.Lambda : -0.00038136054458,0.00230724754264,0.00149448428587,0.00131297889206,0.00164836210990 & Score: -inf
.Lambda : -0.00008807409852,0.00240365224233,0.00159329040398,0.00129664086410,0.00163836903354 & Score: -inf
.Lambda : 0.00022170539232,0.00240585097468,0.00168983331781,0.00128173926729,0.00187169316514 & Score: -90477.031469
.Lambda : 0.00017583913579,0.00247539284904,0.00171056387311,0.00128075218988,0.00166283069099 & Score: -90566.104622
.Lambda : 0.00021278058441,0.00253986291605,0.00169817215616,0.00128317857159,0.00153993191477 & Score: -90513.789298
.Lambda : 0.00016578458446,0.00244490908401,0.00172289414106,0.00129142915864,0.00161405753414 & Score: -90572.355023
.Lambda : 0.00048358556254,0.00255172432694,0.00180859510679,0.00126926075579,0.00167671937293 & Score: -90317.310085
.Lambda : 0.00034193403973,0.00250845626767,0.00173096422259,0.00127090104773,0.00178443209995 & Score: -90324.514939
.Lambda : 0.00039831744998,0.00249119787010,0.00175145463034,0.00127763755963,0.00178429950668 & Score: -90289.741921
.Lambda : 0.00050955660707,0.00249910038062,0.00177190000895,0.00127608024450,0.00184503391453 & Score: -90365.570009
.Lambda : 0.00043559074758,0.00240726178470,0.00178515933696,0.00127299477314,0.00200494531966 & Score: -90367.947818
.Lambda : 0.00057706739144,0.00253521417715,0.00177892119053,0.00125811863007,0.00190378684436 & Score: -90516.421304
.Lambda : 0.00047664701493,0.00250405621098,0.00176606125671,0.00126631265539,0.00186410236862 & Score: -90375.666171
.Lambda : 0.00063272453359,0.00257922760947,0.00184706050355,0.00126110344938,0.00177410630199 & Score: -90497.147457
.Lambda : 0.00052996974827,0.00253588345078,0.00180775370711,0.00126626240386,0.00179850301778 & Score: -90376.429304
.Lambda : 0.00032446017763,0.00244919513338,0.00172914011424,0.00127658031282,0.00184729644935 & Score: -90329.461512
.Lambda : 0.00031690817605,0.00245907794213,0.00175606410765,0.00128063712425,0.00177497473081 & Score: -90281.776106
.Lambda : 0.00023703875660,0.00243658880771,0.00175106553312,0.00128779935868,0.00173041091191 & Score: -90349.291492
.Lambda : 0.00031049141479,0.00257659883138,0.00172532793569,0.00127701194695,0.00154214354423 & Score: -90367.514069
.Lambda : 0.00043559074758,0.00240726178470,0.00178515933696,0.00127299477314,0.00200494531966 & Score: -90367.947818
.Lambda : 0.00040431591438,0.00244959604637,0.00177020148664,0.00127399906659,0.00188924487580 & Score: -90310.780418
.Lambda : 0.00045356427943,0.00253482584790,0.00179777170736,0.00127239390878,0.00171657178512 & Score: -90287.953032
.Lambda : 0.00048074251323,0.00248611254571,0.00182267059292,0.00127867031828,0.00175229200859 & Score: -90273.426395
.Lambda : 0.00055014674998,0.00247494068473,0.00186852377809,0.00128255495356,0.00173622196290 & Score: -90299.186341
.Lambda : 0.00033795377069,0.00241659977394,0.00175066990317,0.00128407443522,0.00189023378987 & Score: -90292.955353
.Lambda : 0.00039067856137,0.00250552954554,0.00178125088994,0.00128336627188,0.00167810385263 & Score: -90242.092763
.Lambda : 0.00038385988486,0.00253349629512,0.00178677559159,0.00128804987452,0.00157253334104 & Score: -90247.527002
.Lambda : 0.00047813062133,0.00257409772661,0.00181301486811,0.00127300763791,0.00159226296366 & Score: -90315.024344
.Lambda : 0.00044308640867,0.00253472323844,0.00179742862688,0.00127577433724,0.00166675567021 & Score: -90276.376436
.Lambda : 0.00043567452552,0.00251690977779,0.00183061973957,0.00127869922454,0.00165117971226 & Score: -90236.503404
.Lambda : 0.00045435306330,0.00252976573164,0.00187020229418,0.00127923005700,0.00158461981505 & Score: -90231.290402
.Lambda : 0.00038074320961,0.00247125775348,0.00181327489727,0.00128667733467,0.00166612664580 & Score: -90206.708947
.Lambda : 0.00034433267470,0.00243947370627,0.00182102649222,0.00129381904762,0.00164090407614 & Score: -90187.108590
.Lambda : 0.00052836911246,0.00253916396491,0.00188096745081,0.00128370688856,0.00155409543823 & Score: -90291.538883
.Lambda : 0.00047550387835,0.00251914245922,0.00184974161502,0.00128293944748,0.00160931526137 & Score: -90247.341709
.Lambda : 0.00041515786770,0.00245728635691,0.00186052812684,0.00129143571967,0.00163933833530 & Score: -90168.071730
.Lambda : 0.00040119359722,0.00241856791615,0.00189207787682,0.00129926641088,0.00162562966784 & Score: -90119.177486
.Lambda : 0.00034568219675,0.00247887919782,0.00186304907435,0.00129677817566,0.00150313706062 & Score: -90193.781736
.Lambda : 0.00029899215898,0.00242974397975,0.00184130103599,0.00129804453773,0.00160364252753 & Score: -90185.969338
.Lambda : 0.00034714291501,0.00241304266711,0.00193381181948,0.00130348901968,0.00150506940625 & Score: -90120.376230
.Lambda : 0.00024058435376,0.00234211725520,0.00187030422536,0.00131732881963,0.00156673328031 & Score: -90198.663994
.Lambda : 0.00045435306330,0.00252976573164,0.00187020229418,0.00127923005700,0.00158461981505 & Score: -90231.290402
.Lambda : 0.00040091088591,0.00248285361253,0.00187022777698,0.00128875474766,0.00158014818136 & Score: -90177.977725
.Lambda : 0.00037134669598,0.00239459355491,0.00188032892625,0.00129657132977,0.00167902048302 & Score: -90122.937374
.Lambda : 0.00038350182654,0.00241604698591,0.00194607248198,0.00130063137067,0.00155650003026 & Score: -90090.269708
.Lambda : 0.00040308640247,0.00240433362573,0.00200859547686,0.00130403753220,0.00151429800733 & Score: -90059.050330
.Lambda : 0.00047048003966,0.00241561257082,0.00199271571457,0.00129880307834,0.00155802377079 & Score: -90107.754541
.Lambda : 0.00039638897422,0.00233560652135,0.00201278414861,0.00131211220069,0.00157266835273 & Score: -90011.608645
.Lambda : 0.00039412801837,0.00226198297576,0.00208406233443,0.00132379092721,0.00156892843841 & Score: -89937.558266
.Lambda : 0.00043506569311,0.00237082234732,0.00208417636261,0.00131518345755,0.00142975923322 & Score: -90051.194627
.Lambda : 0.00049443858532,0.00233548510719,0.00209083928663,0.00131294354279,0.00157358624079 & Score: -90017.841411
.Lambda : 0.00047768589835,0.00229672673458,0.00221207779322,0.00132263700435,0.00143220860838 & Score: -89984.149262
.Lambda : 0.00041128179939,0.00225212774541,0.00219918478693,0.00133263390730,0.00144948844047 & Score: -89910.538512
.Lambda : 0.00038168267926,0.00217038533271,0.00230241932312,0.00134954932178,0.00139522077531 & Score: -89851.267735
.Lambda : 0.00047011394730,0.00216982737330,0.00230083456315,0.00134560416928,0.00144558331112 & Score: -89870.284629
.Lambda : 0.00045215395833,0.00212294066210,0.00231191695761,0.00134662652861,0.00153645171638 & Score: -89797.037222
.Lambda : 0.00046069809095,0.00199899981949,0.00242578725510,0.00136234806414,0.00158979795796 & Score: -89704.826663
.Lambda : 0.00037928486837,0.00202368378715,0.00243923322098,0.00136862825192,0.00139910939568 & Score: -89755.658647
.Lambda : 0.00035667714335,0.00195322498079,0.00240885688549,0.00137733128938,0.00152724734301 & Score: -89673.162651
.Lambda : 0.00029617276585,0.00178147410389,0.00250724643162,0.00140467843189,0.00157476671033 & Score: -89613.277131
.Lambda : 0.00040105292232,0.00179576519085,0.00270614598316,0.00140853236839,0.00139286282174 & Score: -89611.655320
.Lambda : 0.00040451537429,0.00156265629840,0.00301718780752,0.00145090308899,0.00130483001341 & Score: -89604.574697
.Lambda : 0.00029882756418,0.00164505236336,0.00277591505219,0.00142883869421,0.00145990662996 & Score: -89557.733897
.Lambda : 0.00021318437262,0.00138266485838,0.00301345529671,0.00147045595667,0.00146706828938 & Score: -89653.693817
.Lambda : 0.00035411678619,0.00143436121620,0.00296372858384,0.00145660929068,0.00153614350762 & Score: -89478.176050
.Lambda : 0.00034033383966,0.00106634915795,0.00329438321421,0.00151013927513,0.00160660487378 & Score: -89561.369534
.Lambda : 0.00034644736421,0.00134533373339,0.00303671283114,0.00147272277605,0.00158706853203 & Score: -89458.164759
.Lambda : 0.00033002861213,0.00100615870651,0.00333545263621,0.00152477003811,0.00168104810021 & Score: -89575.780278
.Lambda : 0.00021933385094,0.00110855126660,0.00329452902742,0.00152315284858,0.00139528819938 & Score: -89770.783293
.Lambda : 0.00027967491094,0.00133116340482,0.00307734358434,0.00148295165247,0.00144391563902 & Score: -89562.992418
.Lambda : 0.00037726003408,0.00114595270258,0.00344110871199,0.00151213176906,0.00135797901849 & Score: -89599.176510
.Lambda : 0.00025801528956,0.00119808906974,0.00310073569788,0.00149039858400,0.00164917531744 & Score: -89577.180414
.Lambda : 0.00023757273195,0.00163564721242,0.00254066558776,0.00142047662990,0.00171250483194 & Score: -89659.952091
.Lambda : 0.00027249455749,0.00151322358496,0.00276577636882,0.00144339041469,0.00162387337858 & Score: -89543.687087
.Lambda : 0.00036260918365,0.00170956465135,0.00274705487025,0.00142340654724,0.00141118775744 & Score: -89571.333112
.Lambda : 0.00025801528956,0.00119808906974,0.00310073569788,0.00149039858400,0.00164917531744 & Score: -89577.180414
.Lambda : 0.00028416376308,0.00132595796514,0.00301231549097,0.00147365057481,0.00158967842744 & Score: -89516.100486
.Lambda : 0.00034274510312,0.00157440814040,0.00274443574644,0.00142713304770,0.00167475255123 & Score: -89498.170194
.Lambda : 0.00034115946545,0.00123226149268,0.00303327255630,0.00148056374736,0.00174469992881 & Score: -89510.077561
.Lambda : 0.00039495843534,0.00125170543416,0.00315040971466,0.00148088135995,0.00162906380027 & Score: -89467.556352
.Lambda : 0.00042760709864,0.00140927004159,0.00295910828198,0.00145351351389,0.00167901290054 & Score: -89472.800306
.Lambda : 0.00040519044955,0.00157376993362,0.00290848550692,0.00143578024794,0.00149771658787 & Score: -89487.046018
.Lambda : 0.00042858295046,0.00123136800319,0.00326294222097,0.00149266982770,0.00149684958011 & Score: -89498.133245
.Lambda : 0.00034274510312,0.00157440814040,0.00274443574644,0.00142713304770,0.00167475255123 & Score: -89498.170194
.Lambda : 0.00036420456495,0.00148864810610,0.00287406236507,0.00144351724270,0.00163027680845 & Score: -89466.470153
.Lambda : 0.00034974325019,0.00119795747896,0.00308512320375,0.00148711742536,0.00172690963169 & Score: -89508.890363
.Lambda : 0.00036360505003,0.00129191059263,0.00304096377954,0.00147428313101,0.00166961137074 & Score: -89472.186516
.Lambda : 0.00040461221908,0.00128038594694,0.00306077420511,0.00147335791876,0.00174186985719 & Score: -89475.002365
.Lambda : 0.00035411678619,0.00143436121620,0.00296372858384,0.00145660929068,0.00153614350762 & Score: -89478.176050
.Lambda : 0.00036674064441,0.00139586739889,0.00298798998916,0.00146079644770,0.00158757509501 & Score: -89462.649916
.Lambda : 0.00030677532493,0.00130011606447,0.00307694718985,0.00147936686908,0.00156242534206 & Score: -89495.497323
.Lambda : 0.00033698326836,0.00132740455875,0.00304748746288,0.00147290353028,0.00159157223168 & Score: -89469.504210
.Lambda : 0.00036012866088,0.00143167309989,0.00299770116562,0.00145804541166,0.00154061121624 & Score: -89459.890732
.Lambda : 0.00039600859956,0.00143788655022,0.00297126296338,0.00145348176495,0.00159826594912 & Score: -89455.115695
.Lambda : 0.00042552126516,0.00149312754595,0.00293315071362,0.00144377088228,0.00160161280784 & Score: -89466.250356
.Lambda : 0.00033845349827,0.00158805812123,0.00279668201109,0.00143454409727,0.00154845524007 & Score: -89492.385506
.Lambda : 0.00035257973254,0.00150396994946,0.00288511393698,0.00144612841294,0.00156860738012 & Score: -89468.510052
.Lambda : 0.00037122798189,0.00139161014180,0.00300398789726,0.00146310227050,0.00159266724058 & Score: -89452.112080
.Lambda : 0.00037806863022,0.00143477982505,0.00298448206450,0.00145576358830,0.00156943858268 & Score: -89454.823977
.Lambda : 0.00038137462199,0.00141687697455,0.00297962647627,0.00145713910632,0.00159292052207 & Score: -89457.566398
.Lambda : 0.00038010658226,0.00146326732816,0.00292266266423,0.00144849950382,0.00161427137878 & Score: -89458.777555
.Lambda : 0.00039548351745,0.00134479599219,0.00306083633902,0.00146718156245,0.00161366487470 & Score: -89455.241211
.Lambda : 0.00038875875818,0.00134711246537,0.00307741563194,0.00147016781318,0.00157251148887 & Score: -89454.874106
.Lambda : 0.00039044437293,0.00136559701530,0.00305956748217,0.00146673969343,0.00158569873231 & Score: -89448.874774
.Lambda : 0.00039497924841,0.00133995703568,0.00309953798511,0.00147153998698,0.00158208783743 & Score: -89446.520245
.Lambda : 0.00037613376985,0.00143574241506,0.00299383827786,0.00145844060712,0.00155232356478 & Score: -89451.933434
.Lambda : 0.00036765875586,0.00134179420297,0.00309244177929,0.00147412394149,0.00154934553661 & Score: -89453.119968
.Lambda : 0.00036646859631,0.00143044098285,0.00299229956967,0.00145902034457,0.00156583361596 & Score: -89447.529750
.Lambda : 0.00037251871070,0.00134103808629,0.00308836013918,0.00147472727196,0.00156746453546 & Score: -89444.959161
.Lambda : 0.00036974375095,0.00129416721691,0.00314029917651,0.00148420911378,0.00156647751185 & Score: -89445.203096
.Lambda : 0.00038487256700,0.00143372126171,0.00297876776834,0.00145660825096,0.00159480518107 & Score: -89445.951901
.Lambda : 0.00038676117502,0.00140074977083,0.00305713359881,0.00146503231414,0.00155233865330 & Score: -89440.177054
.Lambda : 0.00039452777159,0.00140531958534,0.00308370644958,0.00146599733596,0.00153217435967 & Score: -89437.035056
.Lambda : 0.00038921298775,0.00134444836569,0.00310323048689,0.00147271666906,0.00158462264706 & Score: -89435.891580
.Lambda : 0.00039575259670,0.00129880134101,0.00315792659141,0.00147985470003,0.00160077218820 & Score: -89433.867472
.Lambda : 0.00041059176145,0.00129709394116,0.00317102000378,0.00148047067378,0.00158508802477 & Score: -89440.605080
.Lambda : 0.00038832611457,0.00137043265052,0.00309237439580,0.00147152330609,0.00157003387824 & Score: -89427.338550
.Lambda : 0.00038499954766,0.00138567045795,0.00308879260114,0.00147151496565,0.00156400689864 & Score: -89418.338395
.Lambda : 0.00039848358824,0.00125744810299,0.00325715454570,0.00149241772799,0.00154499722163 & Score: -89434.896452
.Lambda : 0.00042122339555,0.00131669528509,0.00321507993747,0.00148137488941,0.00156335094170 & Score: -89420.233425
.Lambda : 0.00038740299844,0.00136847996779,0.00315004404634,0.00147599317383,0.00153703261916 & Score: -89413.863992
.Lambda : 0.00037580861694,0.00140417298111,0.00313955606761,0.00147375442385,0.00151300491636 & Score: -89406.281992
.Lambda : 0.00039597932644,0.00125979568191,0.00325969744775,0.00149356934681,0.00158227850695 & Score: -89410.227959
.Lambda : 0.00039102180508,0.00140860619583,0.00308726651246,0.00146760960231,0.00158436815911 & Score: -89401.809295
.Lambda : 0.00038729091349,0.00148418524226,0.00300232249584,0.00145520553947,0.00160405362785 & Score: -89398.764414
.Lambda : 0.00039036812334,0.00144140651832,0.00312425282851,0.00147031296605,0.00152990576840 & Score: -89383.448646
.Lambda : 0.00038767588666,0.00151270910698,0.00310741594707,0.00146554209906,0.00149447255850 & Score: -89370.699520
.Lambda : 0.00035147832092,0.00150191810300,0.00302403388630,0.00146245966053,0.00153977566161 & Score: -89386.111371
.Lambda : 0.00037429367813,0.00147944198816,0.00312441773668,0.00146869746224,0.00152942720986 & Score: -89355.681452
.Lambda : 0.00036894074336,0.00152632775326,0.00314223030446,0.00146728871054,0.00151213736548 & Score: -89328.812577
.Lambda : 0.00035249846611,0.00171192959273,0.00290652603276,0.00143613082657,0.00148309914497 & Score: -89401.955734
.Lambda : 0.00036334511528,0.00169065493817,0.00293345539895,0.00144089631062,0.00154041042700 & Score: -89353.833930
.Lambda : 0.00039099392578,0.00137438846474,0.00317725718029,0.00148042610152,0.00159324071120 & Score: -89362.193220
.Lambda : 0.00035768268331,0.00155821410420,0.00315143459099,0.00147143961343,0.00146796106167 & Score: -89324.200047
.Lambda : 0.00034287856821,0.00159522853517,0.00322599063856,0.00147955665042,0.00139991477858 & Score: -89315.623033
.Lambda : 0.00039005537479,0.00157780541633,0.00321050590143,0.00147102428833,0.00147629467469 & Score: -89290.006881
.Lambda : 0.00040934390172,0.00161574907300,0.00330374190900,0.00147530660222,0.00144455418123 & Score: -89257.556536
.Lambda : 0.00036252501508,0.00160823039876,0.00320565422544,0.00147184765106,0.00150163042690 & Score: -89246.647935
.Lambda : 0.00034994957929,0.00165599104465,0.00325477336462,0.00147500042706,0.00150520936110 & Score: -89189.680062
.Lambda : 0.00034278923736,0.00185919207297,0.00316681946595,0.00145479337883,0.00136764973415 & Score: -89280.762577
.Lambda : 0.00036221569670,0.00161034045345,0.00350396687409,0.00149988199701,0.00135137574121 & Score: -89225.424653
.Lambda : 0.00035393004996,0.00180827271844,0.00343988659643,0.00148652691168,0.00131534415303 & Score: -89205.363684
.Lambda : 0.00038441281780,0.00182458960983,0.00344168464547,0.00147704707630,0.00139373848971 & Score: -89132.868742
.Lambda : 0.00040517994260,0.00193927014716,0.00354953164893,0.00147579228925,0.00139065034528 & Score: -89065.485671
.Lambda : 0.00040945843074,0.00159265730171,0.00365394069128,0.00151020991206,0.00143520377859 & Score: -89102.092446
.Lambda : 0.00034294957799,0.00182686359316,0.00365709776114,0.00150365801260,0.00135455917045 & Score: -89049.132648
.Lambda : 0.00030975241613,0.00193242085324,0.00383377568720,0.00151783371778,0.00130956166507 & Score: -88988.787279
.Lambda : 0.00036909247079,0.00196110437263,0.00358879632130,0.00148626330612,0.00143101198002 & Score: -88967.741117
.Lambda : 0.00037253085783,0.00213648633222,0.00363121104490,0.00147945396068,0.00147083009942 & Score: -88872.947196
.Lambda : 0.00038481844068,0.00189445755315,0.00372940637834,0.00149678921105,0.00152923794675 & Score: -88871.437215
.Lambda : 0.00040026263604,0.00193754997051,0.00387416626930,0.00150192036074,0.00163618484362 & Score: -88770.308565
.Lambda : 0.00040892413404,0.00215936279728,0.00416227677202,0.00151908366914,0.00139176293169 & Score: -88758.730414
.Lambda : 0.00043841141142,0.00241104867360,0.00461602847572,0.00154112529019,0.00133503971698 & Score: -88672.560898
.Lambda : 0.00036099647486,0.00255005308898,0.00414794455915,0.00149624033539,0.00142170288956 & Score: -88653.199844
.Lambda : 0.00033676549692,0.00302875098262,0.00439494649308,0.00148925554706,0.00141495244504 & Score: -88560.897500
.Lambda : 0.00033790918474,0.00263923257772,0.00459051953916,0.00153604326133,0.00147597716277 & Score: -88437.684872
.Lambda : 0.00030427380581,0.00298921379300,0.00511101348427,0.00156616874738,0.00151864057152 & Score: -88250.442459
.Lambda : 0.00043114526708,0.00306879904754,0.00481717061971,0.00151333584463,0.00164069740556 & Score: -88390.167889
.Lambda : 0.00039181258908,0.00323765865469,0.00549411909193,0.00156526835532,0.00154737589366 & Score: -88243.836756
.Lambda : 0.00040145345471,0.00378824481592,0.00642557311544,0.00160817555264,0.00158564879079 & Score: -88167.423316
.Lambda : 0.00036455713834,0.00417687295456,0.00627172660599,0.00158530403201,0.00136180672834 & Score: -88357.317219
.Lambda : 0.00029686665372,0.00440970396385,0.00619214365167,0.00156377059930,0.00167365865952 & Score: -88179.694328
.Lambda : 0.00038255303094,0.00434438284733,0.00713210449775,0.00164544636333,0.00169722841725 & Score: -88131.350971
.Lambda : 0.00040544679795,0.00500219877969,0.00850068350009,0.00172354177146,0.00183836640335 & Score: -88260.300382
.Lambda : 0.00026873636633,0.00481456830233,0.00763585392235,0.00167421027323,0.00149409586140 & Score: -88189.343151
.Lambda : 0.00029699618627,0.00396157253441,0.00672694886260,0.00163780458234,0.00182590219185 & Score: -88032.433581
.Lambda : 0.00026321571023,0.00385392232434,0.00695455999090,0.00166405485750,0.00205794992361 & Score: -88068.511953
.Lambda : 0.00035436847098,0.00553817519254,0.00853403613566,0.00168559420096,0.00179197299681 & Score: -88333.350616
.Lambda : 0.00034184480468,0.00490093484265,0.00767828047281,0.00165573783756,0.00172363989048 & Score: -88181.582921
.Lambda : 0.00041914928580,0.00374736729934,0.00602616631777,0.00157016370084,0.00190833531855 & Score: -88229.408799
.Lambda : 0.00038154605593,0.00401416755009,0.00642858821891,0.00159617534394,0.00180477545427 & Score: -88145.700687
.Lambda : 0.00036192134794,0.00330629384199,0.00548386286574,0.00156481113905,0.00171124551499 & Score: -88168.039693
.Lambda : 0.00043292137659,0.00335616067204,0.00668668737250,0.00165719459322,0.00177626148814 & Score: -88100.374121
.Lambda : 0.00039626669383,0.00447951752593,0.00787609796114,0.00169310743513,0.00176468102193 & Score: -88150.573775
.Lambda : 0.00035465988272,0.00427407563601,0.00751459764972,0.00168371577454,0.00196189063859 & Score: -88108.687151
.Lambda : 0.00034320391915,0.00350062617002,0.00591947267945,0.00159502722781,0.00186174225411 & Score: -88099.976681
.Lambda : 0.00034258770233,0.00376055959384,0.00716333620590,0.00169150007256,0.00184443454171 & Score: -88000.307465
.Lambda : 0.00032310852553,0.00363375561572,0.00753071019940,0.00173916243687,0.00186426408543 & Score: -87956.573262
.Lambda : 0.00031780292516,0.00314609340395,0.00661926220772,0.00167971548258,0.00201879584599 & Score: -88038.875523
.Lambda : 0.00033095329036,0.00276520772245,0.00587863487895,0.00163984595459,0.00177689570762 & Score: -88066.102918
.Lambda : 0.00021190456200,0.00344674150658,0.00638332415874,0.00165942768046,0.00196277854586 & Score: -88024.207929
.Lambda : 0.00024910227658,0.00328072214322,0.00733607944351,0.00174735522692,0.00191771229659 & Score: -87932.690019
.Lambda : 0.00020205145530,0.00317077012982,0.00804438282554,0.00182351922647,0.00194569731784 & Score: -87946.763373
.Lambda : 0.00022861249985,0.00422234635910,0.00795989506984,0.00174554020908,0.00205888547867 & Score: -88053.229892
.Lambda : 0.00033095329036,0.00276520772245,0.00587863487895,0.00163984595459,0.00177689570762 & Score: -88066.102918
.Lambda : 0.00030536809274,0.00312949238162,0.00639894992667,0.00166626951821,0.00184739315038 & Score: -87991.152974
.Lambda : 0.00023678893208,0.00383482026867,0.00713114282865,0.00170029229534,0.00174842426205 & Score: -87951.504477
.Lambda : 0.00023351276931,0.00296864023191,0.00718513376019,0.00176719828078,0.00191032674427 & Score: -87929.114749
.Lambda : 0.00020177106083,0.00247217408065,0.00741422620899,0.00183189513000,0.00195253902049 & Score: -88008.003060
.Lambda : 0.00032724767650,0.00329223074987,0.00784948230462,0.00178868342279,0.00175246966963 & Score: -87929.940645
.Lambda : 0.00024253597927,0.00367457522214,0.00841406948788,0.00183080714687,0.00182988567281 & Score: -87913.940681
.Lambda : 0.00021111992253,0.00394711664240,0.00942162926848,0.00191307596120,0.00182113193402 & Score: -87978.146341
.Lambda : 0.00019256652796,0.00318663983061,0.00763565293054,0.00179457211221,0.00179926337272 & Score: -87919.453414
.Lambda : 0.00026119715977,0.00272630300243,0.00823702434205,0.00187115418049,0.00193543884036 & Score: -87960.960671
.Lambda : 0.00025509510285,0.00300343231899,0.00796055396370,0.00182843870920,0.00188868519578 & Score: -87916.193929
.Lambda : 0.00025128094577,0.00316948519818,0.00828187753526,0.00185652464182,0.00175453996549 & Score: -87893.666552
.Lambda : 0.00025237028037,0.00311386672566,0.00875477658114,0.00191110934927,0.00167295379994 & Score: -87920.298020
.Lambda : 0.00014274885356,0.00310887837086,0.00794143276640,0.00184233293356,0.00192061071080 & Score: -87995.749277
.Lambda : 0.00018887355930,0.00315471646561,0.00791844515096,0.00182892055587,0.00187857545051 & Score: -87924.328527
.Lambda : 0.00021862807675,0.00350689938231,0.00889910586715,0.00188850698561,0.00175005311865 & Score: -87926.655643
.Lambda : 0.00023351276931,0.00296864023191,0.00718513376019,0.00176719828078,0.00191032674427 & Score: -87929.114749
.Lambda : 0.00022979159617,0.00310320501951,0.00761362678693,0.00179752545699,0.00187025833787 & Score: -87905.851416
.Lambda : 0.00027963450151,0.00330021857016,0.00804386713076,0.00181422667096,0.00177847756736 & Score: -87901.227476
.Lambda : 0.00031076872226,0.00331372670098,0.00848994503127,0.00185643693813,0.00184947532301 & Score: -87930.474352
.Lambda : 0.00028121817369,0.00328195498339,0.00827637200609,0.00184097073165,0.00183692233543 & Score: -87906.563763
.Lambda : 0.00025868937572,0.00360834327836,0.00829137121507,0.00182758315011,0.00173934835580 & Score: -87901.381467
.Lambda : 0.00027770985787,0.00291070759770,0.00778877638177,0.00182392511374,0.00176193295197 & Score: -87902.399469
.Lambda : 0.00023762433713,0.00315482888217,0.00773143561383,0.00180694328180,0.00172490053597 & Score: -87892.107857
.Lambda : 0.00021582741885,0.00309126583157,0.00745896741770,0.00178992955688,0.00166888963623 & Score: -87913.828938
.Lambda : 0.00029218401103,0.00335422839113,0.00844130436375,0.00185415568639,0.00163342141277 & Score: -87928.228771
.Lambda : 0.00027658590732,0.00329147254822,0.00823438496954,0.00183999812904,0.00169263064404 & Score: -87902.535832
.Lambda : 0.00024538969988,0.00316596086241,0.00782054618113,0.00181168301434,0.00181104910659 & Score: -87891.452918
.Lambda : 0.00022979159617,0.00310320501951,0.00761362678693,0.00179752545699,0.00187025833787 & Score: -87905.851416
.Lambda : 0.00023133768613,0.00364882711881,0.00827886268866,0.00182285918987,0.00176139326051 & Score: -87905.921800
.Lambda : 0.00024293072907,0.00346429723854,0.00815634111193,0.00182312567084,0.00176152818338 & Score: -87894.339156
.Lambda : 0.00024405470963,0.00289357302222,0.00772225581410,0.00181741816179,0.00179284978771 & Score: -87907.502208
.Lambda : 0.00024771337615,0.00307226558626,0.00786453466434,0.00181995940887,0.00177947442973 & Score: -87894.609177
.Lambda : 0.00021034113369,0.00311051653687,0.00789802691184,0.00183306773610,0.00175411932110 & Score: -87896.551985
.Lambda : 0.00027963450151,0.00330021857016,0.00804386713076,0.00181422667096,0.00177847756736 & Score: -87901.227476
.Lambda : 0.00026231115956,0.00325279306184,0.00800740707603,0.00181893693725,0.00177238800580 & Score: -87893.145172
.Lambda : 0.00024810137241,0.00341068051100,0.00813450834294,0.00182692600955,0.00175028788916 & Score: -87890.125999
.Lambda : 0.00024829537054,0.00357988797337,0.00826949518223,0.00183040930988,0.00173569461887 & Score: -87896.814890
.Lambda : 0.00025495227683,0.00299720216770,0.00783396878774,0.00182527988306,0.00176373801782 & Score: -87893.936754
.Lambda : 0.00024293072907,0.00346429723854,0.00815634111193,0.00182312567084,0.00176152818338 & Score: -87894.339156
.Lambda : 0.00024593611601,0.00334752347083,0.00807574803089,0.00182366422390,0.00176208064199 & Score: -87890.241532
.Lambda : 0.00024446412823,0.00336322951712,0.00762598056267,0.00177873674491,0.00177374250631 & Score: -87894.306024
.Lambda : 0.00024616833261,0.00331479343738,0.00778995480581,0.00179818371914,0.00176894187110 & Score: -87890.107450
.Lambda : 0.00022697678366,0.00330472180368,0.00781347011381,0.00180802316224,0.00175451601213 & Score: -87888.426155
.Lambda : 0.00020930959572,0.00333068617461,0.00771650163270,0.00180256627474,0.00174558001529 & Score: -87893.243425
.Lambda : 0.00024740458470,0.00346264315195,0.00812225537600,0.00182044876986,0.00181384967242 & Score: -87894.552878
.Lambda : 0.00024495952281,0.00338568958450,0.00802455043546,0.00181707239785,0.00179161238831 & Score: -87889.995436
.Lambda : 0.00023946715112,0.00353940266055,0.00811474651043,0.00181786479073,0.00171992641448 & Score: -87896.435034
.Lambda : 0.00024094778831,0.00344604221101,0.00804119642810,0.00181631934663,0.00174270708751 & Score: -87891.103104
.Lambda : 0.00024390906269,0.00325932131194,0.00789409626346,0.00181322845844,0.00178826843357 & Score: -87888.532913
.Lambda : 0.00023810991367,0.00332255918858,0.00778688395370,0.00180170927499,0.00177936999571 & Score: -87887.255833
.Lambda : 0.00023419681250,0.00331007704745,0.00764245191511,0.00179073180054,0.00178801467258 & Score: -87888.087139
.Lambda : 0.00023194807376,0.00322415361944,0.00758907388596,0.00178836079551,0.00180279559117 & Score: -87893.653366
.Lambda : 0.00023598639843,0.00327078534233,0.00772543250020,0.00179800209902,0.00178966866567 & Score: -87889.790467
.Lambda : 0.00022980833989,0.00330243745503,0.00790781850084,0.00181703043787,0.00179243232705 & Score: -87886.997177
.Lambda : 0.00022162834353,0.00329625946386,0.00796675034835,0.00182645379724,0.00180417755502 & Score: -87887.452210
.Lambda : 0.00022495667653,0.00319824045612,0.00762653009735,0.00179812497518,0.00177008978534 & Score: -87890.531418
.Lambda : 0.00022995738810,0.00324510273822,0.00772603518187,0.00180286183085,0.00177547043608 & Score: -87888.338702
.Lambda : 0.00023151819678,0.00330287165665,0.00792588910527,0.00181913916673,0.00176635421615 & Score: -87885.745827
.Lambda : 0.00022928409595,0.00331891481382,0.00802611740780,0.00182970770059,0.00175469699139 & Score: -87885.249586
.Lambda : 0.00021774554582,0.00333817308778,0.00781003379975,0.00181050450418,0.00175432587138 & Score: -87887.488301
.Lambda : 0.00023098532971,0.00330615310969,0.00788928542378,0.00181670233715,0.00178800223652 & Score: -87884.690931
.Lambda : 0.00023298960273,0.00330686876269,0.00792719307876,0.00182104192460,0.00180474534871 & Score: -87884.000687
.Lambda : 0.00022921761113,0.00339047858494,0.00805718351447,0.00182913570605,0.00177875777761 & Score: -87884.405143
.Lambda : 0.00024601827953,0.00331833043424,0.00807204478248,0.00182894551346,0.00180967510481 & Score: -87887.578913
.Lambda : 0.00023895009610,0.00332329109762,0.00800654203680,0.00182433526114,0.00179583779645 & Score: -87885.535986
.Lambda : 0.00022598998466,0.00333423709706,0.00818305786176,0.00184679113711,0.00179121810077 & Score: -87885.110447
.Lambda : 0.00023276421634,0.00336707868742,0.00817221905900,0.00184337425392,0.00177767007893 & Score: -87882.785074
.Lambda : 0.00023424215456,0.00339939930362,0.00830441933808,0.00185654616194,0.00177028895487 & Score: -87882.816853
.Lambda : 0.00022114810822,0.00336374008075,0.00813976633192,0.00184368502776,0.00176699752251 & Score: -87883.388749
.Lambda : 0.00022755971327,0.00338604647133,0.00816565053056,0.00184390351919,0.00181305854003 & Score: -87883.614439
.Lambda : 0.00023148171602,0.00339144793779,0.00800174714412,0.00182566503550,0.00178527360635 & Score: -87881.516491
.Lambda : 0.00023422758170,0.00342005335815,0.00791109178530,0.00181510198469,0.00178230135913 & Score: -87880.948761
.Lambda : 0.00023025807778,0.00334703635920,0.00806918479975,0.00183770697802,0.00179915136211 & Score: -87879.877993
.Lambda : 0.00023077831110,0.00332531524632,0.00807518544239,0.00184199261401,0.00180934815436 & Score: -87878.159198
.Lambda : 0.00022560156952,0.00343802477490,0.00825837218091,0.00185418103523,0.00177500491327 & Score: -87880.559229
.Lambda : 0.00023024820148,0.00337963838769,0.00805700338924,0.00183543044706,0.00175147027125 & Score: -87878.933884
.Lambda : 0.00024029984383,0.00340830410105,0.00804978241082,0.00183234710620,0.00179132038827 & Score: -87876.905550
.Lambda : 0.00024987571164,0.00343058611119,0.00800479045027,0.00182667814542,0.00180348182115 & Score: -87876.297661
.Lambda : 0.00023552833384,0.00343036846388,0.00795035824025,0.00182597943664,0.00179097252874 & Score: -87873.112380
.Lambda : 0.00023691039259,0.00346201335211,0.00783942783087,0.00181728202801,0.00179762375364 & Score: -87869.646325
.Lambda : 0.00023513809283,0.00339417779074,0.00818281993217,0.00185512372320,0.00179247020634 & Score: -87871.197328
.Lambda : 0.00024757871434,0.00335866758032,0.00780531863707,0.00181642174785,0.00180675276942 & Score: -87870.654374
.Lambda : 0.00024986428753,0.00340866564458,0.00790601352787,0.00182756885633,0.00185240041071 & Score: -87871.910405
.Lambda : 0.00025696856847,0.00349632894525,0.00782016270891,0.00181523718631,0.00181174343014 & Score: -87867.678867
.Lambda : 0.00027006369716,0.00358183579472,0.00769265134216,0.00180185947246,0.00181294106803 & Score: -87869.272131
.Lambda : 0.00024070831066,0.00341735521401,0.00781670660449,0.00182597527126,0.00182091440696 & Score: -87861.340309
.Lambda : 0.00023612461017,0.00341073976541,0.00772266468160,0.00182562383418,0.00182963069987 & Score: -87854.947660
.Lambda : 0.00023522386384,0.00344010532895,0.00784214398838,0.00182430655148,0.00176288793305 & Score: -87863.591531
.Lambda : 0.00024998436693,0.00347296419808,0.00742906720656,0.00178442481593,0.00181098522812 & Score: -87866.618477
.Lambda : 0.00023850600646,0.00355419305560,0.00765606792946,0.00181032801852,0.00179839564850 & Score: -87856.481967
.Lambda : 0.00024981257376,0.00348771916521,0.00754861477509,0.00180668613456,0.00180783342223 & Score: -87851.582275
.Lambda : 0.00025626366434,0.00350057207176,0.00740320824720,0.00180138818784,0.00181293825652 & Score: -87844.755193
.Lambda : 0.00022947243623,0.00345510082267,0.00740109811238,0.00180319137687,0.00179419167628 & Score: -87847.602480
.Lambda : 0.00022825186549,0.00347132021968,0.00778100597705,0.00184151037162,0.00178823245758 & Score: -87841.384361
.Lambda : 0.00021738561476,0.00347049823047,0.00795697536229,0.00187005314947,0.00177685607231 & Score: -87836.238333
.Lambda : 0.00023587706895,0.00351633624942,0.00741386174479,0.00181992727527,0.00184191700834 & Score: -87831.082173
.Lambda : 0.00023620367151,0.00355445170966,0.00719972062299,0.00181773763716,0.00188143154598 & Score: -87822.315768
.Lambda : 0.00023167399234,0.00340235198439,0.00741739888113,0.00183686965569,0.00183962365188 & Score: -87819.637039
.Lambda : 0.00022825798528,0.00332643144878,0.00729806435696,0.00185014047427,0.00186023765356 & Score: -87805.727606
.Lambda : 0.00023090873867,0.00351208194792,0.00718096199913,0.00183138049606,0.00182063138199 & Score: -87800.235943
.Lambda : 0.00022830080292,0.00356275303918,0.00691011065789,0.00183425882700,0.00181613172306 & Score: -87778.039682
.Lambda : 0.00023709225930,0.00351078177727,0.00730613358655,0.00186623993342,0.00186484642429 & Score: -87781.695828
.Lambda : 0.00020263246916,0.00346939441038,0.00726519358747,0.00189398382069,0.00186686311116 & Score: -87770.081924
.Lambda : 0.00017581687158,0.00345380557969,0.00719618625760,0.00194028163712,0.00189382553848 & Score: -87758.164217
.Lambda : 0.00022488302147,0.00349279119136,0.00640711083051,0.00185341025413,0.00194973308184 & Score: -87765.743953
.Lambda : 0.00020153670471,0.00338417350485,0.00684732165281,0.00191999481322,0.00187247822251 & Score: -87727.671860
.Lambda : 0.00018420322132,0.00329903440245,0.00667112216772,0.00197112340125,0.00186800156078 & Score: -87702.408009
.Lambda : 0.00019186048536,0.00360123494720,0.00649820104315,0.00193598514690,0.00189677767782 & Score: -87701.436055
.Lambda : 0.00017366173540,0.00373863669641,0.00609826938625,0.00197890748321,0.00191504768994 & Score: -87680.872165
.Lambda : 0.00015765400177,0.00350802658636,0.00600698613343,0.00196495270766,0.00191224941335 & Score: -87714.738340
.Lambda : 0.00013818673769,0.00343416474333,0.00604175925232,0.00204921136634,0.00199941119070 & Score: -87733.287069
.Lambda : 0.00010692600563,0.00348067601194,0.00639861844842,0.00210838038411,0.00188568107546 & Score: -87759.446253
.Lambda : 0.00022488302147,0.00349279119136,0.00640711083051,0.00185341025413,0.00194973308184 & Score: -87765.743953
.Lambda : 0.00019539376751,0.00348976239650,0.00640498773499,0.00191715278662,0.00193372008024 & Score: -87722.330658
.Lambda : 0.00016382291390,0.00353404435033,0.00529306361228,0.00201225746091,0.00195754643553 & Score: -87701.189730
.Lambda : 0.00021170751827,0.00359363702949,0.00614801236155,0.00188854616952,0.00183521488124 & Score: -87704.688498
.Lambda : 0.00016102598875,0.00357958922951,0.00568199372950,0.00200916210240,0.00186150391209 & Score: -87672.238272
.Lambda : 0.00014384209937,0.00362450264602,0.00532049672676,0.00205516676029,0.00182539582801 & Score: -87684.499299
.Lambda : 0.00020011454928,0.00358995009691,0.00594999836949,0.00197904593926,0.00186267637849 & Score: -87648.634478
.Lambda : 0.00022134482303,0.00363091185219,0.00592150448751,0.00198609255506,0.00183788986105 & Score: -87630.333360
.Lambda : 0.00014991595469,0.00351924958286,0.00571836899176,0.00209447103161,0.00194078090252 & Score: -87671.978138
.Lambda : 0.00016370534499,0.00390193828207,0.00481415791520,0.00206123285203,0.00193710595967 & Score: -87701.505682
.Lambda : 0.00018420322132,0.00329903440245,0.00667112216772,0.00197112340125,0.00186800156078 & Score: -87702.408009
.Lambda : 0.00017907875223,0.00344976037235,0.00620688110459,0.00199365076394,0.00188527766050 & Score: -87670.728099
.Lambda : 0.00019018798774,0.00363321474300,0.00655774346757,0.00201265611358,0.00181865357491 & Score: -87647.029572
.Lambda : 0.00018695966718,0.00338645361556,0.00593632732612,0.00205950554342,0.00182259467449 & Score: -87624.127614
.Lambda : 0.00019360863308,0.00321036207513,0.00585535629606,0.00209980457352,0.00177636816676 & Score: -87617.642967
.Lambda : 0.00021262847156,0.00339781022070,0.00642194800949,0.00206550791268,0.00184208415421 & Score: -87617.951835
.Lambda : 0.00024882351237,0.00340957412249,0.00666700435433,0.00196861373590,0.00172332846446 & Score: -87663.074492
.Lambda : 0.00024755861888,0.00346298883305,0.00636254154140,0.00205941919236,0.00171405202806 & Score: -87607.950412
.Lambda : 0.00028179855220,0.00346960306340,0.00644037175980,0.00209230340656,0.00162843921183 & Score: -87628.081292
.Lambda : 0.00017730790134,0.00352454096714,0.00578063316648,0.00212077840298,0.00187229064954 & Score: -87613.948166
.Lambda : 0.00023079139141,0.00325743083629,0.00557904993281,0.00211998494106,0.00179842036894 & Score: -87593.917425
.Lambda : 0.00025109309325,0.00306953888293,0.00508970316543,0.00217364935481,0.00178830376595 & Score: -87619.931173
.Lambda : 0.00020341318348,0.00311034132074,0.00607830709098,0.00220010545399,0.00176339628595 & Score: -87608.870534
.Lambda : 0.00020844341972,0.00322845539224,0.00544040720160,0.00217452911288,0.00172772684549 & Score: -87602.240749
.Lambda : 0.00023339717285,0.00342314086465,0.00584101927725,0.00217012226778,0.00177398630442 & Score: -87574.032630
.Lambda : 0.00025329144274,0.00352953025941,0.00583385076784,0.00220528111490,0.00177279537325 & Score: -87569.837013
.Lambda : 0.00028009132114,0.00311095768955,0.00593702944737,0.00218294952310,0.00163826571113 & Score: -87621.997995
.Lambda : 0.00025439546619,0.00321435350895,0.00589793037715,0.00216740674307,0.00169677194574 & Score: -87593.940681
.Lambda : 0.00027437895210,0.00356676221123,0.00556720483734,0.00209054298772,0.00172051033864 & Score: -87592.164235
.Lambda : 0.00024096164999,0.00325562405019,0.00496483570530,0.00224367876750,0.00177243792076 & Score: -87612.129927
.Lambda : 0.00024261089221,0.00330746524591,0.00531426216432,0.00219761387371,0.00175784144759 & Score: -87588.225611
.Lambda : 0.00029374383815,0.00352176143247,0.00583651203018,0.00213780275131,0.00177080894417 & Score: -87588.826939
.Lambda : 0.00026353114045,0.00365882648518,0.00535442151585,0.00213308352442,0.00183137864330 & Score: -87586.163009
.Lambda : 0.00030023111485,0.00377630741739,0.00558345059340,0.00218574475976,0.00174291352984 & Score: -87591.043413
.Lambda : 0.00026698441926,0.00355079412491,0.00560179399130,0.00225326742192,0.00182978483662 & Score: -87581.117129
.Lambda : 0.00022783357828,0.00325104360176,0.00559288559440,0.00218507471474,0.00184213016813 & Score: -87590.644544
.Lambda : 0.00030023111485,0.00377630741739,0.00558345059340,0.00218574475976,0.00174291352984 & Score: -87591.043413
.Lambda : 0.00028213173070,0.00364499146348,0.00558580934365,0.00218557724851,0.00176771768941 & Score: -87579.391403
.Lambda : 0.00022967601200,0.00355488159908,0.00523954308300,0.00225212652207,0.00181299825190 & Score: -87584.531298
.Lambda : 0.00027563500585,0.00386814432692,0.00573190531633,0.00221412045902,0.00184802847021 & Score: -87583.973770
.Lambda : 0.00025955630377,0.00360051022435,0.00584273948500,0.00231106558215,0.00178115120526 & Score: -87582.786338
.Lambda : 0.00030536354893,0.00372270656054,0.00619889647865,0.00221559820853,0.00178679277800 & Score: -87599.136886
.Lambda : 0.00028644166470,0.00368075032018,0.00595905812973,0.00222473028691,0.00179334414648 & Score: -87582.706877
.Lambda : 0.00026372721862,0.00333448623001,0.00579739537068,0.00225784820274,0.00172988883020 & Score: -87585.491687
.Lambda : 0.00026670416543,0.00346790075424,0.00578102285709,0.00224691626681,0.00175942374020 & Score: -87577.666885
.Lambda : 0.00028266506536,0.00354907654454,0.00566187455084,0.00213524335347,0.00178807510913 & Score: -87583.931117
.Lambda : 0.00027688787496,0.00356193496449,0.00570709078438,0.00217919891064,0.00178634413316 & Score: -87577.200513
.Lambda : 0.00025195818854,0.00342131030644,0.00544476896797,0.00220336609820,0.00177308216258 & Score: -87578.071429
.Lambda : 0.00026540494169,0.00349947297431,0.00573922309707,0.00215486843370,0.00171396040282 & Score: -87579.190494
.Lambda : 0.00024356691464,0.00334706824007,0.00581657324609,0.00221027508120,0.00175452463540 & Score: -87576.670866
.Lambda : 0.00025155849283,0.00343162483555,0.00569409955228,0.00226314655500,0.00182450761501 & Score: -87579.905763
.Lambda : 0.00025502010505,0.00344858687024,0.00570538043848,0.00223607702467,0.00179687081197 & Score: -87574.949126
.Lambda : 0.00026623001259,0.00352069812895,0.00609279826958,0.00222773326109,0.00177490131501 & Score: -87577.152970
.Lambda : 0.00025129437456,0.00349522663102,0.00588125454546,0.00217650989019,0.00179475076731 & Score: -87571.810587
.Lambda : 0.00023087326487,0.00337450908738,0.00602485212260,0.00224315163818,0.00177119302801 & Score: -87578.153281
.Lambda : 0.00024237691739,0.00342136555666,0.00594541178804,0.00222716345630,0.00177498080430 & Score: -87573.576406
.Lambda : 0.00023198988917,0.00337601289402,0.00558019004478,0.00219438936581,0.00178266764188 & Score: -87577.330552
.Lambda : 0.00024054992002,0.00341218420275,0.00570834210098,0.00220272533963,0.00178072606016 & Score: -87573.230349
.Lambda : 0.00025344618927,0.00357568916796,0.00581312261023,0.00220882764908,0.00181352489140 & Score: -87570.634545
.Lambda : 0.00024136343255,0.00352501145688,0.00596741228654,0.00217212595537,0.00177784034660 & Score: -87570.569943
.Lambda : 0.00025360122626,0.00359369113055,0.00573618113637,0.00215902452338,0.00180087417119 & Score: -87571.493794
.Lambda : 0.00026064874613,0.00367547525558,0.00598438643759,0.00216598231354,0.00180318815974 & Score: -87572.849025
.Lambda : 0.00024054992002,0.00341218420275,0.00570834210098,0.00220272533963,0.00178072606016 & Score: -87573.230349
.Lambda : 0.00024557462655,0.00347800696596,0.00577735318513,0.00219353958311,0.00178634158506 & Score: -87570.659077
.Lambda : 0.00024761639238,0.00358554496128,0.00576991344899,0.00219900964015,0.00178579977969 & Score: -87567.974785
.Lambda : 0.00024577740129,0.00363070412640,0.00571424290075,0.00221025951512,0.00178132428588 & Score: -87567.316902
.Lambda : 0.00024218001069,0.00350188566009,0.00590621156382,0.00223698900366,0.00177185642169 & Score: -87570.773063
.Lambda : 0.00025360122626,0.00359369113055,0.00573618113637,0.00215902452338,0.00180087417119 & Score: -87571.493794
.Lambda : 0.00025074592237,0.00357073976294,0.00577868874324,0.00217851564345,0.00179361973381 & Score: -87569.517079
.Lambda : 0.00025227512874,0.00365466294348,0.00586557373830,0.00219646436806,0.00178930026732 & Score: -87568.022184
.Lambda : 0.00024393514181,0.00358857025168,0.00585078476444,0.00217623098968,0.00175242711135 & Score: -87568.654317
.Lambda : 0.00025704658223,0.00366467148068,0.00564984407929,0.00221457469712,0.00177794636205 & Score: -87569.715771
.Lambda : 0.00024662062784,0.00371420916667,0.00570980292257,0.00218513697047,0.00178505173092 & Score: -87567.383939
.Lambda : 0.00023869510658,0.00359888301978,0.00591779314844,0.00216406829759,0.00178274288967 & Score: -87569.152125
.Lambda : 0.00024017544013,0.00370407204027,0.00584459024657,0.00219434841292,0.00176271878024 & Score: -87566.188253
.Lambda : 0.00023489019901,0.00377073817894,0.00587754099823,0.00220226479766,0.00174726830346 & Score: -87566.832707
.Lambda : 0.00025281838934,0.00371800439162,0.00567620468062,0.00222090780491,0.00176558598062 & Score: -87568.632941
.Lambda : 0.00025113165312,0.00378009081569,0.00567338103108,0.00222661583891,0.00180116530664 & Score: -87569.765412
.Lambda : 0.00024933252530,0.00373221067469,0.00571773196442,0.00221401962660,0.00178898075782 & Score: -87567.668512
.Lambda : 0.00024085405998,0.00365633918899,0.00586457202843,0.00217918375236,0.00179736434826 & Score: -87567.555251
.Lambda : 0.00023682889308,0.00372035113533,0.00567480228679,0.00219671494293,0.00177687569392 & Score: -87566.623154
.Lambda : 0.00023477004363,0.00363805958837,0.00580547218962,0.00217223781092,0.00177235317787 & Score: -87567.620670
.Lambda : 0.00024933252530,0.00373221067469,0.00571773196442,0.00221401962660,0.00178898075782 & Score: -87567.668512
.Lambda : 0.00024569190488,0.00370867290311,0.00573966702072,0.00220357417268,0.00178482386283 & Score: -87566.709666
.Lambda : 0.00024518364691,0.00373486455973,0.00560867012253,0.00221682985329,0.00175895339326 & Score: -87568.258340
.Lambda : 0.00024410125017,0.00371523321704,0.00567264559901,0.00220741832806,0.00176855613201 & Score: -87566.952738
.Lambda : 0.00023840932798,0.00367740420220,0.00574857629896,0.00221978917822,0.00176466777104 & Score: -87566.410687
.Lambda : 0.00023630532521,0.00377958927278,0.00575786968007,0.00219847849880,0.00176173261014 & Score: -87566.360621
.Lambda : 0.00023486310634,0.00372080260443,0.00583355661424,0.00219774375417,0.00177177135526 & Score: -87565.875226
.Lambda : 0.00023024403442,0.00372358729813,0.00591401212185,0.00219290646722,0.00177337896688 & Score: -87566.462714
.Lambda : 0.00022894093222,0.00373221479889,0.00580409102993,0.00219925574213,0.00175028262141 & Score: -87566.823570
.Lambda : 0.00023312867538,0.00372632932495,0.00578798502763,0.00220033534977,0.00175891793176 & Score: -87566.170094
.Lambda : 0.00023632385694,0.00372292784252,0.00591422886019,0.00220756313462,0.00175104768545 & Score: -87566.661418
.Lambda : 0.00023645011597,0.00372228366572,0.00585437221684,0.00220485108670,0.00175750468757 & Score: -87566.119085
.Lambda : 0.00023395973723,0.00378382656106,0.00588277321517,0.00217851366273,0.00176039037495 & Score: -87567.232039
.Lambda : 0.00023507213492,0.00375722097135,0.00584922398612,0.00218883254160,0.00176145972397 & Score: -87566.392645
.Lambda : 0.00023729693030,0.00370400979191,0.00578212552802,0.00220947029935,0.00176359842202 & Score: -87565.986308
.Lambda : 0.00023646038204,0.00365140969814,0.00588318217325,0.00220422106236,0.00176407186060 & Score: -87566.412420
.Lambda : 0.00023642161783,0.00368345459180,0.00585185404995,0.00220278542147,0.00176348704799 & Score: -87566.067198
.Lambda : 0.00023108873820,0.00371867995125,0.00579936712810,0.00221172595166,0.00176339299760 & Score: -87566.086847
.Lambda : 0.00023731952807,0.00369336291710,0.00586052518723,0.00221029525557,0.00176898387241 & Score: -87565.951826
.Lambda : 0.00023434585232,0.00368584027688,0.00579659918617,0.00220795718619,0.00177498879054 & Score: -87565.917812
.Lambda : 0.00024101007575,0.00367630812160,0.00585049709814,0.00219957481503,0.00177373879769 & Score: -87566.128814
.Lambda : 0.00023852974136,0.00368690107901,0.00583771460563,0.00220261259919,0.00177115234766 & Score: -87565.931074
.Lambda : 0.00023652044552,0.00371291207594,0.00579235439857,0.00220844621631,0.00177671086717 & Score: -87565.812999
.Lambda : 0.00023656985937,0.00372764081800,0.00576260457287,0.00221127661373,0.00178332277676 & Score: -87565.990784
.Lambda : 0.00023533453915,0.00369591778943,0.00586617446872,0.00220135170522,0.00178184447120 & Score: -87565.990271
.Lambda : 0.00023582513694,0.00369794079005,0.00584516223355,0.00220338135375,0.00177728295890 & Score: -87565.860503
.Lambda : 0.00023471418492,0.00370839581342,0.00578162962803,0.00219776118828,0.00177977865540 & Score: -87565.964713
.Lambda : 0.00023536552071,0.00370463758934,0.00580135351783,0.00220089470510,0.00177707995965 & Score: -87565.853201
.Lambda : 0.00023223828337,0.00372195225564,0.00578989577451,0.00220475668702,0.00177998122494 & Score: -87565.910164
.Lambda : 0.00023557914483,0.00373745784928,0.00582832982930,0.00219813190035,0.00177814175583 & Score: -87565.871166
.Lambda : 0.00023902305836,0.00370754810797,0.00585040686288,0.00219868248486,0.00177241353378 & Score: -87565.932798
.Lambda : 0.00023732686461,0.00371114914489,0.00583527909079,0.00220020103540,0.00177430545657 & Score: -87565.837574
.Lambda : 0.00023738373870,0.00370483637537,0.00580743501377,0.00220667833020,0.00178163704399 & Score: -87565.864115
.Lambda : 0.00023738953776,0.00367513254095,0.00580430387250,0.00220970875595,0.00177666475868 & Score: -87565.969644
.Lambda : 0.00023693693953,0.00369071386803,0.00581031036170,0.00220681454205,0.00177703400797 & Score: -87565.860587
.Lambda : 0.00023540622422,0.00370210501193,0.00582634882720,0.00220121681085,0.00177132825611 & Score: -87565.851256
.Lambda : 0.00023524073727,0.00372078397683,0.00582988886547,0.00219884150651,0.00177364899139 & Score: -87565.841029
.Lambda : 0.00023611878000,0.00372269432952,0.00578892764639,0.00220045875591,0.00177194645346 & Score: -87565.849114
.Lambda : 0.00023687969994,0.00372322022630,0.00582776601354,0.00220277102489,0.00177009605023 & Score: -87565.808293
.Lambda : 0.00023763678956,0.00373251154478,0.00584097226139,0.00220370918479,0.00176660409551 & Score: -87565.875023
.Lambda : 0.00023742838672,0.00373419888946,0.00580333757870,0.00220307060476,0.00177535487141 & Score: -87565.807689
.Lambda : 0.00023843946797,0.00375024582822,0.00579183195446,0.00220399750172,0.00177736817906 & Score: -87565.898164
.Lambda : 0.00023723967363,0.00371821139584,0.00584652273243,0.00220487339924,0.00177610004125 & Score: -87565.811127
.Lambda : 0.00023891729090,0.00371909271615,0.00581221506014,0.00220890340573,0.00177537792326 & Score: -87565.834499
.Lambda : 0.00023746733407,0.00373190497658,0.00579759922256,0.00221102482498,0.00177515044475 & Score: -87565.827442
.Lambda : 0.00023529692505,0.00372908630950,0.00581481691818,0.00220317102234,0.00177398698667 & Score: -87565.785010
.Lambda : 0.00023348674212,0.00373408310618,0.00581611784720,0.00220030483065,0.00177329151837 & Score: -87565.850211
.Lambda : 0.00023587871827,0.00371514658223,0.00583631983400,0.00219790808204,0.00177374908193 & Score: -87565.864882
.Lambda : 0.00023627587222,0.00371933618082,0.00582663968114,0.00220118726778,0.00177409942264 & Score: -87565.802644
.Lambda : 0.00023672777750,0.00373670912484,0.00585527877103,0.00219758311130,0.00177114408171 & Score: -87565.921217
.Lambda : 0.00023667594451,0.00373075986261,0.00583954767792,0.00220029888755,0.00177253577808 & Score: -87565.831308
.Lambda : 0.00023578639864,0.00372421124516,0.00582072829966,0.00220217914506,0.00177404320465 & Score: -87565.788752
.Lambda : 0.00023636265588,0.00373164259948,0.00580907724844,0.00220312081355,0.00177467092904 & Score: -87565.787694
.Lambda : 0.00023608831250,0.00372615326790,0.00582129146586,0.00220297102362,0.00177204151845 & Score: -87565.788222
.Lambda : 0.00023626829934,0.00372364885267,0.00583066982530,0.00220402221079,0.00177504351396 & Score: -87565.778998
.Lambda : 0.00023590868529,0.00372099919272,0.00580358565837,0.00220580861933,0.00177534892692 & Score: -87565.779221
.Lambda : 0.00023618355259,0.00372840084375,0.00581104814680,0.00220545833079,0.00177439354536 & Score: -87565.772184
.Lambda : 0.00023638212956,0.00373049564304,0.00580620807037,0.00220709792366,0.00177456871571 & Score: -87565.777094
.Lambda : 0.00023591973476,0.00372735785135,0.00580638765298,0.00220566137511,0.00177733604233 & Score: -87565.782992
.Lambda : 0.00023546822293,0.00372015462052,0.00581752603221,0.00220652780979,0.00177577267705 & Score: -87565.772487
.Lambda : 0.00023660247291,0.00371913823490,0.00581287000809,0.00220782031598,0.00177717089558 & Score: -87565.782221
.Lambda : 0.00023625275846,0.00371757884648,0.00582389221533,0.00220619353957,0.00177375578122 & Score: -87565.772538
.Lambda : 0.00023543013453,0.00372517470755,0.00582181874312,0.00220338388813,0.00177255488222 & Score: -87565.784645
.Lambda : 0.00023572321912,0.00372366558939,0.00581958155936,0.00220449299509,0.00177370888556 & Score: -87565.773644
.Lambda : 0.00023604973569,0.00372438030840,0.00583750145323,0.00220486933509,0.00177372083434 & Score: -87565.782283
.Lambda : 0.00023601447309,0.00372353502948,0.00582902250452,0.00220510415615,0.00177412785748 & Score: -87565.773066
.Lambda : 0.00023558859113,0.00372168511917,0.00580975835799,0.00220708852176,0.00177365998471 & Score: -87565.774769
.Lambda : 0.00023626829934,0.00372364885267,0.00583066982530,0.00220402221079,0.00177504351396 & Score: -87565.778998
.Lambda : 0.00023609837229,0.00372315791930,0.00582544195847,0.00220478878853,0.00177469763165 & Score: -87565.772088
.Lambda : 0.00023628373261,0.00372146531442,0.00582319078357,0.00220673605484,0.00177539011154 & Score: -87565.769613
.Lambda : 0.00023656398936,0.00372036517693,0.00582499539568,0.00220785758472,0.00177623072453 & Score: -87565.776561
.Lambda : 0.00023610018246,0.00372076798830,0.00581141715004,0.00220677765326,0.00177547604124 & Score: -87565.771822
.Lambda : 0.00023580086669,0.00372799982804,0.00581155741311,0.00220592191532,0.00177653622152 & Score: -87565.775255
.Lambda : 0.00023591383963,0.00372539458265,0.00581464111367,0.00220598982138,0.00177584111144 & Score: -87565.770477
.Lambda : 0.00023676364891,0.00372752003885,0.00581676962881,0.00220537244974,0.00177454669944 & Score: -87565.772725
.Lambda : 0.00023643979241,0.00372567868427,0.00581695872966,0.00220566128975,0.00177485319384 & Score: -87565.769334
.Lambda : 0.00023615081518,0.00371818495182,0.00582561174736,0.00220652311232,0.00177610969053 & Score: -87565.774316
.Lambda : 0.00023615899953,0.00372073892480,0.00582197084722,0.00220625691694,0.00177568065424 & Score: -87565.770147
.Lambda : 0.00023626024637,0.00372246027848,0.00580982949119,0.00220777990594,0.00177619881328 & Score: -87565.775847
.Lambda : 0.00023621977785,0.00372263468868,0.00581373260801,0.00220703212659,0.00177582351787 & Score: -87565.770950
.Lambda : 0.00023630627436,0.00372559688963,0.00582478048281,0.00220589283053,0.00177555939433 & Score: -87565.770165
.Lambda : 0.00023622127757,0.00372491506962,0.00582688417476,0.00220518263879,0.00177510626829 & Score: -87565.771569
.Lambda : 0.00023622090264,0.00372434497439,0.00582359628308,0.00220564501074,0.00177528558068 & Score: -87565.769410
.Lambda : 0.00023665004099,0.00372173533235,0.00582955773687,0.00220608701974,0.00177486646241 & Score: -87565.773983
.Lambda : 0.00023646599065,0.00372265014493,0.00582582858107,0.00220606272015,0.00177511012467 & Score: -87565.770557
.Lambda : 0.00023633034753,0.00372501182933,0.00582027750637,0.00220565315025,0.00177506938726 & Score: -87565.768824
.Lambda : 0.00023636176251,0.00372357199934,0.00582007475662,0.00220619867230,0.00177512165269 & Score: -87565.768385
.Lambda : 0.00023629939597,0.00372320880453,0.00581946478844,0.00220595910334,0.00177526692404 & Score: -87565.768660
.Lambda : 0.00023637303338,0.00372563778695,0.00582086960624,0.00220577706014,0.00177520629409 & Score: -87565.769051
.Lambda : 0.00023617681602,0.00372553663346,0.00581579992166,0.00220582555557,0.00177534715264 & Score: -87565.769113
.Lambda : 0.00023617674975,0.00372350813718,0.00582163590207,0.00220610412689,0.00177555137045 & Score: -87565.768869
.Lambda : 0.00023643969964,0.00372283878947,0.00582512910223,0.00220605128960,0.00177513909877 & Score: -87565.770123
.Lambda : 0.00023637397873,0.00372351325047,0.00582279680709,0.00220599485609,0.00177519111224 & Score: -87565.769081
.Lambda : 0.00023624253693,0.00372486217246,0.00581813221680,0.00220588198908,0.00177529513917 & Score: -87565.768576
.Lambda : 0.00023619128369,0.00372242739019,0.00581896446188,0.00220614175660,0.00177531549536 & Score: -87565.768568
.Lambda : 0.00023639338090,0.00372412474117,0.00581712958998,0.00220582974174,0.00177487606896 & Score: -87565.768772
.Lambda : 0.00023626499647,0.00372226621375,0.00581722881912,0.00220635135497,0.00177528072483 & Score: -87565.768745
.Lambda : 0.00023615060933,0.00372240989095,0.00582041642717,0.00220638340878,0.00177563590547 & Score: -87565.769024
.Lambda : 0.00023621130222,0.00372283860350,0.00581959471787,0.00220624499202,0.00177544594635 & Score: -87565.768609
.Lambda : 0.00023625751606,0.00372449737426,0.00582126355753,0.00220581925036,0.00177529733822 & Score: -87565.768732
.Lambda : 0.00023626499647,0.00372226621375,0.00581722881912,0.00220635135497,0.00177528072483 & Score: -87565.768745
.Lambda : 0.00023626312637,0.00372282400388,0.00581823750372,0.00220621832882,0.00177528487818 & Score: -87565.768512
.Lambda : 0.00023620860872,0.00372340086321,0.00581853667432,0.00220631519218,0.00177531832066 & Score: -87565.768249
.Lambda : 0.00023616321509,0.00372349689255,0.00581807261726,0.00220649323660,0.00177534401897 & Score: -87565.768208
.Lambda : 0.00023627746761,0.00372403437987,0.00581779790464,0.00220612860134,0.00177509852740 & Score: -87565.768182
.Lambda : 0.00023631055031,0.00372463226805,0.00581689949803,0.00220607040600,0.00177492481793 & Score: -87565.768260
.Lambda : 0.00023626020519,0.00372167969387,0.00581912668084,0.00220659024918,0.00177517068987 & Score: -87565.768599
.Lambda : 0.00023625578812,0.00372247531352,0.00581887806483,0.00220641318416,0.00177520180219 & Score: -87565.768347
.Lambda : 0.00023633726019,0.00372413364547,0.00581825987694,0.00220643905268,0.00177510485641 & Score: -87565.768164
.Lambda : 0.00023641024844,0.00372498677312,0.00581790758448,0.00220658770073,0.00177499953694 & Score: -87565.768386
.Lambda : 0.00023629507104,0.00372426088842,0.00581899578439,0.00220645077001,0.00177506346489 & Score: -87565.767919
.Lambda : 0.00023631104338,0.00372497933070,0.00581937492473,0.00220656699060,0.00177495275825 & Score: -87565.767841
.Lambda : 0.00023617614725,0.00372407582550,0.00581687859875,0.00220661775385,0.00177515913260 & Score: -87565.768054
.Lambda : 0.00023625026529,0.00372581271612,0.00581727550409,0.00220648506987,0.00177506191526 & Score: -87565.768035
.Lambda : 0.00023637765840,0.00372571746651,0.00581776210641,0.00220640175074,0.00177480685700 & Score: -87565.768173
.Lambda : 0.00023630348219,0.00372585321385,0.00581802249973,0.00220687564577,0.00177493568041 & Score: -87565.768120
.Lambda : 0.00023617362092,0.00372422442615,0.00581816245529,0.00220679205437,0.00177527888017 & Score: -87565.768079
.Lambda : 0.00023614856342,0.00372584455946,0.00581762571609,0.00220689595310,0.00177505049027 & Score: -87565.767934
.Lambda : 0.00023612037392,0.00372412152932,0.00581770437985,0.00220646748295,0.00177526559021 & Score: -87565.768010
.Lambda : 0.00023622893638,0.00372570915829,0.00581738119411,0.00220642124579,0.00177491707446 & Score: -87565.767828
.Lambda : 0.00023625659410,0.00372645152436,0.00581699056353,0.00220623584149,0.00177473617161 & Score: -87565.768064
.Lambda : 0.00023624752571,0.00372651109205,0.00581886608881,0.00220651694307,0.00177493999878 & Score: -87565.767872
.Lambda : 0.00023617231183,0.00372505355180,0.00581910541735,0.00220666237633,0.00177498844953 & Score: -87565.767576
.Lambda : 0.00023613333510,0.00372467396964,0.00582002037397,0.00220675102956,0.00177495171666 & Score: -87565.767529
.Lambda : 0.00023630738768,0.00372696571474,0.00581960293923,0.00220679338190,0.00177465922516 & Score: -87565.768097
.Lambda : 0.00023626063424,0.00372625466838,0.00581912829939,0.00220671190716,0.00177481081642 & Score: -87565.767789
.Lambda : 0.00023632402650,0.00372540672817,0.00582028263631,0.00220629129337,0.00177477845557 & Score: -87565.767850
.Lambda : 0.00023625566453,0.00372429845003,0.00581960888260,0.00220658004352,0.00177482432976 & Score: -87565.767594
.Lambda : 0.00023615181895,0.00372495950265,0.00581792283361,0.00220692119328,0.00177500422266 & Score: -87565.767806
.Lambda : 0.00023610111230,0.00372537896890,0.00581824970874,0.00220678717712,0.00177485050573 & Score: -87565.767538
.Lambda : 0.00023613208967,0.00372451706555,0.00582059084521,0.00220707929447,0.00177485956203 & Score: -87565.767764
.Lambda : 0.00023620131538,0.00372508974635,0.00582111641036,0.00220664258745,0.00177471454959 & Score: -87565.767508
.Lambda : 0.00023622606360,0.00372515486821,0.00582271319873,0.00220650328454,0.00177456971305 & Score: -87565.767768
.Lambda : 0.00023606877256,0.00372332861180,0.00582070618896,0.00220682414569,0.00177486944909 & Score: -87565.767702
.Lambda : 0.00023617199028,0.00372459083314,0.00581928978064,0.00220635469887,0.00177482465830 & Score: -87565.767464
.Lambda : 0.00023619194058,0.00372462771694,0.00581863924836,0.00220599240106,0.00177480720644 & Score: -87565.767790
.Lambda : 0.00023627659448,0.00372628417542,0.00581860787356,0.00220642206892,0.00177479685493 & Score: -87565.767825
.Lambda : 0.00023622463900,0.00372554528452,0.00581913245241,0.00220652258811,0.00177481500347 & Score: -87565.767549
.Lambda : 0.00023607729229,0.00372581307099,0.00581951460785,0.00220664318893,0.00177483824374 & Score: -87565.767439
.Lambda : 0.00023598810617,0.00372657038148,0.00581946747048,0.00220667476163,0.00177484520072 & Score: -87565.767626
.Lambda : 0.00023604937914,0.00372467335110,0.00582014390021,0.00220674888466,0.00177485686614 & Score: -87565.767450
.Lambda : 0.00023615221258,0.00372455741959,0.00582178432047,0.00220646897867,0.00177482390804 & Score: -87565.767569
.Lambda : 0.00023613943751,0.00372476280692,0.00582090066754,0.00220654852828,0.00177483055746 & Score: -87565.767446
.Lambda : 0.00023612243074,0.00372529795376,0.00582036577267,0.00220642412571,0.00177467423343 & Score: -87565.767359
.Lambda : 0.00023611697856,0.00372560994581,0.00582053847202,0.00220626067379,0.00177453549181 & Score: -87565.767448
.Lambda : 0.00023602289660,0.00372496546001,0.00581896948121,0.00220644518312,0.00177489527404 & Score: -87565.767475
.Lambda : 0.00023620131538,0.00372508974635,0.00582111641036,0.00220664258745,0.00177471454959 & Score: -87565.767508
.Lambda : 0.00023615671069,0.00372505867477,0.00582057967807,0.00220659323637,0.00177475973070 & Score: -87565.767407
.Lambda : 0.00023604610987,0.00372565150987,0.00582131206989,0.00220682848671,0.00177475919428 & Score: -87565.767548
.Lambda : 0.00023607757997,0.00372538634069,0.00582080649758,0.00220671003975,0.00177477556029 & Score: -87565.767427
.Lambda : 0.00023618000134,0.00372585418776,0.00582072298927,0.00220641876296,0.00177469446411 & Score: -87565.767498
.Lambda : 0.00023614734579,0.00372555897859,0.00582057821701,0.00220650129338,0.00177473506462 & Score: -87565.767414
.Lambda : 0.00023609310629,0.00372608320060,0.00581983724173,0.00220660022538,0.00177468257565 & Score: -87565.767408
.Lambda : 0.00023616157710,0.00372514098837,0.00582135235497,0.00220648837931,0.00177461262214 & Score: -87565.767442
.Lambda : 0.00023614050590,0.00372530900902,0.00582089291819,0.00220652708172,0.00177466902754 & Score: -87565.767391
.Lambda : 0.00023618645979,0.00372553678601,0.00582009503349,0.00220634834527,0.00177463269248 & Score: -87565.767444
.Lambda : 0.00023615923984,0.00372549917468,0.00582027289951,0.00220643876889,0.00177466840943 & Score: -87565.767393
.Lambda : 0.00023612145159,0.00372534022654,0.00582020118706,0.00220653208185,0.00177464652608 & Score: -87565.767334
.Lambda : 0.00023610850449,0.00372523085051,0.00582001267209,0.00220654747608,0.00177460225682 & Score: -87565.767311
.Lambda : 0.00023618185038,0.00372447506450,0.00582101233448,0.00220641205013,0.00177466688752 & Score: -87565.767459
.Lambda : 0.00023615966435,0.00372487709852,0.00582071856129,0.00220645909394,0.00177467080955 & Score: -87565.767389
.Lambda : 0.00023611942744,0.00372542695983,0.00582032545143,0.00220636538216,0.00177455416401 & Score: -87565.767369
.Lambda : 0.00023610097333,0.00372495757398,0.00582065325076,0.00220649049495,0.00177459978710 & Score: -87565.767335
.Lambda : 0.00023610389424,0.00372500716562,0.00581993736511,0.00220638754742,0.00177457147283 & Score: -87565.767328
.Lambda : 0.00023606242775,0.00372549110296,0.00581979924353,0.00220642691659,0.00177452995612 & Score: -87565.767343
.Lambda : 0.00023607986478,0.00372496689890,0.00581998187023,0.00220654524214,0.00177463691851 & Score: -87565.767307
.Lambda : 0.00023606008346,0.00372473686844,0.00581981007963,0.00220663517213,0.00177467829576 & Score: -87565.767330
.Lambda : 0.00023605983509,0.00372496348303,0.00581978798802,0.00220653494516,0.00177450192312 & Score: -87565.767312
.Lambda : 0.00023611880103,0.00372455928586,0.00582035001495,0.00220657536571,0.00177463498723 & Score: -87565.767334
.Lambda : 0.00023608738652,0.00372493349959,0.00581937471340,0.00220654573565,0.00177457923630 & Score: -87565.767303
.Lambda : 0.00023608059312,0.00372492146239,0.00581873544472,0.00220657335600,0.00177456896090 & Score: -87565.767335
.Lambda : 0.00023605699302,0.00372548147320,0.00581928782859,0.00220644901287,0.00177452173580 & Score: -87565.767348
.Lambda : 0.00023607244502,0.00372525092637,0.00581955337518,0.00220648060108,0.00177455004866 & Score: -87565.767314
.Lambda : 0.00023605932012,0.00372513109774,0.00581954688246,0.00220667405262,0.00177457668054 & Score: -87565.767326
.Lambda : 0.00023610389424,0.00372500716562,0.00581993736511,0.00220638754742,0.00177457147283 & Score: -87565.767328
.Lambda : 0.00023609275071,0.00372503814865,0.00581983974445,0.00220645917372,0.00177457277476 & Score: -87565.767308
.Lambda : 0.00023609889162,0.00372480222591,0.00582004542010,0.00220657242802,0.00177460719514 & Score: -87565.767306
.Lambda : 0.00023612712416,0.00372502516639,0.00581991378009,0.00220653307708,0.00177469742949 & Score: -87565.767329
.Lambda : 0.00023611030189,0.00372500974555,0.00581988233207,0.00220653354410,0.00177464855290 & Score: -87565.767310
.Lambda : 0.00023607917372,0.00372466935693,0.00581963696001,0.00220651497338,0.00177461561423 & Score: -87565.767309
.Lambda : 0.00023606492505,0.00372475430644,0.00581966915120,0.00220652147706,0.00177455614268 & Score: -87565.767309
.Lambda : 0.00023609035375,0.00372512867487,0.00581992739974,0.00220654264926,0.00177456529273 & Score: -87565.767302
.Lambda : 0.00023609594377,0.00372535833384,0.00582007261961,0.00220655648720,0.00177454013198 & Score: -87565.767316
.Lambda : 0.00023611477390,0.00372519347273,0.00581999850796,0.00220654461446,0.00177462842430 & Score: -87565.767315
.Lambda : 0.00023610231169,0.00372508368116,0.00581991616877,0.00220653883011,0.00177461035389 & Score: -87565.767304
.Lambda : 0.00023609077263,0.00372492784352,0.00581985848445,0.00220663878035,0.00177462682388 & Score: -87565.767312
.Lambda : 0.00023609126715,0.00372495541980,0.00581985379945,0.00220659387869,0.00177461331160 & Score: -87565.767304
.Lambda : 0.00023610821951,0.00372499450163,0.00581966513035,0.00220657216655,0.00177455323736 & Score: -87565.767301
.Lambda : 0.00023612239688,0.00372500830299,0.00581950676042,0.00220658562876,0.00177451139678 & Score: -87565.767312
.Lambda : 0.00023609292384,0.00372523608491,0.00581944946459,0.00220654487609,0.00177456137761 & Score: -87565.767307
.Lambda : 0.00023609441578,0.00372512762016,0.00581959845347,0.00220655176407,0.00177457283199 & Score: -87565.767301
.Lambda : 0.00023608634540,0.00372497220526,0.00581945162979,0.00220658364758,0.00177454321010 & Score: -87565.767303
.Lambda : 0.00023609542123,0.00372510718080,0.00581935313125,0.00220652450656,0.00177451221179 & Score: -87565.767309
.Lambda : 0.00023609438271,0.00372506924055,0.00581947829830,0.00220654184959,0.00177453748674 & Score: -87565.767303
.Lambda : 0.00023610355791,0.00372512920946,0.00581976596831,0.00220651801847,0.00177458002395 & Score: -87565.767303
.Lambda : 0.00023608634540,0.00372497220526,0.00581945162979,0.00220658364758,0.00177454321010 & Score: -87565.767303
.Lambda : 0.00023609064853,0.00372501145631,0.00581953021442,0.00220656724030,0.00177455241356 & Score: -87565.767301
.Lambda : 0.00023610382159,0.00372519909782,0.00581990508512,0.00220656453226,0.00177453326865 & Score: -87565.767307
.Lambda : 0.00023609971283,0.00372513269826,0.00581977249219,0.00220655983311,0.00177454476056 & Score: -87565.767302
.Lambda : 0.00023609895745,0.00372508873994,0.00581991917777,0.00220657561173,0.00177457792774 & Score: -87565.767303
.Lambda : 0.00023609781376,0.00372508386509,0.00581980895790,0.00220656717119,0.00177456781749 & Score: -87565.767301
.Lambda : 0.00023610597041,0.00372501138171,0.00581942269959,0.00220658462083,0.00177455113165 & Score: -87565.767305
.Lambda : 0.00023610206625,0.00372504070500,0.00581954887463,0.00220657412794,0.00177455467192 & Score: -87565.767302
.Lambda : 0.00023609755271,0.00372497056102,0.00581948816012,0.00220657315492,0.00177457562836 & Score: -87565.767301
.Lambda : 0.00023609339387,0.00372503449668,0.00581968749188,0.00220655847088,0.00177457409958 & Score: -87565.767299
.Lambda : 0.00023608905768,0.00372503139252,0.00581975680051,0.00220655064235,0.00177458381341 & Score: -87565.767299
.Lambda : 0.00023608131035,0.00372509669808,0.00581958018076,0.00220655495399,0.00177458387904 & Score: -87565.767302
.Lambda : 0.00023608803764,0.00372507114896,0.00581960141816,0.00220655925713,0.00177457621862 & Score: -87565.767300
.Lambda : 0.00023609256282,0.00372494099107,0.00581964804353,0.00220657835370,0.00177456563905 & Score: -87565.767300
.Lambda : 0.00023608742994,0.00372508622223,0.00581982229024,0.00220655904237,0.00177455884696 & Score: -87565.767301
.Lambda : 0.00023608301536,0.00372497386101,0.00581950682539,0.00220656177456,0.00177456306962 & Score: -87565.767301
.Lambda : 0.00023608671496,0.00372500136203,0.00581958235852,0.00220656312372,0.00177456425659 & Score: -87565.767300
.Lambda : 0.00023608860716,0.00372504223208,0.00581980642651,0.00220656005881,0.00177458321076 & Score: -87565.767300
.Lambda : 0.00023609229664,0.00372494987010,0.00581950800520,0.00220656866333,0.00177458652288 & Score: -87565.767301
.Lambda : 0.00023609107997,0.00372498395813,0.00581958657646,0.00220656625809,0.00177457960390 & Score: -87565.767300
.Lambda : 0.00023609290587,0.00372493006703,0.00581972294059,0.00220657124895,0.00177457050533 & Score: -87565.767299
.Lambda : 0.00023609533999,0.00372485952606,0.00581978370181,0.00220657724485,0.00177456764869 & Score: -87565.767300
.
Lambda Search Result: 418
Lambda : 0.00023609290587,0.00372493006703,0.00581972294059,0.00220657124895,0.00177457050533 & Score: 87565.767299
DONE: Lamda Search or setting, for command:
lambda -s -t (((2,3)1,((5,(5,((5,5)5,5)5)5)5,(5,5)5)1)1,((4,4)4,(4,(4,4)4)4)1)
Running Viterbi algorithm....
Building Metapost report: none_filt_lambda_clade.mp
Building HTML report: none_filt_lambda_clade.html
Report Done
