-----------------------------------------------------------
Family information: effector_all.tab
Log: ./effector_all.log
Tree: (((musDom:52,gloMor:52):52,((droWil:56,(droPse:48,((droYak:14,droMel:14):17,droAna:31):17):8):8,(droVir:32,droMoj:32):32):39):184,((culQui:79,aedAeg:79):79,(anoDar:70,(anoSte:35,anoGam:35):35):88):129)
The number of families is 30
Root Family size : 1 ~ 76
Family size : 0 ~ 111
P-value: 0.010000
Num of Threads: 12
Num of Random: 1000
Empirical Prior Estimation Result: 38
Poisson lambda: 2.096853 & Score: 1823.636008
Lambda : 0.00519278445079 & Score: -686.443458
.Lambda : 0.00545242367333 & Score: -inf
.Lambda : 0.00493314522825 & Score: -683.593851
.Lambda : 0.00467350600571 & Score: -681.171467
.Lambda : 0.00415422756063 & Score: -677.937843
.Lambda : 0.00363494911555 & Score: -677.712893
.Lambda : 0.00259639222539 & Score: -691.211746
.Lambda : 0.00311567067047 & Score: -681.849794
.Lambda : 0.00415422756063 & Score: -677.937843
.Lambda : 0.00311567067047 & Score: -681.849794
.Lambda : 0.00337530989301 & Score: -679.108325
.Lambda : 0.00389458833809 & Score: -677.400714
.Lambda : 0.00415422756063 & Score: -677.937843
.Lambda : 0.00402440794936 & Score: -677.564974
.Lambda : 0.00376476872682 & Score: -677.442918
.Lambda : 0.00402440794936 & Score: -677.564974
.Lambda : 0.00395949814372 & Score: -677.455529
.Lambda : 0.00382967853245 & Score: -677.403088
.Lambda : 0.00395949814372 & Score: -677.455529
.Lambda : 0.00392704324091 & Score: -677.421131
.Lambda : 0.00386213343527 & Score: -677.394615
.Lambda : 0.00382967853245 & Score: -677.403088
.Lambda : 0.00384590598386 & Score: -677.397042
.Lambda : 0.00387836088668 & Score: -677.395853
.Lambda : 0.00384590598386 & Score: -677.397042
.Lambda : 0.00385401970957 & Score: -677.395367
.Lambda : 0.00387024716098 & Score: -677.394778
.Lambda : 0.00385401970957 & Score: -677.395367
.Lambda : 0.00385807657242 & Score: -677.394876
.Lambda : 0.00386619029812 & Score: -677.394582
.Lambda : 0.00387024716098 & Score: -677.394778
.Lambda : 0.00386821872955 & Score: -677.394652
.Lambda : 0.00386416186670 & Score: -677.394570
.Lambda : 0.00386213343527 & Score: -677.394615
.Lambda : 0.00386314765099 & Score: -677.394585
.Lambda : 0.00386517608241 & Score: -677.394569
.Lambda : 0.00386619029812 & Score: -677.394582
.Lambda : 0.00386568319027 & Score: -677.394574
.Lambda : 0.00386466897455 & Score: -677.394568
.Lambda : 0.00386416186670 & Score: -677.394570
.Lambda : 0.00386441542063 & Score: -677.394568
.
Lambda Search Result: 17
Lambda : 0.00386466897455 & Score: 677.394568
DONE: Lamda Search or setting, for command:
lambda -s
Running Viterbi algorithm....
Building Metapost report: effector_all_lambda.mp
Building HTML report: effector_all_lambda.html
Report Done
Lambda Tree: (((2,1)1,((1,(1,((1,1)1,1)1)1)1,(1,1)1)1)1,((1,1)1,(1,(1,1)1)1)1)
Empirical Prior Estimation Result: 33
Poisson lambda: 2.096852 & Score: 1823.636008
Lambda : 0.00390304366643,0.00195743227074 & Score: -697.212773
.Lambda : 0.00409819584975,0.00195743227074 & Score: -698.183434
.Lambda : 0.00409819584975,0.00205530388428 & Score: -696.846708
.Lambda : 0.00390304366643,0.00205530388428 & Score: -695.823452
.Lambda : 0.00380546757477,0.00210423969104 & Score: -694.739400
.Lambda : 0.00400061975809,0.00220211130458 & Score: -694.363124
.Lambda : 0.00404940780392,0.00232445082150 & Score: -693.127243
.Lambda : 0.00375667952894,0.00237338662827 & Score: -691.002783
.Lambda : 0.00358592136853,0.00253242800027 & Score: -688.484440
.Lambda : 0.00382986159768,0.00275263913073 & Score: -686.959515
.Lambda : 0.00384205860914,0.00307683885057 & Score: -683.771028
.Lambda : 0.00337857217375,0.00328481602933 & Score: -679.962214
.Lambda : 0.00304315435867,0.00376499863325 & Score: -675.874081
.Lambda : 0.00329929159928,0.00430940948355 & Score: -671.539919
.Lambda : 0.00315597671465,0.00519790022519 & Score: -665.996086
.Lambda : 0.00235707246418,0.00588606000787 & Score: -665.582729
.Lambda : 0.00161457939170,0.00729067058652 & Score: -676.403623
.Lambda : 0.00246989482016,0.00731896159981 & Score: -658.795336
.Lambda : 0.00218326505091,0.00909594308309 & Score: -656.641131
.Lambda : 0.00138436080044,0.00978410286577 & Score: -681.196488
.Lambda : 0.00182726477899,0.00863755220562 & Score: -664.844747
.Lambda : 0.00165345736572,0.01184743528084 & Score: -664.803909
.Lambda : 0.00200945763764,0.01230582615831 & Score: -654.454768
.Lambda : 0.00210055406696,0.01413996313465 & Score: -651.460214
.Lambda : 0.00263036175215,0.01138847093689 & Score: -649.638006
.Lambda : 0.00311881394537,0.01115898876492 & Score: -649.708399
.Lambda : 0.00254765076820,0.01643249098845 & Score: -646.735741
.Lambda : 0.00272984362685,0.02010076494114 & Score: -inf
.Lambda : 0.00307745845339,0.01368099879070 & Score: -647.445441
.Lambda : 0.00299474746945,0.01872501884226 & Score: -646.081012
.Lambda : 0.00317694032809,0.02239329279494 & Score: -inf
.Lambda : 0.00246493978426,0.02147651104001 & Score: -inf
.Lambda : 0.00261806945154,0.01952763297768 & Score: -inf
.Lambda : 0.00277119911883,0.01757875491536 & Score: -646.169966
.Lambda : 0.00303610296142,0.01620300881648 & Score: -646.378421
.Lambda : 0.00272984362685,0.02010076494114 & Score: -inf
.Lambda : 0.00280640846049,0.01912632590997 & Score: -646.146052
.Lambda : 0.00302995681112,0.02027258983687 & Score: -inf
.Lambda : 0.00296526738804,0.01959913110649 & Score: -inf
.Lambda : 0.00290057796497,0.01892567237611 & Score: -646.141755
.Lambda : 0.00288297329414,0.01815188687881 & Score: -646.178047
.Lambda : 0.00301235214028,0.01949880433957 & Score: -inf
.Lambda : 0.00298000742874,0.01916207497438 & Score: -646.087277
.Lambda : 0.00307417693322,0.01896142144052 & Score: -646.159016
.Lambda : 0.00303077719116,0.01895248417442 & Score: -646.103437
.Lambda : 0.00294397770703,0.01893460964222 & Score: -646.095884
.Lambda : 0.00303077719116,0.01895248417442 & Score: -646.103437
.Lambda : 0.00300907732013,0.01894801554137 & Score: -646.088337
.Lambda : 0.00296567757806,0.01893907827527 & Score: -646.084381
.Lambda : 0.00298041761877,0.01850202214315 & Score: -646.081583
.Lambda : 0.00300948751015,0.01828796271014 & Score: -646.092947
.Lambda : 0.00299853502713,0.01845074160142 & Score: -646.084518
.Lambda : 0.00298758254411,0.01861352049270 & Score: -646.080298
.Lambda : 0.00298021252376,0.01883204855876 & Score: -646.080324
.Lambda : 0.00297304759842,0.01872055020921 & Score: -646.080693
.Lambda : 0.00299474746945,0.01872501884226 & Score: -646.081012
.Lambda : 0.00298932250169,0.01872390168400 & Score: -646.080100
.Lambda : 0.00299669252204,0.01850537361794 & Score: -646.083054
.Lambda : 0.00299257252247,0.01858704235314 & Score: -646.081157
.Lambda : 0.00298845252290,0.01866871108835 & Score: -646.080072
.Lambda : 0.00298476751272,0.01877797512138 & Score: -646.079915
.Lambda : 0.00298389753393,0.01872278452573 & Score: -646.079741
.Lambda : 0.00298118505005,0.01872222594660 & Score: -646.079770
.Lambda : 0.00298021252376,0.01883204855876 & Score: -646.080324
.Lambda : 0.00298227252354,0.01879121419116 & Score: -646.079960
.Lambda : 0.00298639252311,0.01870954545595 & Score: -646.079834
.Lambda : 0.00298552254432,0.01865435486031 & Score: -646.079922
.Lambda : 0.00298533378642,0.01868525992557 & Score: -646.079810
.Lambda : 0.00298283879724,0.01869849899535 & Score: -646.079744
.Lambda : 0.00298140254475,0.01873602359551 & Score: -646.079776
.Lambda : 0.00298533378642,0.01868525992557 & Score: -646.079810
.Lambda : 0.00298435097600,0.01869795084306 & Score: -646.079757
.Lambda : 0.00298238535517,0.01872333267803 & Score: -646.079740
.Lambda : 0.00298140254475,0.01873602359551 & Score: -646.079776
.Lambda : 0.00298344409186,0.01874761820841 & Score: -646.079775
.Lambda : 0.00298329276820,0.01873533840514 & Score: -646.079749
.Lambda : 0.00298314144455,0.01872305860188 & Score: -646.079735
.Lambda : 0.00298261207620,0.01871091583669 & Score: -646.079736
.Lambda : 0.00298336816559,0.01871064176054 & Score: -646.079734
.Lambda : 0.00298385957079,0.01870429630180 & Score: -646.079742
.Lambda : 0.00298389753393,0.01872278452573 & Score: -646.079741
.Lambda : 0.00298357616950,0.01871981735347 & Score: -646.079735
.Lambda : 0.00298293344064,0.01871388300895 & Score: -646.079733
.Lambda : 0.00298261207620,0.01871091583669 & Score: -646.079736
.Lambda : 0.00298316016167,0.01870146616762 & Score: -646.079739
.Lambda : 0.00298315548239,0.01870686427618 & Score: -646.079735
.Lambda : 0.00298314612383,0.01871766049331 & Score: -646.079733
.Lambda : 0.00298314144455,0.01872305860188 & Score: -646.079735
.Lambda : 0.00298271139888,0.01872090174172 & Score: -646.079735
.Lambda : 0.00298287559056,0.01871833674643 & Score: -646.079733
.Lambda : 0.00298320397391,0.01871320675584 & Score: -646.079733
.Lambda : 0.00298336816559,0.01871064176054 & Score: -646.079734
.Lambda : 0.00298341665710,0.01871698424020 & Score: -646.079733
.Lambda : 0.00298329585299,0.01871620893239 & Score: -646.079733
.Lambda : 0.00298305424475,0.01871465831676 & Score: -646.079733
.Lambda : 0.00298293344064,0.01871388300895 & Score: -646.079733
.Lambda : 0.00298311209483,0.01871020457929 & Score: -646.079733
.Lambda : 0.00298312060208,0.01871206855779 & Score: -646.079733
.Lambda : 0.00298313761658,0.01871579651481 & Score: -646.079733
.Lambda : 0.00298314612383,0.01871766049331 & Score: -646.079733
.Lambda : 0.00298298788742,0.01871724807573 & Score: -646.079733
.Lambda : 0.00298304190905,0.01871623774576 & Score: -646.079733
.Lambda : 0.00298314995229,0.01871421708581 & Score: -646.079732
.Lambda : 0.00298320397391,0.01871320675584 & Score: -646.079733
.Lambda : 0.00298323332412,0.01871535528386 & Score: -646.079733
.Lambda : 0.00298318855428,0.01871518104208 & Score: -646.079733
.Lambda : 0.00298314378443,0.01871500680031 & Score: -646.079732
.Lambda : 0.00298310209852,0.01871443770129 & Score: -646.079732
.
Lambda Search Result: 51
Lambda : 0.00298314378443,0.01871500680031 & Score: 646.079732
DONE: Lamda Search or setting, for command:
lambda -s -t (((2,1)1,((1,(1,((1,1)1,1)1)1)1,(1,1)1)1)1,((1,1)1,(1,(1,1)1)1)1)
Running Viterbi algorithm....
Building Metapost report: effector_all_lambda_musca.mp
Building HTML report: effector_all_lambda_musca.html
Report Done
Lambda Tree: (((2,3)1,((5,(5,((5,5)5,5)5)5)5,(5,5)5)1)1,((4,4)4,(4,(4,4)4)4)1)
Empirical Prior Estimation Result: 39
Poisson lambda: 2.096852 & Score: 1823.636008
Lambda : 0.00072526502798,0.00209433688155,0.00050954254719,0.00436394481727,0.00395239136718 & Score: -746.410000
.Lambda : 0.00076152827937,0.00209433688155,0.00050954254719,0.00436394481727,0.00395239136718 & Score: -746.244769
.Lambda : 0.00076152827937,0.00219905372562,0.00050954254719,0.00436394481727,0.00395239136718 & Score: -743.418457
.Lambda : 0.00076152827937,0.00209433688155,0.00053501967455,0.00436394481727,0.00395239136718 & Score: -745.169632
.Lambda : 0.00076152827937,0.00209433688155,0.00050954254719,0.00458214205814,0.00395239136718 & Score: -747.937823
.Lambda : 0.00076152827937,0.00209433688155,0.00050954254719,0.00436394481727,0.00415001093554 & Score: -746.873289
.Lambda : 0.00074702297881,0.00213622361918,0.00051973339813,0.00414574757641,0.00403143919453 & Score: -743.353797
.Lambda : 0.00073977032853,0.00215716698799,0.00052482882360,0.00392755033555,0.00407096310820 & Score: -741.222360
.Lambda : 0.00073831979848,0.00216135566175,0.00052584790870,0.00418938702458,0.00380220049523 & Score: -742.160281
.Lambda : 0.00077980495808,0.00218816317384,0.00053237005330,0.00411956390751,0.00393974371481 & Score: -740.841233
.Lambda : 0.00080707492313,0.00223507631999,0.00054378380636,0.00399737345262,0.00393341988862 & Score: -738.163541
.Lambda : 0.00076176036418,0.00224445894921,0.00054606655697,0.00397293536165,0.00393215512338 & Score: -737.849203
.Lambda : 0.00076187640659,0.00231951998305,0.00056432856186,0.00377743063383,0.00392203700148 & Score: -733.931154
.Lambda : 0.00076189961507,0.00233453218982,0.00053231298454,0.00373832968827,0.00392001337710 & Score: -734.588305
.Lambda : 0.00076204814935,0.00228400673142,0.00056689828683,0.00348808363667,0.00390706218107 & Score: -732.914861
.Lambda : 0.00076230808433,0.00232648323431,0.00059557615666,0.00305015304636,0.00388439758802 & Score: -728.719052
.Lambda : 0.00079485194458,0.00238775582431,0.00057848422451,0.00320694783807,0.00409013189014 & Score: -729.021537
.Lambda : 0.00081543406095,0.00248418003260,0.00060096546997,0.00318054352812,0.00382903678995 & Score: -725.010403
.Lambda : 0.00085326592715,0.00264768655490,0.00063903379315,0.00280704012440,0.00370807363082 & Score: -718.582079
.Lambda : 0.00076660586796,0.00257131479457,0.00062011048193,0.00263458707975,0.00387644150640 & Score: -721.354434
.Lambda : 0.00081366367718,0.00256657196664,0.00066670030270,0.00245213380070,0.00387241926964 & Score: -719.644716
.Lambda : 0.00083440179389,0.00268040496684,0.00067563342172,0.00188291412189,0.00385054855252 & Score: -719.229907
.Lambda : 0.00081724619562,0.00272922878260,0.00070033743795,0.00192378343117,0.00358662032882 & Score: -716.666499
.Lambda : 0.00082844332114,0.00289996526174,0.00076126404467,0.00128220122772,0.00333486454816 & Score: -721.521030
.Lambda : 0.00087176530039,0.00295159959190,0.00072515001832,0.00163003037680,0.00367324372727 & Score: -714.987530
.Lambda : 0.00092649390842,0.00326415777070,0.00078993694915,0.00091996904202,0.00356766679689 & Score: -728.249359
.Lambda : 0.00090953128973,0.00285888195058,0.00074263150761,0.00164377366223,0.00359992069723 & Score: -715.648323
.Lambda : 0.00090082052554,0.00298054877209,0.00072641416880,0.00150288288590,0.00349494350502 & Score: -716.059103
.Lambda : 0.00090664990148,0.00298677329399,0.00073779334861,0.00192009007032,0.00337457220314 & Score: -710.369476
.Lambda : 0.00094277395527,0.00313995745756,0.00076887331206,0.00193867804453,0.00313658402845 & Score: -706.716393
.Lambda : 0.00092358897947,0.00321640006700,0.00082632878475,0.00064861923585,0.00328845128390 & Score: -746.494406
.Lambda : 0.00090600821639,0.00307422168897,0.00077950503685,0.00118822445799,0.00339335687063 & Score: -720.475003
.Lambda : 0.00090726962783,0.00304577852473,0.00074701166519,0.00178435421067,0.00340491387786 & Score: -710.380787
.Lambda : 0.00092615262250,0.00299941970407,0.00075575240984,0.00179122585338,0.00336825236284 & Score: -710.729297
.Lambda : 0.00092179724041,0.00306025311483,0.00074764374043,0.00172078046521,0.00331576376674 & Score: -710.720025
.Lambda : 0.00088001007545,0.00293459312008,0.00073460537501,0.00193123073785,0.00336160217863 & Score: -711.358738
.Lambda : 0.00089801994121,0.00289382200623,0.00070395355260,0.00237285908447,0.00342232882963 & Score: -711.049523
.Lambda : 0.00095839527944,0.00312109920289,0.00075468849704,0.00191192832545,0.00329753496757 & Score: -707.553037
.Lambda : 0.00096453554897,0.00325278119540,0.00080563429722,0.00128592767523,0.00318689077175 & Score: -713.930192
.Lambda : 0.00094790664703,0.00316304139811,0.00078021411107,0.00155766052754,0.00324575028622 & Score: -710.331969
.Lambda : 0.00094510447749,0.00321263217518,0.00076362012048,0.00177413477598,0.00319196640789 & Score: -707.180616
.Lambda : 0.00095878275442,0.00321275038856,0.00077811934191,0.00186592188845,0.00319493606046 & Score: -705.860709
.Lambda : 0.00097727551143,0.00328899902543,0.00079335714265,0.00193849260008,0.00313452220732 & Score: -703.702808
.Lambda : 0.00100131272044,0.00332451317894,0.00079728960813,0.00186400349877,0.00299762928112 & Score: -703.753033
.Lambda : 0.00098203813060,0.00327183901789,0.00077091736108,0.00221323437038,0.00305754447073 & Score: -703.133064
.Lambda : 0.00099910387238,0.00332623782778,0.00076626898608,0.00254102129180,0.00296344156298 & Score: -702.073586
.Lambda : 0.00098783293536,0.00339583666306,0.00080107517072,0.00211060375901,0.00287212242754 & Score: -701.244121
.Lambda : 0.00100255176332,0.00353320539315,0.00082426850755,0.00220994147579,0.00265941615752 & Score: -699.016550
.Lambda : 0.00102410265165,0.00343253297796,0.00081640290211,0.00242271998840,0.00276467088706 & Score: -699.720849
.Lambda : 0.00105896465241,0.00362223790374,0.00083016154655,0.00245179349740,0.00267128800995 & Score: -697.133996
.Lambda : 0.00111706000098,0.00386337812683,0.00086080566379,0.00270835122384,0.00243864000071 & Score: -694.729519
.Lambda : 0.00104672479947,0.00365322816152,0.00082715167275,0.00286420713320,0.00258664704511 & Score: -697.682928
.Lambda : 0.00109854172369,0.00383443396946,0.00084460195027,0.00316000384514,0.00223060405403 & Score: -698.383733
.Lambda : 0.00111648850326,0.00400047362379,0.00090302329250,0.00280506817474,0.00210854969480 & Score: -695.154134
.Lambda : 0.00112844406464,0.00412135473194,0.00088753753263,0.00307630875268,0.00204487189381 & Score: -695.748814
.Lambda : 0.00120035187350,0.00425594205227,0.00090497953722,0.00363563417605,0.00190430891786 & Score: -698.684125
.Lambda : 0.00100255176332,0.00353320539315,0.00082426850755,0.00220994147579,0.00265941615752 & Score: -699.016550
.Lambda : 0.00105200179087,0.00371388955793,0.00084444626497,0.00256636465085,0.00247063934761 & Score: -696.617323
.Lambda : 0.00108574594000,0.00390649571134,0.00088458382039,0.00244811612899,0.00242913513878 & Score: -693.646694
.Lambda : 0.00107934804815,0.00394252658228,0.00090457475546,0.00209217227091,0.00252840068115 & Score: -693.145232
.Lambda : 0.00115061216369,0.00420342088758,0.00093300333099,0.00243509889601,0.00204979360211 & Score: -692.679627
.Lambda : 0.00120255584580,0.00447851725061,0.00098592916012,0.00222054477742,0.00178136688061 & Score: -693.105858
.Lambda : 0.00118477932143,0.00433857202304,0.00095113156518,0.00268043507642,0.00199746300142 & Score: -691.686618
.Lambda : 0.00125116808671,0.00465091325560,0.00100447421528,0.00273747028920,0.00176087482833 & Score: -691.410320
.Lambda : 0.00115742665647,0.00414293025849,0.00095481497058,0.00203495558921,0.00230963162904 & Score: -691.580632
.Lambda : 0.00118575747914,0.00432079402052,0.00096004588194,0.00199815113292,0.00232638660174 & Score: -689.748333
.Lambda : 0.00122039196708,0.00448095421888,0.00098855717665,0.00159469261201,0.00243530505522 & Score: -691.022068
.Lambda : 0.00121266497268,0.00464085587496,0.00104195959791,0.00181078804746,0.00195139493624 & Score: -690.550892
.Lambda : 0.00130370369533,0.00484103913658,0.00105314444322,0.00231441331101,0.00163083195783 & Score: -691.346243
.Lambda : 0.00129367619244,0.00483519213088,0.00107277231258,0.00192321245191,0.00194185437916 & Score: -687.540625
.Lambda : 0.00136520820682,0.00515107775252,0.00114265680337,0.00166726922986,0.00188788476769 & Score: -687.341533
.Lambda : 0.00136997431980,0.00529894175758,0.00112609740611,0.00217628121498,0.00151331760770 & Score: -689.768667
.Lambda : 0.00132375538280,0.00505017016127,0.00112508743774,0.00124929088529,0.00196305152015 & Score: -695.530936
.Lambda : 0.00130560855878,0.00495035593485,0.00109493413212,0.00162133573627,0.00191250734720 & Score: -689.846007
.Lambda : 0.00127198171956,0.00490377099959,0.00109313308535,0.00139511683359,0.00220576454639 & Score: -690.910101
.Lambda : 0.00130370369533,0.00484103913658,0.00105314444322,0.00231441331101,0.00163083195783 & Score: -691.346243
.Lambda : 0.00129577320139,0.00485672210233,0.00106314160376,0.00208458919166,0.00177456510497 & Score: -689.088081
.Lambda : 0.00139626373368,0.00519030075216,0.00111279073301,0.00200826255481,0.00181446963548 & Score: -685.586302
.Lambda : 0.00148806311418,0.00546502319076,0.00114820630056,0.00210699980849,0.00174600698509 & Score: -683.972708
.Lambda : 0.00137630196975,0.00508666759464,0.00108112506617,0.00239198049489,0.00178675707968 & Score: -686.059289
.Lambda : 0.00131446726871,0.00465317210673,0.00103197285620,0.00192331472815,0.00229532260797 & Score: -686.089438
.Lambda : 0.00155016802520,0.00576427107828,0.00122679517009,0.00207151024829,0.00146982801642 & Score: -687.145373
.Lambda : 0.00154191023248,0.00559136258684,0.00118916087480,0.00197984061222,0.00189975467777 & Score: -680.913484
.Lambda : 0.00166497874803,0.00595868282909,0.00125217051032,0.00192746632250,0.00196234946417 & Score: -677.648554
.Lambda : 0.00159238344353,0.00562004896727,0.00115345115797,0.00250123941107,0.00181622089365 & Score: -681.212072
.Lambda : 0.00142430979248,0.00494916679712,0.00103997518640,0.00226889005774,0.00237283479580 & Score: -681.520350
.Lambda : 0.00170394755848,0.00617866364482,0.00123799843236,0.00255531570973,0.00157834507939 & Score: -681.658516
.Lambda : 0.00177317109293,0.00618196657699,0.00125159556887,0.00215198402892,0.00200354580756 & Score: -675.102779
.Lambda : 0.00197160565452,0.00672961606817,0.00133683082023,0.00203198579593,0.00211194017149 & Score: -671.472136
.Lambda : 0.00185482696463,0.00630944813182,0.00125996414235,0.00240695911030,0.00219066917670 & Score: -672.157920
.Lambda : 0.00169929428280,0.00564812147257,0.00117895829454,0.00189930056929,0.00260326072134 & Score: -675.594890
.Lambda : 0.00208892584492,0.00715720019045,0.00143257478376,0.00203789042589,0.00190094137514 & Score: -671.665019
.Lambda : 0.00211946915443,0.00710117850956,0.00143074826251,0.00162020147849,0.00249144346989 & Score: -670.397755
.Lambda : 0.00238301200987,0.00784174328071,0.00156939681479,0.00117968251221,0.00282905475801 & Score: -675.962401
.Lambda : 0.00222867001249,0.00721954291994,0.00140346001104,0.00207106862946,0.00255695250166 & Score: -666.442965
.Lambda : 0.00251051564473,0.00784997296537,0.00147910476140,0.00214286978294,0.00285425402040 & Score: -663.548685
.Lambda : 0.00251884302249,0.00841084487358,0.00159673081356,0.00219666206813,0.00201643856411 & Score: -665.837119
.Lambda : 0.00262891676380,0.00859007691103,0.00165043163423,0.00160488471026,0.00235933786371 & Score: -667.044900
.Lambda : 0.00261081425106,0.00831547554063,0.00156496373301,0.00180075110841,0.00283242426070 & Score: -664.062313
.Lambda : 0.00298381788008,0.00937740345190,0.00175196086166,0.00171416186337,0.00290961910003 & Score: -662.353928
.Lambda : 0.00348992399287,0.01070129714377,0.00195952588238,0.00155524989708,0.00330845856430 & Score: -661.983083
.Lambda : 0.00338413631555,0.01044588846419,0.00186955446732,0.00209996554824,0.00285692183940 & Score: -657.316856
.Lambda : 0.00401646989611,0.01211824344150,0.00208895756972,0.00233984758311,0.00303966102415 & Score: -654.370111
.Lambda : 0.00342970995910,0.01036825667492,0.00182528146979,0.00240926746562,0.00326115670976 & Score: -656.593267
.Lambda : 0.00390413047506,0.01133045343289,0.00197040255296,0.00190253226673,0.00410194326762 & Score: -660.060180
.Lambda : 0.00432948573608,0.01263181392275,0.00216434516149,0.00233915568978,0.00379376517379 & Score: -655.720447
.Lambda : 0.00515737237896,0.01501005288096,0.00252430029314,0.00207555137799,0.00414773987545 & Score: -658.281800
.Lambda : 0.00484494338526,0.01388223099744,0.00226978893647,0.00287129185621,0.00402924785601 & Score: -657.290451
.Lambda : 0.00480706206715,0.01427378573413,0.00237866681928,0.00291151332235,0.00320668498805 & Score: -654.554845
.Lambda : 0.00341369603852,0.01029967942733,0.00176651568956,0.00307287898884,0.00278446642526 & Score: -658.064989
.Lambda : 0.00515737237896,0.01501005288096,0.00252430029314,0.00207555137799,0.00414773987545 & Score: -658.281800
.Lambda : 0.00472145329385,0.01383245951755,0.00233485414224,0.00232488328070,0.00380692151290 & Score: -655.628436
.Lambda : 0.00367672899566,0.01140759271890,0.00204705312855,0.00205857508042,0.00281402790745 & Score: -655.867498
.Lambda : 0.00519077003644,0.01533730145902,0.00258026925872,0.00238032251693,0.00340326753278 & Score: -654.794476
.Lambda : 0.00554936741620,0.01586984891108,0.00257178405204,0.00285971387673,0.00408609218522 & Score: -inf
.Lambda : 0.00508120781106,0.01475428486303,0.00244060132116,0.00265942917765,0.00376807611578 & Score: -655.853413
.Lambda : 0.00414488860079,0.01252315676695,0.00217823585942,0.00225885977950,0.00313204397689 & Score: -654.138945
.Lambda : 0.00367672899566,0.01140759271890,0.00204705312855,0.00205857508042,0.00281402790745 & Score: -655.867498
.Lambda : 0.00482277182165,0.01460216484491,0.00246004829826,0.00254701490325,0.00284166644012 & Score: -653.915032
.Lambda : 0.00506941486444,0.01558734030599,0.00260789986665,0.00265094450999,0.00236561707328 & Score: -656.001920
.Lambda : 0.00447133167501,0.01370940138105,0.00233961697992,0.00265013996135,0.00244240807190 & Score: -655.032345
.Lambda : 0.00472145329385,0.01383245951755,0.00233485414224,0.00232488328070,0.00380692151290 & Score: -655.628436
.Lambda : 0.00465892288914,0.01380169498343,0.00233604485166,0.00240619745086,0.00346579315265 & Score: -654.365640
.Lambda : 0.00378927607350,0.01159031684935,0.00199651210062,0.00260505069870,0.00287107229997 & Score: -654.735968
.Lambda : 0.00519077003644,0.01533730145902,0.00258026925872,0.00238032251693,0.00340326753278 & Score: -654.794476
.Lambda : 0.00484039654571,0.01440055530660,0.00243432996920,0.00243650456237,0.00327021872458 & Score: -654.049171
.Lambda : 0.00418631783421,0.01270454040322,0.00222037980002,0.00188385638929,0.00309306833931 & Score: -656.004318
.Lambda : 0.00434150389245,0.01309685173595,0.00225995155484,0.00214077062255,0.00312147250149 & Score: -654.387870
.Lambda : 0.00465187600892,0.01388147440140,0.00233909506447,0.00265459908908,0.00317828082586 & Score: -653.898244
.Lambda : 0.00480706206715,0.01427378573413,0.00237866681928,0.00291151332235,0.00320668498805 & Score: -654.554845
.Lambda : 0.00523107245037,0.01556537507982,0.00261014404748,0.00258142273092,0.00331554022389 & Score: -654.551808
.Lambda : 0.00492742181181,0.01470359217024,0.00247984742804,0.00252102894396,0.00324657042395 & Score: -654.004614
.Lambda : 0.00469601902641,0.01424268241261,0.00242057779609,0.00256100546040,0.00280171900391 & Score: -653.844534
.Lambda : 0.00471456709504,0.01446317612720,0.00246284426831,0.00263840946517,0.00246968192954 & Score: -654.929439
.Lambda : 0.00543050548500,0.01620903088736,0.00267532356300,0.00282920140413,0.00300333819047 & Score: -655.263690
.Lambda : 0.00510910126395,0.01528756235726,0.00255105163711,0.00268661599797,0.00303551463708 & Score: -654.302790
.Lambda : 0.00467394751766,0.01406207840701,0.00237983643028,0.00260780227474,0.00298999991489 & Score: -653.734330
.Lambda : 0.00475939542403,0.01442242362876,0.00244031304718,0.00255401018183,0.00282169272201 & Score: -653.876091
.Lambda : 0.00481172041911,0.01447313729142,0.00245021261207,0.00254101720218,0.00302414471393 & Score: -653.745965
.Lambda : 0.00476820778606,0.01432161885961,0.00242745388264,0.00249875501139,0.00303596886424 & Score: -653.746965
.Lambda : 0.00442045381360,0.01338291958978,0.00229940682776,0.00240993261995,0.00296688149040 & Score: -653.617807
.Lambda : 0.00458874400110,0.01377055099541,0.00235068197236,0.00249339484564,0.00310579287294 & Score: -653.642261
.Lambda : 0.00460921038860,0.01376143964468,0.00234245889395,0.00245935532116,0.00324739613865 & Score: -653.830435
.Lambda : 0.00469601902641,0.01424268241261,0.00242057779609,0.00256100546040,0.00280171900391 & Score: -653.844534
.Lambda : 0.00467431686696,0.01412237172063,0.00240104807056,0.00253559292559,0.00291313828760 & Score: -653.695954
.Lambda : 0.00449946526132,0.01360280434209,0.00232502048256,0.00253634093586,0.00296401404766 & Score: -653.568098
.Lambda : 0.00436509399895,0.01324339708334,0.00227380378252,0.00255513389809,0.00292803663937 & Score: -653.570985
.Lambda : 0.00433105056515,0.01310315273054,0.00225218490134,0.00249220823853,0.00295178593146 & Score: -653.639545
.Lambda : 0.00433166468559,0.01313064134437,0.00227150047155,0.00237918555148,0.00297064513713 & Score: -653.644392
.Lambda : 0.00419423446374,0.01267365588025,0.00219846979167,0.00238883195099,0.00307050950424 & Score: -653.786531
.Lambda : 0.00431425506455,0.01303583484034,0.00224911436139,0.00242552219464,0.00303116670008 & Score: -653.638755
.Lambda : 0.00452992279670,0.01362746365489,0.00231906294661,0.00256377398236,0.00303721127988 & Score: -653.634468
.Lambda : 0.00424931499942,0.01293031906765,0.00222723383551,0.00247771634290,0.00287463090686 & Score: -653.714078
.Lambda : 0.00433417224984,0.01314037704959,0.00225809586972,0.00248163596858,0.00293242139838 & Score: -653.624661
.Lambda : 0.00450825710925,0.01361260706014,0.00232809529388,0.00247467404203,0.00302089203510 & Score: -653.561415
.Lambda : 0.00459686038131,0.01386733422494,0.00236605049015,0.00246590694378,0.00305544508692 & Score: -653.579356
.Lambda : 0.00460265342774,0.01391063383825,0.00236275820682,0.00256102082487,0.00293740140049 & Score: -653.650300
.Lambda : 0.00453055383694,0.01369193408878,0.00233434724546,0.00252714616731,0.00296084272539 & Score: -653.595341
.Lambda : 0.00438723811168,0.01334479319726,0.00229892334114,0.00240811791113,0.00290080939889 & Score: -653.609527
.Lambda : 0.00460421500328,0.01391364626163,0.00237622140660,0.00246084870193,0.00299295448060 & Score: -653.583939
.Lambda : 0.00459143791539,0.01388339439018,0.00236563628010,0.00255291848335,0.00296892358465 & Score: -653.577074
.Lambda : 0.00470633353879,0.01413696125987,0.00239280494230,0.00261265342106,0.00306224135047 & Score: -653.728901
.Lambda : 0.00462655968201,0.01393891924421,0.00236933454201,0.00256151954358,0.00302188336257 & Score: -653.626207
.Lambda : 0.00450386118529,0.01360770570112,0.00232655788822,0.00250550748894,0.00299245304138 & Score: -653.557821
.Lambda : 0.00454984751232,0.01374800072516,0.00234686578699,0.00251379626269,0.00299490780987 & Score: -653.556440
.Lambda : 0.00455623605626,0.01376312666088,0.00235215835024,0.00246776137198,0.00300692325785 & Score: -653.567166
.Lambda : 0.00451940547310,0.01365227057446,0.00233122126967,0.00250091010467,0.00299086738024 & Score: -653.571931
.Lambda : 0.00444774761047,0.01347870012870,0.00231350931751,0.00244139597658,0.00296085071699 & Score: -653.562199
.Lambda : 0.00450697431634,0.01363178553594,0.00233565338506,0.00246034395222,0.00299954336423 & Score: -653.539848
.Lambda : 0.00450075873796,0.01362154301668,0.00233786944276,0.00244006087599,0.00300388135623 & Score: -653.529792
.Lambda : 0.00444795280585,0.01346429599183,0.00230900074150,0.00248241248651,0.00298227072598 & Score: -653.536449
.Lambda : 0.00455652332980,0.01374296086927,0.00234584634383,0.00252518448589,0.00303691127043 & Score: -653.558706
.Lambda : 0.00451532031923,0.01366119546149,0.00233836078745,0.00251211059798,0.00298327764646 & Score: -653.524302
.Lambda : 0.00451885192422,0.01368548966216,0.00234349353423,0.00253082887596,0.00296447045214 & Score: -653.514373
.Lambda : 0.00445198553646,0.01350785316951,0.00231966861365,0.00246385791015,0.00293828208381 & Score: -653.538026
.Lambda : 0.00448389742144,0.01360316732502,0.00233620135943,0.00246687507558,0.00296107192984 & Score: -653.498637
.Lambda : 0.00447391553952,0.01360089813697,0.00234102309504,0.00244755886889,0.00294538137407 & Score: -653.477066
.Lambda : 0.00440753830528,0.01340403126570,0.00231355638388,0.00243209134431,0.00293880658702 & Score: -653.501000
.Lambda : 0.00448762138868,0.01360265005983,0.00233830866532,0.00246932307052,0.00299564211437 & Score: -653.471137
.Lambda : 0.00450543931479,0.01365004850500,0.00234762869115,0.00247205565070,0.00302432212964 & Score: -653.448218
.Lambda : 0.00451464872286,0.01372050824277,0.00236442771732,0.00244662575983,0.00296847403366 & Score: -653.437768
.Lambda : 0.00454799668136,0.01384861436824,0.00239214120523,0.00242873239648,0.00296157568750 & Score: -653.403888
.Lambda : 0.00448073796811,0.01365408975855,0.00235726772105,0.00248444597855,0.00292994113591 & Score: -653.393656
.Lambda : 0.00447072758318,0.01367036312948,0.00236696686019,0.00250663852983,0.00289297102576 & Score: -653.347454
.Lambda : 0.00444339504543,0.01358409250000,0.00236103295997,0.00238400184013,0.00294075226945 & Score: -653.380811
.Lambda : 0.00456905136043,0.01393757539017,0.00240996074075,0.00246350357010,0.00296719440755 & Score: -653.324234
.Lambda : 0.00464980788800,0.01420434745241,0.00245816291918,0.00247920968300,0.00298138831781 & Score: -653.285266
.Lambda : 0.00457303106559,0.01398208824508,0.00242934995925,0.00246069637116,0.00297502239800 & Score: -653.235840
.Lambda : 0.00462258882863,0.01417268329913,0.00247351339135,0.00246726512229,0.00298984290996 & Score: -653.142323
.Lambda : 0.00458836709585,0.01414199179471,0.00247309824322,0.00243428337799,0.00288228995455 & Score: -653.186527
.Lambda : 0.00456195789507,0.01406077690205,0.00246096854434,0.00247982702481,0.00291332210351 & Score: -653.087267
.Lambda : 0.00456893850193,0.01416685816896,0.00249538221389,0.00250537433898,0.00288919531152 & Score: -652.952102
.Lambda : 0.00471677691361,0.01455840503788,0.00254581649117,0.00257310658071,0.00291352273839 & Score: -653.118678
.Lambda : 0.00478786410802,0.01482735117175,0.00261142244333,0.00247705711136,0.00296952466714 & Score: -653.006866
.Lambda : 0.00466400629121,0.01454256833656,0.00258153019401,0.00250362492953,0.00287636191481 & Score: -652.860371
.Lambda : 0.00467110549282,0.01471167877864,0.00264321383142,0.00251583255280,0.00282384871331 & Score: -652.700028
.Lambda : 0.00475854244215,0.01483279878783,0.00263464110525,0.00258117090446,0.00295208378158 & Score: -652.814705
.Lambda : 0.00477870215479,0.01506615347889,0.00269867704267,0.00259375147303,0.00282942717482 & Score: -652.788699
.Lambda : 0.00470928416628,0.01488353111655,0.00268751816346,0.00249616797155,0.00287210912096 & Score: -652.551166
.Lambda : 0.00470553779261,0.01504609415589,0.00275836899961,0.00245769866697,0.00285140231225 & Score: -652.312149
.Lambda : 0.00460526644569,0.01470208217633,0.00268069083380,0.00258447406314,0.00276885825026 & Score: -652.440651
.Lambda : 0.00483872322930,0.01557666478208,0.00287085451121,0.00258779672519,0.00280105278136 & Score: -652.397104
.Lambda : 0.00468119160393,0.01520827056090,0.00282608098223,0.00251465048799,0.00267775191122 & Score: -652.365665
.Lambda : 0.00462202767096,0.01503176270264,0.00281300662064,0.00247042952540,0.00273973841254 & Score: -652.063511
.Lambda : 0.00454369042904,0.01501456731452,0.00287017140962,0.00240876855159,0.00269489403141 & Score: -651.783825
.Lambda : 0.00467865830741,0.01550739281724,0.00295925286317,0.00250552284514,0.00269373500128 & Score: -651.827073
.Lambda : 0.00477385409922,0.01583911367592,0.00303320067253,0.00240530084761,0.00271867616475 & Score: -651.933384
.Lambda : 0.00451444966359,0.01506951062771,0.00290797545965,0.00232897983453,0.00265353098700 & Score: -651.812925
.Lambda : 0.00460528451282,0.01538240087561,0.00298550677959,0.00232785781035,0.00276714348746 & Score: -651.504076
.Lambda : 0.00456733096727,0.01546946603297,0.00306521967827,0.00223446147153,0.00281183927557 & Score: -651.252301
.Lambda : 0.00452565559400,0.01571392603146,0.00317595903369,0.00229551475319,0.00257766787176 & Score: -651.308417
.Lambda : 0.00435805988530,0.01487083145364,0.00295823070523,0.00230399813478,0.00265399070206 & Score: -651.205050
.Lambda : 0.00415016277834,0.01438669034251,0.00292074572158,0.00225334677837,0.00262164797071 & Score: -651.043225
.Lambda : 0.00424185746549,0.01475427132242,0.00301677565796,0.00210290571054,0.00265009705330 & Score: -651.415347
.Lambda : 0.00429702923006,0.01506605778984,0.00311157314079,0.00218901907155,0.00268892749410 & Score: -650.725425
.Lambda : 0.00418831901330,0.01506433137091,0.00321337198137,0.00211903869006,0.00270662574766 & Score: -650.319703
.Lambda : 0.00412563989832,0.01514090672559,0.00328665741953,0.00199333840989,0.00265225713619 & Score: -650.791199
.Lambda : 0.00438098583500,0.01555585687896,0.00324800587582,0.00225537433068,0.00269791814746 & Score: -650.278819
.Lambda : 0.00445055001976,0.01595664965722,0.00336362098475,0.00233160864074,0.00272182869454 & Score: -649.904183
.Lambda : 0.00406714547679,0.01469329162023,0.00316388728051,0.00207720284305,0.00282801165812 & Score: -650.079979
.Lambda : 0.00382539590734,0.01462728185361,0.00331409367682,0.00207535267332,0.00260030920731 & Score: -649.684800
.Lambda : 0.00345442837737,0.01420618976393,0.00343853067610,0.00199579827421,0.00249454417318 & Score: -649.518428
.Lambda : 0.00396427033587,0.01563785731264,0.00366568161532,0.00195344796481,0.00273965899316 & Score: -649.275651
.Lambda : 0.00387132411464,0.01626344079771,0.00403814956219,0.00180349855803,0.00279866450439 & Score: -649.333403
.Lambda : 0.00392424539092,0.01508242116438,0.00345137959569,0.00219750015526,0.00274401057047 & Score: -648.425427
.Lambda : 0.00382354813722,0.01505317838377,0.00353374068376,0.00229958102794,0.00278988728761 & Score: -647.500300
.Lambda : 0.00371565792551,0.01515453532421,0.00365281251481,0.00214401681024,0.00272294657499 & Score: -647.609852
.Lambda : 0.00369623644150,0.01571007255648,0.00389786730938,0.00221257824413,0.00255953463128 & Score: -647.243314
.Lambda : 0.00351078192386,0.01621846302461,0.00426485732382,0.00228026594468,0.00242529611786 & Score: -646.478607
.Lambda : 0.00293692466017,0.01455143986644,0.00405862814077,0.00193763536801,0.00254710456418 & Score: -646.953791
.Lambda : 0.00372604481568,0.01643999980074,0.00423175743530,0.00225018057206,0.00279541324194 & Score: -645.708321
.Lambda : 0.00386185303484,0.01755690481915,0.00462837081490,0.00237737172099,0.00294584777631 & Score: -644.922387
.Lambda : 0.00317523593677,0.01577595125463,0.00438968217590,0.00246210038393,0.00263277393522 & Score: -644.246478
.Lambda : 0.00278071873722,0.01584499822563,0.00475168245620,0.00271642659349,0.00257933140624 & Score: -642.992337
.Lambda : 0.00304987267181,0.01653545840364,0.00484209925297,0.00250049545180,0.00259204028589 & Score: -643.453173
.Lambda : 0.00263251227394,0.01722972735202,0.00548451451170,0.00242529700364,0.00244596077258 & Score: -642.051362
.Lambda : 0.00203699434230,0.01831800183614,0.00645990142567,0.00248815499150,0.00227399751507 & Score: -639.928205
.Lambda : 0.00315916362384,0.01923809065722,0.00592013636864,0.00300745051298,0.00257950067637 & Score: -inf
.Lambda : 0.00310360388292,0.01806642795953,0.00545475931168,0.00273999672673,0.00257140164832 & Score: -643.010469
.Lambda : 0.00242243514378,0.01831025347302,0.00618986798075,0.00284871224913,0.00275975133488 & Score: -639.895334
.Lambda : 0.00187826175374,0.01935614869722,0.00715237330921,0.00313293540136,0.00292697894339 & Score: -inf
.Lambda : 0.00149559687637,0.01727315114003,0.00645095335600,0.00294014268407,0.00216476109985 & Score: -639.243137
.Lambda : 0.00031246879714,0.01713127430047,0.00736224462656,0.00322152816561,0.00177421776162 & Score: -651.314204
.Lambda : 0.00168586692122,0.01858967465010,0.00688076655915,0.00299287784617,0.00234765691586 & Score: -638.747124
.Lambda : 0.00100386404593,0.01961678277333,0.00790010021224,0.00323906904335,0.00222546523084 & Score: -inf
.Lambda : 0.00106504092543,0.01726800377044,0.00683850939943,0.00285452901901,0.00227879766044 & Score: -636.914663
.Lambda : 0.00004575944669,0.01686879167589,0.00753038444330,0.00291179516515,0.00213249566649 & Score: -659.129180
.Lambda : 0.00070165494642,0.02005863572226,0.00837631703220,0.00293334012246,0.00215065440420 & Score: -inf
.Lambda : 0.00122142089412,0.01900522634810,0.00747015838820,0.00287911174021,0.00225782365471 & Score: -637.449955
.Lambda : 0.00111914996207,0.01786052191654,0.00707220084774,0.00331799442394,0.00244951875122 & Score: -637.621421
.Lambda : 0.00021239508791,0.01768837765707,0.00769516743946,0.00314515003623,0.00183967189795 & Score: -653.363163
.Lambda : 0.00076490510188,0.01784384661105,0.00731884257478,0.00307104058945,0.00206969175718 & Score: -640.253055
.Lambda : 0.00114323090978,0.01813661505927,0.00715433389381,0.00286682037961,0.00226831065757 & Score: -637.127592
.Lambda : 0.00109209544375,0.01756426284349,0.00695535512359,0.00308626172147,0.00236415820583 & Score: -637.086093
.Lambda : 0.00137545392333,0.01792883921027,0.00685963797929,0.00292370343259,0.00231322728815 & Score: -637.458588
.Lambda : 0.00128031890090,0.01727057745524,0.00664473137772,0.00289733585154,0.00222177938014 & Score: -637.833590
.Lambda : 0.00174373803460,0.01778912862173,0.00651418869009,0.00285162063407,0.00251927449766 & Score: -637.534504
.Lambda : 0.00128750479386,0.01820416234685,0.00708407865676,0.00293583822316,0.00247572794371 & Score: -636.189790
.Lambda : 0.00129109774033,0.01867095479265,0.00730375229629,0.00295508940897,0.00260270222550 & Score: -635.697280
.Lambda : 0.00064302954244,0.01803834164872,0.00753044678687,0.00302294095059,0.00221160391733 & Score: -639.460660
.Lambda : 0.00091820666548,0.01797603839197,0.00727638226268,0.00298011087146,0.00228852156242 & Score: -637.339009
.Lambda : 0.00082841475058,0.01791751073286,0.00735169521103,0.00297342112762,0.00240776883655 & Score: -636.708496
.Lambda : 0.00124974524247,0.01784690048751,0.00696507610698,0.00291433779121,0.00248017347194 & Score: -635.985534
.Lambda : 0.00106732673125,0.01757043799151,0.00701142136111,0.00304663524770,0.00258512950253 & Score: -635.664368
.Lambda : 0.00102937464199,0.01728734945763,0.00693996509476,0.00313654268175,0.00274353892501 & Score: -635.412667
.Lambda : 0.00109337387657,0.01803202485295,0.00720424411981,0.00284730628995,0.00264103424194 & Score: -634.828594
.Lambda : 0.00109401309298,0.01826590585767,0.00732868861792,0.00272782857419,0.00277947226000 & Score: -634.128526
.Lambda : 0.00113201726191,0.01872744476089,0.00751716153136,0.00302835881449,0.00292666462716 & Score: -634.770329
.Lambda : 0.00149008444128,0.01840191140968,0.00707016224790,0.00293144178063,0.00300525176729 & Score: -635.302716
.Lambda : 0.00116488962893,0.01869452602390,0.00749881580831,0.00299736671280,0.00314287845004 & Score: -634.523394
.Lambda : 0.00107305388650,0.01787990021126,0.00723816502381,0.00297352601657,0.00323642018631 & Score: -634.254921
.Lambda : 0.00135224868265,0.01950052584773,0.00772123219696,0.00272686607772,0.00329273599132 & Score: -inf
.Lambda : 0.00127153017249,0.01894723175021,0.00752591542141,0.00282928522873,0.00315543672474 & Score: -634.263171
.Lambda : 0.00080411717583,0.01860409203189,0.00777333631323,0.00289110435809,0.00309109713201 & Score: -634.427455
.Lambda : 0.00103102432078,0.01822921758908,0.00742880694251,0.00273928554166,0.00323545727408 & Score: -633.632782
.Lambda : 0.00098052785022,0.01798010400317,0.00738462964808,0.00259474890525,0.00338985359754 & Score: -633.551933
.Lambda : 0.00092440724228,0.01797636751778,0.00740147820147,0.00260923052033,0.00311803351019 & Score: -633.508804
.Lambda : 0.00080416604896,0.01761728826473,0.00735280939805,0.00241516242410,0.00310561104027 & Score: -633.820523
.Lambda : 0.00133329572195,0.01781571170415,0.00697821445185,0.00260274333994,0.00318058937950 & Score: -633.915207
.Lambda : 0.00089058894509,0.01701996396741,0.00700655495584,0.00257394571378,0.00312631084868 & Score: -633.527629
.Lambda : 0.00101607925451,0.01774332100882,0.00720166132626,0.00226987280482,0.00300128365206 & Score: -633.739641
.Lambda : 0.00096394651264,0.01714828142286,0.00706032681548,0.00233238793946,0.00354695613518 & Score: -633.916684
.Lambda : 0.00109401309298,0.01826590585767,0.00732868861792,0.00272782857419,0.00277947226000 & Score: -634.128526
.Lambda : 0.00106149644789,0.01798649974897,0.00726159816731,0.00262896841551,0.00297134322880 & Score: -633.560797
.Lambda : 0.00061594417404,0.01766679079431,0.00752415446774,0.00246796320394,0.00306214055541 & Score: -635.016832
.Lambda : 0.00079528206102,0.01770402102177,0.00738766946376,0.00250165823794,0.00309175276143 & Score: -633.811558
.Lambda : 0.00115395783498,0.01777848147669,0.00711469945582,0.00256904830594,0.00315097717348 & Score: -633.501947
.Lambda : 0.00133329572195,0.01781571170415,0.00697821445185,0.00260274333994,0.00318058937950 & Score: -633.915207
.Lambda : 0.00098831207368,0.01775324567679,0.00726592284516,0.00292050393950,0.00330132369142 & Score: -634.067289
.Lambda : 0.00099525386888,0.01775076450980,0.00724985746543,0.00275784615583,0.00322631368158 & Score: -633.618066
.Lambda : 0.00100913745930,0.01774580217581,0.00721772670598,0.00243253058849,0.00307629366190 & Score: -633.413767
.Lambda : 0.00101607925451,0.01774332100882,0.00720166132626,0.00226987280482,0.00300128365206 & Score: -633.739641
.Lambda : 0.00092195128485,0.01741378790738,0.00718843741957,0.00248283319801,0.00337324428792 & Score: -633.550067
.Lambda : 0.00097948925638,0.01719365721485,0.00698692904739,0.00247228642538,0.00294809019533 & Score: -633.527472
.Lambda : 0.00106108101035,0.01767192103364,0.00710251792703,0.00257998342356,0.00279463786791 & Score: -633.833821
.Lambda : 0.00102629857898,0.01760738775208,0.00712399780017,0.00255569586717,0.00293928947291 & Score: -633.519526
.Lambda : 0.00114672720368,0.01830071448748,0.00733137752849,0.00248157096914,0.00296676275685 & Score: -633.624163
.Lambda : 0.00108269263903,0.01798052685746,0.00725017188533,0.00250466465530,0.00300664977980 & Score: -633.468809
.Lambda : 0.00109910824545,0.01844176909707,0.00745630057212,0.00259618154952,0.00316840724399 & Score: -633.501794
.Lambda : 0.00108142278943,0.01836179109785,0.00745215292812,0.00252896638066,0.00326885507483 & Score: -633.472723
.Lambda : 0.00124612034499,0.01814698076417,0.00719494241747,0.00244332607163,0.00315043966340 & Score: -633.667973
.Lambda : 0.00116569206932,0.01810432745258,0.00724657636347,0.00248480218381,0.00314233812510 & Score: -633.524130
.Lambda : 0.00104591504916,0.01786316451664,0.00723394929565,0.00246859762190,0.00304147172085 & Score: -633.418642
.Lambda : 0.00104528012437,0.01805379663683,0.00733493981705,0.00248074848458,0.00317257436836 & Score: -633.384569
.Lambda : 0.00105412285237,0.01809378563644,0.00733701363905,0.00251435606901,0.00312235045294 & Score: -633.392726
.Lambda : 0.00108154764714,0.01776214182625,0.00716621308090,0.00250078944722,0.00311363541769 & Score: -633.386859
.Lambda : 0.00096677235079,0.01786108484680,0.00730960245373,0.00252088055441,0.00309716358605 & Score: -633.409980
.Lambda : 0.00101682912442,0.01794347993222,0.00731224898303,0.00251112443558,0.00319133527392 & Score: -633.370826
.Lambda : 0.00100228616205,0.01798363764001,0.00735139882671,0.00253238784243,0.00326626705046 & Score: -633.406625
.Lambda : 0.00105668338034,0.01813991337560,0.00736628048352,0.00257862900783,0.00320252997769 & Score: -633.419982
.Lambda : 0.00104479690008,0.01804138557566,0.00732914203914,0.00254210440299,0.00317097089874 & Score: -633.383791
.Lambda : 0.00113025830856,0.01809675099616,0.00728222056994,0.00249876858134,0.00321118297862 & Score: -633.473037
.Lambda : 0.00108938681912,0.01803783445882,0.00728906604089,0.00250429657461,0.00318267813047 & Score: -633.408532
.Lambda : 0.00100764384023,0.01792000138414,0.00730275698278,0.00251535256114,0.00312566843419 & Score: -633.374368
.Lambda : 0.00102431620212,0.01779453650560,0.00724110672211,0.00250569166360,0.00318732330422 & Score: -633.357924
.Lambda : 0.00100941287699,0.01764491194017,0.00719315326364,0.00250135946090,0.00321980972986 & Score: -633.358629
.Lambda : 0.00097399882935,0.01813913818752,0.00744186473674,0.00252121917194,0.00322551349409 & Score: -633.422402
.Lambda : 0.00100088603380,0.01804488909721,0.00737295182278,0.00251611174076,0.00319754397499 & Score: -633.386120
.Lambda : 0.00105466044269,0.01785639091657,0.00723512599486,0.00250589687840,0.00314160493679 & Score: -633.368805
.Lambda : 0.00101401847945,0.01776852108884,0.00723321247171,0.00255131949211,0.00315418677078 & Score: -633.363152
.Lambda : 0.00100219033549,0.01767178635529,0.00720063842266,0.00249364960934,0.00314907658922 & Score: -633.357774
.Lambda : 0.00098088705320,0.01748698674510,0.00713638661442,0.00246942221252,0.00313812943446 & Score: -633.374201
.Lambda : 0.00103716199344,0.01769388453527,0.00718617605497,0.00251172027047,0.00320374231578 & Score: -633.356394
.Lambda : 0.00105192107004,0.01758082611083,0.00712788559107,0.00250990412513,0.00324277925658 & Score: -633.370372
.Lambda : 0.00103610985685,0.01757056782841,0.00712625488350,0.00251618672998,0.00314303829279 & Score: -633.348197
.Lambda : 0.00104575022307,0.01738411177650,0.00703325783373,0.00251871787718,0.00311888980223 & Score: -633.352785
.Lambda : 0.00099085830425,0.01754332760879,0.00715982942712,0.00252553022780,0.00319334197233 & Score: -633.356288
.Lambda : 0.00102223619741,0.01754112004450,0.00713238973243,0.00246979190837,0.00319642221896 & Score: -633.355658
.Lambda : 0.00101110647285,0.01741373804330,0.00708100868616,0.00250105983479,0.00316692525141 & Score: -633.344422
.Lambda : 0.00100450160822,0.01722333881216,0.00700095966819,0.00249874392038,0.00315672622501 & Score: -633.347700
.Lambda : 0.00103679879443,0.01743326886882,0.00707362509101,0.00251606597922,0.00321231143129 & Score: -633.350065
.Lambda : 0.00100168185688,0.01730692442226,0.00704306707312,0.00249973360160,0.00316107335093 & Score: -633.346621
.Lambda : 0.00105231496712,0.01736292007412,0.00702270875937,0.00247560499378,0.00315856624582 & Score: -633.354344
.Lambda : 0.00103296858185,0.01729384765026,0.00700627606483,0.00253366854738,0.00314034360994 & Score: -633.347285
.Lambda : 0.00099515125803,0.01744441865109,0.00710938396008,0.00255108088341,0.00317091052872 & Score: -633.354991
.Lambda : 0.00100944218530,0.01742404400685,0.00708771515990,0.00253221191100,0.00316782445800 & Score: -633.345283
.Lambda : 0.00099972478706,0.01737037991162,0.00706410365600,0.00251707827068,0.00309937055394 & Score: -633.361626
.Lambda : 0.00100899328891,0.01738610215092,0.00706648401475,0.00251682519781,0.00312760577328 & Score: -633.348754
.Lambda : 0.00102753029259,0.01741754662952,0.00707124473226,0.00251631905209,0.00318407621195 & Score: -633.343121
.Lambda : 0.00103679879443,0.01743326886882,0.00707362509101,0.00251606597922,0.00321231143129 & Score: -633.350065
.Lambda : 0.00099698189894,0.01717187247247,0.00698946980301,0.00251701044876,0.00318505886010 & Score: -633.349770
.Lambda : 0.00100676388842,0.01727154631146,0.00702366607313,0.00251680451906,0.00317455371828 & Score: -633.344261
.Lambda : 0.00098964129657,0.01743967211509,0.00711640462500,0.00249278302004,0.00320143758629 & Score: -633.357815
.Lambda : 0.00100047311789,0.01740321599888,0.00708887248496,0.00250300440187,0.00318616409220 & Score: -633.347927
.Lambda : 0.00101714709050,0.01734454647049,0.00704745540270,0.00251656178558,0.00317931496511 & Score: -633.342349
.Lambda : 0.00101931838272,0.01741564233641,0.00707612670921,0.00250868944344,0.00317550073168 & Score: -633.342587
.Lambda : 0.00101848623894,0.01742079531818,0.00707947994608,0.00252426548154,0.00317595033498 & Score: -633.343040
.Lambda : 0.00101460607474,0.01736223552589,0.00705715590269,0.00250802632684,0.00317257478144 & Score: -633.342337
.Lambda : 0.00103024943722,0.01735569713989,0.00703876039855,0.00252499379973,0.00316220991095 & Score: -633.343034
.Lambda : 0.00101239259706,0.01734202008683,0.00704834661143,0.00251669568277,0.00316214407771 & Score: -633.342792
.Lambda : 0.00101899919395,0.01730726130562,0.00702765806375,0.00250572133380,0.00316474745178 & Score: -633.342209
.Lambda : 0.00101925567145,0.01725049429933,0.00700174712258,0.00249644925992,0.00315914601019 & Score: -633.344018
.Lambda : 0.00100273589837,0.01735298515020,0.00706393667736,0.00249728402923,0.00317950289215 & Score: -633.346953
.Lambda : 0.00100961428308,0.01735366314762,0.00705764260766,0.00250421147186,0.00317517964685 & Score: -633.343780
.Lambda : 0.00101680263434,0.01733474841575,0.00704240698322,0.00250687383032,0.00316866111661 & Score: -633.342117
.Lambda : 0.00101807314223,0.01732590388805,0.00703755673322,0.00251114155969,0.00317203120845 & Score: -633.341957
.Lambda : 0.00101915878834,0.01736145182101,0.00705189238648,0.00250720538862,0.00317012409173 & Score: -633.342075
.Lambda : 0.00101569589551,0.01732464069622,0.00703800233759,0.00251120850828,0.00316344576475 & Score: -633.342248
.Lambda : 0.00102462431559,0.01733147922275,0.00703320923115,0.00251535756677,0.00316347868137 & Score: -633.341837
.Lambda : 0.00102336733427,0.01733969716505,0.00703908702154,0.00250731136339,0.00317217125523 & Score: -633.341879
.Lambda : 0.00102181129195,0.01737005089943,0.00705400287849,0.00251343454972,0.00317383908957 & Score: -633.341842
.Lambda : 0.00102601131461,0.01735668478277,0.00704389231713,0.00251490634095,0.00317199661393 & Score: -633.341978
.Lambda : 0.00102639617112,0.01732807456221,0.00703120688613,0.00251765516359,0.00317128264768 & Score: -633.341974
.Lambda : 0.00101969758746,0.01732139751223,0.00703413278308,0.00251105374031,0.00316912453899 & Score: -633.341705
.Lambda : 0.00101654072388,0.01730375387696,0.00702925301605,0.00250912743999,0.00316768850153 & Score: -633.341974
.Lambda : 0.00101663329748,0.01734733691280,0.00704798857286,0.00250566434836,0.00316897526176 & Score: -633.342280
.Lambda : 0.00101907401589,0.01734252132515,0.00704379315118,0.00250866205217,0.00316955210824 & Score: -633.341883
.Lambda : 0.00102535667584,0.01735615456180,0.00704413329295,0.00251118614925,0.00316723506091 & Score: -633.341698
.Lambda : 0.00102899844264,0.01737127989867,0.00704742157281,0.00251120844404,0.00316483698714 & Score: -633.341975
.Lambda : 0.00102686886615,0.01734499041936,0.00703803293171,0.00251467529561,0.00316878734219 & Score: -633.341812
.Lambda : 0.00102397616052,0.01734993188117,0.00704231742541,0.00251897155727,0.00316481462998 & Score: -633.341824
.Lambda : 0.00102639815027,0.01731153053949,0.00702272738723,0.00251506317396,0.00315953701180 & Score: -633.342021
.Lambda : 0.00102525143569,0.01732616062948,0.00703054626004,0.00251465601790,0.00316311253125 & Score: -633.341772
.Lambda : 0.00102383597468,0.01734797477886,0.00704245584613,0.00251285953737,0.00316975095996 & Score: -633.341537
.Lambda : 0.00102344180422,0.01735622255691,0.00704707915362,0.00251161052267,0.00317288709926 & Score: -633.341520
.Lambda : 0.00102427038722,0.01733203839073,0.00703525234315,0.00250630113303,0.00317164399906 & Score: -633.341804
.Lambda : 0.00102033829002,0.01733179904111,0.00703842460143,0.00250724772966,0.00316881394960 & Score: -633.341686
.Lambda : 0.00102136393007,0.01734465532988,0.00704247409330,0.00251600053089,0.00316482527295 & Score: -633.341623
.Lambda : 0.00101882787935,0.01735793097129,0.00705195130971,0.00250818345121,0.00317404183744 & Score: -633.341823
.Lambda : 0.00102043376844,0.01734998838584,0.00704660004729,0.00250980159288,0.00317130951089 & Score: -633.341617
.Lambda : 0.00102467619998,0.01737413043798,0.00705335169236,0.00251128486983,0.00316890381845 & Score: -633.341548
.Lambda : 0.00101874492125,0.01734656373889,0.00704703854225,0.00251119194912,0.00317146079955 & Score: -633.341508
.Lambda : 0.00101543904396,0.01734176832744,0.00704849116691,0.00251119484905,0.00317357366887 & Score: -633.341725
.Lambda : 0.00102312595957,0.01737682513869,0.00705619281010,0.00251670805650,0.00317094065084 & Score: -633.341595
.Lambda : 0.00102280513131,0.01737683677345,0.00705763080495,0.00250823826551,0.00317737547865 & Score: -633.341751
.Lambda : 0.00102244483100,0.01736879141256,0.00705384162704,0.00251017883186,0.00317423792722 & Score: -633.341561
.Lambda : 0.00102453971797,0.01737902492818,0.00705640148286,0.00251458809911,0.00317206260724 & Score: -633.341486
.Lambda : 0.00102659269274,0.01739354319935,0.00706130220064,0.00251698135222,0.00317243915541 & Score: -633.341664
.Lambda : 0.00102241303021,0.01735306809111,0.00704689218915,0.00250683365254,0.00317288024985 & Score: -633.341571
.Lambda : 0.00102312595957,0.01737682513869,0.00705619281010,0.00251670805650,0.00317094065084 & Score: -633.341595
.Lambda : 0.00102294772723,0.01737088587680,0.00705386765487,0.00251423945551,0.00317142555059 & Score: -633.341494
.Lambda : 0.00102329531726,0.01736193960295,0.00704925378335,0.00251498712664,0.00316845802281 & Score: -633.341440
.Lambda : 0.00102372056039,0.01735851369814,0.00704695986150,0.00251739127403,0.00316556807061 & Score: -633.341544
.Lambda : 0.00102051159520,0.01735172424351,0.00704810455442,0.00251536199139,0.00317361381333 & Score: -633.341448
.Lambda : 0.00102057390734,0.01736783279921,0.00705478725347,0.00251653692603,0.00316992121815 & Score: -633.341406
.Lambda : 0.00101913995890,0.01737363792036,0.00705864130340,0.00251900012772,0.00316843827759 & Score: -633.341509
.Lambda : 0.00102600238474,0.01738599924137,0.00705792734933,0.00251909349035,0.00317073168530 & Score: -633.341767
.Lambda : 0.00102418801887,0.01737614036575,0.00705520514756,0.00251711810504,0.00317091396386 & Score: -633.341537
.Lambda : 0.00102193461230,0.01736488620108,0.00705202051841,0.00251576202634,0.00316918962048 & Score: -633.341403
.Lambda : 0.00102054275127,0.01735977852136,0.00705144590395,0.00251594945871,0.00317176751574 & Score: -633.341411
.Lambda : 0.00102255681266,0.01737342886370,0.00705559436817,0.00251556251257,0.00317099191269 & Score: -633.341404
.Lambda : 0.00102176081728,0.01736935933801,0.00705432745417,0.00251538819077,0.00317067338437 & Score: -633.341431
.Lambda : 0.00101965941430,0.01735719826905,0.00705091289786,0.00251386443758,0.00317069100885 & Score: -633.341406
.Lambda : 0.00102034618186,0.01735989052376,0.00705157692257,0.00251568195372,0.00317035112599 & Score: -633.341357
.Lambda : 0.00101963886415,0.01735515611663,0.00705020165678,0.00251582883520,0.00317018999681 & Score: -633.341337
.Lambda : 0.00102120269303,0.01736762237851,0.00705396077393,0.00251507243638,0.00316862598705 & Score: -633.341351
.Lambda : 0.00102142305123,0.01735948393237,0.00705028883259,0.00251389917319,0.00316995419220 & Score: -633.341336
.Lambda : 0.00102184762318,0.01735530949895,0.00704803962214,0.00251258029677,0.00316997067923 & Score: -633.341333
.Lambda : 0.00102321282783,0.01736936295449,0.00705301387791,0.00251605800532,0.00316889626966 & Score: -633.341360
.Lambda : 0.00102057783554,0.01735150599617,0.00704730021150,0.00251455812743,0.00316775710860 & Score: -633.341319
.Lambda : 0.00101958834698,0.01734054456240,0.00704315313317,0.00251405593485,0.00316613970655 & Score: -633.341356
.Lambda : 0.00102065732519,0.01735469657682,0.00704898593849,0.00251387705410,0.00316898639606 & Score: -633.341246
.Lambda : 0.00102001868164,0.01734960176469,0.00704746864853,0.00251293456798,0.00316888478384 & Score: -633.341197
.Lambda : 0.00101810145118,0.01734231534748,0.00704577448725,0.00251233170017,0.00316927515256 & Score: -633.341394
.Lambda : 0.00101937929534,0.01734907724924,0.00704758433491,0.00251326327646,0.00316918043183 & Score: -633.341320
.Lambda : 0.00101938222691,0.01733663787176,0.00704227701561,0.00251259360515,0.00316976721307 & Score: -633.341284
.Lambda : 0.00102084340089,0.01734169683569,0.00704286627630,0.00251054311432,0.00316803408982 & Score: -633.341298
.Lambda : 0.00101823295295,0.01733609838807,0.00704295897260,0.00251297677977,0.00316747877164 & Score: -633.341283
.Lambda : 0.00102024274383,0.01733713909331,0.00704156411491,0.00251217920140,0.00316758835496 & Score: -633.341208
.Lambda : 0.00101891016695,0.01732896358524,0.00703955379968,0.00250993278002,0.00316894417674 & Score: -633.341244
.Lambda : 0.00101787130802,0.01733367944554,0.00704266274423,0.00251370365941,0.00316903123027 & Score: -633.341214
.Lambda : 0.00101872811444,0.01733755503898,0.00704340629637,0.00251209719027,0.00316700371391 & Score: -633.341150
.Lambda : 0.00101840105820,0.01733801362259,0.00704397093675,0.00251184898283,0.00316562196433 & Score: -633.341105
.Lambda : 0.00101994463050,0.01733886061648,0.00704312912504,0.00251126289689,0.00316854943242 & Score: -633.341079
.Lambda : 0.00102080046928,0.01734024173068,0.00704321420126,0.00251040595544,0.00316908476281 & Score: -633.341007
.Lambda : 0.00102002353743,0.01735050667748,0.00704799845859,0.00251449616680,0.00316714026175 & Score: -633.341078
.Lambda : 0.00102192328814,0.01735252170996,0.00704702379978,0.00251104229037,0.00316629682080 & Score: -633.341078
.Lambda : 0.00102022407005,0.01735521510885,0.00705030630305,0.00251211198398,0.00316722308245 & Score: -633.340935
.Lambda : 0.00102021473316,0.01736425311661,0.00705467739713,0.00251207837527,0.00316704044620 & Score: -633.340819
.Lambda : 0.00102052655285,0.01734861297824,0.00704728526887,0.00251101414031,0.00316518891851 & Score: -633.340805
.Lambda : 0.00102078048846,0.01734811858502,0.00704719357904,0.00251005392648,0.00316334098585 & Score: -633.340652
.Lambda : 0.00102309594838,0.01736424310532,0.00705207203757,0.00251138170291,0.00316753934664 & Score: -633.340810
.Lambda : 0.00102270243353,0.01735724462156,0.00704967394732,0.00250748873339,0.00316618068317 & Score: -633.340745
.Lambda : 0.00102111434099,0.01735711875372,0.00705170866515,0.00250952118702,0.00316697766907 & Score: -633.340469
.Lambda : 0.00102070986741,0.01735941727559,0.00705405109783,0.00250876063535,0.00316731809320 & Score: -633.340182
.Lambda : 0.00102220091910,0.01737706895096,0.00705985302230,0.00250949939391,0.00316348305921 & Score: -633.340314
.Lambda : 0.00102358112959,0.01735818389877,0.00705046007650,0.00250679538155,0.00316410442103 & Score: -633.340311
.Lambda : 0.00102089398685,0.01735577022744,0.00705242065162,0.00250565752536,0.00316223155034 & Score: -633.340161
.Lambda : 0.00101979300609,0.01735153378850,0.00705259495865,0.00250279543658,0.00315957765220 & Score: -633.340062
.Lambda : 0.00102012373073,0.01736048437798,0.00705598714640,0.00250767317616,0.00316094900142 & Score: -633.339791
.Lambda : 0.00101883437933,0.01736210425619,0.00705914374595,0.00250776539755,0.00315833316055 & Score: -633.339428
.Lambda : 0.00102126723215,0.01737520468298,0.00706324758145,0.00250419257149,0.00316178556863 & Score: -633.339407
.Lambda : 0.00102151060400,0.01738874773196,0.00707127458266,0.00250126189400,0.00316100786002 & Score: -633.338963
.Lambda : 0.00101957067547,0.01735092582944,0.00705515676233,0.00250145210410,0.00316065341558 & Score: -633.339264
.Lambda : 0.00101658628333,0.01736690765390,0.00706642838247,0.00250201880548,0.00315865165159 & Score: -633.339010
.Lambda : 0.00101780811187,0.01736867042840,0.00706778827499,0.00249735681973,0.00315197140277 & Score: -633.339109
.Lambda : 0.00101793101551,0.01738340857146,0.00707532174071,0.00250114657176,0.00315666934401 & Score: -633.338107
.Lambda : 0.00101700002022,0.01739934596293,0.00708668513174,0.00250032213936,0.00315521518991 & Score: -633.337283
.Lambda : 0.00101815589863,0.01738773478647,0.00707978950773,0.00249319930752,0.00315666664740 & Score: -633.338361
.Lambda : 0.00101685369175,0.01741363679602,0.00709362958950,0.00249621148234,0.00315275168509 & Score: -633.337995
.Lambda : 0.00101823448730,0.01741387874411,0.00709133460264,0.00249984863174,0.00316174581083 & Score: -633.337517
.Lambda : 0.00102011559743,0.01743442995470,0.00710265698323,0.00249431857651,0.00315630322571 & Score: -633.337177
.Lambda : 0.00102188025449,0.01746819110509,0.00712077128362,0.00249046846202,0.00315512901277 & Score: -633.336839
.Lambda : 0.00101533913696,0.01744436722589,0.00711760946343,0.00249075811519,0.00315159547839 & Score: -633.336724
.Lambda : 0.00101225340344,0.01747217697286,0.00714077690382,0.00248550622578,0.00314688928758 & Score: -633.336886
.Lambda : 0.00101756713766,0.01746803314715,0.00712422252064,0.00249784422474,0.00315390822340 & Score: -633.336101
.Lambda : 0.00101727275717,0.01750818232750,0.00714643902710,0.00250016668335,0.00315252901140 & Score: -633.335512
.Lambda : 0.00101903697070,0.01747994935019,0.00713150621391,0.00249641413032,0.00315773411623 & Score: -633.335190
.Lambda : 0.00102012861018,0.01751310562727,0.00715044452612,0.00249651545431,0.00316022533180 & Score: -633.334195
.Lambda : 0.00101841382431,0.01751939815536,0.00715744517016,0.00249144370995,0.00314813179887 & Score: -633.335082
.Lambda : 0.00102021381301,0.01758195181351,0.00719039865643,0.00248741883057,0.00315182906338 & Score: -633.335569
.Lambda : 0.00101466700216,0.01755861095472,0.00718416345368,0.00249605265533,0.00315059526076 & Score: -633.334131
.Lambda : 0.00101106037600,0.01760382087953,0.00721585953871,0.00249884475199,0.00314832838476 & Score: -633.333998
.Lambda : 0.00101949661531,0.01764621629537,0.00722662530397,0.00249899765688,0.00315282195769 & Score: -633.334198
.Lambda : 0.00101433506017,0.01753433750050,0.00716832676999,0.00250696847202,0.00315298553043 & Score: -633.333647
.Lambda : 0.00101139568375,0.01751053034400,0.00715729082677,0.00251674329274,0.00315356376395 & Score: -633.334271
.Lambda : 0.00101610103722,0.01761856905572,0.00722104149648,0.00249694133471,0.00315246819002 & Score: -633.332573
.Lambda : 0.00101551517724,0.01767376241984,0.00725834273117,0.00249532866039,0.00315243777933 & Score: -633.332191
.Lambda : 0.00101380051126,0.01766909893364,0.00725039437783,0.00250721828829,0.00315858779473 & Score: -633.332901
.Lambda : 0.00101043927863,0.01755143384894,0.00719072187355,0.00250295259392,0.00315620397072 & Score: -633.331772
.Lambda : 0.00100591061029,0.01750404262572,0.00717277015834,0.00250493006244,0.00315789497724 & Score: -633.331555
.Lambda : 0.00100412008380,0.01768091931643,0.00727583290430,0.00250880063973,0.00314786845480 & Score: -633.333686
.Lambda : 0.00101041220110,0.01762104343892,0.00723440723794,0.00251045369716,0.00315958142985 & Score: -633.330311
.Lambda : 0.00101008811365,0.01762965471861,0.00724368108755,0.00251625816975,0.00316520795240 & Score: -633.329265
.Lambda : 0.00101973970524,0.01752343916290,0.00716157314565,0.00250348082142,0.00316697715885 & Score: -633.331788
.Lambda : 0.00101168658690,0.01766566164378,0.00726637783023,0.00250391792889,0.00316745673459 & Score: -633.328997
.Lambda : 0.00101036235026,0.01773132371542,0.00731540336035,0.00250239265733,0.00317469233668 & Score: -633.328882
.Lambda : 0.00101084587142,0.01755579012335,0.00721031381540,0.00250173786024,0.00316829628707 & Score: -633.326408
.Lambda : 0.00100936855150,0.01749913571820,0.00719027353418,0.00249899764622,0.00317315053324 & Score: -633.324115
.Lambda : 0.00100667255513,0.01748127595650,0.00717513778326,0.00251509508248,0.00318273140403 & Score: -633.327163
.Lambda : 0.00099722116709,0.01761473393088,0.00727733322382,0.00251158862587,0.00317449372258 & Score: -633.325540
.Lambda : 0.00100757448477,0.01767840699012,0.00730796143732,0.00251280281022,0.00319021540233 & Score: -633.323659
.Lambda : 0.00100840642201,0.01776558917232,0.00737555707681,0.00251673918410,0.00320637561488 & Score: -633.325365
.Lambda : 0.00100239152985,0.01757229580584,0.00726276264802,0.00250009255910,0.00319290540715 & Score: -633.321708
.Lambda : 0.00099854323795,0.01754361634946,0.00727230342825,0.00249200975377,0.00320675413452 & Score: -633.321069
.Lambda : 0.00099738964831,0.01739554386265,0.00717380040239,0.00250980491009,0.00319624574200 & Score: -633.321615
.Lambda : 0.00099736628071,0.01761129878402,0.00731353102712,0.00249498641599,0.00319361240984 & Score: -633.318968
.Lambda : 0.00099271314350,0.01767631019778,0.00738272764906,0.00248493208275,0.00319905291274 & Score: -633.320001
.Lambda : 0.00100687571420,0.01747646675090,0.00722581470789,0.00249185198865,0.00320949756619 & Score: -633.318287
.Lambda : 0.00101170298775,0.01740733316091,0.00720005544992,0.00248198367004,0.00322699948800 & Score: -633.320215
.Lambda : 0.00099373119488,0.01758299737666,0.00732709086701,0.00250158470527,0.00322537956871 & Score: -633.320575
.Lambda : 0.00098998794565,0.01736556225935,0.00721705473574,0.00248329229929,0.00322238036618 & Score: -633.321219
.Lambda : 0.00099721210105,0.01763643274551,0.00736851750402,0.00247568515510,0.00322680387618 & Score: -633.323820
.Lambda : 0.00099725648786,0.01757621052480,0.00731983822861,0.00248421509385,0.00321916434263 & Score: -633.320171
.Lambda : 0.00100752122059,0.01775067365498,0.00736637656781,0.00250256688372,0.00319938284258 & Score: -633.324294
.Lambda : 0.00100313790185,0.01765439580607,0.00732904610979,0.00249774823761,0.00320513222348 & Score: -633.320611
.Lambda : 0.00100080379386,0.01761693134752,0.00733382494792,0.00249614482277,0.00321436030982 & Score: -633.316785
.Lambda : 0.00100193407181,0.01765358884656,0.00736458570775,0.00249821235727,0.00321816339748 & Score: -633.315476
.Lambda : 0.00099572759793,0.01750582910710,0.00729129810556,0.00249059198680,0.00322119469046 & Score: -633.315752
.Lambda : 0.00100593286613,0.01754636022869,0.00727893624376,0.00248235843176,0.00319927339393 & Score: -633.315276
.Lambda : 0.00101203370175,0.01752804165470,0.00725485893214,0.00247274529500,0.00318622030653 & Score: -633.316383
.Lambda : 0.00100587812445,0.01754120696211,0.00726982808822,0.00249898537834,0.00319753224053 & Score: -633.312868
.Lambda : 0.00101018894275,0.01752370518077,0.00724482301803,0.00250637052059,0.00318671618947 & Score: -633.311862
.Lambda : 0.00101089739642,0.01747108126158,0.00724865208607,0.00249276769804,0.00322032568517 & Score: -633.311429
.Lambda : 0.00101766295427,0.01740097250036,0.00721621261554,0.00249165833906,0.00323368232284 & Score: -633.311680
.Lambda : 0.00100299663582,0.01760375909898,0.00734550335658,0.00249626840913,0.00320877177641 & Score: -633.308025
.Lambda : 0.00100105709663,0.01766740527302,0.00740534768093,0.00249847661937,0.00320840888152 & Score: -633.305175
.Lambda : 0.00101627655156,0.01763902720914,0.00732563978906,0.00250068226401,0.00319196032857 & Score: -633.308098
.Lambda : 0.00101580706958,0.01748544281472,0.00723677381939,0.00249404985623,0.00318451039399 & Score: -633.306048
.Lambda : 0.00101575795665,0.01756830446701,0.00730555831362,0.00251458035154,0.00319749519756 & Score: -633.301214
.Lambda : 0.00102067050191,0.01757927658616,0.00731886934855,0.00253069131143,0.00319660609938 & Score: -633.298761
.Lambda : 0.00101569450369,0.01761318807708,0.00736929007157,0.00250029657905,0.00321400836598 & Score: -633.297381
.Lambda : 0.00101844728416,0.01765792952524,0.00743152359834,0.00249725960827,0.00322765445423 & Score: -633.294098
.Lambda : 0.00101800600511,0.01774055130173,0.00743860960844,0.00251569616569,0.00318333037790 & Score: -633.295276
.Lambda : 0.00101331863139,0.01761321499121,0.00740680983320,0.00251378716039,0.00320824375424 & Score: -633.286134
.Lambda : 0.00101183967131,0.01760030888224,0.00744739485527,0.00252033960858,0.00321638546707 & Score: -633.277012
.Lambda : 0.00101220115406,0.01781274581263,0.00757992421723,0.00253093546911,0.00322844371805 & Score: -633.294095
.Lambda : 0.00103140874999,0.01768891957019,0.00748118097021,0.00253949224586,0.00321255916513 & Score: -633.281447
.Lambda : 0.00101609064395,0.01782090545065,0.00763258395124,0.00251079792758,0.00323074317358 & Score: -633.283288
.Lambda : 0.00101798899627,0.01769177239465,0.00759043342848,0.00252383377807,0.00326298401333 & Score: -633.281955
.Lambda : 0.00101736440207,0.01778793131890,0.00766108337063,0.00255290000340,0.00323279176064 & Score: -633.278440
.Lambda : 0.00102567583137,0.01762318923402,0.00754514641311,0.00252800995629,0.00323374171385 & Score: -633.261293
.Lambda : 0.00103241317003,0.01752841094471,0.00752775751105,0.00252654719988,0.00323639071174 & Score: -633.247277
.Lambda : 0.00102831535192,0.01749803179362,0.00745055610301,0.00255444720674,0.00323370127359 & Score: -633.266409
.Lambda : 0.00103054754186,0.01754966860922,0.00743675569559,0.00255365672772,0.00318974733794 & Score: -633.264601
.Lambda : 0.00101678330488,0.01749682104929,0.00752823804402,0.00254366405266,0.00323104745526 & Score: -633.246343
.Lambda : 0.00100947058233,0.01740077178884,0.00755176658092,0.00254574995607,0.00324029160033 & Score: -633.231957
.Lambda : 0.00102767012490,0.01724294548855,0.00730460892771,0.00252739627619,0.00321381479563 & Score: -633.247858
.Lambda : 0.00103952703711,0.01728762256774,0.00746118307204,0.00256277933805,0.00322919282062 & Score: -633.228487
.Lambda : 0.00105337072001,0.01713127941049,0.00746807718042,0.00258399920279,0.00323559649740 & Score: -633.218933
.Lambda : 0.00103307350373,0.01724319870310,0.00746503025526,0.00254049253832,0.00321263510363 & Score: -633.206209
.Lambda : 0.00103545257964,0.01711578215783,0.00747226733138,0.00253351520411,0.00320210201864 & Score: -633.179433
.Lambda : 0.00103280332891,0.01701800730695,0.00749303531700,0.00253322640789,0.00326153091155 & Score: -633.186377
.Lambda : 0.00103773402746,0.01723475515498,0.00770055264060,0.00256181891211,0.00325654990023 & Score: -633.181280
.Lambda : 0.00103511932532,0.01683182738293,0.00754652210908,0.00257677667331,0.00324203765951 & Score: -633.153964
.Lambda : 0.00103647240296,0.01648353560204,0.00755590440810,0.00260189141003,0.00324486113340 & Score: -633.129988
.Lambda : 0.00106886264126,0.01659257206407,0.00752416817008,0.00258003049870,0.00323996458416 & Score: -633.139372
.Lambda : 0.00103115927208,0.01664658150386,0.00763029396644,0.00254019377034,0.00324640692180 & Score: -633.099482
.Lambda : 0.00102005354811,0.01640423255055,0.00771140235946,0.00251829105412,0.00325181213400 & Score: -633.059056
.Lambda : 0.00104662675087,0.01651434370484,0.00769268264685,0.00258499242373,0.00321658499662 & Score: -633.078241
.Lambda : 0.00104525314167,0.01600943127675,0.00748201732575,0.00256566932417,0.00320558004650 & Score: -633.071189
.Lambda : 0.00105145481431,0.01568586392146,0.00771420263271,0.00260683468019,0.00326141913923 & Score: -633.055703
.Lambda : 0.00105945593164,0.01497090480328,0.00783517028337,0.00264349441823,0.00329107769953 & Score: -633.094492
.Lambda : 0.00101108162191,0.01584639075818,0.00773831557907,0.00257104105819,0.00323213839574 & Score: -633.021386
.Lambda : 0.00098219111223,0.01547330010523,0.00784538928356,0.00256654633794,0.00322822530153 & Score: -633.007766
.Lambda : 0.00102175934391,0.01555133302150,0.00782237329123,0.00253504211803,0.00322058751376 & Score: -632.972260
.Lambda : 0.00101440281439,0.01508523173123,0.00795560773280,0.00250161747204,0.00320845070394 & Score: -632.946569
.Lambda : 0.00099871542142,0.01494888012925,0.00779076508686,0.00251859112365,0.00324560993346 & Score: -633.010297
.Lambda : 0.00098147394251,0.01502957209834,0.00812492951241,0.00251908294301,0.00327262683836 & Score: -632.983077
.Lambda : 0.00099124169383,0.01408490664366,0.00806095533988,0.00256677796861,0.00323472063261 & Score: -633.054383
.Lambda : 0.00093575517945,0.01416289236162,0.00819685614950,0.00246221165790,0.00321443422472 & Score: -633.107661
.Lambda : 0.00096468008816,0.01454363525158,0.00807619277030,0.00249836741347,0.00322618045335 & Score: -633.017735
.Lambda : 0.00098534365765,0.01594734108259,0.00785619841449,0.00247490414743,0.00323771665965 & Score: -633.021302
.Lambda : 0.00099124169383,0.01408490664366,0.00806095533988,0.00256677796861,0.00323472063261 & Score: -633.054383
.Lambda : 0.00098976718479,0.01455051525340,0.00800976610853,0.00254380951331,0.00323546963937 & Score: -633.001572
.Lambda : 0.00102194010197,0.01549136447540,0.00781439031937,0.00256149154250,0.00324997251331 & Score: -632.995645
.Lambda : 0.00099719464094,0.01530311333618,0.00810926809580,0.00255842799987,0.00323228806514 & Score: -632.949539
.Lambda : 0.00101972036161,0.01471061865258,0.00816019542400,0.00250722545035,0.00325129780252 & Score: -632.949292
.Lambda : 0.00102412555979,0.01569744486410,0.00805599032522,0.00251532864979,0.00325038472994 & Score: -632.949776
.Lambda : 0.00099282682572,0.01483902779758,0.00834800611673,0.00247918146352,0.00323604674265 & Score: -632.938308
.Lambda : 0.00097827018760,0.01451285945867,0.00861481401541,0.00243802642403,0.00322908385732 & Score: -632.978573
.Lambda : 0.00103783413847,0.01522460245433,0.00812669756541,0.00250562947122,0.00319876037931 & Score: -632.905410
.Lambda : 0.00106601423645,0.01532211763233,0.00812758159191,0.00249890273533,0.00316182714979 & Score: -632.898824
.Lambda : 0.00101193799186,0.01440659879586,0.00822427325928,0.00250281339865,0.00318557945567 & Score: -632.943061
.Lambda : 0.00104476625108,0.01444232450765,0.00821699755408,0.00243746820809,0.00318499267668 & Score: -632.951824
.Lambda : 0.00103287334854,0.01465752171478,0.00819006518951,0.00246770815603,0.00319681652380 & Score: -632.927583
.Lambda : 0.00102750172517,0.01501358041613,0.00817801813209,0.00247286383987,0.00314419042782 & Score: -632.904190
.Lambda : 0.00103805883670,0.01461030681144,0.00847156998301,0.00246697036533,0.00316133341595 & Score: -632.892182
.Lambda : 0.00104988684786,0.01437284435155,0.00872955110811,0.00244964681197,0.00313777477196 & Score: -632.900673
.Lambda : 0.00105097199717,0.01537042295304,0.00830182314602,0.00245143722538,0.00317450624833 & Score: -632.894524
.Lambda : 0.00109334123189,0.01515055201352,0.00815961710029,0.00246397146526,0.00309942276363 & Score: -632.918785
.Lambda : 0.00107748186241,0.01552927021580,0.00830537879181,0.00247395009643,0.00309969547841 & Score: -632.895273
.Lambda : 0.00101067023127,0.01518772719798,0.00839413155765,0.00248167823968,0.00319719832449 & Score: -632.893391
.Lambda : 0.00106977714043,0.01539435750811,0.00846217589607,0.00247631162499,0.00317363381897 & Score: -632.873284
.Lambda : 0.00109091484807,0.01558474605410,0.00860425477807,0.00247803551754,0.00318835551455 & Score: -632.884321
.Lambda : 0.00103276979075,0.01511471624222,0.00864645015791,0.00244123628539,0.00316071976468 & Score: -632.880157
.Lambda : 0.00100341733612,0.01474174206932,0.00860508150445,0.00245310339987,0.00324726115056 & Score: -632.934324
.Lambda : 0.00102193346769,0.01493862410594,0.00853015582629,0.00245831507401,0.00321036973252 & Score: -632.895684
.Lambda : 0.00105127346559,0.01525453687517,0.00855431302699,0.00245877395519,0.00316717679182 & Score: -632.870048
.Lambda : 0.00105391798857,0.01500233215978,0.00846687293954,0.00247164099516,0.00316748361746 & Score: -632.871553
.Lambda : 0.00104022368585,0.01529104235305,0.00842815372686,0.00247899493233,0.00318541607173 & Score: -632.875091
.Lambda : 0.00106037456880,0.01538239023058,0.00838199952105,0.00246387442518,0.00317407003365 & Score: -632.881711
.Lambda : 0.00107362950142,0.01546181386196,0.00838377734394,0.00247513086071,0.00313666464869 & Score: -632.879182
.Lambda : 0.00105515414395,0.01517924287265,0.00853611765232,0.00248046652217,0.00315807994582 & Score: -632.861357
.Lambda : 0.00105254393152,0.01507766919368,0.00861317671795,0.00248876257066,0.00315008490191 & Score: -632.855747
.Lambda : 0.00103346498336,0.01494616137396,0.00862609957902,0.00247466277062,0.00320085343207 & Score: -632.875109
.Lambda : 0.00107362950142,0.01546181386196,0.00838377734394,0.00247513086071,0.00313666464869 & Score: -632.879182
.Lambda : 0.00106358837191,0.01533290073996,0.00844435790271,0.00247501383819,0.00315271184454 & Score: -632.869930
.Lambda : 0.00107621667336,0.01513367623763,0.00858820486645,0.00246920626134,0.00313902031815 & Score: -632.864792
.Lambda : 0.00104923903194,0.01492608857437,0.00860459428539,0.00246904742323,0.00313695717058 & Score: -632.864752
.Lambda : 0.00106322660116,0.01528761648855,0.00865498578026,0.00247268062428,0.00313089679334 & Score: -632.859453
.Lambda : 0.00107065237836,0.01504864361851,0.00860781479411,0.00249111033189,0.00311669161958 & Score: -632.859169
.Lambda : 0.00106116307462,0.01485657690514,0.00878315267495,0.00248130904637,0.00311674847688 & Score: -632.858368
.Lambda : 0.00104251333368,0.01494496167447,0.00871728483461,0.00249195773723,0.00312153126677 & Score: -632.856344
.Lambda : 0.00106680069579,0.01516009857776,0.00874597163537,0.00250128070095,0.00311742405281 & Score: -632.852386
.Lambda : 0.00107558152772,0.01527710357946,0.00881666031036,0.00251739733981,0.00310765749392 & Score: -632.856982
.Lambda : 0.00105424276443,0.01474756349928,0.00873197448254,0.00250908753055,0.00311809533384 & Score: -632.859769
.Lambda : 0.00105648872361,0.01488257674660,0.00871272730697,0.00249998580399,0.00312129569872 & Score: -632.855355
.Lambda : 0.00104115152533,0.01492010962055,0.00882111047383,0.00249420801179,0.00313414213926 & Score: -632.854214
.Lambda : 0.00104263620935,0.01513758942009,0.00866095571254,0.00250916888347,0.00314104274690 & Score: -632.852554
.Lambda : 0.00106133510056,0.01512625574900,0.00870429190405,0.00250540465111,0.00314406454907 & Score: -632.850673
.Lambda : 0.00107074598400,0.01521690278627,0.00869779543877,0.00251212810805,0.00315533119022 & Score: -632.853526
.Lambda : 0.00105482097034,0.01501298285192,0.00884484609515,0.00251525664986,0.00311310277279 & Score: -632.851789
.Lambda : 0.00105020907694,0.01526023774113,0.00879814302141,0.00251014175489,0.00313861480561 & Score: -632.849926
.Lambda : 0.00104706925360,0.01544906823840,0.00884085087863,0.00251521973034,0.00314727435906 & Score: -632.854988
.Lambda : 0.00106916929586,0.01535875611541,0.00868057287358,0.00252229304432,0.00312755743162 & Score: -632.856508
.Lambda : 0.00106216485323,0.01524909449169,0.00871570727364,0.00251527178619,0.00312920360853 & Score: -632.851686
.Lambda : 0.00107549606939,0.01518587834452,0.00886262825930,0.00250977333373,0.00311592116862 & Score: -632.853871
.Lambda : 0.00106728110438,0.01517380611341,0.00881221012261,0.00250962222116,0.00312220156319 & Score: -632.851012
.Lambda : 0.00105152374639,0.01516885220110,0.00880410773138,0.00252099812434,0.00314145086687 & Score: -632.849553
.Lambda : 0.00104388527169,0.01517322901277,0.00883317577938,0.00253085683604,0.00315346427390 & Score: -632.852139
.Lambda : 0.00106218458226,0.01537831566662,0.00868893792609,0.00250931876521,0.00315711138452 & Score: -632.854621
.Lambda : 0.00106034367928,0.01528698246294,0.00872791496835,0.00251080323638,0.00314610923158 & Score: -632.851199
.Lambda : 0.00105411222979,0.01515735921534,0.00882295982548,0.00250751620896,0.00314777279800 & Score: -632.848900
.Lambda : 0.00105008591807,0.01511149157716,0.00887658610140,0.00250363842035,0.00315705739274 & Score: -632.849989
.Lambda : 0.00105344082395,0.01506762194505,0.00884877007362,0.00251066994781,0.00313153260151 & Score: -632.849141
.Lambda : 0.00104096728667,0.01513832462724,0.00877909889976,0.00251227005368,0.00315917268523 & Score: -632.851415
.Lambda : 0.00104754574110,0.01514719499878,0.00878737670547,0.00251160809555,0.00314992990472 & Score: -632.849561
.Lambda : 0.00104139754671,0.01519425069156,0.00892025103889,0.00251896900151,0.00313965584162 & Score: -632.851684
.Lambda : 0.00104638193517,0.01517725195592,0.00886626125518,0.00251557791391,0.00314075801848 & Score: -632.849750
.Lambda : 0.00105099271362,0.01502707438534,0.00885364721505,0.00251640636134,0.00314596287022 & Score: -632.849613
.Lambda : 0.00105666416677,0.01504998914233,0.00878048336522,0.00251130158129,0.00314590159805 & Score: -632.849429
.Lambda : 0.00105432196958,0.01520933261569,0.00876383186542,0.00250843122184,0.00314067223744 & Score: -632.849436
.Lambda : 0.00106047943349,0.01511406704902,0.00882068443897,0.00251195873815,0.00313300213603 & Score: -632.849130
.Lambda : 0.00106008370304,0.01507049578587,0.00881058409610,0.00249895295488,0.00313810168155 & Score: -632.849518
.Lambda : 0.00105152374639,0.01516885220110,0.00880410773138,0.00252099812434,0.00314145086687 & Score: -632.849553
.Lambda : 0.00105366373555,0.01514426309729,0.00880572682256,0.00251548683197,0.00314061357054 & Score: -632.848963
.Lambda : 0.00105702218624,0.01500398756392,0.00886761794492,0.00251434210143,0.00313885684421 & Score: -632.849565
.Lambda : 0.00105634713208,0.01505532382686,0.00884167142504,0.00251286438153,0.00313931069252 & Score: -632.848973
.Lambda : 0.00105455317518,0.01516546491110,0.00887544166905,0.00251209686208,0.00313099112139 & Score: -632.849288
.Lambda : 0.00105666416677,0.01504998914233,0.00878048336522,0.00251130158129,0.00314590159805 & Score: -632.849429
.Lambda : 0.00105613641887,0.01507885808452,0.00880422294118,0.00251150040149,0.00314217397888 & Score: -632.848927
.Lambda : 0.00105885475597,0.01515232656416,0.00878933610767,0.00251306067703,0.00314961666888 & Score: -632.849317
.Lambda : 0.00105750127296,0.01513115040939,0.00880419459916,0.00251246299473,0.00314509565203 & Score: -632.848913
.Lambda : 0.00105062488221,0.01511271480434,0.00881082580640,0.00251197358933,0.00315298454077 & Score: -632.849341
.Lambda : 0.00105308852003,0.01511305286551,0.00881329046454,0.00251196987653,0.00314798893958 & Score: -632.848935
.Lambda : 0.00105345373880,0.01519454964196,0.00877848643612,0.00251071014394,0.00315014728310 & Score: -632.849418
.Lambda : 0.00105417708712,0.01515974318818,0.00879428268335,0.00251124870334,0.00314743813545 & Score: -632.849012
.Lambda : 0.00105580675138,0.01514425481236,0.00881357721232,0.00250998960184,0.00314643422502 & Score: -632.848826
.Lambda : 0.00105512432433,0.01511810864993,0.00881359138333,0.00250950830522,0.00314497338844 & Score: -632.848766
.Lambda : 0.00105360037491,0.01513520604042,0.00881812514501,0.00250974304275,0.00314788086879 & Score: -632.848863
.Lambda : 0.00105388798267,0.01515081115632,0.00881434332402,0.00251150152047,0.00314419318427 & Score: -632.848809
.Lambda : 0.00105522968093,0.01510634152110,0.00883231562526,0.00251019029525,0.00314354174526 & Score: -632.848709
.Lambda : 0.00105534741590,0.01510452965671,0.00881382125050,0.00251285689725,0.00314303656671 & Score: -632.848815
.Lambda : 0.00105655808717,0.01511441227814,0.00881693437316,0.00251187560527,0.00314099077509 & Score: -632.848758
.Lambda : 0.00105465224503,0.01509342649252,0.00882282517019,0.00251238344754,0.00314026003889 & Score: -632.848789
.Lambda : 0.00105483351216,0.01512871038249,0.00882618269989,0.00250932677225,0.00314254708607 & Score: -632.848689
.Lambda : 0.00105457656029,0.01514080074538,0.00883236342458,0.00250756170975,0.00314230234575 & Score: -632.848712
.Lambda : 0.00105667115718,0.01507358857336,0.00883039637671,0.00250981224974,0.00314073202923 & Score: -632.848813
.Lambda : 0.00105597536355,0.01509289421910,0.00882638311354,0.00251023456742,0.00314159731799 & Score: -632.848737
.Lambda : 0.00105643614223,0.01513076032779,0.00882333770788,0.00250807077062,0.00314520008625 & Score: -632.848755
.Lambda : 0.00105648879009,0.01511113884152,0.00883647002456,0.00251037089910,0.00314057741582 & Score: -632.848690
.Lambda : 0.00105502730841,0.01511352583865,0.00884094129529,0.00250740171659,0.00314439468547 & Score: -632.848724
.Lambda : 0.00105458571982,0.01509028399336,0.00884157939553,0.00251093892962,0.00313986321400 & Score: -632.848743
.Lambda : 0.00105643614223,0.01513076032779,0.00882333770788,0.00250807077062,0.00314520008625 & Score: -632.848755
.Lambda : 0.00105597353663,0.01512064124418,0.00882789812980,0.00250878781037,0.00314386586819 & Score: -632.848704
.Lambda : 0.00105504576774,0.01513924891208,0.00883913999638,0.00250819643000,0.00314437340233 & Score: -632.848726
.Lambda : 0.00105597536355,0.01509289421910,0.00882638311354,0.00251023456742,0.00314159731799 & Score: -632.848737
.Lambda : 0.00105574296460,0.01510448289234,0.00882957233425,0.00250972503307,0.00314229133908 & Score: -632.848699
.Lambda : 0.00105628008535,0.01511500011400,0.00882003423021,0.00251195860742,0.00314073469630 & Score: -632.848743
.Lambda : 0.00105596689112,0.01511463154516,0.00882526099648,0.00251081938472,0.00314164969359 & Score: -632.848702
.Lambda : 0.00105637259690,0.01512550044118,0.00882583804873,0.00250942166455,0.00314083081584 & Score: -632.848688
.Lambda : 0.00105694405489,0.01513507990121,0.00882259926046,0.00250903734921,0.00313947535113 & Score: -632.848720
.Lambda : 0.00105578836531,0.01511314439690,0.00882943151177,0.00251107769110,0.00313929267197 & Score: -632.848705
.Lambda : 0.00105583465814,0.01511501860872,0.00882904816627,0.00251050522092,0.00314043597103 & Score: -632.848688
.Lambda : 0.00105574211764,0.01511930892134,0.00883358351300,0.00250892045124,0.00314102335754 & Score: -632.848670
.Lambda : 0.00105562973090,0.01512164760942,0.00883774477126,0.00250797098450,0.00314071018952 & Score: -632.848675
.Lambda : 0.00105596570537,0.01513538798575,0.00883087664673,0.00250969297016,0.00313987451945 & Score: -632.848688
.Lambda : 0.00105501064600,0.01513843169427,0.00882174160528,0.00250877593255,0.00314130728415 & Score: -632.848701
.Lambda : 0.00105538018202,0.01513160848108,0.00882542371010,0.00250917467418,0.00314112481707 & Score: -632.848684
.Lambda : 0.00105688459187,0.01512201939274,0.00883172533405,0.00250975922017,0.00313876870630 & Score: -632.848703
.Lambda : 0.00105637182194,0.01512369214017,0.00883033967551,0.00250965110819,0.00313971330124 & Score: -632.848685
.Lambda : 0.00105591484528,0.01511066345124,0.00882681659871,0.00250937627748,0.00314137678564 & Score: -632.848688
.Lambda : 0.00105592756031,0.01511684458487,0.00882783161072,0.00250945545065,0.00314100121909 & Score: -632.848680
.Lambda : 0.00105608305338,0.01513176321874,0.00882815845695,0.00250814411861,0.00314104143329 & Score: -632.848687
.Lambda : 0.00105542929722,0.01512378649730,0.00883229673778,0.00250871665660,0.00314073083545 & Score: -632.848671
.Lambda : 0.00105545733827,0.01511433303117,0.00883163164190,0.00251022321774,0.00314039597887 & Score: -632.848680
.Lambda : 0.00105480277623,0.01511866046613,0.00882996720989,0.00250894507197,0.00314199718197 & Score: -632.848680
.Lambda : 0.00105556345385,0.01510556491924,0.00883670057521,0.00250932966509,0.00314093461211 & Score: -632.848681
.Lambda : 0.00105538018202,0.01513160848108,0.00882542371010,0.00250917467418,0.00314112481707 & Score: -632.848684
.Lambda : 0.00105542599998,0.01512509759062,0.00882824292638,0.00250921342191,0.00314107726583 & Score: -632.848675
.Lambda : 0.00105547376228,0.01512714619294,0.00882913715721,0.00250787720321,0.00314193596508 & Score: -632.848685
.Lambda : 0.00105546965628,0.01512394290249,0.00882976077838,0.00250846370684,0.00314155096853 & Score: -632.848676
.Lambda : 0.00105482037863,0.01512747396628,0.00883370885546,0.00250824827277,0.00314155062464 & Score: -632.848679
.Lambda : 0.00105595220366,0.01512918348509,0.00883306991451,0.00250847993178,0.00314037603883 & Score: -632.848677
.Lambda : 0.00105638733128,0.01512105379245,0.00882907269257,0.00250926939457,0.00314035276184 & Score: -632.848682
.Lambda : 0.00105599559312,0.01512265883591,0.00883023173329,0.00250901411412,0.00314065222754 & Score: -632.848675
.Lambda : 0.00105527286203,0.01511673441398,0.00882857636102,0.00250925140851,0.00314163782313 & Score: -632.848678
.Lambda : 0.00105544269744,0.01511984668176,0.00882969974940,0.00250905853933,0.00314132237705 & Score: -632.848674
.Lambda : 0.00105574462588,0.01512033650828,0.00883186108556,0.00250950556644,0.00314037145684 & Score: -632.848673
.Lambda : 0.00105591573254,0.01511727738721,0.00883482620123,0.00250887270918,0.00314056283594 & Score: -632.848672
.Lambda : 0.00105531419517,0.01511756356244,0.00883467518150,0.00250901545499,0.00314095211760 & Score: -632.848670
.Lambda : 0.00105497349619,0.01511501592571,0.00883689690560,0.00250901612542,0.00314110206263 & Score: -632.848673
.Lambda : 0.00105581568994,0.01511946246887,0.00883719733823,0.00250895379605,0.00314013386429 & Score: -632.848671
.Lambda : 0.00105554218712,0.01511862302659,0.00883717050314,0.00250828606078,0.00314098974750 & Score: -632.848672
.Lambda : 0.00105574462588,0.01512033650828,0.00883186108556,0.00250950556644,0.00314037145684 & Score: -632.848673
.Lambda : 0.00105569401619,0.01511990813785,0.00883318843995,0.00250920069002,0.00314052602950 & Score: -632.848671
.Lambda : 0.00105528239392,0.01512273444791,0.00883355028296,0.00250905011038,0.00314078364581 & Score: -632.848670
.Lambda : 0.00105496572461,0.01512546297826,0.00883291232382,0.00250913881098,0.00314089405075 & Score: -632.848672
.Lambda : 0.00105571006792,0.01511580451806,0.00883658116447,0.00250933954448,0.00314063677045 & Score: -632.848670
.Lambda : 0.00105528142640,0.01511866536617,0.00883143409452,0.00250925670439,0.00314143490407 & Score: -632.848672
.Lambda : 0.00105541499228,0.01511886464185,0.00883287490545,0.00250918097731,0.00314110964412 & Score: -632.848670
.Lambda : 0.00105529149058,0.01511780229879,0.00883531757900,0.00250900192533,0.00314127618471 & Score: -632.848670
.Lambda : 0.00105510800791,0.01512270503087,0.00883141942029,0.00250872802322,0.00314142120947 & Score: -632.848673
.Lambda : 0.00105525852292,0.01512097990267,0.00883270985633,0.00250888090354,0.00314122509971 & Score: -632.848671
.Lambda : 0.00105528694225,0.01512026837335,0.00883443393098,0.00250902601786,0.00314102991526 & Score: -632.848669
.Lambda : 0.00105529829454,0.01512014900518,0.00883411273223,0.00250903278268,0.00314086788171 & Score: -632.848669
.Lambda : 0.00105534869310,0.01512079954488,0.00883321259420,0.00250911554384,0.00314094664497 & Score: -632.848670
.Lambda : 0.00105551225578,0.01512102168462,0.00883356689798,0.00250898528081,0.00314090350168 & Score: -632.848669
.Lambda : 0.00105549623092,0.01511926948299,0.00883506572371,0.00250919482743,0.00314071020813 & Score: -632.848669
.Lambda : 0.00105549457272,0.01511786878849,0.00883460646868,0.00250909167067,0.00314099961488 & Score: -632.848669
.Lambda : 0.00105548662538,0.01511863138897,0.00883550170723,0.00250901668794,0.00314085780370 & Score: -632.848669
.Lambda : 0.00105555559153,0.01511754731102,0.00883664626374,0.00250896725998,0.00314081338306 & Score: -632.848669
.Lambda : 0.00105533756683,0.01512186718555,0.00883446592817,0.00250901056802,0.00314074810930 & Score: -632.848669
.Lambda : 0.00105554955393,0.01512027424102,0.00883510094300,0.00250906057014,0.00314083193352 & Score: -632.848669
.Lambda : 0.00105567518362,0.01512033685894,0.00883559504838,0.00250907446386,0.00314081395943 & Score: -632.848669
.Lambda : 0.00105535051195,0.01511910258413,0.00883626039526,0.00250913818774,0.00314076768629 & Score: -632.848669
.Lambda : 0.00105560125335,0.01511938957971,0.00883612394797,0.00250914231864,0.00314053638111 & Score: -632.848669
.Lambda : 0.00105565610338,0.01511679972518,0.00883675515870,0.00250921046874,0.00314073349580 & Score: -632.848669
.Lambda : 0.00105557646924,0.01511806659027,0.00883618285107,0.00250916049356,0.00314073714917 & Score: -632.848669
.Lambda : 0.00105538250322,0.01511874813524,0.00883512070014,0.00250908598807,0.00314102553121 & Score: -632.848669
.Lambda : 0.00105560125335,0.01511938957971,0.00883612394797,0.00250914231864,0.00314053638111 & Score: -632.848669
.Lambda : 0.00105554656582,0.01511922921859,0.00883587313601,0.00250912823600,0.00314065866864 & Score: -632.848669
.Lambda : 0.00105550765961,0.01511885212620,0.00883650188931,0.00250900684272,0.00314083108840 & Score: -632.848668
.Lambda : 0.00105551337395,0.01511864344781,0.00883721997211,0.00250891285036,0.00314089152853 & Score: -632.848669
.Lambda : 0.00105539989743,0.01512036923330,0.00883551237726,0.00250897971626,0.00314084172304 & Score: -632.848668
.Lambda : 0.00105545505011,0.01512049957232,0.00883619778910,0.00250910873321,0.00314071463626 & Score: -632.848668
.Lambda : 0.00105543926247,0.01512143366399,0.00883654583004,0.00250915475584,0.00314064305254 & Score: -632.848668
.Lambda : 0.00105535850339,0.01512040988419,0.00883595622156,0.00250898938402,0.00314093615837 & Score: -632.848668
.Lambda : 0.00105555775384,0.01512105943868,0.00883544729284,0.00250891991079,0.00314089452955 & Score: -632.848668
.Lambda : 0.00105536199182,0.01512020186086,0.00883674528503,0.00250894126466,0.00314085532072 & Score: -632.848668
.Lambda : 0.00105549648607,0.01512003991961,0.00883682701388,0.00250900673790,0.00314085097027 & Score: -632.848668
.Lambda : 0.00105554478039,0.01511987526277,0.00883748433219,0.00250902024873,0.00314085559389 & Score: -632.848668
.Lambda : 0.00105533344029,0.01511887604385,0.00883770691404,0.00250910667854,0.00314078258950 & Score: -632.848669
.Lambda : 0.00105538951868,0.01511942189256,0.00883714200874,0.00250905998660,0.00314081057451 & Score: -632.848668
.Lambda : 0.00105533627815,0.01512131126288,0.00883690836534,0.00250904100417,0.00314083782510 & Score: -632.848668
.Lambda : 0.00105547166047,0.01512040528902,0.00883673020174,0.00250914647803,0.00314080659453 & Score: -632.848668
.Lambda : 0.00105552649479,0.01512050700311,0.00883672266010,0.00250924908471,0.00314078223144 & Score: -632.848668
.Lambda : 0.00105552041173,0.01512019542763,0.00883782885729,0.00250916119627,0.00314067393135 & Score: -632.848668
.Lambda : 0.00105554175366,0.01512149283329,0.00883691780953,0.00250913107756,0.00314074485794 & Score: -632.848668
.Lambda : 0.00105551090365,0.01512081245791,0.00883815003733,0.00250909126870,0.00314085288487 & Score: -632.848668
.Lambda : 0.00105553883043,0.01512096890071,0.00883912616144,0.00250908253645,0.00314092200917 & Score: -632.848668
.Lambda : 0.00105569952581,0.01511980124537,0.00883793612989,0.00250917910355,0.00314073571993 & Score: -632.848668
.Lambda : 0.00105560871390,0.01512017874975,0.00883767918875,0.00250914457870,0.00314076124622 & Score: -632.848668
.Lambda : 0.00105555071310,0.01512091040947,0.00883695577053,0.00250905226441,0.00314093453963 & Score: -632.848668
.Lambda : 0.00105556586378,0.01512126790038,0.00883651922715,0.00250899779848,0.00314106484376 & Score: -632.848668
.Lambda : 0.00105543921061,0.01512121975124,0.00883681607177,0.00250903195627,0.00314091654212 & Score: -632.848668
.Lambda : 0.00105546091620,0.01512206103360,0.00883674362417,0.00250916096926,0.00314084657374 & Score: -632.848668
.Lambda : 0.00105543160795,0.01512067074321,0.00883724047270,0.00250906209711,0.00314099799601 & Score: -632.848668
.Lambda : 0.00105548568014,0.01512186446915,0.00883763218886,0.00250901294427,0.00314101282002 & Score: -632.848668
.Lambda : 0.00105547166047,0.01512040528902,0.00883673020174,0.00250914647803,0.00314080659453 & Score: -632.848668
.Lambda : 0.00105547516538,0.01512077008406,0.00883695569852,0.00250911309459,0.00314085815090 & Score: -632.848668
.Lambda : 0.00105543214165,0.01512144035072,0.00883573461775,0.00250907688396,0.00314096863609 & Score: -632.848668
.Lambda : 0.00105545183215,0.01512128337751,0.00883633847264,0.00250908048014,0.00314093969829 & Score: -632.848668
.Lambda : 0.00105550888330,0.01512105850790,0.00883687754365,0.00250915560593,0.00314091424131 & Score: -632.848668
.Lambda : 0.00105554371965,0.01512097788624,0.00883690827959,0.00250921743077,0.00314091309091 & Score: -632.848668
.Lambda : 0.00105551908223,0.01512090493378,0.00883757077119,0.00250913713238,0.00314088090235 & Score: -632.848668
.Lambda : 0.00105553326458,0.01511966483776,0.00883749647846,0.00250904710851,0.00314098775834 & Score: -632.848668
.Lambda : 0.00105551517749,0.01512026388672,0.00883730826489,0.00250907557370,0.00314095246219 & Score: -632.848668
.
Lambda Search Result: 466
Lambda : 0.00105550888330,0.01512105850790,0.00883687754365,0.00250915560593,0.00314091424131 & Score: 632.848668
DONE: Lamda Search or setting, for command:
lambda -s -t (((2,3)1,((5,(5,((5,5)5,5)5)5)5,(5,5)5)1)1,((4,4)4,(4,(4,4)4)4)1)
Running Viterbi algorithm....
Building Metapost report: effector_all_lambda_clade.mp
Building HTML report: effector_all_lambda_clade.html
Report Done
