-----------------------------------------------------------
Family information: recognition_all.tab
Log: ./recognition_all.log
Tree: (((musDom:52,gloMor:52):52,((droWil:56,(droPse:48,((droYak:14,droMel:14):17,droAna:31):17):8):8,(droVir:32,droMoj:32):32):39):184,((culQui:79,aedAeg:79):79,(anoDar:70,(anoSte:35,anoGam:35):35):88):129)
The number of families is 25
Root Family size : 1 ~ 30
Family size : 0 ~ 73
P-value: 0.010000
Num of Threads: 12
Num of Random: 1000
Empirical Prior Estimation Result: 31
Poisson lambda: 1.637725 & Score: 876.624902
Lambda : 0.00200688530458 & Score: -511.718368
.Lambda : 0.00210722956981 & Score: -510.539539
.Lambda : 0.00220757383504 & Score: -509.683867
.Lambda : 0.00230791810027 & Score: -509.114301
.Lambda : 0.00250860663073 & Score: -508.634611
.Lambda : 0.00270929516118 & Score: -508.970517
.Lambda : 0.00270929516118 & Score: -508.970517
.Lambda : 0.00230791810027 & Score: -509.114301
.Lambda : 0.00240826236550 & Score: -508.762721
.Lambda : 0.00260895089596 & Score: -508.710925
.Lambda : 0.00240826236550 & Score: -508.762721
.Lambda : 0.00245843449811 & Score: -508.671678
.Lambda : 0.00255877876334 & Score: -508.648602
.Lambda : 0.00245843449811 & Score: -508.671678
.Lambda : 0.00248352056442 & Score: -508.646584
.Lambda : 0.00253369269703 & Score: -508.635399
.Lambda : 0.00248352056442 & Score: -508.646584
.Lambda : 0.00249606359757 & Score: -508.638980
.Lambda : 0.00252114966388 & Score: -508.633431
.Lambda : 0.00253369269703 & Score: -508.635399
.Lambda : 0.00252742118046 & Score: -508.634024
.Lambda : 0.00251487814730 & Score: -508.633625
.Lambda : 0.00252742118046 & Score: -508.634024
.Lambda : 0.00252428542217 & Score: -508.633630
.Lambda : 0.00251801390559 & Score: -508.633430
.Lambda : 0.00251487814730 & Score: -508.633625
.Lambda : 0.00251644602645 & Score: -508.633503
.Lambda : 0.00251958178474 & Score: -508.633406
.Lambda : 0.00252114966388 & Score: -508.633431
.Lambda : 0.00252036572431 & Score: -508.633412
.Lambda : 0.00251879784516 & Score: -508.633411
.Lambda : 0.00252036572431 & Score: -508.633412
.Lambda : 0.00251997375452 & Score: -508.633408
.Lambda : 0.00251918981495 & Score: -508.633407
.Lambda : 0.00251997375452 & Score: -508.633408
.Lambda : 0.00251977776963 & Score: -508.633406
.
Lambda Search Result: 19
Lambda : 0.00251958178474 & Score: 508.633406
DONE: Lamda Search or setting, for command:
lambda -s
Running Viterbi algorithm....
Building Metapost report: recognition_all_lambda.mp
Building HTML report: recognition_all_lambda.html
Report Done
Lambda Tree: (((2,1)1,((1,(1,((1,1)1,1)1)1)1,(1,1)1)1)1,((1,1)1,(1,(1,1)1)1)1)
Empirical Prior Estimation Result: 31
Poisson lambda: 1.637725 & Score: 876.624902
Lambda : 0.00241111477574,0.00124164041304 & Score: -519.201157
.Lambda : 0.00253167051452,0.00124164041304 & Score: -519.526408
.Lambda : 0.00253167051452,0.00130372243369 & Score: -518.771609
.Lambda : 0.00241111477574,0.00130372243369 & Score: -518.425738
.Lambda : 0.00235083690634,0.00133476344402 & Score: -517.946071
.Lambda : 0.00247139264513,0.00139684546467 & Score: -517.487841
.Lambda : 0.00250153157983,0.00147444799048 & Score: -516.740722
.Lambda : 0.00232069797165,0.00150548900081 & Score: -515.957848
.Lambda : 0.00221521170021,0.00160637228437 & Score: -514.870270
.Lambda : 0.00236590637369,0.00174605683084 & Score: -513.648894
.Lambda : 0.00237344110737,0.00195170352424 & Score: -511.899690
.Lambda : 0.00208712122775,0.00208362781813 & Score: -510.776191
.Lambda : 0.00187991605171,0.00238821773195 & Score: -509.654611
.Lambda : 0.00203814545887,0.00273354897183 & Score: -506.582668
.Lambda : 0.00194961233819,0.00329713731556 & Score: -504.161775
.Lambda : 0.00145608728254,0.00373365152327 & Score: -509.330763
.Lambda : 0.00152578356902,0.00464257110688 & Score: -504.789968
.Lambda : 0.00201930862468,0.00420605689917 & Score: -500.621688
.Lambda : 0.00230091929575,0.00444225958712 & Score: -500.101859
.Lambda : 0.00272474806493,0.00309682579580 & Score: -507.310262
.Lambda : 0.00242500694095,0.00348326212357 & Score: -503.615557
.Lambda : 0.00277631389851,0.00462838439513 & Score: -503.085982
.Lambda : 0.00265222625331,0.00558738185867 & Score: -500.100293
.Lambda : 0.00276583590949,0.00663944172622 & Score: -499.931716
.Lambda : 0.00229044130674,0.00645331691821 & Score: -496.513197
.Lambda : 0.00204750501085,0.00736578317976 & Score: -495.320372
.Lambda : 0.00251242162459,0.00956296531887 & Score: -495.913087
.Lambda : 0.00179409072595,0.01028930677240 & Score: -495.320579
.Lambda : 0.00132917411221,0.00809212463329 & Score: -505.075131
.Lambda : 0.00162498599031,0.00845983480469 & Score: -497.886818
.Lambda : 0.00192079786840,0.00882754497608 & Score: -494.844564
.Lambda : 0.00227996331772,0.00846437424931 & Score: -494.903765
.Lambda : 0.00215325617527,0.00992613604563 & Score: -494.104486
.Lambda : 0.00220613175748,0.01120631247857 & Score: -494.087997
.Lambda : 0.00184696630816,0.01156948320534 & Score: -494.819088
.Lambda : 0.00213230019724,0.01394825070783 & Score: -494.316086
.Lambda : 0.00249146564656,0.01358507998106 & Score: -495.893803
.Lambda : 0.00233034081196,0.01308118078713 & Score: -494.746392
.Lambda : 0.00200809114276,0.01207338239927 & Score: -494.081750
.Lambda : 0.00184696630816,0.01156948320534 & Score: -494.819088
.Lambda : 0.00208192270300,0.00933144417001 & Score: -494.222250
.Lambda : 0.00213230019724,0.01394825070783 & Score: -494.316086
.Lambda : 0.00211970582368,0.01279404907338 & Score: -494.077309
.Lambda : 0.00192166520896,0.01366111899407 & Score: -494.627334
.Lambda : 0.00199278184609,0.01304741736520 & Score: -494.244196
.Lambda : 0.00206389848322,0.01243371573632 & Score: -494.032364
.Lambda : 0.00216291879058,0.01200018077597 & Score: -494.031162
.Lambda : 0.00210711145012,0.01163984743892 & Score: -493.956432
.Lambda : 0.00210081426334,0.01106274662169 & Score: -493.950673
.Lambda : 0.00219983457070,0.01062921166134 & Score: -494.095814
.Lambda : 0.00216585054883,0.01108033768009 & Score: -494.006107
.Lambda : 0.00210374602159,0.01014290352581 & Score: -494.033271
.Lambda : 0.00211853921384,0.01060722283835 & Score: -493.981269
.Lambda : 0.00205350292835,0.01058963177995 & Score: -494.003932
.Lambda : 0.00216585054883,0.01108033768009 & Score: -494.006107
.Lambda : 0.00213776364371,0.01095766120506 & Score: -493.973438
.Lambda : 0.00212003869321,0.01141318498840 & Score: -493.955183
.Lambda : 0.00208308931284,0.01151827040504 & Score: -493.953174
.Lambda : 0.00206386488297,0.01116783203833 & Score: -493.962577
.Lambda : 0.00207790833553,0.01122917027585 & Score: -493.952478
.Lambda : 0.00209563328603,0.01077364649251 & Score: -493.963860
.Lambda : 0.00209249729273,0.01095980247064 & Score: -493.954372
.Lambda : 0.00208936129944,0.01114595844877 & Score: -493.949555
.Lambda : 0.00209195178809,0.01129050851337 & Score: -493.947946
.Lambda : 0.00208049882419,0.01137372034044 & Score: -493.951494
.Lambda : 0.00208557768398,0.01129597691076 & Score: -493.949285
.Lambda : 0.00208816817263,0.01144052697535 & Score: -493.950015
.Lambda : 0.00208846645433,0.01136688484371 & Score: -493.948933
.Lambda : 0.00209484055845,0.01136141644631 & Score: -493.948031
.Lambda : 0.00209832589221,0.01128504011598 & Score: -493.947620
.Lambda : 0.00210325561115,0.01124411775211 & Score: -493.948136
.Lambda : 0.00209543712185,0.01121413218303 & Score: -493.947931
.Lambda : 0.00210181122597,0.01120866378564 & Score: -493.948180
.Lambda : 0.00209934636650,0.01122912496757 & Score: -493.947828
.Lambda : 0.00210223513686,0.01130003290052 & Score: -493.947942
.Lambda : 0.00210053563310,0.01127855772114 & Score: -493.947743
.Lambda : 0.00209951515881,0.01133447286955 & Score: -493.947837
.Lambda : 0.00209947296073,0.01130813589406 & Score: -493.947710
.Lambda : 0.00209726321984,0.01131461828889 & Score: -493.947665
.Lambda : 0.00209611615131,0.01129152251081 & Score: -493.947622
.Lambda : 0.00209717882368,0.01126194433789 & Score: -493.947629
.Lambda : 0.00209726321984,0.01131461828889 & Score: -493.947665
.Lambda : 0.00209724212080,0.01130144980114 & Score: -493.947625
.Lambda : 0.00209719992272,0.01127511282564 & Score: -493.947607
.Lambda : 0.00209717882368,0.01126194433789 & Score: -493.947629
.Lambda : 0.00209940966362,0.01126863043081 & Score: -493.947675
.Lambda : 0.00209858628554,0.01127435345081 & Score: -493.947632
.Lambda : 0.00209776290746,0.01128007647081 & Score: -493.947608
.Lambda : 0.00209665803702,0.01128331766822 & Score: -493.947607
.Lambda : 0.00209609505227,0.01127835402306 & Score: -493.947620
.Lambda : 0.00209651201607,0.01127878463500 & Score: -493.947610
.Lambda : 0.00209692897987,0.01127921524693 & Score: -493.947605
.Lambda : 0.00209748141509,0.01127759464823 & Score: -493.947606
.Lambda : 0.00209721047224,0.01128169706952 & Score: -493.947604
.Lambda : 0.00209721574700,0.01128498919145 & Score: -493.947604
.Lambda : 0.00209665803702,0.01128331766822 & Score: -493.947607
.Lambda : 0.00209686388154,0.01128188691322 & Score: -493.947605
.Lambda : 0.00209714537391,0.01128436873581 & Score: -493.947604
.Lambda : 0.00209749196461,0.01128417889210 & Score: -493.947605
.Lambda : 0.00209733494384,0.01128360589738 & Score: -493.947604
.Lambda : 0.00209702090230,0.01128245990794 & Score: -493.947604
.Lambda : 0.00209733494384,0.01128360589738 & Score: -493.947604
.Lambda : 0.00209725643346,0.01128331940002 & Score: -493.947604
.Lambda : 0.00209732153179,0.01128064773373 & Score: -493.947604
.Lambda : 0.00209727749232,0.01128157798425 & Score: -493.947604
.Lambda : 0.00209718941338,0.01128343848529 & Score: -493.947604
.Lambda : 0.00209714537391,0.01128436873581 & Score: -493.947604
.Lambda : 0.00209714345216,0.01128181615478 & Score: -493.947604
.Lambda : 0.00209725643346,0.01128331940002 & Score: -493.947604
.Lambda : 0.00209722818813,0.01128294358871 & Score: -493.947604
.Lambda : 0.00209720712927,0.01128468500448 & Score: -493.947604
.Lambda : 0.00209720796501,0.01128393802074 & Score: -493.947604
.Lambda : 0.00209720880076,0.01128319103700 & Score: -493.947604
.Lambda : 0.00209721933019,0.01128232032911 & Score: -493.947604
.
Lambda Search Result: 59
Lambda : 0.00209721933019,0.01128232032911 & Score: 493.947604
DONE: Lamda Search or setting, for command:
lambda -s -t (((2,1)1,((1,(1,((1,1)1,1)1)1)1,(1,1)1)1)1,((1,1)1,(1,(1,1)1)1)1)
Running Viterbi algorithm....
Building Metapost report: recognition_all_lambda_musca.mp
Building HTML report: recognition_all_lambda_musca.html
Report Done
Lambda Tree: (((2,3)1,((5,(5,((5,5)5,5)5)5)5,(5,5)5)1)1,((4,4)4,(4,(4,4)4)4)1)
Empirical Prior Estimation Result: 33
Poisson lambda: 1.637724 & Score: 876.624902
Lambda : 0.00381454652550,0.00499776937574,0.00444206392959,0.00507437426637,0.00224241692289 & Score: -506.748788
.Lambda : 0.00400527385177,0.00499776937574,0.00444206392959,0.00507437426637,0.00224241692289 & Score: -507.670743
.Lambda : 0.00400527385177,0.00524765784452,0.00444206392959,0.00507437426637,0.00224241692289 & Score: -507.314235
.Lambda : 0.00400527385177,0.00499776937574,0.00466416712607,0.00507437426637,0.00224241692289 & Score: -507.117149
.Lambda : 0.00400527385177,0.00499776937574,0.00444206392959,0.00532809297969,0.00224241692289 & Score: -508.909909
.Lambda : 0.00400527385177,0.00499776937574,0.00444206392959,0.00507437426637,0.00235453776904 & Score: -508.253509
.Lambda : 0.00392898292126,0.00509772476325,0.00453090520819,0.00482065555306,0.00228726526135 & Score: -505.968329
.Lambda : 0.00389083745601,0.00514770245701,0.00457532584748,0.00456693683974,0.00230968943058 & Score: -504.599129
.Lambda : 0.00388320836296,0.00515769799576,0.00458420997534,0.00487139929572,0.00215720507982 & Score: -505.142188
.Lambda : 0.00383438216743,0.00522166944377,0.00464106839364,0.00479020930746,0.00223524118874 & Score: -504.679375
.Lambda : 0.00376602549369,0.00496138561468,0.00472067017926,0.00467654332389,0.00223237089508 & Score: -504.013889
.Lambda : 0.00364640131465,0.00481824949976,0.00485997330409,0.00447762785265,0.00222734788117 & Score: -502.468701
.Lambda : 0.00362247647885,0.00513946613308,0.00457688945399,0.00443784475840,0.00222634327839 & Score: -502.391501
.Lambda : 0.00343107779238,0.00521031451175,0.00453325061794,0.00411958000441,0.00221830645614 & Score: -500.126243
.Lambda : 0.00365981631188,0.00522448418748,0.00483546732580,0.00405592705362,0.00221669909169 & Score: -500.323643
.Lambda : 0.00350179765398,0.00509127004415,0.00479382422024,0.00393271312743,0.00232570853950 & Score: -499.906636
.Lambda : 0.00331109229950,0.00505805606834,0.00489863134269,0.00346337004328,0.00240996026934 & Score: -497.724289
.Lambda : 0.00334130790234,0.00496185324597,0.00483999098156,0.00348316741002,0.00231756006283 & Score: -497.723467
.Lambda : 0.00309477076979,0.00483194514706,0.00493945227553,0.00282964646130,0.00235871949987 & Score: -495.372576
.Lambda : 0.00296642593927,0.00490951730875,0.00505138409894,0.00301152372637,0.00226272384871 & Score: -493.775014
.Lambda : 0.00250422018090,0.00479042473462,0.00528941322467,0.00223381716969,0.00223924105777 & Score: -490.738671
.Lambda : 0.00275398962712,0.00522784035994,0.00493851261056,0.00220330844027,0.00234982266875 & Score: -493.498919
.Lambda : 0.00237824395600,0.00482294814120,0.00500423670275,0.00188396179397,0.00241372088906 & Score: -493.474503
.Lambda : 0.00218584894094,0.00468217126872,0.00549484784454,0.00092606155899,0.00249027929778 & Score: -513.449102
.Lambda : 0.00249715615380,0.00481420707948,0.00525444853789,0.00172444117035,0.00242228608737 & Score: -495.620780
.Lambda : 0.00198025997555,0.00473689011658,0.00527179399787,0.00088669997095,0.00230355581179 & Score: -513.125911
.Lambda : 0.00231296805654,0.00481718160452,0.00517850333407,0.00153086748903,0.00233015692618 & Score: -496.516075
.Lambda : 0.00297838421851,0.00497776458040,0.00499192200649,0.00281920252520,0.00238335915496 & Score: -494.401019
.Lambda : 0.00298668734713,0.00504616210582,0.00481096619011,0.00306353338582,0.00227565922079 & Score: -494.365745
.Lambda : 0.00234583936208,0.00511411082173,0.00507456801830,0.00205188286468,0.00230600169666 & Score: -490.781707
.Lambda : 0.00220920797078,0.00502282988492,0.00505515669207,0.00175539893657,0.00225041905826 & Score: -492.158743
.Lambda : 0.00188991309163,0.00494509947115,0.00533378870923,0.00098781429625,0.00234802292741 & Score: -507.633732
.Lambda : 0.00216410665550,0.00497036512982,0.00520308307945,0.00150674406864,0.00232993200076 & Score: -495.486045
.Lambda : 0.00242502977149,0.00495226777817,0.00518199062149,0.00214285001718,0.00227262137722 & Score: -490.709150
.Lambda : 0.00235671407584,0.00490662730977,0.00517228495837,0.00199460805313,0.00224483005802 & Score: -491.039267
.Lambda : 0.00244123206845,0.00480668643791,0.00514682496371,0.00205888948183,0.00232648097342 & Score: -491.891151
.Lambda : 0.00262910490401,0.00500913254728,0.00511396291761,0.00221856280498,0.00229453186326 & Score: -492.085950
.Lambda : 0.00274545376402,0.00491829342022,0.00505018970739,0.00264867527776,0.00225745013928 & Score: -492.002520
.Lambda : 0.00235995504027,0.00474058732500,0.00522231847263,0.00221297319485,0.00224171757902 & Score: -489.929988
.Lambda : 0.00222538010840,0.00460631471385,0.00527649625014,0.00221017838979,0.00221531043690 & Score: -488.855735
.Lambda : 0.00203557671802,0.00470663496952,0.00537661429996,0.00160746196689,0.00226194342204 & Score: -492.612611
.Lambda : 0.00221304597952,0.00475954958219,0.00529500815182,0.00186776529461,0.00226082010135 & Score: -491.002887
.Lambda : 0.00224852397801,0.00479938720953,0.00533925231888,0.00212079808793,0.00216664823908 & Score: -488.841561
.Lambda : 0.00215216993278,0.00479573759534,0.00543546599647,0.00215175239098,0.00208673187192 & Score: -487.406786
.Lambda : 0.00225122431339,0.00465509045190,0.00541906473946,0.00224793725177,0.00218505988004 & Score: -488.401134
.Lambda : 0.00241016374327,0.00476038452737,0.00534596418107,0.00252684879316,0.00213876574818 & Score: -488.631791
.Lambda : 0.00208136696683,0.00471749329204,0.00537417949079,0.00227800956746,0.00212015466793 & Score: -486.653117
.Lambda : 0.00186994035979,0.00468102757074,0.00541656262385,0.00230010576635,0.00206061147301 & Score: -484.698259
.Lambda : 0.00193852161156,0.00444715416551,0.00557543089491,0.00243187901964,0.00200197038681 & Score: -484.704717
.Lambda : 0.00202342787593,0.00472944301049,0.00560049912417,0.00245323089897,0.00197394530709 & Score: -484.701582
.Lambda : 0.00168394989412,0.00456299659023,0.00563284517047,0.00210711333793,0.00198456181936 & Score: -483.797523
.Lambda : 0.00132084296954,0.00446430262166,0.00577628566517,0.00189724561031,0.00190745985496 & Score: -482.571300
.Lambda : 0.00147073678645,0.00459197553360,0.00570263298236,0.00224574822273,0.00182722767747 & Score: -481.025979
.Lambda : 0.00108049302298,0.00456041807445,0.00584441710381,0.00224465370821,0.00164831157618 & Score: -478.135983
.Lambda : 0.00114112040314,0.00435720058180,0.00584981216830,0.00237909361041,0.00175018756730 & Score: -478.400545
.Lambda : 0.00103580824099,0.00466980257815,0.00581959977920,0.00207785281806,0.00173423592461 & Score: -478.692943
.Lambda : 0.00055585412265,0.00436365756023,0.00588217181197,0.00190634970637,0.00166637725133 & Score: -479.045271
.Lambda : 0.00018370714392,0.00428512499577,0.00625235198753,0.00190197241500,0.00142201739674 & Score: -482.268196
.Lambda : 0.00027795020393,0.00443017889449,0.00608305547515,0.00230672329291,0.00138099203151 & Score: -477.406740
.Lambda : -0.00024349617887,0.00441311703091,0.00623644038014,0.00251146213421,0.00111775811979 & Score: -inf
.Lambda : 0.00145278325355,0.00466737807988,0.00553927054784,0.00246389683939,0.00185002434364 & Score: -480.392295
.Lambda : 0.00018370714392,0.00428512499577,0.00625235198753,0.00190197241500,0.00142201739674 & Score: -482.268196
.Lambda : 0.00050097617133,0.00438068826679,0.00607408162761,0.00204245352109,0.00152901913346 & Score: -477.724170
.Lambda : 0.00105868509430,0.00459565779804,0.00598621464966,0.00251396107390,0.00155072124189 & Score: -476.873161
.Lambda : 0.00131010058012,0.00471165791695,0.00603823606851,0.00281776675767,0.00149289323717 & Score: -478.030703
.Lambda : 0.00058788171728,0.00425985486808,0.00611543263061,0.00251690126455,0.00140945669553 & Score: -475.774039
.Lambda : 0.00036391845543,0.00405488101305,0.00626334905631,0.00273642548779,0.00124706708099 & Score: -476.656734
.Lambda : 0.00026127408079,0.00453351857895,0.00619146842645,0.00227078353386,0.00125721270413 & Score: -478.156774
.Lambda : 0.00114112040314,0.00435720058180,0.00584981216830,0.00237909361041,0.00175018756730 & Score: -478.400545
.Lambda : 0.00092115882255,0.00440128008109,0.00593522623283,0.00235201609127,0.00162694385151 & Score: -476.998855
.Lambda : 0.00025816778078,0.00426664588895,0.00623318714253,0.00244816838928,0.00135054160538 & Score: -477.201229
.Lambda : 0.00074056127621,0.00440075874547,0.00606716482471,0.00281265452367,0.00139844303687 & Score: -475.556717
.Lambda : 0.00086035382864,0.00441079398481,0.00606370642326,0.00319775502496,0.00133315498857 & Score: -476.500022
.Lambda : 0.00114863167251,0.00433950005816,0.00605183471699,0.00275075724416,0.00155345054096 & Score: -477.476298
.Lambda : 0.00093096130537,0.00436216976725,0.00605963990653,0.00263974875635,0.00151033591360 & Score: -476.328704
.Lambda : 0.00143753150551,0.00454124261502,0.00583228415520,0.00268594429462,0.00164781869038 & Score: -479.458445
.Lambda : 0.00114269057432,0.00447259343350,0.00593250990204,0.00262650031828,0.00157349941913 & Score: -477.461520
.Lambda : 0.00066422149674,0.00433030680678,0.00609129872766,0.00266477789411,0.00140394986620 & Score: -475.562592
.Lambda : 0.00083576129079,0.00438146425636,0.00606340236562,0.00272620164001,0.00145438947523 & Score: -475.855979
.Lambda : 0.00089962318525,0.00449820827176,0.00602668973719,0.00266330779879,0.00147458213938 & Score: -475.994458
.Lambda : 0.00083086004938,0.00440101941328,0.00600119552877,0.00258233530747,0.00151269344419 & Score: -475.978328
.Lambda : 0.00049936452849,0.00433370231721,0.00615017598362,0.00263041145648,0.00137449232112 & Score: -475.367236
.Lambda : 0.00052868427139,0.00424069234388,0.00612260523496,0.00270324452991,0.00138300511806 & Score: -475.455122
.Lambda : 0.00047657709607,0.00427375037460,0.00619666332586,0.00283258071020,0.00129301848281 & Score: -475.586704
.Lambda : 0.00032800217677,0.00425021997882,0.00618776087311,0.00273126600574,0.00128677405479 & Score: -476.155351
.Lambda : 0.00045494195528,0.00428303104820,0.00615667124623,0.00272999991430,0.00132867790990 & Score: -475.549070
.Lambda : 0.00067853231517,0.00436164613002,0.00603850308102,0.00258385461719,0.00146240881806 & Score: -475.570635
.Lambda : 0.00047657709607,0.00427375037460,0.00619666332586,0.00283258071020,0.00129301848281 & Score: -475.586704
.Lambda : 0.00052706590085,0.00429572431346,0.00615712326465,0.00277039918695,0.00133536606662 & Score: -475.426600
.Lambda : 0.00043602567614,0.00429125670051,0.00617019749401,0.00279390595041,0.00132404391483 & Score: -475.456490
.Lambda : 0.00023787165665,0.00417700394384,0.00623554446468,0.00263852989155,0.00129979109535 & Score: -477.094505
.Lambda : 0.00036354406154,0.00423294264424,0.00619344955469,0.00268206104958,0.00132445408073 & Score: -475.914216
.Lambda : 0.00051321521467,0.00431471331533,0.00615364962413,0.00270040532171,0.00135492919387 & Score: -475.371448
.Lambda : 0.00051402439994,0.00428719733055,0.00613639060929,0.00266682799319,0.00137874871959 & Score: -475.401099
.Lambda : 0.00046769510232,0.00431247950886,0.00616018673882,0.00271215870344,0.00134926811798 & Score: -475.389828
.Lambda : 0.00047715324188,0.00430836668271,0.00615342361493,0.00268020568539,0.00135158511551 & Score: -475.441426
.Lambda : 0.00061996290235,0.00436723053134,0.00610867040416,0.00272153299007,0.00138646767899 & Score: -475.323931
.Lambda : 0.00056855161722,0.00433776251861,0.00613020572908,0.00269232890057,0.00138597729711 & Score: -475.282525
.Lambda : 0.00061425080489,0.00435246043656,0.00611859678616,0.00269839050816,0.00140317338791 & Score: -475.286904
.Lambda : 0.00055349134608,0.00437915794600,0.00614476478264,0.00271590695572,0.00136170512404 & Score: -475.227229
.Lambda : 0.00057322481915,0.00442513825372,0.00614895186931,0.00274044643698,0.00135318332626 & Score: -475.168909
.Lambda : 0.00064203253043,0.00439893926563,0.00611647470531,0.00268189133888,0.00139275180897 & Score: -475.334395
.Lambda : 0.00064803934439,0.00443039583927,0.00610814185246,0.00268623912748,0.00140221977911 & Score: -475.258510
.Lambda : 0.00072135995692,0.00445008424622,0.00609480184051,0.00277856406112,0.00139374763505 & Score: -475.402635
.Lambda : 0.00066586109982,0.00442098876397,0.00610864537629,0.00274152590996,0.00138893380657 & Score: -475.321336
.Lambda : 0.00058822338273,0.00439366709714,0.00612537138721,0.00275093800715,0.00137396094625 & Score: -475.190404
.Lambda : 0.00059759720297,0.00443595045774,0.00613985608157,0.00272305836278,0.00137524238313 & Score: -475.129180
.Lambda : 0.00058641435329,0.00447031042094,0.00615544892028,0.00272382104913,0.00136962973520 & Score: -475.037835
.Lambda : 0.00051992030689,0.00440192088791,0.00615860252705,0.00269598349857,0.00136505462700 & Score: -475.140768
.Lambda : 0.00059777726536,0.00451081048098,0.00614840089344,0.00274664234715,0.00135964206842 & Score: -475.006150
.Lambda : 0.00061239008942,0.00459733446217,0.00615749847562,0.00277379907045,0.00134647445407 & Score: -474.887305
.Lambda : 0.00050402983620,0.00448495260948,0.00619020741933,0.00278775609743,0.00132110145640 & Score: -475.014356
.Lambda : 0.00053016837925,0.00455819555655,0.00619891229742,0.00273778445388,0.00132821649332 & Score: -474.896983
.Lambda : 0.00052794436688,0.00457994732110,0.00619531598657,0.00274721123080,0.00133900738013 & Score: -474.787648
.Lambda : 0.00050530414074,0.00465735185479,0.00621849804520,0.00275059362770,0.00133191940707 & Score: -474.620705
.Lambda : 0.00057540241267,0.00470533707366,0.00620962353609,0.00281351822087,0.00131388199142 & Score: -474.653000
.Lambda : 0.00050450359003,0.00473095820172,0.00623444698918,0.00282155953900,0.00128700778572 & Score: -474.600707
.Lambda : 0.00046354820840,0.00486128209211,0.00627394602363,0.00287042878393,0.00124569681098 & Score: -474.468027
.Lambda : 0.00057069545599,0.00486684780623,0.00623318393185,0.00279069356530,0.00130537420634 & Score: -474.391366
.Lambda : 0.00060402826588,0.00505779540460,0.00625467218812,0.00279216229924,0.00129751058131 & Score: -474.171317
.Lambda : 0.00057410086760,0.00499344479838,0.00624678301004,0.00286241634700,0.00128597680462 & Score: -474.225312
.Lambda : 0.00047656346869,0.00511275002725,0.00632391064562,0.00286184864105,0.00124351978409 & Score: -473.997474
.Lambda : 0.00040865015832,0.00537045780978,0.00640711673062,0.00290587342635,0.00119204244910 & Score: -473.820892
.Lambda : 0.00044685024371,0.00527079571020,0.00635078286296,0.00285907157282,0.00122737642981 & Score: -473.805665
.Lambda : 0.00038257415923,0.00555352502847,0.00642136252639,0.00288184824880,0.00118412364901 & Score: -473.657944
.Lambda : 0.00046785652303,0.00567725019855,0.00642305414632,0.00297449801442,0.00115022071094 & Score: -473.729822
.Lambda : 0.00051133578122,0.00579970720381,0.00642724941697,0.00289629055040,0.00119825286702 & Score: -473.279748
.Lambda : 0.00053522956764,0.00626891975966,0.00650390111363,0.00290922143363,0.00117453089504 & Score: -472.956035
.Lambda : 0.00038523460204,0.00617773448205,0.00655725967199,0.00292302502198,0.00111339450954 & Score: -473.386732
.Lambda : 0.00026778973823,0.00656135950680,0.00667040548746,0.00304562415883,0.00102821430414 & Score: -474.161871
.Lambda : 0.00060402826588,0.00505779540460,0.00625467218812,0.00279216229924,0.00129751058131 & Score: -474.171317
.Lambda : 0.00051996863397,0.00543368643015,0.00635860551296,0.00285552776414,0.00123018651202 & Score: -473.638099
.Lambda : 0.00050769523604,0.00627398854977,0.00649855645790,0.00291177476683,0.00114894006151 & Score: -473.109515
.Lambda : 0.00046442435654,0.00620589150149,0.00651281996683,0.00281806087973,0.00119024953991 & Score: -472.808972
.Lambda : 0.00046270827329,0.00647021215296,0.00655770287709,0.00273984231238,0.00121026395440 & Score: -472.480706
.Lambda : 0.00058176036596,0.00669629152137,0.00656904772703,0.00285390827079,0.00116680272399 & Score: -472.792602
.Lambda : 0.00046908258402,0.00732117215617,0.00671598162610,0.00287958095811,0.00109538634577 & Score: -472.634079
.Lambda : 0.00063735580873,0.00703449917392,0.00658081624871,0.00279470607472,0.00120497508275 & Score: -472.531950
.Lambda : 0.00056675940382,0.00724244935586,0.00667242337913,0.00275912885301,0.00119184353926 & Score: -472.193021
.Lambda : 0.00059629148771,0.00772667975891,0.00675935683974,0.00268280589611,0.00121329527814 & Score: -471.960982
.Lambda : 0.00056364984025,0.00783062214567,0.00676926101383,0.00267111597121,0.00118175845898 & Score: -472.072363
.Lambda : 0.00050987483164,0.00785698263368,0.00678419971516,0.00265331221422,0.00119546892402 & Score: -471.835745
.Lambda : 0.00047393206448,0.00843732818984,0.00689177570922,0.00255301418594,0.00120980202404 & Score: -471.693072
.Lambda : 0.00062449240576,0.00767856441235,0.00670758344933,0.00249701281804,0.00131265157355 & Score: -471.974886
.Lambda : 0.00045107381986,0.00822286348997,0.00689345570697,0.00246281039875,0.00124613343289 & Score: -471.788995
.Lambda : 0.00062106757394,0.00948821104573,0.00705087021055,0.00240686139564,0.00125519235264 & Score: -472.037437
.Lambda : 0.00054309310045,0.00879083661305,0.00695195575249,0.00236988590658,0.00131307140552 & Score: -471.750517
.Lambda : 0.00045448557737,0.00685429793991,0.00663078077255,0.00261935028653,0.00126278913301 & Score: -472.009279
.Lambda : 0.00062106757394,0.00948821104573,0.00705087021055,0.00240686139564,0.00125519235264 & Score: -472.037437
.Lambda : 0.00057942207479,0.00882973276928,0.00694584785105,0.00245998361836,0.00125709154774 & Score: -471.798596
.Lambda : 0.00043303261316,0.00912441191607,0.00706937329445,0.00251438718426,0.00118310590178 & Score: -471.786714
.Lambda : 0.00039592998139,0.00963538943237,0.00714160648593,0.00226122662145,0.00127038644665 & Score: -472.393130
.Lambda : 0.00044602035797,0.00915821201401,0.00704604407439,0.00236662144011,0.00125611365452 & Score: -471.898729
.Lambda : 0.00054620111113,0.00820385717727,0.00685491925129,0.00257741107744,0.00122756807027 & Score: -471.707516
.Lambda : 0.00039951100884,0.00828198618520,0.00691874403472,0.00253101988283,0.00121478078606 & Score: -471.746898
.Lambda : 0.00050723413936,0.00891250454261,0.00698125150990,0.00255547689607,0.00121319784218 & Score: -471.565305
.Lambda : 0.00053531429911,0.00925732506893,0.00702514941136,0.00260181014472,0.00119673004682 & Score: -471.570084
.Lambda : 0.00055495595655,0.00792619316712,0.00677008520859,0.00252033599529,0.00128826214944 & Score: -471.664606
.Lambda : 0.00044964061169,0.00791391109176,0.00681475453299,0.00272501730845,0.00114837294327 & Score: -471.956435
.Lambda : 0.00047300373388,0.00813314247209,0.00684905483787,0.00263623445798,0.00118954755884 & Score: -471.722125
.Lambda : 0.00062261979332,0.00836322403437,0.00682009057202,0.00260596916226,0.00123657027184 & Score: -471.830101
.Lambda : 0.00056684259720,0.00834291457208,0.00684475393770,0.00258723184240,0.00123112290040 & Score: -471.695136
.Lambda : 0.00058666261361,0.00859597658748,0.00688805940881,0.00248115354087,0.00127843363569 & Score: -471.691944
.Lambda : 0.00052964983735,0.00868210964637,0.00689545105839,0.00250147390678,0.00126075935043 & Score: -471.556882
.Lambda : 0.00052137420046,0.00892123588093,0.00691571696195,0.00246350532146,0.00127735499052 & Score: -471.532301
.Lambda : 0.00049082099258,0.00877438077511,0.00693400158168,0.00244216253345,0.00127569735635 & Score: -471.576678
.Lambda : 0.00059048709654,0.00881478819146,0.00690387015915,0.00243203952891,0.00132337636563 & Score: -471.599695
.Lambda : 0.00047928634059,0.00874366443541,0.00691391075970,0.00248425456919,0.00127272184596 & Score: -471.438234
.Lambda : 0.00042559820409,0.00881750835937,0.00692683643515,0.00248580508335,0.00126986595109 & Score: -471.415527
.Lambda : 0.00045924989667,0.00976997393267,0.00709458545054,0.00243125975001,0.00125553485286 & Score: -471.568789
.Lambda : 0.00037122387672,0.00926345320482,0.00703708661654,0.00251924430482,0.00119328403156 & Score: -471.785563
.Lambda : 0.00042603968168,0.00915128695148,0.00700378250219,0.00249744311084,0.00122580711508 & Score: -471.575327
.Lambda : 0.00044497745632,0.00945462309171,0.00703486756220,0.00253123353124,0.00122100694434 & Score: -471.454088
.Lambda : 0.00051733387708,0.00919905137144,0.00697752066571,0.00248946912201,0.00126897711731 & Score: -471.410547
.Lambda : 0.00056298097478,0.00922293358142,0.00696438974746,0.00248548212759,0.00129056211843 & Score: -471.418261
.Lambda : 0.00050735725426,0.00835199536575,0.00683989180342,0.00257893623164,0.00124462628531 & Score: -471.477858
.Lambda : 0.00045942225752,0.00898526108507,0.00689668186147,0.00246410281981,0.00129953467325 & Score: -471.337017
.Lambda : 0.00043551631660,0.00902163935631,0.00685439703726,0.00241841578168,0.00134270308878 & Score: -471.343020
.Lambda : 0.00042050141924,0.00900213982841,0.00695460236923,0.00255631339377,0.00124424939800 & Score: -471.288746
.Lambda : 0.00037006502863,0.00904259180216,0.00697404507287,0.00260271742992,0.00122769660175 & Score: -471.297665
.Lambda : 0.00039977603144,0.00983143812865,0.00707631175409,0.00243183334843,0.00127682734829 & Score: -471.481026
.Lambda : 0.00042667133715,0.00946157743793,0.00701720676642,0.00246860906923,0.00126877708254 & Score: -471.381537
.Lambda : 0.00045483338171,0.00873159214118,0.00687427167699,0.00245448626403,0.00131955474454 & Score: -471.311056
.Lambda : 0.00048590670500,0.00933434038624,0.00696127690078,0.00248738718419,0.00129057125517 & Score: -471.250211
.Lambda : 0.00051606095545,0.00959275639967,0.00697849713360,0.00248817823460,0.00130092390721 & Score: -471.227466
.Lambda : 0.00039366186335,0.00911027938547,0.00691098325738,0.00248320679057,0.00130423880491 & Score: -471.245204
.Lambda : 0.00047112061376,0.00870723409800,0.00682880775305,0.00250990593188,0.00131862352862 & Score: -471.158109
.Lambda : 0.00049334525207,0.00833006242803,0.00673460824636,0.00253055436320,0.00134354675166 & Score: -471.143037
.Lambda : 0.00045193889121,0.00892147098803,0.00688450321195,0.00254099279865,0.00130547076928 & Score: -471.033546
.Lambda : 0.00044819720805,0.00888957593951,0.00687841388718,0.00257943778807,0.00130843881730 & Score: -470.900934
.Lambda : 0.00045387329755,0.00923833345126,0.00690857028051,0.00260058996406,0.00128100432709 & Score: -470.952002
.Lambda : 0.00050155401135,0.00906226321316,0.00680982675278,0.00251647346243,0.00137101164526 & Score: -470.915966
.Lambda : 0.00057155042644,0.00893491718718,0.00681298326280,0.00260288673437,0.00133773137450 & Score: -470.997597
.Lambda : 0.00047134712274,0.00818930448799,0.00667926383825,0.00264379869025,0.00135576925912 & Score: -470.817342
.Lambda : 0.00044899020638,0.00748757853214,0.00652964719058,0.00272160891808,0.00138319193507 & Score: -470.900838
.Lambda : 0.00048526357438,0.00939569528361,0.00690101496225,0.00264672029248,0.00131803541765 & Score: -470.669330
.Lambda : 0.00048122273554,0.00992851171140,0.00698421832020,0.00270480325712,0.00130527975064 & Score: -470.556296
.Lambda : 0.00037092732365,0.00918827833414,0.00689113396878,0.00261515453040,0.00131087014526 & Score: -470.793961
.Lambda : 0.00045542606298,0.00886484002322,0.00678857242636,0.00262327712725,0.00137954351994 & Score: -470.529722
.Lambda : 0.00045620244569,0.00867809330920,0.00672857349929,0.00263462070885,0.00142881311636 & Score: -470.400181
.Lambda : 0.00038960472292,0.00888724229973,0.00685481465270,0.00275465252745,0.00131265679020 & Score: -470.474603
.Lambda : 0.00041952453216,0.00905899611748,0.00677678782450,0.00276177409755,0.00137691680733 & Score: -470.209312
.Lambda : 0.00040518819421,0.00914370620646,0.00672597479316,0.00285294225229,0.00141115580235 & Score: -469.984205
.Lambda : 0.00036991104606,0.01014102825639,0.00699462225540,0.00278107062019,0.00135174098281 & Score: -470.136248
.Lambda : 0.00046992433412,0.00952315437913,0.00682414743952,0.00287608121596,0.00141298843169 & Score: -469.938440
.Lambda : 0.00051942283935,0.00969059240163,0.00679065417490,0.00300654455874,0.00146404757490 & Score: -469.913077
.Lambda : 0.00037490896375,0.00868775327797,0.00665363742998,0.00290712900989,0.00148208595601 & Score: -469.832472
.Lambda : 0.00032175207786,0.00806737406125,0.00648834698487,0.00300829188628,0.00157048905870 & Score: -469.981469
.Lambda : 0.00046064867271,0.00964922708092,0.00670257020839,0.00291827033254,0.00154248058277 & Score: -469.689234
.Lambda : 0.00049617064761,0.01003021947152,0.00662644798624,0.00300007923509,0.00165739247905 & Score: -469.777309
.Lambda : 0.00039582944074,0.01024682958014,0.00681841004544,0.00315176200061,0.00147179124318 & Score: -469.662771
.Lambda : 0.00036564293827,0.01103119771561,0.00686332831852,0.00341033264649,0.00149328030659 & Score: -469.951900
.Lambda : 0.00049248819825,0.00882621516246,0.00648187640536,0.00315358864144,0.00159688348088 & Score: -469.985548
.Lambda : 0.00036991104606,0.01014102825639,0.00699462225540,0.00278107062019,0.00135174098281 & Score: -470.136248
.Lambda : 0.00040055533411,0.00981232498291,0.00686643579289,0.00287420012550,0.00141302660733 & Score: -469.826828
.Lambda : 0.00045535790606,0.01009098472297,0.00680670826747,0.00309022015862,0.00153821698332 & Score: -469.598201
.Lambda : 0.00048044276198,0.01056462398122,0.00684707500463,0.00320885911179,0.00160174757381 & Score: -469.709231
.Lambda : 0.00031549728760,0.00970425545634,0.00674845052277,0.00297008809213,0.00151499297414 & Score: -469.652576
.Lambda : 0.00043624649273,0.01111369545134,0.00692339250481,0.00309468727387,0.00151011740029 & Score: -469.675709
.Lambda : 0.00042487658583,0.01050967193378,0.00673337682667,0.00321581101761,0.00161801306615 & Score: -469.645965
.Lambda : 0.00035047441247,0.01101694777690,0.00690956505847,0.00329075708460,0.00151877208407 & Score: -469.688712
.Lambda : 0.00046064867271,0.00964922708092,0.00670257020839,0.00291827033254,0.00154248058277 & Score: -469.689234
.Lambda : 0.00043310510765,0.00999115725492,0.00675431892091,0.00301139202056,0.00153655345809 & Score: -469.584101
.Lambda : 0.00037362003842,0.00910346412791,0.00662111332850,0.00308102204194,0.00156170968967 & Score: -469.602068
.Lambda : 0.00040515332948,0.00951298381822,0.00664717710109,0.00299565133173,0.00163600322538 & Score: -469.531373
.Lambda : 0.00040981527384,0.00914606093727,0.00656156062892,0.00291759599729,0.00171810921647 & Score: -469.680173
.Lambda : 0.00052134789937,0.00997904928679,0.00667662725509,0.00318755053605,0.00164120559490 & Score: -469.906633
.Lambda : 0.00046988524643,0.00991035082917,0.00669458307201,0.00313318492507,0.00160965243971 & Score: -469.670052
.Lambda : 0.00041912921856,0.00975207053657,0.00670074801100,0.00300352167614,0.00158627834173 & Score: -469.533854
.Lambda : 0.00043025561777,0.00980198427060,0.00672694268428,0.00304293574518,0.00158711010435 & Score: -469.524731
.Lambda : 0.00038938668395,0.00930822397307,0.00663414521480,0.00303833668683,0.00159885645752 & Score: -469.546053
.Lambda : 0.00041501495765,0.01001132787600,0.00669027696388,0.00310573117467,0.00162700814577 & Score: -469.534343
.Lambda : 0.00036032530854,0.00960861963728,0.00669781381193,0.00298286971193,0.00157549809976 & Score: -469.523739
.Lambda : 0.00042256468885,0.01016657048240,0.00675103821408,0.00301394716902,0.00160590270927 & Score: -469.507886
.Lambda : 0.00043915369130,0.01059574373707,0.00680948471372,0.00300175241012,0.00160942583514 & Score: -469.544084
.Lambda : 0.00039995630762,0.00952556362203,0.00671921096507,0.00290983907893,0.00156930884643 & Score: -469.555945
.Lambda : 0.00040372097013,0.00964700468552,0.00671197746478,0.00295881210287,0.00158373367126 & Score: -469.520098
.Lambda : 0.00038967874734,0.00974279462104,0.00671323169946,0.00299416474815,0.00160902078227 & Score: -469.476959
.Lambda : 0.00037495351173,0.00973815666327,0.00671947354369,0.00298948628415,0.00162039200254 & Score: -469.461187
.Lambda : 0.00039157470933,0.01007195047740,0.00679572118641,0.00299956907353,0.00155305140950 & Score: -469.481849
.Lambda : 0.00035100005767,0.00989093650775,0.00674346700407,0.00293493799142,0.00158832105258 & Score: -469.518374
.Lambda : 0.00041720026655,0.01019722788926,0.00679085715328,0.00297583133647,0.00160506223830 & Score: -469.476848
.Lambda : 0.00037919632352,0.01037893212251,0.00680824537584,0.00300669663897,0.00160535809361 & Score: -469.442703
.Lambda : 0.00036693400021,0.01074489584101,0.00685637933137,0.00303063890702,0.00161617030479 & Score: -469.442553
.Lambda : 0.00043829081300,0.01047658403358,0.00682192076746,0.00306885111665,0.00161191041318 & Score: -469.510391
.Lambda : 0.00035100005767,0.00989093650775,0.00674346700407,0.00293493799142,0.00158832105258 & Score: -469.518374
.Lambda : 0.00037282274650,0.01003734838921,0.00676308044492,0.00296841627273,0.00159421839273 & Score: -469.470484
.Lambda : 0.00034682940488,0.01014926122166,0.00681916644979,0.00297162958053,0.00158965502988 & Score: -469.446001
.Lambda : 0.00035992126261,0.01027480552436,0.00678386158281,0.00297483187883,0.00165714777780 & Score: -469.443373
.Lambda : 0.00031138410383,0.01018055916655,0.00678592738775,0.00299816983284,0.00162597116479 & Score: -469.496559
.Lambda : 0.00033783814451,0.01018472634722,0.00678715982914,0.00299258520875,0.00162074393317 & Score: -469.453270
.Lambda : 0.00034176778307,0.01039938984980,0.00682333584980,0.00301525247098,0.00164742522654 & Score: -469.419120
.Lambda : 0.00032624030136,0.01058041058009,0.00685346355224,0.00303867057011,0.00167402864344 & Score: -469.425622
.Lambda : 0.00032636272638,0.01096307485035,0.00690848767347,0.00300448893430,0.00163206490633 & Score: -469.470493
.Lambda : 0.00033851042272,0.01065684530358,0.00686123414103,0.00300073827176,0.00162914668038 & Score: -469.441645
.Lambda : 0.00036374700489,0.01070535274894,0.00687043111279,0.00300465123491,0.00163507407458 & Score: -469.420316
.Lambda : 0.00036152278453,0.01096325448542,0.00685893035732,0.00303881552487,0.00168433059576 & Score: -469.465534
.Lambda : 0.00035784943961,0.01075975616948,0.00684898938044,0.00302201903879,0.00166066170429 & Score: -469.438798
.Lambda : 0.00034760219759,0.01103169044076,0.00692028634336,0.00305448809055,0.00161824341843 & Score: -469.442946
.Lambda : 0.00035992126261,0.01027480552436,0.00678386158281,0.00297483187883,0.00165714777780 & Score: -469.443373
.Lambda : 0.00035684149636,0.01046402675346,0.00681796777295,0.00299474593176,0.00164742168796 & Score: -469.430937
.Lambda : 0.00033655245845,0.01044925248910,0.00683240397143,0.00298432387226,0.00167172144471 & Score: -469.434396
.Lambda : 0.00036419285024,0.01045426590073,0.00681601709393,0.00300765874772,0.00167577497485 & Score: -469.420771
.Lambda : 0.00034739119759,0.01022915892733,0.00681507293992,0.00298063386427,0.00165030525917 & Score: -469.414876
.Lambda : 0.00034216207658,0.00996386030626,0.00679811471966,0.00295994127701,0.00164512703661 & Score: -469.424430
.Lambda : 0.00037302367441,0.01045162518301,0.00682472593632,0.00301685302760,0.00163067904453 & Score: -469.418248
.Lambda : 0.00035920750772,0.01043189029046,0.00684186540016,0.00301527380643,0.00164828174391 & Score: -469.394818
.Lambda : 0.00036039051341,0.01041582205896,0.00685381421376,0.00302553774376,0.00164871177189 & Score: -469.377973
.Lambda : 0.00035033521911,0.01042627360649,0.00685893492710,0.00300951258889,0.00160910317583 & Score: -469.404941
.Lambda : 0.00034541635014,0.01006355510130,0.00679992243398,0.00301446464329,0.00163941571660 & Score: -469.400996
.Lambda : 0.00036885499879,0.01023518410104,0.00683765233063,0.00300354827614,0.00162386076066 & Score: -469.384365
.Lambda : 0.00033593163721,0.01009637233504,0.00684143280183,0.00299662581894,0.00163787962913 & Score: -469.384142
.Lambda : 0.00035698028987,0.01026572395380,0.00686162974301,0.00303924176414,0.00161328316248 & Score: -469.365377
.Lambda : 0.00036177483601,0.01028400646703,0.00688490814455,0.00306854571407,0.00159477211413 & Score: -469.356841
.Lambda : 0.00035861211511,0.01001170241886,0.00682815704280,0.00303397628959,0.00164875282113 & Score: -469.352777
.Lambda : 0.00036275056312,0.00980441682504,0.00681276810065,0.00304620813994,0.00166857764378 & Score: -469.345863
.Lambda : 0.00037046466927,0.01027076561355,0.00689230780259,0.00304172163385,0.00163010505124 & Score: -469.325891
.Lambda : 0.00038298882883,0.01037437086967,0.00693850048690,0.00305535012913,0.00162544971856 & Score: -469.303753
.Lambda : 0.00035267955264,0.01015481132126,0.00689491716844,0.00307335874220,0.00164629559033 & Score: -469.303489
.Lambda : 0.00034459182957,0.01011462493137,0.00692354958735,0.00310826397523,0.00165751300516 & Score: -469.276582
.Lambda : 0.00038906699116,0.01030092412580,0.00692398341145,0.00312493646192,0.00164013007228 & Score: -469.316576
.Lambda : 0.00037607870607,0.00993551522860,0.00693966967860,0.00313578402436,0.00162586524968 & Score: -469.263346
.Lambda : 0.00038392280240,0.00969536181342,0.00698259741101,0.00319090716466,0.00161444198858 & Score: -469.250916
.Lambda : 0.00038355357002,0.00983187295909,0.00694765145440,0.00314172063428,0.00168767285722 & Score: -469.247541
.Lambda : 0.00039444293702,0.00960580620512,0.00697902310932,0.00317830809438,0.00173412322876 & Score: -469.262239
.Lambda : 0.00039089904568,0.01032244505470,0.00707374483980,0.00320226320615,0.00162150541294 & Score: -469.241508
.Lambda : 0.00040497328696,0.01058145916953,0.00720423320937,0.00328029073925,0.00159796929752 & Score: -469.284745
.Lambda : 0.00036531543943,0.00983454612551,0.00702243410033,0.00315446558186,0.00164250312071 & Score: -469.179006
.Lambda : 0.00035343966357,0.00960135712537,0.00707165944477,0.00316923014184,0.00164368964492 & Score: -469.130865
.Lambda : 0.00035957393566,0.00945189388391,0.00706118060803,0.00326960391973,0.00166447944497 & Score: -469.206949
.Lambda : 0.00040396377736,0.00944654740322,0.00713118391585,0.00328122605143,0.00163520273429 & Score: -469.214260
.Lambda : 0.00037264919451,0.00976628475709,0.00713157069413,0.00323471041671,0.00168657804915 & Score: -469.134192
.Lambda : 0.00036865667669,0.00960353833062,0.00724008434663,0.00332109286006,0.00161290925729 & Score: -469.141605
.Lambda : 0.00035241425344,0.00882540354538,0.00718052676397,0.00330808214976,0.00167563823931 & Score: -469.176655
.Lambda : 0.00031872971219,0.00945284365373,0.00714282482716,0.00323986174381,0.00167811511997 & Score: -469.128365
.Lambda : 0.00027611267960,0.00945599177898,0.00714864528281,0.00321917959000,0.00169957131281 & Score: -469.207585
.Lambda : 0.00034678186450,0.00944787708097,0.00724548582263,0.00323958700514,0.00165429267929 & Score: -469.026382
.Lambda : 0.00034038582892,0.00944586867950,0.00733763842993,0.00322457854784,0.00164919929644 & Score: -468.944908
.Lambda : 0.00034913017691,0.01032255347314,0.00718898433308,0.00316770733434,0.00163255830780 & Score: -469.097108
.Lambda : 0.00032507715375,0.00983202474491,0.00710898674499,0.00309334241376,0.00170314691003 & Score: -469.111002
.Lambda : 0.00030205581962,0.00969557431357,0.00720846681785,0.00312317765593,0.00163610566251 & Score: -469.071211
.Lambda : 0.00030071181299,0.00989818882057,0.00732310101643,0.00317023693644,0.00167596047378 & Score: -468.991723
.Lambda : 0.00032821460469,0.01022484035895,0.00732404610976,0.00307175541151,0.00164067314026 & Score: -468.971504
.Lambda : 0.00032312214350,0.01000278551338,0.00744390793783,0.00320963994067,0.00159065184229 & Score: -468.932937
.Lambda : 0.00032214463838,0.01008816589762,0.00761136853424,0.00326778870412,0.00153440430843 & Score: -468.942720
.Lambda : 0.00028866590698,0.00938434960125,0.00746587979164,0.00315204806261,0.00164447785831 & Score: -468.899962
.Lambda : 0.00025843377201,0.00891524766530,0.00760432752092,0.00314421842674,0.00165043763357 & Score: -468.874189
.Lambda : 0.00031829144522,0.00969919810151,0.00760474158810,0.00320499404935,0.00164666329203 & Score: -468.759675
.Lambda : 0.00032640925803,0.00970100999549,0.00780287897323,0.00324590224606,0.00165194210678 & Score: -468.641218
.Lambda : 0.00032991442987,0.00941771206447,0.00768201857223,0.00318820089269,0.00159720113396 & Score: -468.709019
.Lambda : 0.00030309156825,0.00876820920831,0.00782426246390,0.00333326061009,0.00161509966496 & Score: -468.791539
.Lambda : 0.00027600263975,0.00927611709928,0.00800531975731,0.00322391029866,0.00159293365618 & Score: -468.598698
.Lambda : 0.00024381104516,0.00919124130917,0.00833916042100,0.00322357617407,0.00156480083605 & Score: -468.480522
.Lambda : 0.00026154188582,0.00839458258371,0.00825715124268,0.00324442339920,0.00164114070783 & Score: -468.517252
.Lambda : 0.00032747350284,0.00927385439917,0.00835786114829,0.00334992690211,0.00157763614627 & Score: -468.465379
.Lambda : 0.00036199336825,0.00945315776610,0.00873462796198,0.00345278113979,0.00154123540262 & Score: -468.492213
.Lambda : 0.00029256848044,0.00962315093249,0.00835136567907,0.00316755123556,0.00159798870740 & Score: -468.363076
.Lambda : 0.00028730693653,0.01005062179458,0.00861491728666,0.00308469654829,0.00158943322861 & Score: -468.278293
.Lambda : 0.00024870262148,0.00922681196837,0.00886676905651,0.00327120921520,0.00161278007626 & Score: -468.160119
.Lambda : 0.00020809671728,0.00913136192032,0.00945914429865,0.00331271337645,0.00162056954741 & Score: -468.044478
.Lambda : 0.00020488277703,0.00871565480730,0.00940841478569,0.00324023231399,0.00154549007968 & Score: -468.189921
.Lambda : 0.00024708650571,0.01015051110850,0.00941464793343,0.00324003472676,0.00151803122738 & Score: -468.120037
.Lambda : 0.00026612753060,0.00973756030278,0.00976283376009,0.00326746537297,0.00157566325569 & Score: -467.850922
.Lambda : 0.00027728577332,0.01001071979958,0.01047467042964,0.00328940997242,0.00158109446552 & Score: -467.695892
.Lambda : 0.00016238998111,0.00994969337295,0.01059085674533,0.00311690787306,0.00156421127318 & Score: -468.059520
.Lambda : 0.00015258976525,0.00913255460888,0.01112417639044,0.00339502275678,0.00154232540865 & Score: -468.035971
.Lambda : 0.00021409672004,0.01063428151680,0.01101698353331,0.00330140316820,0.00158500268917 & Score: -467.791599
.Lambda : 0.00015869707709,0.00939293337891,0.01165168462552,0.00332614813200,0.00163925012619 & Score: -467.811945
.Lambda : 0.00024191644008,0.00937104711685,0.01089980696569,0.00353297108928,0.00162308562160 & Score: -467.815492
.Lambda : 0.00020973759303,0.01028525264808,0.01260778447919,0.00342526867102,0.00156773377704 & Score: -467.736160
.Lambda : 0.00028810367618,0.01074513917521,0.01153619562290,0.00335505765639,0.00165614126315 & Score: -467.663879
.Lambda : 0.00035586063165,0.01155143145838,0.01174220523913,0.00333507510619,0.00171304919041 & Score: -467.876976
.Lambda : 0.00021725189578,0.01105628349059,0.01201512051054,0.00314594395073,0.00158860330683 & Score: -467.757875
.Lambda : 0.00032389318625,0.01169973727319,0.01140861720471,0.00328068523550,0.00155218007449 & Score: -467.964691
.Lambda : 0.00028259415896,0.01112303629962,0.01146938405992,0.00329205095963,0.00157394758742 & Score: -467.768061
.Lambda : 0.00029589251887,0.01065389104844,0.01222427850756,0.00330168931587,0.00160200547082 & Score: -467.593717
.Lambda : 0.00033679041828,0.01066369581425,0.01282792599469,0.00330183238970,0.00161050686164 & Score: -467.606379
.Lambda : 0.00023271442391,0.00997747816514,0.01207383576002,0.00331489686694,0.00162428372593 & Score: -467.505658
.Lambda : 0.00020777455639,0.00940469909789,0.01237606161007,0.00332631982060,0.00164945179518 & Score: -467.513259
.Lambda : 0.00030424169834,0.00961270884399,0.01155158540919,0.00352858504232,0.00162390017415 & Score: -467.764969
.Lambda : 0.00028249424770,0.00997360250564,0.01166746918453,0.00343292476942,0.00161507595732 & Score: -467.623847
.Lambda : 0.00034085866296,0.01025907962952,0.01058279532267,0.00325232276140,0.00166370657605 & Score: -467.620606
.Lambda : 0.00029873963853,0.01063295640999,0.01275915932943,0.00337334657559,0.00168339073179 & Score: -467.615519
.Lambda : 0.00029217612061,0.00985366392828,0.01218681961878,0.00331501445930,0.00161924372161 & Score: -467.461841
.Lambda : 0.00029421234283,0.00940792630482,0.01251213161672,0.00329499286076,0.00160079495084 & Score: -467.423014
.Lambda : 0.00030247278714,0.01039893011752,0.01239341103003,0.00318197458279,0.00165459662485 & Score: -467.461698
.Lambda : 0.00022875402155,0.01016939318884,0.01420233117483,0.00333443731938,0.00160232202563 & Score: -467.616718
.Lambda : 0.00034085866296,0.01025907962952,0.01058279532267,0.00325232276140,0.00166370657605 & Score: -467.620606
.Lambda : 0.00031283250261,0.01023665801935,0.01148767928571,0.00327285140089,0.00164836043845 & Score: -467.533073
.Lambda : 0.00027651019161,0.00963699705211,0.01151737515059,0.00317321543531,0.00156862575256 & Score: -467.481518
.Lambda : 0.00027160438037,0.00920930481514,0.01176949462966,0.00319348314281,0.00163665912623 & Score: -467.386906
.Lambda : 0.00025946031112,0.00848701169849,0.01154210269071,0.00313938005628,0.00165398595394 & Score: -467.472923
.Lambda : 0.00023817314773,0.00921559656254,0.01261881998910,0.00319057375455,0.00158562363371 & Score: -467.440290
.Lambda : 0.00032047471596,0.00917002377571,0.01225065720642,0.00309879904355,0.00159423630935 & Score: -467.371932
.Lambda : 0.00036435486199,0.00876629658100,0.01233906792962,0.00299075013186,0.00157921260106 & Score: -467.395358
.Lambda : 0.00029426475800,0.00932371557818,0.01310043063818,0.00321071391848,0.00166013850543 & Score: -467.348510
.Lambda : 0.00030314204119,0.00916707484121,0.01389195838198,0.00322946316006,0.00170589488187 & Score: -467.399945
.Lambda : 0.00026501895082,0.00813169669703,0.01250720260200,0.00321345050526,0.00157638438537 & Score: -467.537376
.Lambda : 0.00027438240990,0.00869850505215,0.01247875470901,0.00320558152465,0.00159593744524 & Score: -467.410125
.Lambda : 0.00034380229509,0.00910819364786,0.01222576753090,0.00321085444154,0.00164948290112 & Score: -467.357211
.Lambda : 0.00030759908090,0.00879597084280,0.01221791026895,0.00307277996766,0.00165378676411 & Score: -467.378178
.Lambda : 0.00034071568223,0.00954437841172,0.01214694940064,0.00310907068097,0.00168178399726 & Score: -467.321057
.Lambda : 0.00037388231839,0.00996731509151,0.01198104674646,0.00306081525913,0.00172470727326 & Score: -467.379451
.Lambda : 0.00037113823250,0.00916760808737,0.01300719138838,0.00308740407807,0.00165911226468 & Score: -467.312203
.Lambda : 0.00042090515856,0.00914675972349,0.01362603976773,0.00303436454570,0.00167033883390 & Score: -467.395913
.Lambda : 0.00036055919261,0.00972959695754,0.01287448819686,0.00321395689739,0.00164411482702 & Score: -467.382159
.Lambda : 0.00034731916468,0.00949619042885,0.01271034371488,0.00317866266496,0.00164653281129 & Score: -467.338535
.Lambda : 0.00035842133704,0.00948601068589,0.01302561586277,0.00321988327005,0.00172458388257 & Score: -467.381335
.Lambda : 0.00034893468177,0.00940701395834,0.01283187619869,0.00318961221343,0.00169199698926 & Score: -467.338935
.Lambda : 0.00033714671258,0.00966736893793,0.01329294900541,0.00309933098081,0.00168634292604 & Score: -467.339151
.Lambda : 0.00040383703151,0.00958930835151,0.01249529324501,0.00305491832882,0.00168616908998 & Score: -467.350480
.Lambda : 0.00037644396313,0.00952291015818,0.01264657759330,0.00309386722623,0.00167966144384 & Score: -467.318145
.Lambda : 0.00037667397714,0.00918787147986,0.01204422631295,0.00316411576465,0.00165729207649 & Score: -467.345978
.Lambda : 0.00036679216100,0.00930774584438,0.01235640698606,0.00314791956869,0.00166455478888 & Score: -467.321762
.Lambda : 0.00037202899965,0.00940851921386,0.01231511143462,0.00305715747414,0.00164066113312 & Score: -467.316991
.Lambda : 0.00038352845072,0.00928427425735,0.01227855100632,0.00301950494628,0.00168377663982 & Score: -467.321760
.Lambda : 0.00037074997029,0.00946333020701,0.01260134534324,0.00299888219359,0.00167344340261 & Score: -467.322224
.Lambda : 0.00036976051797,0.00942443411636,0.01254011075395,0.00303614153736,0.00167122124917 & Score: -467.310156
.Lambda : 0.00034850650747,0.00954286573764,0.01278382522203,0.00313395145242,0.00164919939541 & Score: -467.322956
.Lambda : 0.00035726199328,0.00947821786757,0.01265750666811,0.00310533982589,0.00165784370651 & Score: -467.310377
.Lambda : 0.00039793780038,0.00925629736561,0.01311964973470,0.00304289337571,0.00164161592168 & Score: -467.341894
.Lambda : 0.00038363227084,0.00932831762714,0.01287647465119,0.00305943770202,0.00165165794057 & Score: -467.318878
.Lambda : 0.00035502121177,0.00947235815019,0.01239012448416,0.00309252635465,0.00167174197836 & Score: -467.307844
.Lambda : 0.00034071568223,0.00954437841172,0.01214694940064,0.00310907068097,0.00168178399726 & Score: -467.321057
.Lambda : 0.00035364041894,0.00925754481597,0.01251744029838,0.00305756048181,0.00164057068889 & Score: -467.309179
.Lambda : 0.00035069995013,0.00931154600113,0.01292983800257,0.00309443143698,0.00167953482193 & Score: -467.306211
.Lambda : 0.00034003542537,0.00926305939476,0.01323720128654,0.00311306841840,0.00169897166633 & Score: -467.323423
.Lambda : 0.00034341540433,0.00961003229311,0.01220681669448,0.00306699577661,0.00166925271327 & Score: -467.320823
.Lambda : 0.00035034611137,0.00949942624168,0.01240691036796,0.00307209785197,0.00166671760112 & Score: -467.308898
.Lambda : 0.00035452529079,0.00930790586256,0.01245626289470,0.00303576323922,0.00167407082928 & Score: -467.306406
.Lambda : 0.00033593267523,0.00931507831225,0.01254011966515,0.00310481020849,0.00166183311866 & Score: -467.310406
.Lambda : 0.00034438963592,0.00934241726328,0.01254011743735,0.00308764304071,0.00166418015129 & Score: -467.304951
.Lambda : 0.00034835246106,0.00951591659157,0.01257186097631,0.00309542428760,0.00170192746390 & Score: -467.312584
.Lambda : 0.00034967445053,0.00945132364767,0.01255825580683,0.00308595833615,0.00168658827015 & Score: -467.306076
.Lambda : 0.00035137810428,0.00925479412825,0.01274292908228,0.00308643111111,0.00168372881928 & Score: -467.302313
.Lambda : 0.00035189410073,0.00913247807154,0.01291093843944,0.00309359774068,0.00169223442836 & Score: -467.307247
.Lambda : 0.00034524576089,0.00919483661096,0.01290083680533,0.00306356451102,0.00168349917841 & Score: -467.307027
.Lambda : 0.00035502121177,0.00947235815019,0.01239012448416,0.00309252635465,0.00167174197836 & Score: -467.307844
.Lambda : 0.00035257734905,0.00940297776538,0.01251780256445,0.00308528589374,0.00167468127837 & Score: -467.303696
.Lambda : 0.00034496250517,0.00939731765973,0.01285931426270,0.00314013668826,0.00168141450713 & Score: -467.316402
.Lambda : 0.00034735320157,0.00937496471043,0.01275855142070,0.00311404332600,0.00167957858767 & Score: -467.307546
.Lambda : 0.00035197772666,0.00932888594682,0.01263036582337,0.00308585850243,0.00167920504883 & Score: -467.301999
.Lambda : 0.00034788387010,0.00929860569576,0.01264152325982,0.00308703707591,0.00167395448528 & Score: -467.302343
.Lambda : 0.00035052627740,0.00935305888796,0.01265059244456,0.00308619472363,0.00168515854471 & Score: -467.303106
.Lambda : 0.00035103902720,0.00928317006469,0.01283638354242,0.00309043127404,0.00168163182060 & Score: -467.303823
.Lambda : 0.00035295169753,0.00928134999540,0.01259959598849,0.00306109717517,0.00167889982428 & Score: -467.301789
.Lambda : 0.00035084804318,0.00932350779699,0.01246961909698,0.00307221616126,0.00167874686835 & Score: -467.302525
.Lambda : 0.00035148949930,0.00924179853733,0.01258302085582,0.00307086128672,0.00167265547369 & Score: -467.301236
.Lambda : 0.00035197111025,0.00918616836202,0.01254923506145,0.00306319456826,0.00166640393818 & Score: -467.302342
.Lambda : 0.00035142431596,0.00923866592444,0.01280935490693,0.00308429789928,0.00167663059220 & Score: -467.302646
.Lambda : 0.00035128024777,0.00925987639258,0.01272442095444,0.00308127746477,0.00167715966123 & Score: -467.301683
.Lambda : 0.00035574704012,0.00924807630439,0.01267060982194,0.00306717314017,0.00168270504564 & Score: -467.301351
.Lambda : 0.00035400038028,0.00928920074236,0.01254027629534,0.00306007591659,0.00167252120219 & Score: -467.301924
.Lambda : 0.00035420981934,0.00919923484200,0.01261680374305,0.00305033549094,0.00167437143399 & Score: -467.302686
.Lambda : 0.00035365179617,0.00923164761821,0.01262019426313,0.00305921624381,0.00167557983770 & Score: -467.301611
.Lambda : 0.00035204773208,0.00921589879681,0.01273886045819,0.00307577420766,0.00168227873483 & Score: -467.301867
.Lambda : 0.00035400038028,0.00928920074236,0.01254027629534,0.00306007591659,0.00167252120219 & Score: -467.301924
.Lambda : 0.00035351221823,0.00927087525597,0.01258992233605,0.00306400048936,0.00167496058535 & Score: -467.301352
.Lambda : 0.00035332062310,0.00921955964799,0.01267567130406,0.00307591427476,0.00167432441717 & Score: -467.301008
.Lambda : 0.00035350508588,0.00918866447428,0.01271370896185,0.00308332282456,0.00167203671361 & Score: -467.301550
.Lambda : 0.00035580822300,0.00922490655298,0.01253134647796,0.00305358870915,0.00167493048259 & Score: -467.302143
.Lambda : 0.00035467622919,0.00923364901288,0.01257961509708,0.00306051089806,0.00167548777725 & Score: -467.301375
.Lambda : 0.00035384644781,0.00925393588521,0.01261934150286,0.00307616779182,0.00167647348194 & Score: -467.300799
.Lambda : 0.00035394377362,0.00926508001872,0.01261891512272,0.00308464356582,0.00167692030406 & Score: -467.301019
.Lambda : 0.00035249010223,0.00926004923948,0.01267581123121,0.00308113589507,0.00167695982427 & Score: -467.301185
.Lambda : 0.00035324526680,0.00921849258979,0.01269985955030,0.00308450046606,0.00167828671174 & Score: -467.301336
.Lambda : 0.00035000973557,0.00922945805553,0.01263087195576,0.00308825874560,0.00166877491788 & Score: -467.301867
.Lambda : 0.00035144406171,0.00923411261775,0.01264080642230,0.00308298734424,0.00167225744982 & Score: -467.301224
.Lambda : 0.00035179102686,0.00926528978131,0.01257800097620,0.00307032617099,0.00167078154702 & Score: -467.301373
.Lambda : 0.00035215458685,0.00925359048343,0.01260846561972,0.00307386974475,0.00167265783820 & Score: -467.301054
.Lambda : 0.00035381282938,0.00924670061221,0.01270501757625,0.00308516873354,0.00167641373087 & Score: -467.301337
.Lambda : 0.00035323199686,0.00924547509349,0.01267451839614,0.00308159187183,0.00167547416657 & Score: -467.301056
.Lambda : 0.00035457344103,0.00925893152209,0.01266071679929,0.00307248448705,0.00167809844144 & Score: -467.300965
.Lambda : 0.00035436073602,0.00923254781341,0.01261967421762,0.00307087537302,0.00167385151386 & Score: -467.300815
.Lambda : 0.00035407033706,0.00924195104736,0.01259902938128,0.00306613279673,0.00167468811047 & Score: -467.301033
.Lambda : 0.00035591404716,0.00922917988299,0.01266130766232,0.00307076014460,0.00167831654775 & Score: -467.300885
.Lambda : 0.00035473578098,0.00923571085331,0.01269565521318,0.00308034803177,0.00167773765039 & Score: -467.301071
.Lambda : 0.00035456942000,0.00923727090183,0.01267149875520,0.00307679422301,0.00167697526541 & Score: -467.300882
.Lambda : 0.00035598501371,0.00926518675423,0.01261734427085,0.00307091853303,0.00167916168299 & Score: -467.300904
.Lambda : 0.00035529682485,0.00922831697297,0.01261494976425,0.00307372193914,0.00167581295534 & Score: -467.300679
.Lambda : 0.00035565851677,0.00921300969841,0.01259206624672,0.00307434066518,0.00167467021230 & Score: -467.300686
.Lambda : 0.00035360997663,0.00920731382834,0.01265736449004,0.00307640925560,0.00167341022273 & Score: -467.300951
.Lambda : 0.00035420373590,0.00922178205981,0.01264735943525,0.00307503657496,0.00167484808780 & Score: -467.300805
.Lambda : 0.00035299681867,0.00924036157030,0.01260782180775,0.00307827821618,0.00167286797399 & Score: -467.300875
.Lambda : 0.00035371240530,0.00923350681885,0.01257215993588,0.00307283773503,0.00167256633976 & Score: -467.300876
.Lambda : 0.00035456942000,0.00923727090183,0.01267149875520,0.00307679422301,0.00167697526541 & Score: -467.300882
.Lambda : 0.00035435516633,0.00923632988108,0.01264666405037,0.00307580510102,0.00167587303400 & Score: -467.300781
.Lambda : 0.00035582834569,0.00922880347470,0.01265137378039,0.00307036449580,0.00167787565519 & Score: -467.300845
.Lambda : 0.00035299681867,0.00924036157030,0.01260782180775,0.00307827821618,0.00167286797399 & Score: -467.300875
.Lambda : 0.00035370470043,0.00923747204640,0.01261870980091,0.00307629978608,0.00167411989429 & Score: -467.300779
.Lambda : 0.00035420201410,0.00923858692478,0.01263913560383,0.00307993710418,0.00167699946749 & Score: -467.300812
.Lambda : 0.00035436073602,0.00923254781341,0.01261967421762,0.00307087537302,0.00167385151386 & Score: -467.300815
.Lambda : 0.00035432105554,0.00923405759125,0.01262453956417,0.00307314080581,0.00167463850227 & Score: -467.300760
.Lambda : 0.00035440594208,0.00925426289096,0.01260232243778,0.00307501759459,0.00167591905934 & Score: -467.300751
.Lambda : 0.00035498702789,0.00922223986785,0.01262353274413,0.00307342629884,0.00167407189615 & Score: -467.300724
.Lambda : 0.00035473105399,0.00923420986669,0.01258695767412,0.00307283746877,0.00167395188896 & Score: -467.300734
.Lambda : 0.00035579206132,0.00923176282949,0.01260221107287,0.00307095785677,0.00167563782654 & Score: -467.300706
.Lambda : 0.00035576410851,0.00923425937993,0.01258744991309,0.00307324365743,0.00167551894827 & Score: -467.300670
.Lambda : 0.00035648563500,0.00923436027428,0.01256890508755,0.00307329508324,0.00167595917127 & Score: -467.300693
.Lambda : 0.00035622248854,0.00920605267582,0.01260371802961,0.00307065729379,0.00167407834676 & Score: -467.300760
.Lambda : 0.00035576835193,0.00921810522960,0.01260336913165,0.00307174736899,0.00167453852491 & Score: -467.300704
.Lambda : 0.00035631229581,0.00921966384525,0.01262564737628,0.00307240137970,0.00167628017153 & Score: -467.300700
.Lambda : 0.00035658642908,0.00923060343505,0.01258991815912,0.00307140258197,0.00167704347448 & Score: -467.300705
.Lambda : 0.00035609914275,0.00922061671563,0.01260632266488,0.00307404891412,0.00167603980327 & Score: -467.300659
.Lambda : 0.00035625268347,0.00921504365870,0.01260837846088,0.00307559444279,0.00167624079164 & Score: -467.300667
.Lambda : 0.00035510986046,0.00921778142231,0.01262517738094,0.00307466272178,0.00167423268685 & Score: -467.300712
.Lambda : 0.00035547900262,0.00922098692549,0.01261636257548,0.00307384768683,0.00167493538376 & Score: -467.300680
.Lambda : 0.00035581219789,0.00923143230611,0.01261692378594,0.00307515806190,0.00167689637996 & Score: -467.300669
.Lambda : 0.00035506821484,0.00923458107481,0.01259115610518,0.00307560672406,0.00167540121671 & Score: -467.300671
.Lambda : 0.00035573719292,0.00923869565429,0.01259035831785,0.00307486403183,0.00167693233767 & Score: -467.300673
.Lambda : 0.00035609551792,0.00923551707934,0.01258193455053,0.00307544661660,0.00167650251901 & Score: -467.300665
.Lambda : 0.00035579847984,0.00922386696804,0.01260315649000,0.00307453755781,0.00167521120922 & Score: -467.300652
.Lambda : 0.00035582912330,0.00921645262492,0.01260955557607,0.00307437432080,0.00167435064500 & Score: -467.300673
.Lambda : 0.00035675956392,0.00922369590482,0.01260715885659,0.00307336719908,0.00167666632718 & Score: -467.300668
.Lambda : 0.00035646185242,0.00921979220964,0.01261874862609,0.00307577968237,0.00167700754719 & Score: -467.300678
.Lambda : 0.00035628741644,0.00922340900221,0.01261092394784,0.00307514567614,0.00167663539746 & Score: -467.300658
.Lambda : 0.00035660385046,0.00921940996191,0.01258687481799,0.00307386032360,0.00167552572250 & Score: -467.300664
.Lambda : 0.00035559419904,0.00922543198604,0.01258852613190,0.00307584843623,0.00167529953340 & Score: -467.300658
.Lambda : 0.00035605771750,0.00920957677419,0.01261638707052,0.00307392974656,0.00167498214733 & Score: -467.300693
.Lambda : 0.00035606716760,0.00921606185048,0.01260777394052,0.00307430896407,0.00167536224025 & Score: -467.300664
.Lambda : 0.00035608606781,0.00922903200305,0.01259054768052,0.00307506739909,0.00167612242609 & Score: -467.300650
.Lambda : 0.00035609551792,0.00923551707934,0.01258193455053,0.00307544661660,0.00167650251901 & Score: -467.300665
.Lambda : 0.00035534227190,0.00922953270809,0.01261291594806,0.00307599886975,0.00167619762528 & Score: -467.300665
.Lambda : 0.00035565766654,0.00922700202154,0.01260640566554,0.00307546423322,0.00167602964959 & Score: -467.300653
.Lambda : 0.00035567038912,0.00923088007672,0.01259350130144,0.00307637640687,0.00167567948303 & Score: -467.300651
.Lambda : 0.00035523530450,0.00923107621994,0.01258193095993,0.00307577193715,0.00167470152308 & Score: -467.300676
.Lambda : 0.00035549833248,0.00922915941551,0.01258917920690,0.00307561537190,0.00167518499167 & Score: -467.300657
.Lambda : 0.00035589017527,0.00923054420791,0.01260459000586,0.00307497595133,0.00167599157043 & Score: -467.300648
.Lambda : 0.00035603816339,0.00923310031884,0.01261262194284,0.00307453970887,0.00167633758895 & Score: -467.300656
.Lambda : 0.00035614277895,0.00922737069539,0.01261010125044,0.00307495324743,0.00167642874367 & Score: -467.300653
.Lambda : 0.00035617748986,0.00922967555891,0.01259435302576,0.00307489999180,0.00167574372339 & Score: -467.300645
.Lambda : 0.00035643740152,0.00923101232759,0.01258832670587,0.00307461787109,0.00167560076030 & Score: -467.300649
.Lambda : 0.00035570626181,0.00923022883045,0.01258435815099,0.00307538967533,0.00167507062119 & Score: -467.300657
.Lambda : 0.00035581539110,0.00922951429669,0.01259079392585,0.00307528056836,0.00167541015181 & Score: -467.300649
.Lambda : 0.00035605732542,0.00923599148927,0.01258635788578,0.00307610256917,0.00167636773268 & Score: -467.300660
.Lambda : 0.00035599261403,0.00923296035896,0.01259055753684,0.00307571131633,0.00167607860182 & Score: -467.300651
.Lambda : 0.00035631430611,0.00922981049349,0.01259483556850,0.00307399768389,0.00167605910639 & Score: -467.300651
.Lambda : 0.00035567038912,0.00923088007672,0.01259350130144,0.00307637640687,0.00167567948303 & Score: -467.300651
.Lambda : 0.00035583136837,0.00923061268091,0.01259383486820,0.00307578172613,0.00167577438887 & Score: -467.300648
.Lambda : 0.00035592758294,0.00922679114002,0.01259909026565,0.00307469093835,0.00167553830242 & Score: -467.300647
.Lambda : 0.00035577073520,0.00922982315072,0.01260251715601,0.00307518427129,0.00167526082868 & Score: -467.300646
.Lambda : 0.00035602354956,0.00922946439870,0.01260696020274,0.00307493258320,0.00167591337371 & Score: -467.300646
.Lambda : 0.00035600211509,0.00922800256380,0.01259411220148,0.00307521985298,0.00167530067640 & Score: -467.300645
.Lambda : 0.00035612922069,0.00922689004395,0.01260497827245,0.00307418932892,0.00167532837297 & Score: -467.300647
.Lambda : 0.00035583136837,0.00923061268091,0.01259383486820,0.00307578172613,0.00167577438887 & Score: -467.300648
.Lambda : 0.00035590583145,0.00922968202167,0.01259662071927,0.00307538362683,0.00167566288490 & Score: -467.300645
.Lambda : 0.00035602430553,0.00923186793749,0.01259873505646,0.00307555719209,0.00167561429241 & Score: -467.300643
.Lambda : 0.00035607266682,0.00923440633623,0.01259855745186,0.00307599031896,0.00167565228740 & Score: -467.300645
.Lambda : 0.00035592864129,0.00923015609434,0.01258757506085,0.00307556539079,0.00167511958860 & Score: -467.300650
.Lambda : 0.00035595236836,0.00922998317043,0.01259242134632,0.00307540718890,0.00167531803488 & Score: -467.300646
.Lambda : 0.00035625410891,0.00922986135019,0.01258797978371,0.00307540286974,0.00167579501611 & Score: -467.300648
.Lambda : 0.00035613326549,0.00922985180033,0.01259161412678,0.00307534822013,0.00167566146925 & Score: -467.300645
.Lambda : 0.00035614483460,0.00922964878245,0.01259775270558,0.00307515636464,0.00167587518366 & Score: -467.300644
.Lambda : 0.00035596856513,0.00922969894540,0.01260101535663,0.00307513859120,0.00167561723505 & Score: -467.300644
.Lambda : 0.00035622109264,0.00922987549355,0.01259776661910,0.00307500517026,0.00167559755947 & Score: -467.300642
.Lambda : 0.00035637872323,0.00922997222949,0.01259833956902,0.00307481594197,0.00167556489676 & Score: -467.300642
.Lambda : 0.00035627545225,0.00923234281770,0.01260196608390,0.00307500737970,0.00167606545611 & Score: -467.300645
.Lambda : 0.00035620711796,0.00923125775422,0.01260000261329,0.00307506049802,0.00167587426118 & Score: -467.300643
.Lambda : 0.00035611192872,0.00923130270072,0.01260398509463,0.00307539144337,0.00167567462423 & Score: -467.300643
.Lambda : 0.00035613142162,0.00923199104448,0.01260307837043,0.00307522910202,0.00167546294019 & Score: -467.300642
.Lambda : 0.00035612471513,0.00923316217549,0.01260574120286,0.00307526547072,0.00167525681846 & Score: -467.300643
.Lambda : 0.00035637283370,0.00923285772116,0.01260064092489,0.00307528307979,0.00167565917086 & Score: -467.300642
.Lambda : 0.00035620056716,0.00923193889911,0.01260190899288,0.00307545020568,0.00167531610859 & Score: -467.300641
.Lambda : 0.00035619729176,0.00923227947156,0.01260286218267,0.00307564505951,0.00167503703230 & Score: -467.300642
.Lambda : 0.00035645388424,0.00923135710049,0.01260444612428,0.00307491071704,0.00167545680384 & Score: -467.300642
.Lambda : 0.00035650304326,0.00923194409717,0.01259938049797,0.00307488417523,0.00167530934387 & Score: -467.300642
.Lambda : 0.00035629422211,0.00923002362714,0.01260222049694,0.00307483297699,0.00167518486644 & Score: -467.300641
.Lambda : 0.00035625453213,0.00923292967787,0.01260607422399,0.00307530692882,0.00167512712842 & Score: -467.300642
.Lambda : 0.00035628557990,0.00923219031577,0.01260414056024,0.00307518418211,0.00167523657050 & Score: -467.300641
.Lambda : 0.00035611204938,0.00923187809298,0.01259984544310,0.00307532153977,0.00167514712800 & Score: -467.300642
.Lambda : 0.00035642676310,0.00923119896839,0.01259992002602,0.00307504012989,0.00167501466677 & Score: -467.300641
.Lambda : 0.00035602462940,0.00923094786418,0.01260383370970,0.00307544743854,0.00167505039226 & Score: -467.300643
.Lambda : 0.00035614423287,0.00923119692243,0.01260272040677,0.00307530662271,0.00167511513016 & Score: -467.300641
.Lambda : 0.00035642849668,0.00923074140016,0.01260451875004,0.00307500410718,0.00167519980899 & Score: -467.300641
.Lambda : 0.00035651001872,0.00923124036180,0.01260236312368,0.00307489801802,0.00167526567836 & Score: -467.300642
.Lambda : 0.00035641857225,0.00923122950195,0.01260245244445,0.00307500016920,0.00167522804131 & Score: -467.300641
.Lambda : 0.00035642186862,0.00922986264293,0.01260026772389,0.00307494685347,0.00167514082634 & Score: -467.300641
.Lambda : 0.00035649001298,0.00922869880650,0.01259833130571,0.00307482818915,0.00167509295426 & Score: -467.300642
.Lambda : 0.00035627630062,0.00923096005565,0.01259818912363,0.00307510402691,0.00167515399479 & Score: -467.300641
.Lambda : 0.00035640340659,0.00923205240008,0.01259887482741,0.00307538357706,0.00167515658868 & Score: -467.300641
.Lambda : 0.00035626152299,0.00923121843150,0.01260075721888,0.00307531380304,0.00167538355712 & Score: -467.300641
.Lambda : 0.00035617890294,0.00923122816305,0.01260117581531,0.00307545063961,0.00167556800229 & Score: -467.300642
.Lambda : 0.00035622812607,0.00923003141238,0.01260255537408,0.00307494244625,0.00167533242258 & Score: -467.300641
.Lambda : 0.00035627194620,0.00923053665930,0.01260163523741,0.00307505272896,0.00167528846411 & Score: -467.300641
.Lambda : 0.00035635349027,0.00923095439827,0.01260461952337,0.00307520147723,0.00167538880419 & Score: -467.300641
.Lambda : 0.00035633419286,0.00923095581261,0.01260301192344,0.00307517711465,0.00167533010184 & Score: -467.300641
.Lambda : 0.00035648267401,0.00922958232021,0.01260134082635,0.00307474606205,0.00167523228769 & Score: -467.300642
.Lambda : 0.00035641214730,0.00923017146493,0.01260148286798,0.00307492209795,0.00167525324292 & Score: -467.300641
.Lambda : 0.00035626209893,0.00922986850256,0.01260040954419,0.00307516487003,0.00167533043562 & Score: -467.300641
.Lambda : 0.00035618386227,0.00922918800286,0.01259938809406,0.00307524722045,0.00167538163277 & Score: -467.300641
.Lambda : 0.00035619489469,0.00923123770543,0.01260265099287,0.00307530539238,0.00167549349430 & Score: -467.300641
.Lambda : 0.00035625163817,0.00923089393981,0.01260205517563,0.00307521575765,0.00167540532731 & Score: -467.300641
.Lambda : 0.00035614041237,0.00923121787338,0.01260166477184,0.00307544761178,0.00167544191148 & Score: -467.300641
.Lambda : 0.00035620834610,0.00923095627127,0.01260161929587,0.00307531623332,0.00167539474434 & Score: -467.300641
.Lambda : 0.00035634421357,0.00923043306704,0.01260152834395,0.00307505347641,0.00167530041006 & Score: -467.300641
.Lambda : 0.00035633795165,0.00923031104940,0.01260088173152,0.00307508903958,0.00167524786019 & Score: -467.300641
.Lambda : 0.00035638110838,0.00923001960419,0.01260029500947,0.00307502568054,0.00167516912663 & Score: -467.300641
.Lambda : 0.00035634404580,0.00923057808594,0.01260100026737,0.00307526659253,0.00167534848182 & Score: -467.300641
.Lambda : 0.00035638009560,0.00923059879926,0.01260068278236,0.00307537352431,0.00167537849068 & Score: -467.300641
.Lambda : 0.00035628574032,0.00923000784196,0.01259881891893,0.00307517799799,0.00167531419608 & Score: -467.300641
.Lambda : 0.00035636809711,0.00922926098726,0.01260029830350,0.00307498698757,0.00167523299639 & Score: -467.300641
.Lambda : 0.00035634145358,0.00922975034832,0.01260041303235,0.00307506869144,0.00167527063657 & Score: -467.300641
.Lambda : 0.00035636616509,0.00923036857934,0.01260287424882,0.00307507907001,0.00167528493363 & Score: -467.300641
.Lambda : 0.00035634605890,0.00923027839500,0.01260186041635,0.00307510380200,0.00167529224924 & Score: -467.300641
.Lambda : 0.00035630842998,0.00922988148544,0.01260029765277,0.00307522372182,0.00167529545532 & Score: -467.300641
.Lambda : 0.00035629053819,0.00922960569464,0.01259968230717,0.00307530884453,0.00167529297795 & Score: -467.300641
.Lambda : 0.00035640907703,0.00923045124308,0.01260137169595,0.00307513586892,0.00167525143764 & Score: -467.300641
.
Lambda Search Result: 354
Lambda : 0.00035630842998,0.00922988148544,0.01260029765277,0.00307522372182,0.00167529545532 & Score: 467.300641
DONE: Lamda Search or setting, for command:
lambda -s -t (((2,3)1,((5,(5,((5,5)5,5)5)5)5,(5,5)5)1)1,((4,4)4,(4,(4,4)4)4)1)
Running Viterbi algorithm....
Building Metapost report: recognition_all_lambda_clade.mp
Building HTML report: recognition_all_lambda_clade.html
Report Done
