-----------------------------------------------------------
Family information: signaling_all.tab
Log: ./signaling_all.log
Tree: (((musDom:52,gloMor:52):52,((droWil:56,(droPse:48,((droYak:14,droMel:14):17,droAna:31):17):8):8,(droVir:32,droMoj:32):32):39):184,((culQui:79,aedAeg:79):79,(anoDar:70,(anoSte:35,anoGam:35):35):88):129)
The number of families is 67
Root Family size : 1 ~ 76
Family size : 0 ~ 111
P-value: 0.010000
Num of Threads: 12
Num of Random: 1000
Empirical Prior Estimation Result: 24
Poisson lambda: 1.047831 & Score: 2535.504086
Lambda : 0.00200688530458 & Score: -983.084325
.Lambda : 0.00210722956981 & Score: -985.047736
.Lambda : 0.00190654103935 & Score: -981.720558
.Lambda : 0.00180619677412 & Score: -981.107293
.Lambda : 0.00160550824367 & Score: -982.481538
.Lambda : 0.00200688530458 & Score: -983.084325
.Lambda : 0.00190654103935 & Score: -981.720558
.Lambda : 0.00170585250889 & Score: -981.323724
.Lambda : 0.00190654103935 & Score: -981.720558
.Lambda : 0.00185636890674 & Score: -981.311625
.Lambda : 0.00175602464151 & Score: -981.109599
.Lambda : 0.00185636890674 & Score: -981.311625
.Lambda : 0.00183128284043 & Score: -981.183011
.Lambda : 0.00178111070782 & Score: -981.086310
.Lambda : 0.00175602464151 & Score: -981.109599
.Lambda : 0.00176856767466 & Score: -981.093171
.Lambda : 0.00179365374097 & Score: -981.089841
.Lambda : 0.00176856767466 & Score: -981.093171
.Lambda : 0.00177483919124 & Score: -981.089840
.Lambda : 0.00178738222439 & Score: -981.086321
.Lambda : 0.00177483919124 & Score: -981.089840
.Lambda : 0.00177797494953 & Score: -981.087631
.Lambda : 0.00178424646610 & Score: -981.085875
.Lambda : 0.00178738222439 & Score: -981.086321
.Lambda : 0.00178581434525 & Score: -981.085988
.Lambda : 0.00178267858696 & Score: -981.085982
.Lambda : 0.00178581434525 & Score: -981.085988
.Lambda : 0.00178503040568 & Score: -981.085904
.Lambda : 0.00178346252653 & Score: -981.085901
.Lambda : 0.00178503040568 & Score: -981.085904
.Lambda : 0.00178463843589 & Score: -981.085882
.Lambda : 0.00178385449632 & Score: -981.085881
.Lambda : 0.00178463843589 & Score: -981.085882
.Lambda : 0.00178444245100 & Score: -981.085877
.Lambda : 0.00178405048121 & Score: -981.085876
.Lambda : 0.00178444245100 & Score: -981.085877
.Lambda : 0.00178434445855 & Score: -981.085875
.
Lambda Search Result: 21
Lambda : 0.00178424646610 & Score: 981.085875
DONE: Lamda Search or setting, for command:
lambda -s
Running Viterbi algorithm....
Building Metapost report: signaling_all_lambda.mp
Building HTML report: signaling_all_lambda.html
Report Done
Lambda Tree: (((2,1)1,((1,(1,((1,1)1,1)1)1)1,(1,1)1)1)1,((1,1)1,(1,(1,1)1)1)1)
Empirical Prior Estimation Result: 34
Poisson lambda: 1.047831 & Score: 2535.504086
Lambda : 0.00138583818815,0.00088929524139 & Score: -997.521368
.Lambda : 0.00145513009756,0.00088929524139 & Score: -995.312340
.Lambda : 0.00145513009756,0.00093376000346 & Score: -994.395917
.Lambda : 0.00152442200697,0.00093376000346 & Score: -992.797583
.Lambda : 0.00159371391637,0.00095599238449 & Score: -991.317510
.Lambda : 0.00159371391637,0.00100045714656 & Score: -990.514190
.Lambda : 0.00166300582578,0.00105603809915 & Score: -989.046889
.Lambda : 0.00180158964460,0.00107827048019 & Score: -988.796307
.Lambda : 0.00197481941811,0.00115052571855 & Score: -989.881164
.Lambda : 0.00187088155400,0.00117831619484 & Score: -988.000957
.Lambda : 0.00200946537282,0.00128947810002 & Score: -988.902537
.Lambda : 0.00200946537282,0.00120054857588 & Score: -989.920749
.Lambda : 0.00192285048606,0.00116442095670 & Score: -988.857584
.Lambda : 0.00174962071254,0.00109216571833 & Score: -988.393174
.Lambda : 0.00181891262195,0.00119221143299 & Score: -987.323599
.Lambda : 0.00182757411062,0.00124918190939 & Score: -986.669856
.Lambda : 0.00194883495209,0.00133533238590 & Score: -987.257834
.Lambda : 0.00190552750871,0.00140619810045 & Score: -985.819504
.Lambda : 0.00192285048606,0.00152013905325 & Score: -984.984147
.Lambda : 0.00180158964460,0.00143398857674 & Score: -984.357432
.Lambda : 0.00172796699085,0.00148331667216 & Score: -983.461740
.Lambda : 0.00182324336628,0.00175427381602 & Score: -981.669265
.Lambda : 0.00182107799412,0.00200681976934 & Score: -979.882035
.Lambda : 0.00162619449891,0.00196999738825 & Score: -979.355913
.Lambda : 0.00147786650533,0.00219492655575 & Score: -979.459955
.Lambda : 0.00171930550217,0.00249350048543 & Score: -976.488006
.Lambda : 0.00171497475784,0.00299859239206 & Score: -974.743705
.Lambda : 0.00152009126263,0.00296177001097 & Score: -975.449493
.Lambda : 0.00160887152156,0.00399036501479 & Score: -973.013667
.Lambda : 0.00160021003288,0.00500054882805 & Score: -972.975753
.Lambda : 0.00179509352809,0.00503737120914 & Score: -974.092861
.Lambda : 0.00168032880313,0.00703932764513 & Score: -975.506498
.Lambda : 0.00168899029181,0.00602914383187 & Score: -974.026400
.Lambda : 0.00149410679660,0.00599232145078 & Score: -974.697812
.Lambda : 0.00156935347947,0.00575358389037 & Score: -973.704695
.Lambda : 0.00148057322054,0.00472498888656 & Score: -973.962117
.Lambda : 0.00168899029181,0.00602914383187 & Score: -974.026400
.Lambda : 0.00163688602399,0.00570310509554 & Score: -973.483605
.Lambda : 0.00166774257740,0.00495007003322 & Score: -972.959094
.Lambda : 0.00171693712636,0.00454831310465 & Score: -973.098541
.Lambda : 0.00163106658629,0.00424751376574 & Score: -972.842122
.Lambda : 0.00162815686744,0.00351971810084 & Score: -973.489798
.Lambda : 0.00169859913081,0.00419703497091 & Score: -973.025007
.Lambda : 0.00167400185633,0.00439791343520 & Score: -972.871155
.Lambda : 0.00163732586521,0.00369535716771 & Score: -973.243849
.Lambda : 0.00164493004326,0.00400903538409 & Score: -972.958401
.Lambda : 0.00166013839935,0.00463639181685 & Score: -972.837690
.Lambda : 0.00166774257740,0.00495007003322 & Score: -972.959094
.Lambda : 0.00161720312931,0.00448599214739 & Score: -972.814799
.Lambda : 0.00158880376581,0.00453003150349 & Score: -972.901727
.Lambda : 0.00164627494238,0.00487487019850 & Score: -972.878969
.Lambda : 0.00164247285336,0.00471803109031 & Score: -972.825989
.Lambda : 0.00159953758332,0.00456763142085 & Score: -972.860154
.Lambda : 0.00161468778733,0.00458482151985 & Score: -972.820995
.Lambda : 0.00158941806329,0.00435278257693 & Score: -972.918987
.Lambda : 0.00160268176080,0.00444409470528 & Score: -972.853267
.Lambda : 0.00161594545832,0.00453540683362 & Score: -972.816457
.Lambda : 0.00162983799134,0.00460201161885 & Score: -972.804533
.Lambda : 0.00163109566233,0.00455259693262 & Score: -972.800384
.Lambda : 0.00163867076433,0.00456119198212 & Score: -972.800690
.Lambda : 0.00164373052435,0.00466861640408 & Score: -972.816786
.Lambda : 0.00163709867559,0.00462296033990 & Score: -972.806079
.Lambda : 0.00162383497807,0.00453164821156 & Score: -972.804978
.Lambda : 0.00163709867559,0.00462296033990 & Score: -972.806079
.Lambda : 0.00163378275121,0.00460013230782 & Score: -972.803244
.Lambda : 0.00163504042221,0.00455071762159 & Score: -972.799539
.Lambda : 0.00163764163764,0.00452507062296 & Score: -972.798977
.Lambda : 0.00163495454876,0.00447753524776 & Score: -972.799239
.Lambda : 0.00164150052407,0.00445000893810 & Score: -972.802198
.Lambda : 0.00163889930863,0.00447565593673 & Score: -972.799779
.Lambda : 0.00163369687776,0.00452694993399 & Score: -972.798878
.Lambda : 0.00163109566233,0.00455259693262 & Score: -972.800384
.Lambda : 0.00163638396665,0.00457448530919 & Score: -972.801050
.Lambda : 0.00163602661218,0.00455024779383 & Score: -972.799554
.Lambda : 0.00163566925770,0.00452601027847 & Score: -972.798748
.Lambda : 0.00163432571326,0.00450224259087 & Score: -972.798695
.Lambda : 0.00163629809320,0.00450130293536 & Score: -972.798675
.Lambda : 0.00163759870092,0.00448847943604 & Score: -972.799063
.Lambda : 0.00163495454876,0.00447753524776 & Score: -972.799239
.Lambda : 0.00163513322599,0.00448965400544 & Score: -972.798851
.Lambda : 0.00163531190323,0.00450177276312 & Score: -972.798640
.Lambda : 0.00163598367545,0.00451365660692 & Score: -972.798621
.Lambda : 0.00163499748548,0.00451412643467 & Score: -972.798614
.Lambda : 0.00163434718162,0.00452053818433 & Score: -972.798705
.Lambda : 0.00163566925770,0.00452601027847 & Score: -972.798748
.Lambda : 0.00163557991908,0.00451995089963 & Score: -972.798655
.Lambda : 0.00163549058047,0.00451389152080 & Score: -972.798606
.Lambda : 0.00163515469436,0.00450794959890 & Score: -972.798604
.Lambda : 0.00163564778934,0.00450771468502 & Score: -972.798603
.Lambda : 0.00163597294127,0.00450450881019 & Score: -972.798629
.Lambda : 0.00163531190323,0.00450177276312 & Score: -972.798640
.Lambda : 0.00163535657254,0.00450480245254 & Score: -972.798615
.Lambda : 0.00163540124185,0.00450783214196 & Score: -972.798601
.Lambda : 0.00163556918490,0.00451080310291 & Score: -972.798599
.Lambda : 0.00163532263741,0.00451092055985 & Score: -972.798598
.Lambda : 0.00163516006145,0.00451252349726 & Score: -972.798603
.Lambda : 0.00163549058047,0.00451389152080 & Score: -972.798606
.Lambda : 0.00163546824581,0.00451237667609 & Score: -972.798601
.Lambda : 0.00163542357650,0.00450934698667 & Score: -972.798598
.Lambda : 0.00163540124185,0.00450783214196 & Score: -972.798601
.Lambda : 0.00163517702901,0.00450946444361 & Score: -972.798601
.Lambda : 0.00163527506798,0.00450979910843 & Score: -972.798599
.Lambda : 0.00163547114593,0.00451046843808 & Score: -972.798598
.Lambda : 0.00163556918490,0.00451080310291 & Score: -972.798599
.Lambda : 0.00163557208502,0.00450889486490 & Score: -972.798600
.Lambda : 0.00163550972312,0.00450940128864 & Score: -972.798598
.Lambda : 0.00163544736122,0.00450990771237 & Score: -972.798598
.Lambda : 0.00163539689167,0.00451069449896 & Score: -972.798598
.
Lambda Search Result: 50
Lambda : 0.00163544736122,0.00450990771237 & Score: 972.798598
DONE: Lamda Search or setting, for command:
lambda -s -t (((2,1)1,((1,(1,((1,1)1,1)1)1)1,(1,1)1)1)1,((1,1)1,(1,(1,1)1)1)1)
Running Viterbi algorithm....
Building Metapost report: signaling_all_lambda_musca.mp
Building HTML report: signaling_all_lambda_musca.html
Report Done
Lambda Tree: (((2,3)1,((5,(5,((5,5)5,5)5)5)5,(5,5)5)1)1,((4,4)4,(4,(4,4)4)4)1)
Empirical Prior Estimation Result: 30
Poisson lambda: 1.047831 & Score: 2535.504086
Lambda : 0.00087467987981,0.00300042603782,0.00251438955868,0.00475008016877,0.00520700656900 & Score: -1058.305040
.Lambda : 0.00091841387380,0.00300042603782,0.00251438955868,0.00475008016877,0.00520700656900 & Score: -1059.078932
.Lambda : 0.00091841387380,0.00315044733972,0.00251438955868,0.00475008016877,0.00520700656900 & Score: -1058.717640
.Lambda : 0.00091841387380,0.00300042603782,0.00264010903661,0.00475008016877,0.00520700656900 & Score: -1058.876669
.Lambda : 0.00091841387380,0.00300042603782,0.00251438955868,0.00498758417721,0.00520700656900 & Score: -1064.471059
.Lambda : 0.00091841387380,0.00300042603782,0.00251438955868,0.00475008016877,0.00546735689745 & Score: -1065.454363
.Lambda : 0.00090092027621,0.00306043455858,0.00256467734985,0.00484508177215,0.00494665624055 & Score: -1054.361578
.Lambda : 0.00089217347741,0.00309043881896,0.00258982124544,0.00489258257384,0.00468630591210 & Score: -1048.925200
.Lambda : 0.00089042411765,0.00309643967103,0.00259485002455,0.00456957712236,0.00499872630624 & Score: -1049.098681
.Lambda : 0.00087922821519,0.00313484512432,0.00262703421090,0.00473487991223,0.00491541420114 & Score: -1050.455384
.Lambda : 0.00086355395174,0.00318861275892,0.00249608480269,0.00472879980962,0.00479877725399 & Score: -1047.341470
.Lambda : 0.00083612399071,0.00328270611946,0.00242407268573,0.00471815963004,0.00459466259649 & Score: -1041.697955
.Lambda : 0.00083063799850,0.00309149496892,0.00258567753144,0.00471603159412,0.00455383966498 & Score: -1040.700594
.Lambda : 0.00078675006085,0.00306201878353,0.00262132151783,0.00469900730680,0.00422725621298 & Score: -1031.974264
.Lambda : 0.00083920006491,0.00326615336910,0.00262845031510,0.00469560244933,0.00416193952258 & Score: -1030.827076
.Lambda : 0.00082146015746,0.00339901703473,0.00268548069332,0.00466836358961,0.00363940599936 & Score: -1018.028424
.Lambda : 0.00081154450645,0.00323740304677,0.00253918425584,0.00468419617683,0.00394312860973 & Score: -1025.359735
.Lambda : 0.00076879675950,0.00333219385035,0.00254910213471,0.00489534658849,0.00343757742602 & Score: -1018.446510
.Lambda : 0.00071769671258,0.00343489671498,0.00253784326953,0.00457344674287,0.00325050642573 & Score: -1006.545687
.Lambda : 0.00063045833017,0.00360712566299,0.00251185428158,0.00441387882739,0.00253260668255 & Score: -989.487768
.Lambda : 0.00069147993506,0.00337239723188,0.00273870446758,0.00462615736560,0.00251732737577 & Score: -994.720561
.Lambda : 0.00070274581460,0.00371723594716,0.00258840881538,0.00461616971237,0.00220076222440 & Score: -990.727814
.Lambda : 0.00063443189227,0.00373378484407,0.00269023590119,0.00460377025656,0.00178794327351 & Score: -986.979096
.Lambda : 0.00054587558519,0.00398197574273,0.00276576172386,0.00456355729642,0.00071035060540 & Score: -1011.014621
.Lambda : 0.00062343369232,0.00379963043799,0.00273677152891,0.00427598931213,0.00163364079621 & Score: -979.629945
.Lambda : 0.00055075215873,0.00403334873181,0.00283060622602,0.00396631067395,0.00073167248131 & Score: -996.605570
.Lambda : 0.00049155970831,0.00389305261490,0.00262090930454,0.00434602260000,0.00062950614161 & Score: -1012.804582
.Lambda : 0.00082146015746,0.00339901703473,0.00268548069332,0.00466836358961,0.00363940599936 & Score: -1018.028424
.Lambda : 0.00073898504517,0.00352252592978,0.00266933784612,0.00458777834221,0.00288693103493 & Score: -1000.151559
.Lambda : 0.00057403482060,0.00376954371986,0.00263705215173,0.00442660784741,0.00138198110605 & Score: -984.489782
.Lambda : 0.00057456188492,0.00407853101294,0.00252702460394,0.00430840901673,0.00129744625732 & Score: -983.120918
.Lambda : 0.00051202243351,0.00387821032398,0.00265276657156,0.00419529239171,0.00125268502186 & Score: -980.884861
.Lambda : 0.00053693555928,0.00409675447255,0.00278568602135,0.00431014870243,0.00040887189943 & Score: -1039.277955
.Lambda : 0.00056031625200,0.00397434727016,0.00271722808641,0.00433608123367,0.00093980559521 & Score: -993.289003
.Lambda : 0.00056772806292,0.00383892038099,0.00269476905023,0.00423564085192,0.00144316290903 & Score: -979.457011
.Lambda : 0.00059899778862,0.00393908072547,0.00263189806642,0.00429219916443,0.00146554352676 & Score: -980.766890
.Lambda : 0.00059873425646,0.00378458707892,0.00268691184032,0.00435129857977,0.00150781095113 & Score: -981.735315
.Lambda : 0.00062893279230,0.00376670764103,0.00271350371505,0.00443987978434,0.00171079203486 & Score: -983.183652
.Lambda : 0.00062694601125,0.00370337805049,0.00262431290525,0.00434493406976,0.00208312373938 & Score: -982.701059
.Lambda : 0.00057740313233,0.00385953102851,0.00263636164141,0.00416014500686,0.00154252073415 & Score: -977.244586
.Lambda : 0.00055163830235,0.00390594272225,0.00259779060459,0.00402027761811,0.00145838508379 & Score: -974.755105
.Lambda : 0.00054926682982,0.00400388648776,0.00271494353095,0.00412522814079,0.00092029356739 & Score: -989.510479
.Lambda : 0.00056868662518,0.00392875937844,0.00269228587452,0.00418015462303,0.00121100111039 & Score: -981.721412
.Lambda : 0.00056545953209,0.00398034637913,0.00265449420955,0.00405040604808,0.00137688241935 & Score: -976.225216
.Lambda : 0.00059421632614,0.00385680887989,0.00263400350936,0.00416965057484,0.00174004478367 & Score: -977.040376
.Lambda : 0.00056199257771,0.00381357879463,0.00269523349463,0.00400858659760,0.00159530287006 & Score: -973.598363
.Lambda : 0.00054348997225,0.00375082782921,0.00272690120874,0.00386678031419,0.00166018254170 & Score: -970.358563
.Lambda : 0.00050557918598,0.00393350803859,0.00258641190407,0.00386111285073,0.00143782229881 & Score: -971.402496
.Lambda : 0.00053642526461,0.00393205315864,0.00258507152429,0.00375165011046,0.00162616394189 & Score: -968.221260
.Lambda : 0.00052077386545,0.00397861954747,0.00253022276131,0.00350965473974,0.00171766445832 & Score: -963.474739
.Lambda : 0.00048056001710,0.00396288892677,0.00260432476594,0.00355364205350,0.00132032993712 & Score: -966.835511
.Lambda : 0.00047535700516,0.00383236844659,0.00256376628831,0.00347418098243,0.00166087130855 & Score: -962.753789
.Lambda : 0.00043030574169,0.00375837948032,0.00251840232769,0.00318606844960,0.00180286575315 & Score: -957.753259
.Lambda : 0.00044064521064,0.00384774680670,0.00258871458252,0.00317062574499,0.00171716091185 & Score: -957.255773
.Lambda : 0.00038514866479,0.00381864884892,0.00258417657149,0.00274579980843,0.00184654882588 & Score: -951.507153
.Lambda : 0.00043853211853,0.00377423781448,0.00259919914999,0.00288366529545,0.00190121430766 & Score: -953.469675
.Lambda : 0.00035863819078,0.00396628201797,0.00240762902184,0.00248475182450,0.00177526677115 & Score: -949.268787
.Lambda : 0.00026621230004,0.00407400911236,0.00224799292839,0.00179373757965,0.00183280888587 & Score: -951.098223
.Lambda : 0.00037279941539,0.00375557815689,0.00245152716699,0.00237033399359,0.00229709410935 & Score: -951.908374
.Lambda : 0.00027339578702,0.00365063097997,0.00249415093388,0.00195859300889,0.00213153144855 & Score: -950.968301
.Lambda : 0.00030109992892,0.00382777164697,0.00249627080998,0.00179118912274,0.00217779643188 & Score: -952.112438
.Lambda : 0.00023790067622,0.00383332684581,0.00237430265168,0.00165660180781,0.00219008072706 & Score: -955.423271
.Lambda : 0.00028805853680,0.00381855458798,0.00243052677626,0.00196336767972,0.00211786412221 & Score: -950.578310
.Lambda : 0.00037011630899,0.00377610618972,0.00245093337820,0.00281794940331,0.00188952567897 & Score: -952.866436
.Lambda : 0.00035286221397,0.00378902255403,0.00246226773614,0.00256125933317,0.00196159336720 & Score: -950.486838
.Lambda : 0.00029044194195,0.00386167743866,0.00249997324885,0.00231517466830,0.00163602770465 & Score: -948.840394
.Lambda : 0.00024926320523,0.00391472707954,0.00252419628979,0.00228759500565,0.00130549450230 & Score: -952.188228
.Lambda : 0.00024021000342,0.00381581818252,0.00233364251531,0.00176745879740,0.00200236453963 & Score: -952.552650
.Lambda : 0.00027644466876,0.00381652584912,0.00239627602935,0.00201204405016,0.00196341061119 & Score: -949.622053
.Lambda : 0.00035318243389,0.00405019399914,0.00238451819109,0.00257604601344,0.00165013358200 & Score: -950.122052
.Lambda : 0.00036456924294,0.00397492615559,0.00242973891466,0.00281634267611,0.00147670869226 & Score: -953.523567
.Lambda : 0.00034544156641,0.00393583326369,0.00242993588006,0.00260309892701,0.00163699754975 & Score: -950.399149
.Lambda : 0.00029679730674,0.00406318247340,0.00238506521233,0.00223518686020,0.00150314112030 & Score: -949.368717
.Lambda : 0.00028476025044,0.00396731144763,0.00239944880133,0.00204618243963,0.00177419436596 & Score: -948.690735
.Lambda : 0.00025441959246,0.00398305053960,0.00238420526197,0.00176772419594,0.00184279277407 & Score: -951.263596
.Lambda : 0.00024965050958,0.00381979769157,0.00245083873439,0.00186128992367,0.00181068264729 & Score: -950.325719
.Lambda : 0.00027553349066,0.00387739676847,0.00243425859857,0.00203997894611,0.00177054538097 & Score: -948.818203
.Lambda : 0.00032602380347,0.00407781420933,0.00245427392382,0.00243646584533,0.00142025952602 & Score: -950.501907
.Lambda : 0.00031362901979,0.00401249211928,0.00243977445020,0.00233036039654,0.00155604729731 & Score: -949.009988
.Lambda : 0.00031240385071,0.00381088144340,0.00248736843598,0.00225139244983,0.00190169148772 & Score: -948.601502
.Lambda : 0.00032020712269,0.00368473092840,0.00253852004781,0.00225949524465,0.00210096667143 & Score: -949.745087
.Lambda : 0.00023206923064,0.00384562166900,0.00249670039214,0.00190848373567,0.00168013572350 & Score: -950.191394
.Lambda : 0.00026371147068,0.00387578675624,0.00247443254956,0.00205255075787,0.00170391848541 & Score: -948.868825
.Lambda : 0.00025711138199,0.00374472942248,0.00247841820352,0.00195175130816,0.00195850367257 & Score: -950.033326
.Lambda : 0.00027124079144,0.00381167009668,0.00246875726519,0.00204640358025,0.00185788957876 & Score: -948.980819
.Lambda : 0.00029949961034,0.00394555144508,0.00244943538853,0.00223570812444,0.00165666139113 & Score: -948.476123
.Lambda : 0.00031362901979,0.00401249211928,0.00243977445020,0.00233036039654,0.00155604729731 & Score: -949.009988
.Lambda : 0.00032134418696,0.00390934066105,0.00243376123974,0.00230282389345,0.00179172964676 & Score: -948.443781
.Lambda : 0.00035016054511,0.00392611761345,0.00241342558483,0.00242796046124,0.00183563522744 & Score: -949.022242
.Lambda : 0.00030697461369,0.00394251526759,0.00238173573681,0.00203525967309,0.00192190120437 & Score: -948.900435
.Lambda : 0.00030284144576,0.00392230581036,0.00241129511482,0.00210523842189,0.00185043282944 & Score: -948.506472
.Lambda : 0.00033280624702,0.00394475955454,0.00243826499360,0.00233655918559,0.00181933850743 & Score: -948.492252
.Lambda : 0.00034279788587,0.00384582411814,0.00248860126774,0.00244650639046,0.00183374717903 & Score: -949.050150
.Lambda : 0.00032828847702,0.00387619595051,0.00246631315114,0.00234642540275,0.00181885897576 & Score: -948.562323
.Lambda : 0.00032150813613,0.00402837992522,0.00239225951915,0.00227930956142,0.00167311705249 & Score: -948.417784
.Lambda : 0.00032606027884,0.00413712916612,0.00234470506073,0.00229326811721,0.00155882983487 & Score: -948.930431
.Lambda : 0.00030291137347,0.00402393900798,0.00238369335120,0.00215743027197,0.00169765279514 & Score: -948.372972
.Lambda : 0.00029022282170,0.00409781053672,0.00234238345123,0.00206293270658,0.00163704970483 & Score: -948.824867
.Lambda : 0.00032838637581,0.00401848242719,0.00242767068207,0.00241949399286,0.00160496692774 & Score: -949.132533
.Lambda : 0.00032200014330,0.00399443827298,0.00242357679026,0.00234093010012,0.00166633340317 & Score: -948.603218
.Lambda : 0.00031220975480,0.00402615946660,0.00238797643517,0.00221836991669,0.00168538492381 & Score: -948.340841
.Lambda : 0.00031212778022,0.00396663983452,0.00240872729547,0.00223012708271,0.00174469122095 & Score: -948.303786
.Lambda : 0.00030120549190,0.00398474522653,0.00241656436986,0.00219656919821,0.00167715709313 & Score: -948.397295
.Lambda : 0.00031785881025,0.00398434928126,0.00241097917240,0.00224699472878,0.00175849565129 & Score: -948.266097
.Lambda : 0.00030287640961,0.00397312240917,0.00239749423301,0.00213133434693,0.00177404281229 & Score: -948.353239
.Lambda : 0.00031798815943,0.00400493877328,0.00237898382503,0.00219713334062,0.00178694986826 & Score: -948.263625
.Lambda : 0.00032637949320,0.00401503554666,0.00236019355262,0.00219741541183,0.00184184625582 & Score: -948.334300
.Lambda : 0.00032231299226,0.00395814489795,0.00240997103324,0.00225215349433,0.00180217299550 & Score: -948.307231
.Lambda : 0.00033012258917,0.00400297049227,0.00240116087152,0.00232657707832,0.00173703505163 & Score: -948.449893
.Lambda : 0.00032331104428,0.00399550847150,0.00240024421189,0.00227776639547,0.00174628699180 & Score: -948.326894
.Lambda : 0.00032522975977,0.00393767303680,0.00241558578004,0.00226330010007,0.00185005376730 & Score: -948.413653
.Lambda : 0.00032197475853,0.00395979464425,0.00240868344382,0.00225206755423,0.00180888655643 & Score: -948.321201
.Lambda : 0.00031359395599,0.00395403850101,0.00240669369609,0.00219362408479,0.00181419152517 & Score: -948.303689
.Lambda : 0.00031157792073,0.00398744987095,0.00239745856507,0.00219594553826,0.00175371394804 & Score: -948.265787
.Lambda : 0.00030694565839,0.00400082160646,0.00239116598839,0.00217337641574,0.00174104388998 & Score: -948.298180
.Lambda : 0.00031505802170,0.00400599937867,0.00238538520333,0.00217270256057,0.00179706673214 & Score: -948.256913
.Lambda : 0.00031652314245,0.00402567915075,0.00237371415725,0.00214399029950,0.00182325448774 & Score: -948.290623
.Lambda : 0.00031417747221,0.00403938506324,0.00237889540559,0.00220083694880,0.00172071651071 & Score: -948.264816
.Lambda : 0.00032371849534,0.00400802734050,0.00238951488018,0.00223206883107,0.00178573319419 & Score: -948.241160
.Lambda : 0.00033210491381,0.00401163020753,0.00238868932607,0.00226141503874,0.00180807784630 & Score: -948.282180
.Lambda : 0.00031514921752,0.00403397088940,0.00236111597928,0.00215248015896,0.00177917645005 & Score: -948.276923
.Lambda : 0.00031582661570,0.00402156548737,0.00237358177756,0.00217610880141,0.00177400625036 & Score: -948.251808
.Lambda : 0.00032312958502,0.00404451654627,0.00236508587161,0.00219559465473,0.00179207507423 & Score: -948.230191
.Lambda : 0.00032890541717,0.00407304988393,0.00234889952487,0.00219541921296,0.00181125563732 & Score: -948.238030
.Lambda : 0.00032411087867,0.00399463394719,0.00237812521749,0.00218860632656,0.00185361593696 & Score: -948.335037
.Lambda : 0.00032162752705,0.00400582172621,0.00237831776451,0.00219166398212,0.00182039108040 & Score: -948.273927
.Lambda : 0.00032342404018,0.00402627194339,0.00237730037589,0.00221383174290,0.00178890413421 & Score: -948.231149
.Lambda : 0.00031947810036,0.00403304101682,0.00236933382458,0.00218585172807,0.00178304066229 & Score: -948.237392
.Lambda : 0.00031909380336,0.00402525796247,0.00237523553747,0.00218414860765,0.00179457090318 & Score: -948.239906
.Lambda : 0.00032055887223,0.00402472765978,0.00237203484832,0.00219636399768,0.00178951247124 & Score: -948.245856
.Lambda : 0.00031865352862,0.00404195080476,0.00237199063860,0.00219821580176,0.00175639579247 & Score: -948.228902
.Lambda : 0.00032095275079,0.00404368764971,0.00237154365094,0.00219469301637,0.00177648215531 & Score: -948.213825
.Lambda : 0.00032114969007,0.00405316764467,0.00237129805225,0.00219385752571,0.00176996699735 & Score: -948.199703
.Lambda : 0.00032324017434,0.00405432121989,0.00236676796770,0.00221079197362,0.00176158216103 & Score: -948.216059
.Lambda : 0.00032436070693,0.00405505024677,0.00237164333784,0.00221906495142,0.00176452900142 & Score: -948.207429
.Lambda : 0.00032078943381,0.00407333064156,0.00236141397131,0.00219317822000,0.00174891547639 & Score: -948.209246
.Lambda : 0.00032014782848,0.00406661167679,0.00237215971547,0.00221044873428,0.00172848069723 & Score: -948.217788
.Lambda : 0.00032522160483,0.00407904176712,0.00236532257923,0.00221272076025,0.00175299394090 & Score: -948.186126
.Lambda : 0.00032850564294,0.00409758724829,0.00236198854954,0.00221997323949,0.00175129301512 & Score: -948.170523
.Lambda : 0.00032707043075,0.00406677112369,0.00236108503598,0.00220429762982,0.00179003396329 & Score: -948.203530
.Lambda : 0.00032551018746,0.00408404154210,0.00236420361106,0.00220135665296,0.00176831322039 & Score: -948.170341
.Lambda : 0.00032664519403,0.00409890170321,0.00236292143274,0.00219663899263,0.00177167875007 & Score: -948.149554
.Lambda : 0.00033030323208,0.00407526054509,0.00237016059203,0.00222035471563,0.00179008521451 & Score: -948.174092
.Lambda : 0.00032910896902,0.00410162505921,0.00235933812718,0.00219498388989,0.00178469417471 & Score: -948.148518
.Lambda : 0.00033148310007,0.00412491246542,0.00235318552185,0.00218294335913,0.00179477676135 & Score: -948.130615
.Lambda : 0.00032816431292,0.00411316071899,0.00236673662338,0.00220120950322,0.00176108633207 & Score: -948.117878
.Lambda : 0.00032871125400,0.00413635551664,0.00236956241708,0.00219966543991,0.00174661251646 & Score: -948.084755
.Lambda : 0.00033710967918,0.00416003934679,0.00235582935305,0.00221397277300,0.00177181150566 & Score: -948.086302
.Lambda : 0.00033067871601,0.00417185796705,0.00235123431767,0.00218492280603,0.00174438380496 & Score: -948.084798
.Lambda : 0.00033334553437,0.00417923955135,0.00235510466741,0.00217128410879,0.00178041232028 & Score: -948.051354
.Lambda : 0.00033576548008,0.00422006570288,0.00235166272635,0.00214693954344,0.00179497197286 & Score: -948.026112
.Lambda : 0.00033885409771,0.00422639069631,0.00234966830166,0.00217473857598,0.00176934387445 & Score: -948.002413
.Lambda : 0.00034495854955,0.00429013519286,0.00234304173613,0.00216378836766,0.00176817643664 & Score: -947.950885
.Lambda : 0.00033940637146,0.00426646902506,0.00235534669826,0.00218077221289,0.00173560573328 & Score: -947.963392
.Lambda : 0.00033469846926,0.00427391401500,0.00235250980515,0.00213646257497,0.00174408868002 & Score: -947.974432
.Lambda : 0.00034273733373,0.00430291781392,0.00235761503551,0.00214612844951,0.00177139833075 & Score: -947.907143
.Lambda : 0.00034876664260,0.00436844773736,0.00236080539443,0.00212673127126,0.00178490559365 & Score: -947.856735
.Lambda : 0.00035272695118,0.00443125715262,0.00233578412705,0.00210221214817,0.00178448685012 & Score: -947.912308
.Lambda : 0.00035245731353,0.00443202354628,0.00234733237805,0.00213704708654,0.00173193334461 & Score: -947.848133
.Lambda : 0.00036080323026,0.00453800246799,0.00234516720391,0.00213210085809,0.00170041403049 & Score: -947.838033
.Lambda : 0.00036396622875,0.00448381061536,0.00234354825876,0.00214577936826,0.00176534677765 & Score: -947.817295
.Lambda : 0.00037860010850,0.00458875891554,0.00233906748557,0.00215043776490,0.00177597582646 & Score: -947.812006
.Lambda : 0.00037493582137,0.00462017156149,0.00233419968057,0.00208933595114,0.00178997776166 & Score: -947.863673
.Lambda : 0.00038137455202,0.00472851994114,0.00234296782049,0.00207653882977,0.00176612758831 & Score: -947.841213
.Lambda : 0.00038506519072,0.00470630309679,0.00235309890694,0.00212784572189,0.00174247347011 & Score: -947.763554
.Lambda : 0.00040123431049,0.00484382606887,0.00236175629689,0.00214066250875,0.00172146678010 & Score: -947.777638
.Lambda : 0.00036690806827,0.00455184130204,0.00236224304396,0.00215612582722,0.00171798084194 & Score: -947.759885
.Lambda : 0.00036289419171,0.00451767617232,0.00237626472565,0.00218952076527,0.00168198238208 & Score: -947.806887
.Lambda : 0.00040033381731,0.00487692255204,0.00233621238991,0.00213048832949,0.00169628310928 & Score: -947.886406
.Lambda : 0.00038744202363,0.00474980384837,0.00234236064104,0.00212954906493,0.00171843873037 & Score: -947.813190
.Lambda : 0.00037015289653,0.00452536391114,0.00235380709208,0.00220188486505,0.00169598557144 & Score: -947.854869
.Lambda : 0.00037295831040,0.00457615291864,0.00235109727418,0.00217054835623,0.00171352107565 & Score: -947.797059
.Lambda : 0.00039558625035,0.00473114156456,0.00235397973677,0.00216170183598,0.00176694194733 & Score: -947.784224
.Lambda : 0.00037220514767,0.00451187527066,0.00236143393793,0.00217711473755,0.00176831853423 & Score: -947.769884
.Lambda : 0.00037848907846,0.00464216674554,0.00237367367435,0.00216689682665,0.00170771852125 & Score: -947.731823
.Lambda : 0.00037843356344,0.00466887066054,0.00239097676873,0.00217512635753,0.00167358986864 & Score: -947.745066
.Lambda : 0.00038634318378,0.00468117827319,0.00237067444580,0.00214532562349,0.00176785225028 & Score: -947.718880
.Lambda : 0.00039303562047,0.00473369095046,0.00238046303160,0.00213271425712,0.00179501783760 & Score: -947.728501
.Lambda : 0.00036001801721,0.00450620431073,0.00237446986682,0.00214762165875,0.00171479549980 & Score: -947.743135
.Lambda : 0.00037852426771,0.00472320222065,0.00237223003722,0.00212041152565,0.00169200969913 & Score: -947.752863
.Lambda : 0.00036304785545,0.00453553404407,0.00238821752031,0.00216670686281,0.00169766925485 & Score: -947.722406
.Lambda : 0.00037966089278,0.00468347293563,0.00238946317383,0.00214265917171,0.00171403724818 & Score: -947.671606
.Lambda : 0.00038603730503,0.00474928875243,0.00240307323877,0.00213592584396,0.00171206545130 & Score: -947.646048
.Lambda : 0.00037104990827,0.00452254662973,0.00239181346120,0.00218457920062,0.00174803069186 & Score: -947.685602
.Lambda : 0.00039396891519,0.00474608146726,0.00239651106935,0.00217215208426,0.00173853896802 & Score: -947.675154
.Lambda : 0.00038168978863,0.00465168492113,0.00240644221983,0.00215497901940,0.00175794412528 & Score: -947.614936
.Lambda : 0.00038329014371,0.00465644400893,0.00242282649257,0.00214902011578,0.00178305692730 & Score: -947.585105
.Lambda : 0.00040522792694,0.00480668160854,0.00240574196276,0.00214809428443,0.00180214846065 & Score: -947.682350
.Lambda : 0.00038948649587,0.00471123871356,0.00243731204407,0.00217058298813,0.00174568394937 & Score: -947.554716
.Lambda : 0.00039105815192,0.00472626893375,0.00247063084320,0.00218321167046,0.00173459979891 & Score: -947.490097
.Lambda : 0.00041278306885,0.00495135927863,0.00244769998146,0.00213078239894,0.00176013315061 & Score: -947.586925
.Lambda : 0.00038162710694,0.00472509536786,0.00245055468738,0.00216034256093,0.00168920925780 & Score: -947.552096
.Lambda : 0.00038794939539,0.00477730106938,0.00248140302800,0.00213156095176,0.00173308686634 & Score: -947.437749
.Lambda : 0.00038493963550,0.00479291087045,0.00252384900732,0.00211126538551,0.00173036081551 & Score: -947.344303
.Lambda : 0.00039544193773,0.00479154263142,0.00252315116600,0.00215792300869,0.00176687852875 & Score: -947.366457
.Lambda : 0.00036175972147,0.00452554544633,0.00250870489713,0.00217392269761,0.00172150898070 & Score: -947.391378
.Lambda : 0.00038264047772,0.00476810129099,0.00256792974784,0.00216564601349,0.00167396602537 & Score: -947.311773
.Lambda : 0.00038231564472,0.00482392993203,0.00264048137548,0.00217395896235,0.00161942057440 & Score: -947.333849
.Lambda : 0.00038470886279,0.00471665230132,0.00258715157722,0.00215644494937,0.00176171640189 & Score: -947.189727
.Lambda : 0.00038624974072,0.00471243076804,0.00265545002214,0.00215449614360,0.00179796997394 & Score: -947.084090
.Lambda : 0.00037335445333,0.00470994346914,0.00264100309297,0.00212208962910,0.00174167393080 & Score: -947.066965
.Lambda : 0.00036450260404,0.00470178073684,0.00272618921785,0.00209152860843,0.00174521099674 & Score: -946.936597
.Lambda : 0.00040375003681,0.00498116107277,0.00268992276734,0.00209842096628,0.00176424555542 & Score: -947.110361
.Lambda : 0.00037339106018,0.00479101126421,0.00274218513899,0.00209061983824,0.00171782281804 & Score: -946.928146
.Lambda : 0.00036236562140,0.00479074558061,0.00285170212549,0.00205696825301,0.00169329496269 & Score: -946.847556
.Lambda : 0.00037486375678,0.00478877690925,0.00287262854494,0.00211555860841,0.00173951419016 & Score: -946.696350
.Lambda : 0.00036982581742,0.00478670992866,0.00304701831376,0.00211770521986,0.00174409087748 & Score: -946.488319
.Lambda : 0.00037203705044,0.00482102994377,0.00302018323079,0.00204200166298,0.00182395892114 & Score: -946.716696
.Lambda : 0.00033824229680,0.00454391771040,0.00303029439667,0.00208665898887,0.00175756473737 & Score: -946.589509
.Lambda : 0.00033653961532,0.00474524279207,0.00321470489169,0.00200344894966,0.00170767822423 & Score: -946.677668
.Lambda : 0.00034710155652,0.00477327764537,0.00333937196550,0.00203118462133,0.00174542409243 & Score: -946.456928
.Lambda : 0.00033840103276,0.00480902609963,0.00364596333933,0.00200101262777,0.00174553064027 & Score: -946.534187
.Lambda : 0.00034313291320,0.00467732562750,0.00340892699387,0.00205543152407,0.00181819177837 & Score: -946.434703
.Lambda : 0.00033351655909,0.00462061565094,0.00368753942807,0.00205466315959,0.00188064018622 & Score: -946.599453
.Lambda : 0.00032189982926,0.00458955953783,0.00339594339381,0.00207577005853,0.00168522096281 & Score: -946.480670
.Lambda : 0.00035154134995,0.00460307338783,0.00327391713376,0.00214325121540,0.00179251875516 & Score: -946.333902
.Lambda : 0.00035904221727,0.00453198868572,0.00330352325480,0.00221315234827,0.00183493902062 & Score: -946.449831
.Lambda : 0.00035515828974,0.00482806074047,0.00355577672361,0.00208267806681,0.00175661384913 & Score: -946.282845
.Lambda : 0.00036361628621,0.00497013225551,0.00381851788707,0.00208068760578,0.00175613840500 & Score: -946.356219
.Lambda : 0.00031770775805,0.00460180884694,0.00374255617047,0.00203762097459,0.00177509689768 & Score: -946.519152
.Lambda : 0.00033073727289,0.00464803411737,0.00356867170629,0.00205764203591,0.00176734539263 & Score: -946.381440
.Lambda : 0.00036916872366,0.00482234906959,0.00346272241540,0.00207230492687,0.00186681658428 & Score: -946.493575
.Lambda : 0.00035735150006,0.00476415168665,0.00344602766000,0.00207317120979,0.00182141767891 & Score: -946.374089
.Lambda : 0.00034806697382,0.00463498057856,0.00356195612151,0.00213368499946,0.00183701088925 & Score: -946.329895
.Lambda : 0.00035400924139,0.00471399457685,0.00355361274419,0.00214073948688,0.00177177084766 & Score: -946.225452
.Lambda : 0.00035944740549,0.00473232905153,0.00362595561935,0.00218339346829,0.00174856038230 & Score: -946.232296
.Lambda : 0.00037571366910,0.00476967027078,0.00338784444694,0.00217176795543,0.00182438741541 & Score: -946.359527
.Lambda : 0.00035644430954,0.00465576013515,0.00348721520800,0.00219567747981,0.00177150302373 & Score: -946.264338
.Lambda : 0.00033037439668,0.00460467749677,0.00358514672549,0.00210664454392,0.00174737953056 & Score: -946.294797
.Lambda : 0.00034607993451,0.00477191602329,0.00382356587536,0.00212051861535,0.00176119250097 & Score: -946.274078
.Lambda : 0.00034875949493,0.00479478301045,0.00364017078915,0.00212481827764,0.00168637301157 & Score: -946.284818
.Lambda : 0.00037380611136,0.00490112829772,0.00363898981064,0.00215912822668,0.00175160176266 & Score: -946.266647
.Lambda : 0.00036543965969,0.00475356089894,0.00358349335557,0.00215467847257,0.00183869978210 & Score: -946.333055
.Lambda : 0.00036126961850,0.00476386642682,0.00359766271397,0.00214721342384,0.00180061808946 & Score: -946.258573
.Lambda : 0.00036148539638,0.00469460544346,0.00368464181726,0.00222263282621,0.00178606064067 & Score: -946.313848
.Lambda : 0.00035990361972,0.00472796926771,0.00365242554384,0.00218764413636,0.00177869894278 & Score: -946.254070
.Lambda : 0.00037609322569,0.00473317145841,0.00334839653290,0.00221164248607,0.00178848456555 & Score: -946.362301
.Lambda : 0.00036858990290,0.00474285759963,0.00346718886851,0.00218886151839,0.00178166154940 & Score: -946.277412
.Lambda : 0.00035695643056,0.00472098192228,0.00360301914402,0.00216419181162,0.00177523489522 & Score: -946.230102
.Lambda : 0.00035763942995,0.00473893050184,0.00357563772908,0.00214397645536,0.00178619446856 & Score: -946.237409
.Lambda : 0.00035522677546,0.00468487735600,0.00352041397610,0.00216820848334,0.00177163693570 & Score: -946.234178
.Lambda : 0.00036390767638,0.00480756143729,0.00359630127742,0.00214993385678,0.00176168630516 & Score: -946.230186
.Lambda : 0.00035004458795,0.00474295530007,0.00368858930978,0.00213062905111,0.00176648167431 & Score: -946.234207
.Lambda : 0.00035441845475,0.00472921773516,0.00360913685152,0.00215750462054,0.00175252979466 & Score: -946.218281
.Lambda : 0.00035280796715,0.00472436135183,0.00362588641274,0.00216426870313,0.00173569745771 & Score: -946.222502
.Lambda : 0.00036376284346,0.00471969791096,0.00346440428752,0.00218160225255,0.00176666183704 & Score: -946.252187
.Lambda : 0.00036033327958,0.00472551225824,0.00352045054309,0.00216885895219,0.00176661679636 & Score: -946.232323
.Lambda : 0.00036062325760,0.00479402981593,0.00363259424800,0.00214428300786,0.00175949851993 & Score: -946.224962
.Lambda : 0.00035563274468,0.00478080193677,0.00367741516297,0.00213380216128,0.00176167134869 & Score: -946.229330
.Lambda : 0.00034874837521,0.00468804895751,0.00363400998287,0.00214627457849,0.00176659585730 & Score: -946.224257
.Lambda : 0.00035241639890,0.00476145528661,0.00363968845180,0.00212484973040,0.00174959165207 & Score: -946.225828
.Lambda : 0.00035245354646,0.00469389661206,0.00355020174838,0.00215165840839,0.00175832331996 & Score: -946.219235
.Lambda : 0.00035568475126,0.00468621979240,0.00355213377818,0.00217133431046,0.00177389568373 & Score: -946.233505
.Lambda : 0.00035486766317,0.00470502866595,0.00357402244659,0.00215971316545,0.00176781967581 & Score: -946.223249
.Lambda : 0.00035443527749,0.00473009413779,0.00364637336675,0.00216303402541,0.00175013601941 & Score: -946.220645
.Lambda : 0.00034534606923,0.00462448462746,0.00357290351044,0.00216699091145,0.00175866334693 & Score: -946.233208
.Lambda : 0.00034916536633,0.00466687092458,0.00358782619483,0.00216131393555,0.00175887214018 & Score: -946.223160
.Lambda : 0.00035738774806,0.00472199427271,0.00355301426036,0.00217101508364,0.00174847652270 & Score: -946.224544
.Lambda : 0.00035522790485,0.00471350794391,0.00357326319099,0.00216482995735,0.00175300635635 & Score: -946.220258
.Lambda : 0.00035141255677,0.00470840627545,0.00361269809440,0.00215962321345,0.00174132737641 & Score: -946.219068
.Lambda : 0.00035801372980,0.00476317815717,0.00360884310598,0.00215734615450,0.00174325700654 & Score: -946.219648
.Lambda : 0.00035417519957,0.00471318855171,0.00353528382976,0.00215335091628,0.00174924152216 & Score: -946.219328
.Lambda : 0.00035296149009,0.00472964698871,0.00359320226103,0.00214696336791,0.00174486525153 & Score: -946.216543
.Lambda : 0.00035182828271,0.00473771651111,0.00360317179605,0.00213803007319,0.00174079469912 & Score: -946.218997
.Lambda : 0.00034815476925,0.00466656430807,0.00355136600805,0.00215029405612,0.00175525789935 & Score: -946.223133
.Lambda : 0.00035061950939,0.00469071777034,0.00356573528254,0.00215205708072,0.00175225767615 & Score: -946.218851
.Lambda : 0.00035057102342,0.00470756560098,0.00363710586539,0.00215377176012,0.00175047984532 & Score: -946.218623
.Lambda : 0.00035153966731,0.00473232513620,0.00365694959357,0.00215630960871,0.00173826065767 & Score: -946.222272
.Lambda : 0.00035176813710,0.00472271800517,0.00363026263227,0.00215514680863,0.00174327632324 & Score: -946.218761
.Lambda : 0.00035272288912,0.00472354016470,0.00360147906270,0.00214655424172,0.00175603617995 & Score: -946.217708
.Lambda : 0.00035435728840,0.00475435762755,0.00366273938663,0.00215191923884,0.00174661728174 & Score: -946.220909
.Lambda : 0.00035342284365,0.00473844766324,0.00363848836060,0.00215195369931,0.00174802738034 & Score: -946.218320
.Lambda : 0.00035387054331,0.00472864925596,0.00360150232822,0.00214755226721,0.00175749905748 & Score: -946.217470
.Lambda : 0.00035638746495,0.00475223512213,0.00358041768025,0.00214643951856,0.00175310322026 & Score: -946.218259
.Lambda : 0.00035472149324,0.00472686804342,0.00355580691288,0.00214605190706,0.00175758602122 & Score: -946.218880
.Lambda : 0.00035439683084,0.00472976294837,0.00357647727481,0.00214752735512,0.00175519636100 & Score: -946.217486
.Lambda : 0.00035371723258,0.00473631605678,0.00357209459129,0.00213651007967,0.00175415023343 & Score: -946.218992
.Lambda : 0.00035389253812,0.00473454147638,0.00358135515634,0.00214175871489,0.00175374512374 & Score: -946.217568
.Lambda : 0.00035075025164,0.00470622121152,0.00360118875300,0.00214570286018,0.00175383356922 & Score: -946.217433
.Lambda : 0.00035362577248,0.00472798858768,0.00358001124667,0.00214524758441,0.00175001956523 & Score: -946.216235
.Lambda : 0.00035407721416,0.00473021279917,0.00356927733865,0.00214459425576,0.00174701125787 & Score: -946.216160
.Lambda : 0.00035252999390,0.00471525580511,0.00359530402594,0.00215117732759,0.00174961707510 & Score: -946.216093
.Lambda : 0.00035184872179,0.00470561296948,0.00360227846074,0.00215588663394,0.00174755305078 & Score: -946.216661
.Lambda : 0.00035127896640,0.00471423147582,0.00360771260792,0.00214686867634,0.00174593412349 & Score: -946.216115
.Lambda : 0.00035076862316,0.00470957805618,0.00358517166639,0.00214657032790,0.00173900545340 & Score: -946.217452
.Lambda : 0.00035387054331,0.00472864925596,0.00360150232822,0.00214755226721,0.00175749905748 & Score: -946.217470
.Lambda : 0.00035309506328,0.00472388145601,0.00359741966277,0.00214730678238,0.00175287565646 & Score: -946.216382
.Lambda : 0.00035482683949,0.00473907019841,0.00358397760553,0.00214906130381,0.00174228777657 & Score: -946.216301
.Lambda : 0.00035336174080,0.00471941370510,0.00358827423529,0.00214863997044,0.00175022510426 & Score: -946.215141
.Lambda : 0.00035356186615,0.00471429706329,0.00358581022242,0.00214947827170,0.00175290503063 & Score: -946.214818
.Lambda : 0.00035341488876,0.00472134548071,0.00357941305742,0.00214916515169,0.00174222644900 & Score: -946.215307
.Lambda : 0.00035111833227,0.00469906685123,0.00359102929542,0.00214745216942,0.00175278979787 & Score: -946.215933
.Lambda : 0.00035068440483,0.00469546587129,0.00361443034500,0.00215306238294,0.00175037773256 & Score: -946.216183
.Lambda : 0.00035153260716,0.00470415260326,0.00360314209341,0.00215094535114,0.00174953611389 & Score: -946.215472
.Lambda : 0.00035358410890,0.00470741564562,0.00357416686992,0.00215241863228,0.00175289566311 & Score: -946.215301
.Lambda : 0.00035275472740,0.00470325525253,0.00357812058949,0.00214860650291,0.00175052414669 & Score: -946.213946
.Lambda : 0.00035286709415,0.00469725497624,0.00356952887127,0.00214732109057,0.00175097768249 & Score: -946.213170
.Lambda : 0.00035486589379,0.00471871945642,0.00357379515036,0.00215227922954,0.00174662657778 & Score: -946.213941
.Lambda : 0.00035578493354,0.00471946044565,0.00354994357514,0.00214931959917,0.00174871644731 & Score: -946.214399
.Lambda : 0.00035485066985,0.00470151355418,0.00356188481823,0.00215116157761,0.00175862211153 & Score: -946.214762
.Lambda : 0.00035518807409,0.00471308255268,0.00356221818505,0.00214740527515,0.00175024347678 & Score: -946.212483
.Lambda : 0.00035599005668,0.00471591600621,0.00355624384261,0.00214489859659,0.00174891738362 & Score: -946.211548
.Lambda : 0.00035618159305,0.00470684871219,0.00353874828062,0.00214851376569,0.00174863905046 & Score: -946.212434
.Lambda : 0.00035542515863,0.00472176628450,0.00355341906978,0.00214577133501,0.00173892874514 & Score: -946.213633
.Lambda : 0.00035434698498,0.00470474172857,0.00356675051071,0.00214619400779,0.00174491932849 & Score: -946.210772
.Lambda : 0.00035362801071,0.00469738237004,0.00357515397850,0.00214463121210,0.00174302076907 & Score: -946.209558
.Lambda : 0.00035477087150,0.00469694788325,0.00354344246675,0.00214017517045,0.00174556687454 & Score: -946.210470
.Lambda : 0.00035394989180,0.00468397369467,0.00355982790612,0.00214444459915,0.00175591995894 & Score: -946.210705
.Lambda : 0.00035694107535,0.00470317249030,0.00353983771857,0.00214174424702,0.00174584793216 & Score: -946.208615
.Lambda : 0.00035897806595,0.00470613124734,0.00352499214223,0.00213895582524,0.00174328305700 & Score: -946.207986
.Lambda : 0.00035474516561,0.00469329176841,0.00356511585386,0.00213672839572,0.00174604416680 & Score: -946.207282
.Lambda : 0.00035402695189,0.00468651329653,0.00357829964048,0.00213083571073,0.00174474672497 & Score: -946.206695
.Lambda : 0.00035415146006,0.00467246339052,0.00355644261102,0.00213471841048,0.00174409757018 & Score: -946.205837
.Lambda : 0.00035323216174,0.00465073708267,0.00355654199522,0.00212962831742,0.00174168766347 & Score: -946.205332
.Lambda : 0.00035590453292,0.00469111105726,0.00355154418314,0.00212924589523,0.00173140207668 & Score: -946.208333
.Lambda : 0.00035553701778,0.00467580213828,0.00357117030908,0.00212914361384,0.00173608924194 & Score: -946.203316
.Lambda : 0.00035592009092,0.00466522926580,0.00358503423024,0.00212362783554,0.00173135042563 & Score: -946.202341
.Lambda : 0.00035759671066,0.00466250640981,0.00354341089803,0.00211628622157,0.00173396721003 & Score: -946.205905
.Lambda : 0.00035599705955,0.00465733586359,0.00356376737934,0.00212648766897,0.00174661195576 & Score: -946.201025
.Lambda : 0.00035604332287,0.00464044826676,0.00356987897743,0.00212510855584,0.00175421689529 & Score: -946.200351
.Lambda : 0.00035174962928,0.00461604248129,0.00360827415433,0.00211123883120,0.00173910451076 & Score: -946.209171
.Lambda : 0.00035355673845,0.00463856467280,0.00358745365131,0.00211816807971,0.00174014914732 & Score: -946.204307
.Lambda : 0.00035651265796,0.00461648098261,0.00355862826041,0.00211429189330,0.00173580181172 & Score: -946.201280
.Lambda : 0.00035250927812,0.00462207769845,0.00359960394782,0.00212804365116,0.00174731516734 & Score: -946.200832
.Lambda : 0.00035658467358,0.00462238327190,0.00360369763166,0.00211406768880,0.00174184571546 & Score: -946.197743
.Lambda : 0.00035826092950,0.00460820636651,0.00362727544988,0.00210628737448,0.00174192474145 & Score: -946.198050
.Lambda : 0.00035747127093,0.00462808312141,0.00357928356772,0.00212388777014,0.00174406285886 & Score: -946.193947
.Lambda : 0.00035942853717,0.00462284234571,0.00357519852593,0.00212674761536,0.00174601971463 & Score: -946.190040
.Lambda : 0.00035651129696,0.00458446376037,0.00357776870706,0.00211967592624,0.00175872929615 & Score: -946.197851
.Lambda : 0.00035591818551,0.00462040515467,0.00361183085554,0.00213116548166,0.00176344890383 & Score: -946.198545
.Lambda : 0.00036128512832,0.00461413942131,0.00357574593123,0.00211866245600,0.00175838904280 & Score: -946.193030
.Lambda : 0.00035984780575,0.00458524531482,0.00360781768314,0.00211901911138,0.00175315617385 & Score: -946.188543
.Lambda : 0.00036175004719,0.00455764383885,0.00362678703599,0.00211597438915,0.00175262581314 & Score: -946.185421
.Lambda : 0.00036230568777,0.00458018390059,0.00357184827720,0.00210688574856,0.00173959492904 & Score: -946.192516
.Lambda : 0.00036403033266,0.00461441335097,0.00360354225375,0.00211325923290,0.00173666078988 & Score: -946.187037
.Lambda : 0.00036693521966,0.00457330587108,0.00357755117798,0.00211854408799,0.00175147040034 & Score: -946.181688
.Lambda : 0.00037211049270,0.00454876717067,0.00356447795113,0.00212078228759,0.00175628274278 & Score: -946.180405
.Lambda : 0.00036656491068,0.00455540082141,0.00360099568637,0.00211479725342,0.00173408455299 & Score: -946.180322
.Lambda : 0.00036920480186,0.00452603152146,0.00361362056394,0.00211286465213,0.00172193230808 & Score: -946.182412
.Lambda : 0.00036724804038,0.00457944311046,0.00361655230406,0.00212973856281,0.00175067451632 & Score: -946.176437
.Lambda : 0.00036971921669,0.00457907271539,0.00363890431749,0.00214116496993,0.00175621430996 & Score: -946.177311
.Lambda : 0.00037325299228,0.00451942497124,0.00362974356660,0.00211107307499,0.00174611165141 & Score: -946.177688
.Lambda : 0.00037234026064,0.00448985861408,0.00361188036392,0.00212368699428,0.00175925092077 & Score: -946.177938
.Lambda : 0.00037885663148,0.00451951403629,0.00358267291284,0.00212405688008,0.00174593594058 & Score: -946.175385
.Lambda : 0.00038740992362,0.00450044913500,0.00356061585127,0.00212809812555,0.00174259100429 & Score: -946.184172
.Lambda : 0.00037119464148,0.00451668945072,0.00365225998238,0.00212055881864,0.00173814029005 & Score: -946.173447
.Lambda : 0.00037073671587,0.00450065059074,0.00369615099800,0.00212044708417,0.00172906906369 & Score: -946.177655
.Lambda : 0.00037859211582,0.00449457125170,0.00363624796555,0.00212884847890,0.00176196077466 & Score: -946.179008
.Lambda : 0.00036656491068,0.00455540082141,0.00360099568637,0.00211479725342,0.00173408455299 & Score: -946.180322
.Lambda : 0.00036957171196,0.00454019342898,0.00360980875617,0.00211831005979,0.00174105360841 & Score: -946.175407
.Lambda : 0.00037170934640,0.00458024738500,0.00362453464491,0.00211780796424,0.00172951548193 & Score: -946.177900
.Lambda : 0.00037234026064,0.00448985861408,0.00361188036392,0.00212368699428,0.00175925092077 & Score: -946.177938
.Lambda : 0.00037218253208,0.00451245580681,0.00361504393416,0.00212221723677,0.00175181706106 & Score: -946.174646
.Lambda : 0.00037036843068,0.00454789336207,0.00360079158925,0.00213487954825,0.00174493691516 & Score: -946.172670
.Lambda : 0.00036892614988,0.00456212755748,0.00358631560057,0.00214678278488,0.00174434954703 & Score: -946.176365
.Lambda : 0.00037762153869,0.00447525532349,0.00360767856586,0.00211827045461,0.00173807900978 & Score: -946.175616
.Lambda : 0.00036724804038,0.00457944311046,0.00361655230406,0.00212973856281,0.00175067451632 & Score: -946.176437
.Lambda : 0.00036984141496,0.00455339616372,0.00361433386951,0.00212687153576,0.00174752563969 & Score: -946.173643
.Lambda : 0.00037540574830,0.00451978609885,0.00361623215909,0.00213312354801,0.00175028873021 & Score: -946.172483
.Lambda : 0.00037832276647,0.00450958243379,0.00361944386056,0.00214053029212,0.00175490629111 & Score: -946.175794
.Lambda : 0.00036474047552,0.00454057431658,0.00365679170092,0.00213100339489,0.00174714751389 & Score: -946.175870
.Lambda : 0.00036826951451,0.00453530924650,0.00363826200390,0.00212926676619,0.00174684462056 & Score: -946.173081
.Lambda : 0.00036984936789,0.00455677392194,0.00363370790749,0.00213566284997,0.00173927741720 & Score: -946.172043
.Lambda : 0.00036868278580,0.00457893297950,0.00364303989415,0.00214238565657,0.00173300759527 & Score: -946.175166
.Lambda : 0.00037219366619,0.00451718466831,0.00364216758733,0.00213452507667,0.00174026954958 & Score: -946.170696
.Lambda : 0.00037336979180,0.00449907892061,0.00365608444624,0.00213835184712,0.00173664150453 & Score: -946.171452
.Lambda : 0.00037124004955,0.00455408946835,0.00360020451644,0.00214642429699,0.00175050660304 & Score: -946.175686
.Lambda : 0.00037122869753,0.00454473946394,0.00361321838293,0.00213995792740,0.00174741502479 & Score: -946.172679
.Lambda : 0.00037534884973,0.00453924175954,0.00360418504654,0.00214199281393,0.00174203043421 & Score: -946.172697
.Lambda : 0.00036826951451,0.00453530924650,0.00363826200390,0.00212926676619,0.00174684462056 & Score: -946.173081
.Lambda : 0.00037003934831,0.00453629237476,0.00362974276456,0.00213244827812,0.00174564107398 & Score: -946.171822
.Lambda : 0.00037191392702,0.00452643270643,0.00363583842016,0.00212829779300,0.00174075044966 & Score: -946.171162
.Lambda : 0.00037339239241,0.00451469454605,0.00366228394621,0.00213074347006,0.00174155397309 & Score: -946.171241
.Lambda : 0.00036754973243,0.00454076518814,0.00366526409121,0.00213154743912,0.00173270825520 & Score: -946.174073
.Lambda : 0.00036951373639,0.00453552041582,0.00365300610818,0.00213194146634,0.00173710337395 & Score: -946.171922
.Lambda : 0.00037297186024,0.00449527596262,0.00365550762308,0.00212751958371,0.00174284995090 & Score: -946.171816
.Lambda : 0.00037469074127,0.00450043168745,0.00363721002836,0.00212947221428,0.00174732262494 & Score: -946.171782
.Lambda : 0.00037602568653,0.00448531545358,0.00366346027750,0.00212777497697,0.00173945754530 & Score: -946.172341
.Lambda : 0.00037452910198,0.00449805968388,0.00365503089926,0.00212894330226,0.00174100342747 & Score: -946.171383
.Lambda : 0.00037371607131,0.00452744535423,0.00363750472944,0.00213327315880,0.00174151005899 & Score: -946.170673
.Lambda : 0.00037408817685,0.00454353005004,0.00362850328263,0.00213614994634,0.00174084011304 & Score: -946.171128
.Lambda : 0.00037160732229,0.00453309509611,0.00365592020460,0.00213284090603,0.00173471235858 & Score: -946.171540
.Lambda : 0.00037469074127,0.00450043168745,0.00363721002836,0.00212947221428,0.00174732262494 & Score: -946.171782
.Lambda : 0.00037391988653,0.00450859753962,0.00364188757242,0.00213031438722,0.00174417005835 & Score: -946.171054
.Lambda : 0.00037152527540,0.00453968224198,0.00363284200296,0.00213391825204,0.00174229820841 & Score: -946.171089
.Lambda : 0.00037191513817,0.00453304245818,0.00361381217872,0.00213338799703,0.00174204535690 & Score: -946.171201
.Lambda : 0.00037339239241,0.00451469454605,0.00366228394621,0.00213074347006,0.00174155397309 & Score: -946.171241
.Lambda : 0.00037302307885,0.00451928152408,0.00365016600433,0.00213140460180,0.00174167681905 & Score: -946.170857
.Lambda : 0.00037383726429,0.00451844382486,0.00364598873844,0.00213707639761,0.00174321942809 & Score: -946.170957
.Lambda : 0.00037515071146,0.00449669892246,0.00365424384983,0.00213271919679,0.00174204015722 & Score: -946.171256
.Lambda : 0.00037424435245,0.00450744475234,0.00364889338811,0.00213301896061,0.00174210467001 & Score: -946.170854
.Lambda : 0.00037288588671,0.00452732250992,0.00364800060664,0.00213740489097,0.00173934215194 & Score: -946.170908
.Lambda : 0.00037258795791,0.00452102769870,0.00364470418791,0.00213077427793,0.00173874187174 & Score: -946.170816
.Lambda : 0.00037342016397,0.00450963108915,0.00364137375221,0.00212779353935,0.00174237903581 & Score: -946.171175
.Lambda : 0.00037328659466,0.00451405394434,0.00364303046582,0.00213019637725,0.00174161981484 & Score: -946.170827
.Lambda : 0.00037338837816,0.00451558104309,0.00363635413911,0.00213331053870,0.00174002156703 & Score: -946.170571
.Lambda : 0.00037357102781,0.00451373080259,0.00362944820650,0.00213426350715,0.00173919394102 & Score: -946.170605
.Lambda : 0.00037182471484,0.00453067233113,0.00363261105574,0.00213181281113,0.00173876047486 & Score: -946.170880
.Lambda : 0.00037242962424,0.00452486543643,0.00363668163883,0.00213211434850,0.00173959652365 & Score: -946.170695
.Lambda : 0.00037243968446,0.00452838773596,0.00363593444723,0.00213540258298,0.00173843601355 & Score: -946.170734
.Lambda : 0.00037307901183,0.00452435799651,0.00363075282887,0.00213667600433,0.00174119161338 & Score: -946.170735
.Lambda : 0.00037258795791,0.00452102769870,0.00364470418791,0.00213077427793,0.00173874187174 & Score: -946.170816
.Lambda : 0.00037271072139,0.00452186027315,0.00364121634815,0.00213224970953,0.00173935430715 & Score: -946.170667
.Lambda : 0.00037333570005,0.00451438697412,0.00364163532991,0.00213078654989,0.00174186478901 & Score: -946.170773
.Lambda : 0.00037311169615,0.00451788716458,0.00364021010924,0.00213194055817,0.00174100759514 & Score: -946.170654
.Lambda : 0.00037394893031,0.00452587104028,0.00363461919858,0.00213063024881,0.00174032647120 & Score: -946.170739
.Lambda : 0.00037351011428,0.00452369944729,0.00363650629577,0.00213160395577,0.00174031224080 & Score: -946.170649
.Lambda : 0.00037414516828,0.00451772387651,0.00364003500986,0.00213283681989,0.00174128578399 & Score: -946.170639
.Lambda : 0.00037303035999,0.00451125536761,0.00364022403141,0.00213150347402,0.00173928253865 & Score: -946.170695
.Lambda : 0.00037320178782,0.00451530286427,0.00363954420592,0.00213194589522,0.00173983941874 & Score: -946.170630
.Lambda : 0.00037423213648,0.00451421748514,0.00363584355581,0.00213240539757,0.00174163233513 & Score: -946.170659
.Lambda : 0.00037271072139,0.00452186027315,0.00364121634815,0.00213224970953,0.00173935430715 & Score: -946.170667
.Lambda : 0.00037309107516,0.00451994957615,0.00363987315006,0.00213228863154,0.00173992381415 & Score: -946.170620
.Lambda : 0.00037382291333,0.00451901555833,0.00363671501104,0.00213285377828,0.00173954553474 & Score: -946.170579
.Lambda : 0.00037354961481,0.00451132972005,0.00364050231063,0.00213369030967,0.00173993420666 & Score: -946.170605
.Lambda : 0.00037267633944,0.00451474762825,0.00363716051685,0.00213279884148,0.00173842003253 & Score: -946.170656
.Lambda : 0.00037304354665,0.00451549169031,0.00363787914010,0.00213280833608,0.00173913647039 & Score: -946.170604
.Lambda : 0.00037355642342,0.00451724417091,0.00363698529446,0.00213403474249,0.00173958521845 & Score: -946.170565
.Lambda : 0.00037373374122,0.00451821482422,0.00363570583874,0.00213507916613,0.00173945811830 & Score: -946.170588
.Lambda : 0.00037385327538,0.00451151529693,0.00363550120807,0.00213439045055,0.00173936538476 & Score: -946.170595
.Lambda : 0.00037351619996,0.00452020938378,0.00363287160649,0.00213326882877,0.00173912746349 & Score: -946.170579
.Lambda : 0.00037421132945,0.00451793449090,0.00363349176357,0.00213433499943,0.00173992159699 & Score: -946.170593
.Lambda : 0.00037354482234,0.00452447856187,0.00363506591780,0.00213273070452,0.00173991516751 & Score: -946.170604
.Lambda : 0.00037362193560,0.00452123774564,0.00363517474036,0.00213314564103,0.00173977772182 & Score: -946.170575
.Lambda : 0.00037295101074,0.00451938066980,0.00363774855302,0.00213231041227,0.00173930140522 & Score: -946.170620
.Lambda : 0.00037326609041,0.00451901912507,0.00363668435565,0.00213281655906,0.00173945645316 & Score: -946.170582
.Lambda : 0.00037389624977,0.00451829603562,0.00363455596093,0.00213382885264,0.00173976654905 & Score: -946.170569
.Lambda : 0.00037336876144,0.00451801179328,0.00363366168550,0.00213418166317,0.00173976587319 & Score: -946.170568
.Lambda : 0.00037361649940,0.00451593893163,0.00363782112166,0.00213413174645,0.00174043930833 & Score: -946.170576
.Lambda : 0.00037351619996,0.00452020938378,0.00363287160649,0.00213326882877,0.00173912746349 & Score: -946.170579
.Lambda : 0.00037354127482,0.00451914177074,0.00363410898528,0.00213348455819,0.00173945542470 & Score: -946.170567
.Lambda : 0.00037347849944,0.00451407217982,0.00363509168575,0.00213439050105,0.00173966013114 & Score: -946.170576
.Lambda : 0.00037351435848,0.00451586357127,0.00363511244940,0.00213407928604,0.00173968952881 & Score: -946.170566
.Lambda : 0.00037376244902,0.00451984189364,0.00363341561112,0.00213453310231,0.00173928347065 & Score: -946.170581
.Lambda : 0.00037366893130,0.00451877668100,0.00363415024312,0.00213422746141,0.00173946799475 & Score: -946.170569
.Lambda : 0.00037316365001,0.00451731915926,0.00363505150217,0.00213417423188,0.00173941906691 & Score: -946.170574
.Lambda : 0.00037334679995,0.00451756337835,0.00363492761686,0.00213408788707,0.00173950593745 & Score: -946.170566
.Lambda : 0.00037326211594,0.00451635319281,0.00363576816949,0.00213371979337,0.00173973279829 & Score: -946.170568
.Lambda : 0.00037366893130,0.00451877668100,0.00363415024312,0.00213422746141,0.00173946799475 & Score: -946.170569
.Lambda : 0.00037356722746,0.00451817080896,0.00363455472471,0.00213410054440,0.00173953419563 & Score: -946.170565
.Lambda : 0.00037364167222,0.00451718168681,0.00363661394279,0.00213373314411,0.00173934224882 & Score: -946.170566
.Lambda : 0.00037350931779,0.00451526767578,0.00363716862601,0.00213452968346,0.00173960742696 & Score: -946.170576
.Lambda : 0.00037351730705,0.00451623619952,0.00363640371583,0.00213426840214,0.00173956942640 & Score: -946.170568
.Lambda : 0.00037356182544,0.00451770748993,0.00363577000959,0.00213406764345,0.00173955970704 & Score: -946.170564
.Lambda : 0.00037354079297,0.00451701719011,0.00363483358706,0.00213408991522,0.00173961186222 & Score: -946.170564
.Lambda : 0.00037360444984,0.00451767624788,0.00363558433375,0.00213391684425,0.00173943822222 & Score: -946.170564
.Lambda : 0.00037345701371,0.00451786709365,0.00363474117079,0.00213409421573,0.00173952006654 & Score: -946.170565
.Lambda : 0.00037355425114,0.00451865628985,0.00363433185499,0.00213379255129,0.00173949481016 & Score: -946.170564
.Lambda : 0.00037367440503,0.00451782411704,0.00363528863325,0.00213389278371,0.00173953545237 & Score: -946.170564
.Lambda : 0.00037378310070,0.00451780262874,0.00363556236448,0.00213379206770,0.00173954314529 & Score: -946.170566
.Lambda : 0.00037360706231,0.00451738172497,0.00363576864275,0.00213380335077,0.00173952182598 & Score: -946.170563
.Lambda : 0.00037362697973,0.00451698718298,0.00363637560176,0.00213365475395,0.00173951564115 & Score: -946.170564
.Lambda : 0.00037364116310,0.00451638641813,0.00363656622756,0.00213411566367,0.00173957201777 & Score: -946.170567
.Lambda : 0.00037361943511,0.00451695388606,0.00363600763442,0.00213403488557,0.00173955271587 & Score: -946.170564
.Lambda : 0.00037364073367,0.00451760292101,0.00363552863800,0.00213384806724,0.00173952863918 & Score: -946.170563
.Lambda : 0.00037358444387,0.00451754460745,0.00363576932617,0.00213393549711,0.00173954076651 & Score: -946.170563
.Lambda : 0.00037360575607,0.00451752898643,0.00363567648825,0.00213386009751,0.00173948002410 & Score: -946.170563
.Lambda : 0.00037357392764,0.00451719945754,0.00363530111490,0.00213394663300,0.00173956684410 & Score: -946.170563
.Lambda : 0.00037358065672,0.00451801900741,0.00363505024887,0.00213379795103,0.00173950831807 & Score: -946.170563
.
Lambda Search Result: 276
Lambda : 0.00037358065672,0.00451801900741,0.00363505024887,0.00213379795103,0.00173950831807 & Score: 946.170563
DONE: Lamda Search or setting, for command:
lambda -s -t (((2,3)1,((5,(5,((5,5)5,5)5)5)5,(5,5)5)1)1,((4,4)4,(4,(4,4)4)4)1)
Running Viterbi algorithm....
Building Metapost report: signaling_all_lambda_clade.mp
Building HTML report: signaling_all_lambda_clade.html
Report Done
