-----------------------------------------------------------
Family information: recognition_filt.tab
Log: ./recognition_filt.log
Tree: (((musDom:52,gloMor:52):52,((droWil:56,(droPse:48,((droYak:14,droMel:14):17,droAna:31):17):8):8,(droVir:32,droMoj:32):32):39):184,((culQui:79,aedAeg:79):79,(anoDar:70,(anoSte:35,anoGam:35):35):88):129)
The number of families is 23
Root Family size : 1 ~ 30
Family size : 0 ~ 73
P-value: 0.010000
Num of Threads: 12
Num of Random: 1000
Empirical Prior Estimation Result: 31
Poisson lambda: 1.787582 & Score: 828.731829
Lambda : 0.00200688530458 & Score: -499.657218
.Lambda : 0.00210722956981 & Score: -498.050617
.Lambda : 0.00220757383504 & Score: -496.731475
.Lambda : 0.00230791810027 & Score: -495.696753
.Lambda : 0.00250860663073 & Score: -494.373698
.Lambda : 0.00270929516118 & Score: -493.860291
.Lambda : 0.00311067222210 & Score: -494.092099
.Lambda : 0.00230791810027 & Score: -495.696753
.Lambda : 0.00250860663073 & Score: -494.373698
.Lambda : 0.00290998369164 & Score: -493.780681
.Lambda : 0.00311067222210 & Score: -494.092099
.Lambda : 0.00301032795687 & Score: -493.893161
.Lambda : 0.00280963942641 & Score: -493.792443
.Lambda : 0.00301032795687 & Score: -493.893161
.Lambda : 0.00296015582426 & Score: -493.827009
.Lambda : 0.00285981155903 & Score: -493.767527
.Lambda : 0.00280963942641 & Score: -493.792443
.Lambda : 0.00283472549272 & Score: -493.775107
.Lambda : 0.00288489762534 & Score: -493.769462
.Lambda : 0.00283472549272 & Score: -493.775107
.Lambda : 0.00284726852587 & Score: -493.770113
.Lambda : 0.00287235459218 & Score: -493.767319
.Lambda : 0.00288489762534 & Score: -493.769462
.Lambda : 0.00287862610876 & Score: -493.768099
.Lambda : 0.00286608307561 & Score: -493.767127
.Lambda : 0.00285981155903 & Score: -493.767527
.Lambda : 0.00286294731732 & Score: -493.767253
.Lambda : 0.00286921883389 & Score: -493.767150
.Lambda : 0.00286294731732 & Score: -493.767253
.Lambda : 0.00286451519646 & Score: -493.767172
.Lambda : 0.00286765095475 & Score: -493.767120
.Lambda : 0.00286921883389 & Score: -493.767150
.Lambda : 0.00286843489432 & Score: -493.767130
.Lambda : 0.00286686701518 & Score: -493.767119
.
Lambda Search Result: 14
Lambda : 0.00286686701518 & Score: 493.767119
DONE: Lamda Search or setting, for command:
lambda -s
Running Viterbi algorithm....
Building Metapost report: recognition_filt_lambda.mp
Building HTML report: recognition_filt_lambda.html
Report Done
Lambda Tree: (((2,1)1,((1,(1,((1,1)1,1)1)1)1,(1,1)1)1)1,((1,1)1,(1,(1,1)1)1)1)
Empirical Prior Estimation Result: 32
Poisson lambda: 1.787581 & Score: 828.731829
Lambda : 0.00241111477574,0.00124164041304 & Score: -505.575963
.Lambda : 0.00253167051452,0.00124164041304 & Score: -505.403972
.Lambda : 0.00253167051452,0.00130372243369 & Score: -504.637492
.Lambda : 0.00265222625331,0.00130372243369 & Score: -504.705928
.Lambda : 0.00265222625331,0.00136580445434 & Score: -503.994485
.Lambda : 0.00271250412270,0.00142788647499 & Score: -503.439098
.Lambda : 0.00259194838392,0.00142788647499 & Score: -503.231281
.Lambda : 0.00256180944922,0.00148996849565 & Score: -502.541497
.Lambda : 0.00274264305740,0.00161413253695 & Score: -501.660881
.Lambda : 0.00284812932884,0.00176933758858 & Score: -500.604870
.Lambda : 0.00269743465536,0.00183141960923 & Score: -499.618284
.Lambda : 0.00268989992168,0.00203318617635 & Score: -498.011529
.Lambda : 0.00297621980130,0.00231255526928 & Score: -497.284123
.Lambda : 0.00318342497734,0.00272384865610 & Score: -496.292656
.Lambda : 0.00302519557018,0.00298769724387 & Score: -494.081949
.Lambda : 0.00311372869085,0.00359687707152 & Score: -492.315676
.Lambda : 0.00360725374651,0.00428753955127 & Score: -494.359829
.Lambda : 0.00353755746003,0.00516056796669 & Score: -491.958705
.Lambda : 0.00371462370137,0.00637892762198 & Score: -492.013152
.Lambda : 0.00304403240437,0.00446990548694 & Score: -489.361224
.Lambda : 0.00276242173330,0.00456108845477 & Score: -487.439237
.Lambda : 0.00318625050247,0.00612477934994 & Score: -487.480109
.Lambda : 0.00241111477574,0.00552529983802 & Score: -484.003962
.Lambda : 0.00184789343359,0.00570766577369 & Score: -486.111322
.Lambda : 0.00198728600657,0.00396160894285 & Score: -489.140830
.Lambda : 0.00228702713054,0.00450240154462 & Score: -486.191085
.Lambda : 0.00193572017298,0.00546661292787 & Score: -485.645754
.Lambda : 0.00205980781818,0.00648951122127 & Score: -483.067451
.Lambda : 0.00194619816200,0.00748306605959 & Score: -482.737767
.Lambda : 0.00242159276475,0.00754175296974 & Score: -481.453464
.Lambda : 0.00266452906064,0.00857932299068 & Score: -481.733110
.Lambda : 0.00195667615101,0.00949951919132 & Score: -481.326902
.Lambda : 0.00172945683865,0.01148662886796 & Score: -483.379121
.Lambda : 0.00243207075377,0.00955820610146 & Score: -480.285813
.Lambda : 0.00267500704965,0.01059577612240 & Score: -481.079372
.Lambda : 0.00196715414003,0.01151597232304 & Score: -480.743486
.Lambda : 0.00244254874278,0.01157465923318 & Score: -479.891387
.Lambda : 0.00268548503867,0.01261222925412 & Score: -481.004944
.Lambda : 0.00290746535652,0.00961689301161 & Score: -482.792968
.Lambda : 0.00267238755240,0.01009166283947 & Score: -481.177072
.Lambda : 0.00243730974828,0.01056643266732 & Score: -480.015291
.Lambda : 0.00220485144141,0.01154531577811 & Score: -479.698700
.Lambda : 0.00221009043591,0.01255354234397 & Score: -479.654073
.Lambda : 0.00209648077973,0.01354709718229 & Score: -480.004164
.Lambda : 0.00197239313454,0.01252419888890 & Score: -480.652664
.Lambda : 0.00208993203660,0.01228681397497 & Score: -479.981038
.Lambda : 0.00220747093866,0.01204942906104 & Score: -479.663178
.Lambda : 0.00232631958935,0.01206410078858 & Score: -479.641178
.Lambda : 0.00232893908660,0.01256821407151 & Score: -479.641721
.Lambda : 0.00244516824004,0.01207877251611 & Score: -479.874365
.Lambda : 0.00238639878901,0.01219746497308 & Score: -479.726725
.Lambda : 0.00232762933798,0.01231615743004 & Score: -479.638377
.Lambda : 0.00226820501263,0.01230882156627 & Score: -479.611190
.Lambda : 0.00226951476126,0.01256087820774 & Score: -479.612206
.Lambda : 0.00221009043591,0.01255354234397 & Score: -479.654073
.Lambda : 0.00223947516143,0.01249419611549 & Score: -479.623372
.Lambda : 0.00229824461246,0.01237550365852 & Score: -479.616152
.Lambda : 0.00223947516143,0.01249419611549 & Score: -479.623372
.Lambda : 0.00225416752419,0.01246452300125 & Score: -479.614915
.Lambda : 0.00228355224970,0.01240517677277 & Score: -479.611384
.Lambda : 0.00228224250108,0.01215312013130 & Score: -479.613597
.Lambda : 0.00227906056612,0.01225505965041 & Score: -479.611491
.Lambda : 0.00227269669621,0.01245893868863 & Score: -479.610816
.Lambda : 0.00226951476126,0.01256087820774 & Score: -479.612206
.Lambda : 0.00225734945914,0.01236258348214 & Score: -479.613501
.Lambda : 0.00226390015678,0.01237323180480 & Score: -479.611645
.Lambda : 0.00227045085442,0.01238388012745 & Score: -479.610678
.Lambda : 0.00227812447296,0.01243205773070 & Score: -479.610778
.Lambda : 0.00227587863117,0.01235699916952 & Score: -479.610571
.Lambda : 0.00227746959865,0.01230602940997 & Score: -479.610884
.Lambda : 0.00226820501263,0.01230882156627 & Score: -479.611190
.Lambda : 0.00227068487771,0.01233963060738 & Score: -479.610756
.Lambda : 0.00227564460788,0.01240124868959 & Score: -479.610551
.Lambda : 0.00227812447296,0.01243205773070 & Score: -479.610778
.Lambda : 0.00228107238462,0.01237436773166 & Score: -479.610962
.Lambda : 0.00227841700207,0.01237674583061 & Score: -479.610679
.Lambda : 0.00227576161952,0.01237912392956 & Score: -479.610537
.Lambda : 0.00227304773115,0.01239256440852 & Score: -479.610542
.Lambda : 0.00227316474280,0.01237043964849 & Score: -479.610543
.Lambda : 0.00227564460788,0.01240124868959 & Score: -479.610551
.Lambda : 0.00227502464161,0.01239354642932 & Score: -479.610528
.Lambda : 0.00227773852998,0.01238010595035 & Score: -479.610629
.Lambda : 0.00227656583027,0.01238322056489 & Score: -479.610565
.Lambda : 0.00227539313056,0.01238633517944 & Score: -479.610529
.Lambda : 0.00227403618638,0.01239305541892 & Score: -479.610525
.Lambda : 0.00227366769742,0.01240026666880 & Score: -479.610539
.Lambda : 0.00227409905571,0.01239678379646 & Score: -479.610529
.Lambda : 0.00227496177228,0.01238981805178 & Score: -479.610524
.Lambda : 0.00227539313056,0.01238633517944 & Score: -479.610529
.Lambda : 0.00227397331705,0.01238932704138 & Score: -479.610523
.Lambda : 0.00227344765477,0.01238721734741 & Score: -479.610529
.Lambda : 0.00227489890295,0.01238608967424 & Score: -479.610522
.Lambda : 0.00227533026124,0.01238260680190 & Score: -479.610527
.Lambda : 0.00227391044772,0.01238559866384 & Score: -479.610522
.Lambda : 0.00227483603362,0.01238236129670 & Score: -479.610521
.Lambda : 0.00227526739191,0.01237887842436 & Score: -479.610527
.Lambda : 0.00227582448885,0.01238285230710 & Score: -479.610539
.Lambda : 0.00227534597857,0.01238353889628 & Score: -479.610528
.Lambda : 0.00227486746829,0.01238422548547 & Score: -479.610521
.Lambda : 0.00227437324067,0.01238397998027 & Score: -479.610519
.Lambda : 0.00227434180601,0.01238211579150 & Score: -479.610519
.Lambda : 0.00227387901306,0.01238373447507 & Score: -479.610522
.Lambda : 0.00227411826820,0.01238339118048 & Score: -479.610520
.Lambda : 0.00227459677848,0.01238270459129 & Score: -479.610519
.Lambda : 0.00227411826820,0.01238339118048 & Score: -479.610520
.Lambda : 0.00227423789577,0.01238321953318 & Score: -479.610519
.Lambda : 0.00227435752334,0.01238304788588 & Score: -479.610519
.Lambda : 0.00227448500958,0.01238334228578 & Score: -479.610519
.
Lambda Search Result: 51
Lambda : 0.00227448500958,0.01238334228578 & Score: 479.610519
DONE: Lamda Search or setting, for command:
lambda -s -t (((2,1)1,((1,(1,((1,1)1,1)1)1)1,(1,1)1)1)1,((1,1)1,(1,(1,1)1)1)1)
Running Viterbi algorithm....
Building Metapost report: recognition_filt_lambda_musca.mp
Building HTML report: recognition_filt_lambda_musca.html
Report Done
Lambda Tree: (((2,3)1,((5,(5,((5,5)5,5)5)5)5,(5,5)5)1)1,((4,4)4,(4,(4,4)4)4)1)
Empirical Prior Estimation Result: 34
Poisson lambda: 1.787582 & Score: 828.731829
Lambda : 0.00381454652550,0.00499776937574,0.00444206392959,0.00507437426637,0.00224241692289 & Score: -486.994316
.Lambda : 0.00400527385177,0.00499776937574,0.00444206392959,0.00507437426637,0.00224241692289 & Score: -487.848727
.Lambda : 0.00400527385177,0.00524765784452,0.00444206392959,0.00507437426637,0.00224241692289 & Score: -487.458602
.Lambda : 0.00400527385177,0.00499776937574,0.00466416712607,0.00507437426637,0.00224241692289 & Score: -487.258798
.Lambda : 0.00400527385177,0.00499776937574,0.00444206392959,0.00532809297969,0.00224241692289 & Score: -488.831223
.Lambda : 0.00400527385177,0.00499776937574,0.00444206392959,0.00507437426637,0.00235453776904 & Score: -488.302797
.Lambda : 0.00392898292126,0.00509772476325,0.00453090520819,0.00482065555306,0.00228726526135 & Score: -486.353815
.Lambda : 0.00389083745601,0.00514770245701,0.00457532584748,0.00456693683974,0.00230968943058 & Score: -485.214857
.Lambda : 0.00388320836296,0.00515769799576,0.00458420997534,0.00487139929572,0.00215720507982 & Score: -485.624486
.Lambda : 0.00383438216743,0.00522166944377,0.00464106839364,0.00479020930746,0.00223524118874 & Score: -485.148981
.Lambda : 0.00374893632526,0.00533361947779,0.00474057062566,0.00464812682800,0.00223165332166 & Score: -483.862617
.Lambda : 0.00373184715683,0.00500616562829,0.00476047107207,0.00461971033211,0.00223093574825 & Score: -484.117423
.Lambda : 0.00362247647885,0.00525941259810,0.00457688945399,0.00443784475840,0.00222634327839 & Score: -483.137053
.Lambda : 0.00343107779238,0.00539023420927,0.00453325061794,0.00411958000441,0.00221830645614 & Score: -481.340447
.Lambda : 0.00365981631188,0.00541639853151,0.00483546732580,0.00405592705362,0.00221669909169 & Score: -481.355241
.Lambda : 0.00350179765398,0.00535995012579,0.00479382422024,0.00393271312743,0.00232570853950 & Score: -481.009308
.Lambda : 0.00331109229950,0.00546107619080,0.00489863134269,0.00346337004328,0.00240996026934 & Score: -479.413359
.Lambda : 0.00326227049833,0.00549529515805,0.00493203054618,0.00379574886483,0.00221333252425 & Score: -478.741417
.Lambda : 0.00294798701949,0.00566909150858,0.00511038289554,0.00341015487738,0.00216515407109 & Score: -475.900200
.Lambda : 0.00310771674258,0.00590200233889,0.00488685005099,0.00325915319057,0.00226577353572 & Score: -477.195433
.Lambda : 0.00283413974107,0.00580190163384,0.00496526226752,0.00267514723971,0.00227870404793 & Score: -476.244874
.Lambda : 0.00259298912613,0.00587332382104,0.00492228354407,0.00271503508852,0.00231846026040 & Score: -474.799379
.Lambda : 0.00205957553326,0.00610178646581,0.00496569165320,0.00204458910598,0.00236934084476 & Score: -474.242512
.Lambda : 0.00227312674197,0.00618410904589,0.00539747666603,0.00182138577835,0.00237726665140 & Score: -476.949876
.Lambda : 0.00197792601185,0.00640248020640,0.00523163407062,0.00182080203351,0.00217253539101 & Score: -474.327671
.Lambda : 0.00172938527647,0.00616174520531,0.00538132897018,0.00144967842340,0.00227942686675 & Score: -478.964143
.Lambda : 0.00207396814300,0.00609680948871,0.00525770924038,0.00190204711519,0.00227601353400 & Score: -474.673413
.Lambda : 0.00248431183749,0.00584471867544,0.00481479538487,0.00291971037035,0.00212743250412 & Score: -473.375333
.Lambda : 0.00258990438525,0.00567502349022,0.00452345474429,0.00346887266635,0.00200251543048 & Score: -474.889475
.Lambda : 0.00178336767697,0.00624405290414,0.00518682303032,0.00216377416126,0.00216548649006 & Score: -470.175999
.Lambda : 0.00125798164491,0.00646512853929,0.00529760341172,0.00190808762204,0.00210887771112 & Score: -468.620928
.Lambda : 0.00099351824872,0.00669527784168,0.00511659060878,0.00082793962145,0.00225652592291 & Score: -497.483639
.Lambda : 0.00148213544141,0.00643873125841,0.00511503868047,0.00147349343543,0.00223368295996 & Score: -477.065044
.Lambda : 0.00187114674120,0.00615492360737,0.00505619939829,0.00241389899619,0.00211815510762 & Score: -469.579665
.Lambda : 0.00165877858908,0.00628345750255,0.00513164753246,0.00197633836401,0.00223910927794 & Score: -471.198004
.Lambda : 0.00161795382838,0.00643380437285,0.00526461874117,0.00186444482777,0.00214070655107 & Score: -471.335219
.Lambda : 0.00166597489396,0.00628096901400,0.00527765632605,0.00190506736861,0.00219244562256 & Score: -471.492038
.Lambda : 0.00210298433220,0.00606711002393,0.00520399315363,0.00265912124971,0.00213701589111 & Score: -470.171197
.Lambda : 0.00173756316036,0.00628080060439,0.00510396856886,0.00242368905527,0.00210510019298 & Score: -468.426267
.Lambda : 0.00177335729356,0.00628071639959,0.00501712469026,0.00268299989860,0.00206142747820 & Score: -467.907867
.Lambda : 0.00184774561200,0.00606673005625,0.00501800853338,0.00279173362445,0.00212512763533 & Score: -468.596773
.Lambda : 0.00188250766047,0.00613038594802,0.00510552414245,0.00300599819239,0.00198113225141 & Score: -468.034753
.Lambda : 0.00135011124866,0.00637204379627,0.00499379091681,0.00246196608376,0.00202087218236 & Score: -465.749458
.Lambda : 0.00097367470688,0.00652451068244,0.00488868979841,0.00236338850078,0.00196280032799 & Score: -464.148080
.Lambda : 0.00122296002593,0.00643206504287,0.00507458083219,0.00268698413911,0.00197759105400 & Score: -463.951015
.Lambda : 0.00089886666829,0.00657063576063,0.00508377154914,0.00282352671056,0.00190730902719 & Score: -461.741231
.Lambda : 0.00169247913156,0.00616406299948,0.00474764407374,0.00355897114868,0.00190624097692 & Score: -467.817993
.Lambda : 0.00104060857230,0.00660139465982,0.00491909316822,0.00298222015596,0.00180243638936 & Score: -462.424740
.Lambda : 0.00066908688857,0.00672614225276,0.00475700516946,0.00275844437345,0.00187495342845 & Score: -461.593414
.Lambda : 0.00006237650262,0.00702402040513,0.00458274568296,0.00263466746398,0.00182186401698 & Score: -465.192564
.Lambda : 0.00033652909349,0.00675398214246,0.00474135681332,0.00311162045717,0.00172006858177 & Score: -460.612370
.Lambda : -0.00038188500655,0.00699061501389,0.00460347287486,0.00332593073646,0.00154938913356 & Score: -inf
.Lambda : -0.00012497275975,0.00710660319976,0.00500832252568,0.00205670893049,0.00180078612498 & Score: -inf
.Lambda : 0.00032939021308,0.00687096814969,0.00494315291270,0.00243227448504,0.00182714983797 & Score: -462.599332
.Lambda : 0.00033611786740,0.00688473850370,0.00488906204673,0.00327984597209,0.00168996657790 & Score: -460.026725
.Lambda : 0.00001733944766,0.00706485241433,0.00488924817089,0.00373807470774,0.00155354970286 & Score: -461.059954
.Lambda : 0.00098309342294,0.00654378917806,0.00481296258605,0.00354998858265,0.00177074376390 & Score: -462.570628
.Lambda : 0.00032939021308,0.00687096814969,0.00494315291270,0.00243227448504,0.00182714983797 & Score: -462.599332
.Lambda : 0.00049281601554,0.00678917340678,0.00491060533104,0.00271170300944,0.00181304831945 & Score: -460.977262
.Lambda : 0.00005275804102,0.00688847416671,0.00483362719565,0.00289183605313,0.00179970198455 & Score: -463.277624
.Lambda : 0.00029972067384,0.00681670428999,0.00485499368880,0.00291443207883,0.00180038558575 & Score: -460.847683
.Lambda : -0.00004515845275,0.00701766047765,0.00457743767060,0.00308689164583,0.00165205997014 & Score: -inf
.Lambda : 0.00019084782751,0.00690590429840,0.00470402114023,0.00302105041201,0.00171587223440 & Score: -461.414546
.Lambda : -0.00000667429746,0.00693405880377,0.00488301043859,0.00325701639837,0.00162078309126 & Score: -inf
.Lambda : 0.00016226599905,0.00688207966602,0.00485150912131,0.00313237339214,0.00168432567556 & Score: -461.058833
.Lambda : 0.00046013203222,0.00674476690518,0.00499498966025,0.00303893955186,0.00176724566177 & Score: -460.019997
.Lambda : 0.00059477413457,0.00666419820858,0.00514047392025,0.00304788412178,0.00179293237545 & Score: -460.063535
.Lambda : 0.00060786027395,0.00671366643323,0.00490489389475,0.00289024303562,0.00183196021510 & Score: -460.795689
.Lambda : 0.00032332796081,0.00677636990304,0.00484351311050,0.00338232942878,0.00171080232947 & Score: -460.206299
.Lambda : 0.00052586621731,0.00673270526506,0.00489453252142,0.00336675929937,0.00168763176065 & Score: -460.186256
.Lambda : 0.00018492899455,0.00684335865455,0.00484048776614,0.00358155484809,0.00159832574952 & Score: -460.563800
.Lambda : 0.00039562013543,0.00683879355015,0.00504367722869,0.00354815118291,0.00166152024996 & Score: -459.714907
.Lambda : 0.00042516565640,0.00688119925400,0.00519483743638,0.00376641654578,0.00163224608405 & Score: -459.674256
.Lambda : 0.00064331489911,0.00676455327785,0.00508628614397,0.00315216147106,0.00179683121601 & Score: -460.158316
.Lambda : 0.00063291070817,0.00682681537927,0.00518037001300,0.00325931970728,0.00171876619069 & Score: -459.862955
.Lambda : 0.00047319024801,0.00690812406294,0.00524368559871,0.00323191399985,0.00175439053152 & Score: -459.221799
.Lambda : 0.00044685226336,0.00699583346189,0.00541826213735,0.00316449135009,0.00178776991695 & Score: -458.851020
.Lambda : 0.00027715651191,0.00696878812377,0.00518472237351,0.00345144377978,0.00164156655653 & Score: -459.455572
.Lambda : 0.00056076900142,0.00688222274595,0.00550021060146,0.00339239840182,0.00172907118609 & Score: -458.997189
.Lambda : 0.00047700962429,0.00707717668077,0.00559637136443,0.00377468836204,0.00163652231195 & Score: -458.904765
.Lambda : 0.00024187051479,0.00709527272728,0.00557739155226,0.00376045566852,0.00165210423154 & Score: -458.790877
.Lambda : 0.00004635041810,0.00722950140128,0.00577590232188,0.00401102364915,0.00161877325197 & Score: -459.110643
.Lambda : 0.00037629750990,0.00712651824186,0.00571594577522,0.00325097447912,0.00174656759718 & Score: -458.196872
.Lambda : 0.00035186343665,0.00724917773579,0.00597649994465,0.00299325344580,0.00180372835374 & Score: -458.080949
.Lambda : 0.00055418942429,0.00715108521689,0.00604277186654,0.00338267111153,0.00180211184358 & Score: -457.925665
.Lambda : 0.00069270588049,0.00724223376346,0.00647179661306,0.00334828477741,0.00188238448710 & Score: -457.850494
.Lambda : 0.00032335168641,0.00738165500172,0.00611591804324,0.00342407103972,0.00177593253442 & Score: -457.424371
.Lambda : 0.00020464302890,0.00763137112961,0.00642377176412,0.00343990735867,0.00179936320859 & Score: -457.143428
.Lambda : 0.00029816442539,0.00740837884644,0.00635071744014,0.00290786867816,0.00193361776722 & Score: -457.952683
.Lambda : 0.00026884665112,0.00765474021914,0.00690180878834,0.00341541662133,0.00184070930233 & Score: -456.328079
.Lambda : 0.00017984384500,0.00798419359777,0.00764358211384,0.00354087925695,0.00186717899502 & Score: -455.727515
.Lambda : 0.00044901773178,0.00791086930195,0.00756915559807,0.00273162173827,0.00206240489313 & Score: -456.846513
.Lambda : 0.00037788652797,0.00802164091990,0.00780710946705,0.00339417127799,0.00201425138668 & Score: -455.449028
.Lambda : 0.00039089807364,0.00840787251196,0.00872241422824,0.00359463019408,0.00211951290316 & Score: -455.004399
.Lambda : 0.00046867899853,0.00826223727546,0.00838157068680,0.00375426065200,0.00195872002758 & Score: -455.263789
.Lambda : -0.00001547320934,0.00883638376325,0.00902440114337,0.00347623490258,0.00204048752389 & Score: -inf
.Lambda : 0.00016157156311,0.00843784626330,0.00838625001079,0.00344424737129,0.00200096176469 & Score: -455.207519
.Lambda : 0.00045536105593,0.00876983645056,0.00985741729098,0.00338634832637,0.00220414822484 & Score: -454.596661
.Lambda : 0.00058072006944,0.00933906911104,0.01157424005440,0.00335956881022,0.00240654073297 & Score: -455.091038
.Lambda : 0.00021352368270,0.00883392513767,0.00962733813419,0.00435652458200,0.00199780387299 & Score: -455.142669
.Lambda : 0.00049616950456,0.00910049345781,0.01034641402656,0.00387352519334,0.00224527972228 & Score: -455.148225
.Lambda : 0.00021833055344,0.00915775225306,0.01039436278951,0.00370784961484,0.00226836256760 & Score: -454.460180
.Lambda : 0.00009315633090,0.00960550974186,0.01140075884086,0.00368464409626,0.00242318383761 & Score: -455.121278
.Lambda : 0.00054814158500,0.00927010566113,0.01119292857700,0.00412330379296,0.00233308115166 & Score: -455.980880
.Lambda : 0.00045149907952,0.00906204081167,0.01049125893545,0.00395353968754,0.00225005130491 & Score: -455.115576
.Lambda : 0.00019567547353,0.00859207740816,0.00929070252479,0.00372603176859,0.00209067182712 & Score: -454.645568
.Lambda : 0.00047118201172,0.00876190663650,0.00987512417339,0.00299083525456,0.00237529485806 & Score: -455.529425
.Lambda : 0.00040676742947,0.00877991126179,0.00981317766359,0.00333225758642,0.00228092211180 & Score: -454.792615
.Lambda : 0.00021531395487,0.00842093914254,0.00873997086340,0.00314530730858,0.00213539574889 & Score: -455.369435
.Lambda : 0.00027436023604,0.00858121455983,0.00917779288141,0.00334736540332,0.00216405963790 & Score: -454.732289
.Lambda : 0.00022929982572,0.00914444426140,0.01069096703186,0.00340531088573,0.00228375284454 & Score: -454.369191
.Lambda : 0.00014850070177,0.00951273013612,0.01167524343367,0.00331065123156,0.00236587281524 & Score: -454.767726
.Lambda : 0.00014244342840,0.00891821871142,0.00995131934382,0.00369690481311,0.00212347592900 & Score: -454.543847
.Lambda : 0.00022208389877,0.00925171707401,0.01089611471098,0.00382161276014,0.00222410491935 & Score: -454.218788
.Lambda : 0.00019594573014,0.00958696833111,0.01175527562576,0.00405873643855,0.00225412756007 & Score: -454.415764
.Lambda : 0.00031133203138,0.00950471009202,0.01142536994207,0.00348117879148,0.00235086596702 & Score: -454.332969
.Lambda : -0.00000596516084,0.00962090050620,0.01148583623632,0.00385879441976,0.00229607666616 & Score: -inf
.Lambda : 0.00010936639335,0.00940813449229,0.01107873149999,0.00374068289641,0.00227309455583 & Score: -454.604738
.Lambda : 0.00026670796507,0.00937821358302,0.01116074232652,0.00365139577581,0.00228748544318 & Score: -454.184844
.Lambda : 0.00022569186225,0.00919808066771,0.01079354087142,0.00361346182294,0.00225392888195 & Score: -454.208908
.Lambda : 0.00022020722611,0.00920473466354,0.01064523875024,0.00376473118749,0.00224623374347 & Score: -454.328058
.Lambda : 0.00018226366358,0.00908496789272,0.01042371702740,0.00375925878663,0.00217379042418 & Score: -454.300328
.Lambda : 0.00033872247735,0.00901077676229,0.01037676600098,0.00360398054325,0.00221412657209 & Score: -454.295776
.Lambda : 0.00027398072070,0.00916476772836,0.01081511362468,0.00361515268802,0.00221514075282 & Score: -454.049566
.Lambda : 0.00030086746800,0.00914478426077,0.01090005106189,0.00354036343829,0.00219959425750 & Score: -453.967132
.Lambda : 0.00035936580499,0.00930846104640,0.01122716896131,0.00353306694954,0.00229790560545 & Score: -454.287307
.Lambda : 0.00021116432228,0.00950172589048,0.01161428117188,0.00365997975543,0.00229108107088 & Score: -454.115226
.Lambda : 0.00013124040156,0.00928134754399,0.01091872309576,0.00378165847150,0.00220457222369 & Score: -454.414578
.Lambda : 0.00018827175242,0.00928812591959,0.01099583456215,0.00371951059101,0.00222790556913 & Score: -454.187023
.Lambda : 0.00025499744924,0.00935265505461,0.01128966528657,0.00345227179325,0.00227989316971 & Score: -454.093543
.Lambda : 0.00026311172056,0.00946812121568,0.01159068889218,0.00359594671858,0.00226045492221 & Score: -453.943648
.Lambda : 0.00028182164971,0.00960314148967,0.01198926290257,0.00358718916640,0.00226371794234 & Score: -453.863086
.Lambda : 0.00033795178931,0.00950408219182,0.01178576653762,0.00343696938066,0.00230080318431 & Score: -454.100948
.Lambda : 0.00028801310634,0.00946434197192,0.01187086845769,0.00341931363780,0.00224655040671 & Score: -453.833776
.Lambda : 0.00029866567698,0.00950740616637,0.01222593152327,0.00330327256880,0.00222608288848 & Score: -453.760335
.Lambda : 0.00037855729101,0.00934310177482,0.01166198975289,0.00326804678353,0.00221695550606 & Score: -453.903224
.Lambda : 0.00026801202467,0.00927635330667,0.01144099367325,0.00342348811944,0.00217369432132 & Score: -453.716197
.Lambda : 0.00023304214235,0.00916248886410,0.01126860724107,0.00341674748883,0.00211013988982 & Score: -453.648990
.Lambda : 0.00034218424198,0.00935171396768,0.01192867170611,0.00339397598509,0.00212670302398 & Score: -453.524050
.Lambda : 0.00038577763836,0.00935124342421,0.01224817491587,0.00336482808101,0.00205010795111 & Score: -453.308470
.Lambda : 0.00033027829136,0.00964216842690,0.01285753547237,0.00323567019714,0.00214720741363 & Score: -453.496323
.Lambda : 0.00023327686849,0.00956347757368,0.01257381506917,0.00349503621735,0.00210194692809 & Score: -453.289686
.Lambda : 0.00016063665724,0.00967366547311,0.01302972772731,0.00360853093426,0.00204444263911 & Score: -453.356371
.Lambda : 0.00031059459731,0.00928757229244,0.01248036278614,0.00313903265485,0.00199047608611 & Score: -453.322545
.Lambda : 0.00029852213817,0.00929537406616,0.01234546667058,0.00335725328687,0.00193386841903 & Score: -453.025489
.Lambda : 0.00029845036876,0.00918935801605,0.01240523424424,0.00338424364591,0.00178776118431 & Score: -452.914099
.Lambda : 0.00039030896336,0.00965103902922,0.01375744175405,0.00323077682967,0.00192085993548 & Score: -452.957765
.Lambda : 0.00031708508315,0.00917490770734,0.01252847603541,0.00340989677437,0.00179325342041 & Score: -452.895121
.Lambda : 0.00031048847904,0.00894127734756,0.01236394631693,0.00349701006298,0.00161627642380 & Score: -453.096740
.Lambda : 0.00033936497155,0.00948443800776,0.01292489402136,0.00361487996447,0.00187109568165 & Score: -452.919009
.Lambda : 0.00024561686377,0.00947404470941,0.01342776953382,0.00348910529170,0.00173985890886 & Score: -452.794951
.Lambda : 0.00017553647648,0.00953544535200,0.01401756684279,0.00355124389704,0.00158473438774 & Score: -453.259602
.Lambda : 0.00040305363174,0.00922603741423,0.01344371116638,0.00335652478510,0.00154318472419 & Score: -453.196165
.Lambda : 0.00023327686849,0.00956347757368,0.01257381506917,0.00349503621735,0.00210194692809 & Score: -453.289686
.Lambda : 0.00027572105931,0.00947911753382,0.01279128909347,0.00346040835928,0.00196225637712 & Score: -452.950224
.Lambda : 0.00020018637525,0.00906970736054,0.01187362341727,0.00371263678462,0.00174083029346 & Score: -453.254474
.Lambda : 0.00024771702228,0.00921504027771,0.01234457800147,0.00359217179588,0.00178583770397 & Score: -452.947128
.Lambda : 0.00030357266450,0.00913599795349,0.01266109164105,0.00353571062965,0.00162886638256 & Score: -453.003012
.Lambda : 0.00029660976320,0.00922177784857,0.01269364100415,0.00351688506206,0.00171221388120 & Score: -452.878515
.Lambda : 0.00035113379789,0.00940277023795,0.01324742793413,0.00337383249951,0.00177583552661 & Score: -452.832205
.Lambda : 0.00026419337916,0.00910070539997,0.01279612547934,0.00325470534495,0.00165247348691 & Score: -453.105468
.Lambda : 0.00028298627726,0.00919663855192,0.01282831761484,0.00334474899983,0.00170712903559 & Score: -452.915393
.Lambda : 0.00032057207345,0.00938850485581,0.01289270188585,0.00352483630959,0.00181644013296 & Score: -452.830486
.Lambda : 0.00031395666382,0.00947544412758,0.01351077231311,0.00354157872898,0.00174727956371 & Score: -452.763014
.Lambda : 0.00032170981135,0.00961848718334,0.01406354134754,0.00362024627052,0.00172703875341 & Score: -452.775223
.Lambda : 0.00029407058170,0.00961010900439,0.01378044903301,0.00356859838237,0.00172339778493 & Score: -452.743596
.Lambda : 0.00028256333098,0.00982770965291,0.01440643553181,0.00364794918637,0.00168846996719 & Score: -452.773752
.Lambda : 0.00031353022906,0.00971857132548,0.01405000727581,0.00348229542280,0.00180891088563 & Score: -452.702769
.Lambda : 0.00032199046198,0.00996696806394,0.01472819041164,0.00346500060318,0.00185725938784 & Score: -452.712966
.Lambda : 0.00024396476683,0.00966389937112,0.01381725208251,0.00366873315466,0.00175851938383 & Score: -452.788550
.Lambda : 0.00024388356862,0.00978832255938,0.01454179820945,0.00357528808261,0.00169474647782 & Score: -452.764535
.Lambda : 0.00031814546024,0.00982849384577,0.01445234203174,0.00364549221688,0.00175328272950 & Score: -452.754904
.Lambda : 0.00034946983455,0.00970447697392,0.01431689546273,0.00345656797880,0.00173252759281 & Score: -452.749769
.Lambda : 0.00039178553913,0.00954651555148,0.01350238823711,0.00350252500931,0.00181141294481 & Score: -452.876697
.Lambda : 0.00035481004650,0.00960696730345,0.01376224073020,0.00352071577764,0.00178224632806 & Score: -452.786952
.Lambda : 0.00030380040538,0.00966434016493,0.01391522815441,0.00352544690259,0.00176615433528 & Score: -452.708273
.Lambda : 0.00033150003180,0.00971152414970,0.01418345136927,0.00346943170080,0.00177071923922 & Score: -452.714995
.Lambda : 0.00031583784465,0.00977353258563,0.01425117465378,0.00356389381984,0.00178109680757 & Score: -452.710331
.Lambda : 0.00031374344644,0.00959700772653,0.01378038979446,0.00351193707589,0.00177809522467 & Score: -452.723008
.Lambda : 0.00027870689884,0.00975344694243,0.01429590274263,0.00352879175271,0.00175182868173 & Score: -452.689053
.Lambda : 0.00030360671745,0.00985155834074,0.01449791588390,0.00351600676360,0.00177338875510 & Score: -452.679157
.Lambda : 0.00029853835296,0.00997883364784,0.01485667892862,0.00351804160746,0.00177103552031 & Score: -452.672285
.Lambda : 0.00027266546055,0.00984396571682,0.01436414533283,0.00357795610136,0.00178089125299 & Score: -452.689415
.Lambda : 0.00027105869406,0.00981013053338,0.01434161031995,0.00348911889493,0.00177043146280 & Score: -452.681266
.Lambda : 0.00026999944881,0.00997763910145,0.01484810968553,0.00351303460912,0.00178708478610 & Score: -452.669393
.Lambda : 0.00025309897052,0.01013428856970,0.01531455045108,0.00350682846238,0.00179755001152 & Score: -452.687903
.Lambda : 0.00024285731303,0.01002703505129,0.01503257152801,0.00356848176342,0.00173559779594 & Score: -452.721729
.Lambda : 0.00026052554204,0.00994991911984,0.01478693046496,0.00354693517827,0.00175392606836 & Score: -452.687259
.Lambda : 0.00027886611413,0.00994402202115,0.01488754752385,0.00346041271563,0.00175283135474 & Score: -452.675726
.Lambda : 0.00027288836196,0.01011077082703,0.01519244802653,0.00348222544945,0.00178229499520 & Score: -452.671370
.Lambda : 0.00029601484673,0.00997863933250,0.01486362732883,0.00343819813237,0.00179154517930 & Score: -452.671336
.Lambda : 0.00029546415577,0.01018583143861,0.01551775427740,0.00347564611068,0.00178348527145 & Score: -452.680160
.Lambda : 0.00027105869406,0.00981013053338,0.01434161031995,0.00348911889493,0.00177043146280 & Score: -452.681266
.Lambda : 0.00027716005949,0.00990405575969,0.01463564630931,0.00348575069887,0.00177369491497 & Score: -452.669917
.Lambda : 0.00028697431385,0.01003595344626,0.01487105658768,0.00351448748327,0.00180943080361 & Score: -452.668315
.Lambda : 0.00029102841371,0.01008191915881,0.01486281111960,0.00354152486709,0.00183773052805 & Score: -452.683713
.Lambda : 0.00026267645938,0.01002398973893,0.01490767624653,0.00345543694177,0.00180658475136 & Score: -452.679573
.Lambda : 0.00027164193277,0.01001270071616,0.01489492691705,0.00347108810819,0.00179769744360 & Score: -452.669730
.Lambda : 0.00028782787870,0.00985282451539,0.01445289870483,0.00348679816327,0.00180148625583 & Score: -452.671906
.Lambda : 0.00028409299951,0.00991731109330,0.01463778603525,0.00348565498482,0.00179668844067 & Score: -452.667199
.Lambda : 0.00025993265504,0.00996042471424,0.01469138288510,0.00354980822134,0.00179429337629 & Score: -452.680570
.Lambda : 0.00026895320296,0.00996497836880,0.01473444399603,0.00352190569910,0.00179360632704 & Score: -452.670828
.Lambda : 0.00028699429881,0.00997408567794,0.01482056621790,0.00346610065461,0.00179223222854 & Score: -452.666313
.Lambda : 0.00029601484673,0.00997863933250,0.01486362732883,0.00343819813237,0.00179154517930 & Score: -452.671336
.Lambda : 0.00028272113801,0.01006302025435,0.01499333186806,0.00349439563714,0.00181955856605 & Score: -452.669835
.Lambda : 0.00027716005949,0.00990405575969,0.01463564630931,0.00348575069887,0.00177369491497 & Score: -452.669917
.Lambda : 0.00027855032912,0.00994379688335,0.01472506769900,0.00348791193343,0.00178516082774 & Score: -452.666742
.Lambda : 0.00029100262327,0.00992681376476,0.01466610757309,0.00351578775791,0.00179054139107 & Score: -452.668807
.Lambda : 0.00030104637702,0.00994154524479,0.01464012395964,0.00347494251650,0.00180253669055 & Score: -452.671759
.Lambda : 0.00029328464496,0.00995056870896,0.01469212039111,0.00348446553965,0.00179867371444 & Score: -452.667530
.Lambda : 0.00028095601124,0.01000187255916,0.01483253119929,0.00345966048041,0.00180233301494 & Score: -452.668185
.Lambda : 0.00028257699961,0.00987910052283,0.01461217202934,0.00343902995390,0.00178060448692 & Score: -452.674295
.Lambda : 0.00028367632817,0.00991831375368,0.01467689316892,0.00345789433624,0.00178781106609 & Score: -452.668833
.Lambda : 0.00028277231397,0.00995894128064,0.01477281695845,0.00347700629402,0.00178869652814 & Score: -452.665910
.Lambda : 0.00028554364916,0.00994569838562,0.01472917612658,0.00347587781971,0.00179446033461 & Score: -452.666257
.Lambda : 0.00029013947189,0.00996232719345,0.01475634330451,0.00347528309713,0.00179545297149 & Score: -452.666322
.Lambda : 0.00028397515502,0.00998797911855,0.01482654870859,0.00346288056751,0.00179728262174 & Score: -452.666929
.Lambda : 0.00028698430633,0.01000501956210,0.01484581140279,0.00349029406894,0.00180083151608 & Score: -452.665669
.Lambda : 0.00028899846104,0.00995044972135,0.01474333689549,0.00349094420626,0.00179138680981 & Score: -452.665904
.Lambda : 0.00028237773983,0.00997135065761,0.01480833973598,0.00348480612029,0.00179158999538 & Score: -452.665402
.Lambda : 0.00027849687381,0.00997586238969,0.01483433795171,0.00348956763186,0.00178965850732 & Score: -452.665873
.Lambda : 0.00028367628932,0.00995849816499,0.01473922622982,0.00350147074908,0.00179455384506 & Score: -452.665885
.Lambda : 0.00028437999503,0.00999200536906,0.01483463636243,0.00350193075572,0.00179236314318 & Score: -452.665283
.Lambda : 0.00028379816797,0.01001515886078,0.01488736648036,0.00351495722372,0.00179131454746 & Score: -452.666127
.Lambda : 0.00028779440266,0.00999198810940,0.01481572329216,0.00351077206609,0.00179959359566 & Score: -452.666736
.Lambda : 0.00028653888048,0.00998372640221,0.01480499670873,0.00350233062307,0.00179686932878 & Score: -452.665761
.Lambda : 0.00028058442336,0.01001379034104,0.01486986728040,0.00350138872058,0.00179909632159 & Score: -452.665701
.Lambda : 0.00028466984870,0.01002785876781,0.01492623436632,0.00349082936636,0.00179774627694 & Score: -452.665370
.Lambda : 0.00028105964482,0.01002028347684,0.01490895895044,0.00348536898968,0.00179578157248 & Score: -452.665465
.Lambda : 0.00028720419052,0.00999281679233,0.01485972504678,0.00347990299981,0.00179222868004 & Score: -452.665294
.Lambda : 0.00028089226123,0.00999670646336,0.01488934638199,0.00348684122381,0.00178705235113 & Score: -452.665405
.Lambda : 0.00028674996931,0.00997201174323,0.01481835380696,0.00349235519671,0.00178861060618 & Score: -452.665235
.Lambda : 0.00028959513156,0.00994787587643,0.01477305123522,0.00349584830023,0.00178502512303 & Score: -452.666081
.Lambda : 0.00028926043613,0.00998571086865,0.01480956934540,0.00349308855175,0.00179796312956 & Score: -452.665855
.Lambda : 0.00028716839240,0.00998845976733,0.01482951360455,0.00349152671977,0.00179523543495 & Score: -452.665301
.Lambda : 0.00028969121855,0.01001791031830,0.01489904553884,0.00349781189506,0.00179488366114 & Score: -452.665819
.Lambda : 0.00028786284887,0.01000627040312,0.01487636908812,0.00349456045137,0.00179406024470 & Score: -452.665321
.Lambda : 0.00028867630976,0.00995276686222,0.01476120479722,0.00349328108299,0.00178725296668 & Score: -452.665780
.Lambda : 0.00028767469449,0.00997153983862,0.01480246218949,0.00349266815383,0.00178987629424 & Score: -452.665340
.Lambda : 0.00028567146396,0.01000908579141,0.01488497697404,0.00349144229552,0.00179512294937 & Score: -452.665136
.Lambda : 0.00028466984870,0.01002785876781,0.01492623436632,0.00349082936636,0.00179774627694 & Score: -452.665370
.Lambda : 0.00028460675562,0.00997548138222,0.01481451322978,0.00348830273564,0.00179136408079 & Score: -452.665150
.Lambda : 0.00028427655738,0.00998810066397,0.01485536856345,0.00349004687360,0.00178864034888 & Score: -452.665029
.Lambda : 0.00028283063986,0.00998792111229,0.01486829604291,0.00348930695051,0.00178534280584 & Score: -452.665216
.Lambda : 0.00028306970600,0.00998185718763,0.01482341452789,0.00350572814306,0.00179021177132 & Score: -452.665531
.Lambda : 0.00028410332713,0.00998459708880,0.01483249215761,0.00349927185725,0.00179071599850 & Score: -452.665199
.Lambda : 0.00028578323433,0.00997970529880,0.01484764553031,0.00348263682777,0.00178941845031 & Score: -452.665199
.Lambda : 0.00028302656606,0.01000277634685,0.01487564477512,0.00348832503920,0.00179349412496 & Score: -452.665094
.Lambda : 0.00028524250381,0.00999746270450,0.01487876747147,0.00347702965144,0.00179249998323 & Score: -452.665394
.Lambda : 0.00028495770964,0.00999424630058,0.01486719864300,0.00348259020289,0.00179205398704 & Score: -452.665146
.Lambda : 0.00028323238674,0.01000817089521,0.01487143534385,0.00349364603097,0.00179485174611 & Score: -452.665093
.Lambda : 0.00028385911789,0.01002547061699,0.01492733649001,0.00349011744123,0.00179430118175 & Score: -452.665161
.Lambda : 0.00028404602732,0.01001297330830,0.01489913067495,0.00348966376483,0.00179356690651 & Score: -452.665058
.Lambda : 0.00028314349094,0.01001419650172,0.01488742388956,0.00349865939875,0.00179421644329 & Score: -452.665173
.Lambda : 0.00028359704562,0.01000920895144,0.01488236757792,0.00349464209979,0.00179367582923 & Score: -452.665063
.Lambda : 0.00028159996928,0.00999940627489,0.01486860180008,0.00349108722784,0.00179056863290 & Score: -452.665133
.Lambda : 0.00028567146396,0.01000908579141,0.01488497697404,0.00349144229552,0.00179512294937 & Score: -452.665136
.Lambda : 0.00028465359029,0.01000666591228,0.01488088318055,0.00349135352860,0.00179398437026 & Score: -452.665049
.Lambda : 0.00028489567688,0.01000727154563,0.01488002936117,0.00349541587992,0.00179239355543 & Score: -452.665041
.Lambda : 0.00028535517226,0.01000151725743,0.01488767639937,0.00349080282772,0.00179005265801 & Score: -452.665006
.Lambda : 0.00028641656502,0.00999819043854,0.01489579692712,0.00348938122610,0.00178765311397 & Score: -452.665101
.Lambda : 0.00028569376403,0.00999740252361,0.01487886769387,0.00348827105008,0.00178977930641 & Score: -452.665017
.Lambda : 0.00028590387702,0.00998740985287,0.01485399940442,0.00349269229913,0.00178837318908 & Score: -452.665068
.Lambda : 0.00028543941459,0.00999380071673,0.01486528222205,0.00349193516556,0.00178967161844 & Score: -452.665010
.Lambda : 0.00028561064376,0.00998857117066,0.01486600651542,0.00349123519015,0.00178623062461 & Score: -452.665095
.Lambda : 0.00028537138040,0.00999309485607,0.01486972568170,0.00349126477476,0.00178816906102 & Score: -452.665022
.Lambda : 0.00028555883858,0.00998229486150,0.01486273886300,0.00348551239677,0.00178613164167 & Score: -452.665175
.Lambda : 0.00028539304816,0.00998853903253,0.01486706148755,0.00348798826756,0.00178769712011 & Score: -452.665062
.Lambda : 0.00028539729342,0.00999765898708,0.01487647931071,0.00349136899664,0.00178986213823 & Score: -452.665003
.Lambda : 0.00028552446815,0.00999945989052,0.01488327204662,0.00348953693890,0.00178991598221 & Score: -452.665007
.Lambda : 0.00028536327633,0.00999730605675,0.01487870104053,0.00349103380124,0.00178911085952 & Score: -452.665006
.Lambda : 0.00028481586482,0.00999480896070,0.01487152248141,0.00349042485066,0.00178934650344 & Score: -452.664998
.Lambda : 0.00028512542457,0.01000439440153,0.01488385288027,0.00349310935382,0.00179122310672 & Score: -452.665006
.Lambda : 0.00028489834441,0.00999881437488,0.01487602079829,0.00349315899313,0.00178992212416 & Score: -452.665000
.Lambda : 0.00028487356347,0.01000157153590,0.01487951970749,0.00349251220755,0.00179105175271 & Score: -452.664996
.Lambda : 0.00028462870703,0.01000370427547,0.01487992904096,0.00349325141070,0.00179202219930 & Score: -452.665010
.Lambda : 0.00028468902402,0.00999738204660,0.01486728167190,0.00349342693300,0.00179050959209 & Score: -452.664996
.Lambda : 0.00028474421149,0.00999169996053,0.01486447670765,0.00349124743857,0.00178905373753 & Score: -452.665009
.Lambda : 0.00028483951476,0.00999487357078,0.01486932075081,0.00349171291738,0.00178959607983 & Score: -452.664997
.Lambda : 0.00028424923116,0.00999732120847,0.01486898685325,0.00349312536405,0.00179030828267 & Score: -452.664995
.Lambda : 0.00028367520003,0.00999715231916,0.01486524062452,0.00349400354775,0.00179053135489 & Score: -452.665011
.Lambda : 0.00028448853488,0.00999556855410,0.01486663178765,0.00349132191592,0.00179040276014 & Score: -452.664989
.Lambda : 0.00028428363011,0.00999394564372,0.01486193728232,0.00349040337732,0.00179064307812 & Score: -452.664996
.Lambda : 0.00028444008249,0.00999987780564,0.01486917382703,0.00349441488450,0.00179140088353 & Score: -452.665010
.Lambda : 0.00028453402807,0.00999861059441,0.01486976099062,0.00349341737604,0.00179088728851 & Score: -452.664997
.Lambda : 0.00028429423788,0.01000130800501,0.01487155165356,0.00349380860124,0.00179166779061 & Score: -452.665002
.Lambda : 0.00028443055710,0.00999969939645,0.01487099392787,0.00349328468028,0.00179114986292 & Score: -452.664995
.Lambda : 0.00028455833617,0.00999800650220,0.01487160458864,0.00349205106428,0.00179048161170 & Score: -452.664987
.Lambda : 0.00028457049022,0.00999770445610,0.01487252638765,0.00349136790839,0.00179027877330 & Score: -452.664985
.Lambda : 0.00028435592671,0.00999936401380,0.01487618179366,0.00349121789748,0.00179076698060 & Score: -452.664989
.Lambda : 0.00028396433256,0.00999429151567,0.01486260859254,0.00349161489890,0.00179011091114 & Score: -452.664998
.Lambda : 0.00028419164029,0.00999611152073,0.01486683637128,0.00349183922606,0.00179034612153 & Score: -452.664990
.Lambda : 0.00028456562852,0.00999805796801,0.01487228125399,0.00349048728720,0.00179086951673 & Score: -452.664987
.Lambda : 0.00028443833115,0.00999502320865,0.01487078910982,0.00348920901375,0.00178991579800 & Score: -452.665001
.Lambda : 0.00028443638764,0.00999619225560,0.01487084031433,0.00349022793038,0.00179022431423 & Score: -452.664991
.Lambda : 0.00028443250061,0.00999853034950,0.01487094272336,0.00349226576364,0.00179084134669 & Score: -452.664988
.Lambda : 0.00028477359209,0.00999957861588,0.01487658920724,0.00349082508299,0.00179091762945 & Score: -452.664989
.Lambda : 0.00028459072039,0.01000172560722,0.01488077675871,0.00349114365996,0.00179106693857 & Score: -452.664988
.Lambda : 0.00028481724602,0.00999887478488,0.01487306473872,0.00349121798340,0.00179082270129 & Score: -452.664985
.Lambda : 0.00028504790567,0.00999863017042,0.01487150621125,0.00349121802636,0.00179085056164 & Score: -452.664986
.Lambda : 0.00028441704222,0.00999837865040,0.01487124753773,0.00349176795805,0.00179063408118 & Score: -452.664984
.Lambda : 0.00028423876728,0.00999777866767,0.01486857670297,0.00349223939557,0.00179049230705 & Score: -452.664985
.Lambda : 0.00028453044265,0.00999489287634,0.01486324829787,0.00349169910031,0.00179031162911 & Score: -452.664989
.Lambda : 0.00028454551208,0.00999660105906,0.01486763041308,0.00349156024023,0.00179050045647 & Score: -452.664986
.Lambda : 0.00028473386701,0.00999731641788,0.01487175740911,0.00349029478727,0.00179040086490 & Score: -452.664985
.Lambda : 0.00028466803450,0.00999749217932,0.01487020934052,0.00349199626373,0.00179018523413 & Score: -452.664984
.Lambda : 0.00028473715990,0.00999930553637,0.01487589175242,0.00349109772011,0.00179042820545 & Score: -452.664983
.Lambda : 0.00028483298382,0.01000065777503,0.01488002242208,0.00349086646005,0.00179039207994 & Score: -452.664984
.Lambda : 0.00028477884964,0.00999884257144,0.01487234192375,0.00349118197663,0.00179070966149 & Score: -452.664982
.Lambda : 0.00028488302934,0.00999941162911,0.01487224969180,0.00349108901075,0.00179092510558 & Score: -452.664981
.Lambda : 0.00028467513778,0.01000006869415,0.01487330781537,0.00349257278715,0.00179079726615 & Score: -452.664985
.Lambda : 0.00028473386701,0.00999731641788,0.01487175740911,0.00349029478727,0.00179040086490 & Score: -452.664985
.Lambda : 0.00028471918470,0.00999800448695,0.01487214501067,0.00349086428724,0.00179049996521 & Score: -452.664983
.Lambda : 0.00028455253425,0.00999816220798,0.01487163259454,0.00349150811255,0.00179024633533 & Score: -452.664981
.Lambda : 0.00028442017837,0.00999780591954,0.01487091652245,0.00349165317712,0.00178995815235 & Score: -452.664981
.Lambda : 0.00028465554567,0.00999981282501,0.01487505729434,0.00349053457174,0.00179090824297 & Score: -452.664982
.Lambda : 0.00028500193933,0.00999950002377,0.01487554299978,0.00349026952291,0.00179056906064 & Score: -452.664983
.Lambda : 0.00028481289869,0.01000047240195,0.01487600472248,0.00349093528799,0.00179073081477 & Score: -452.664979
.Lambda : 0.00028485975569,0.01000170635945,0.01487793457838,0.00349097078836,0.00179084623955 & Score: -452.664978
.Lambda : 0.00028484396181,0.01000013168175,0.01487307511112,0.00349065108241,0.00179096978817 & Score: -452.664977
.Lambda : 0.00028489736276,0.01000054475444,0.01487166679047,0.00349042776356,0.00179124057954 & Score: -452.664976
.Lambda : 0.00028453735175,0.01000035508663,0.01487187338003,0.00349154257588,0.00179109754055 & Score: -452.664977
.Lambda : 0.00028483646785,0.01000025919004,0.01487108551975,0.00349168072869,0.00179083407725 & Score: -452.664974
.Lambda : 0.00028492692895,0.01000048237255,0.01486909963245,0.00349225380716,0.00179079699439 & Score: -452.664973
.Lambda : 0.00028462654402,0.01000108868331,0.01487263309855,0.00349159220826,0.00179076597016 & Score: -452.664969
.Lambda : 0.00028449830135,0.01000192721041,0.01487282480192,0.00349184380701,0.00179068640245 & Score: -452.664964
.Lambda : 0.00028493534595,0.01000384410541,0.01487372707876,0.00349130738424,0.00179162076726 & Score: -452.664971
.Lambda : 0.00028465836061,0.01000115505233,0.01486574209508,0.00349197934678,0.00179133067413 & Score: -452.664966
.Lambda : 0.00028502916810,0.01000282631143,0.01486935077944,0.00349158226763,0.00179117262656 & Score: -452.664961
.Lambda : 0.00028527507627,0.01000406192383,0.01486808947914,0.00349160211350,0.00179121016956 & Score: -452.664957
.Lambda : 0.00028482024249,0.01000404351137,0.01486812644447,0.00349316681992,0.00179101742358 & Score: -452.664959
.Lambda : 0.00028474800172,0.01000553034879,0.01487030432730,0.00349170598142,0.00179154918041 & Score: -452.664951
.Lambda : 0.00028465853811,0.01000805433691,0.01487090667472,0.00349143206855,0.00179192527341 & Score: -452.664945
.Lambda : 0.00028462886159,0.01000385270853,0.01486454871937,0.00349270227807,0.00179084720999 & Score: -452.664944
.Lambda : 0.00028447561941,0.01000385701009,0.01485995953967,0.00349339972498,0.00179046043135 & Score: -452.664937
.Lambda : 0.00028483275044,0.01000762254472,0.01487022068089,0.00349259846680,0.00179078920602 & Score: -452.664933
.Lambda : 0.00028491994535,0.01001085629091,0.01487245997380,0.00349290802681,0.00179051847196 & Score: -452.664922
.Lambda : 0.00028516146730,0.01001042201883,0.01486299204280,0.00349315969449,0.00179136630549 & Score: -452.664927
.Lambda : 0.00028497601608,0.01001085712086,0.01486563663958,0.00349183383141,0.00179117483714 & Score: -452.664908
.Lambda : 0.00028505390288,0.01001426392560,0.01486439173714,0.00349116733716,0.00179125354391 & Score: -452.664888
.Lambda : 0.00028443271295,0.01001491950911,0.01486419450811,0.00349322462729,0.00179099944090 & Score: -452.664890
.Lambda : 0.00028495892104,0.01001367316491,0.01485869244589,0.00349411169574,0.00178991400403 & Score: -452.664893
.Lambda : 0.00028533516040,0.01002179695365,0.01486913274342,0.00349242882762,0.00179116027517 & Score: -452.664883
.Lambda : 0.00028576493090,0.01003076692542,0.01487371934529,0.00349194337894,0.00179151019707 & Score: -452.664889
.Lambda : 0.00028471878975,0.01001978191884,0.01486855652053,0.00349237651136,0.00179017198890 & Score: -452.664862
.Lambda : 0.00028449745097,0.01002446186884,0.01487133875940,0.00349198491979,0.00178957483060 & Score: -452.664844
.Lambda : 0.00028479131395,0.01002478987793,0.01485864010378,0.00349225893623,0.00179064236588 & Score: -452.664829
.Lambda : 0.00028472699824,0.01003175667144,0.01485173016878,0.00349193439094,0.00179070431284 & Score: -452.664797
.Lambda : 0.00028465956914,0.01002920640655,0.01486962272085,0.00349018434537,0.00179156295734 & Score: -452.664845
.Lambda : 0.00028527651970,0.01003367482132,0.01486629194373,0.00348985530106,0.00179070292705 & Score: -452.664823
.Lambda : 0.00028474437651,0.01004209476312,0.01486685479733,0.00349138777676,0.00179022857728 & Score: -452.664801
.Lambda : 0.00028422680542,0.01004268085886,0.01486120261261,0.00348970986595,0.00178994916688 & Score: -452.664786
.Lambda : 0.00028367262793,0.01005312281147,0.01485723754721,0.00348835038511,0.00178934361273 & Score: -452.664800
.Lambda : 0.00028472929120,0.01004066118689,0.01485734459189,0.00349176455642,0.00178890096853 & Score: -452.664783
.Lambda : 0.00028476415223,0.01004638857706,0.01485120552741,0.00349255466195,0.00178756997412 & Score: -452.664792
.Lambda : 0.00028498414546,0.01005188545182,0.01485003088634,0.00348987583666,0.00179061955043 & Score: -452.664777
.Lambda : 0.00028522749270,0.01006559724331,0.01483937694981,0.00348882129509,0.00179114191034 & Score: -452.664805
.Lambda : 0.00028408812703,0.01004995675153,0.01484857327905,0.00349201366963,0.00178945810334 & Score: -452.664767
.Lambda : 0.00028349393069,0.01005809771663,0.01483971394672,0.00349309285391,0.00178883569148 & Score: -452.664784
.Lambda : 0.00028435777044,0.01004468160509,0.01484069781814,0.00349073155108,0.00178962426352 & Score: -452.664753
.Lambda : 0.00028416446740,0.01004597502608,0.01482761932854,0.00349040343824,0.00178932210664 & Score: -452.664747
.Lambda : 0.00028415013636,0.01006070703863,0.01484617811060,0.00348957255582,0.00178859564548 & Score: -452.664776
.Lambda : 0.00028461966156,0.01005699332311,0.01483069586595,0.00349174215676,0.00178880938289 & Score: -452.664757
.Lambda : 0.00028407332392,0.01006554584958,0.01482389439630,0.00348967850642,0.00178982094698 & Score: -452.664770
.Lambda : 0.00028345414105,0.01005978574375,0.01482075350584,0.00349148829409,0.00178778292370 & Score: -452.664786
.Lambda : 0.00028383664215,0.01005781067077,0.01482807285097,0.00349108517973,0.00178849208038 & Score: -452.664763
.Lambda : 0.00028416275246,0.01004980560980,0.01481736417773,0.00349239662449,0.00178976540261 & Score: -452.664753
.Lambda : 0.00028427533632,0.01003867070294,0.01483703580459,0.00349337792112,0.00178851788336 & Score: -452.664776
.Lambda : 0.00028422483322,0.01004538948960,0.01483375045252,0.00349245306745,0.00178884364927 & Score: -452.664757
.Lambda : 0.00028431521569,0.01005243289622,0.01480642779123,0.00349121851704,0.00178863494538 & Score: -452.664755
.Lambda : 0.00028475812998,0.01004242786716,0.01481827019542,0.00349220034186,0.00178965811433 & Score: -452.664756
.Lambda : 0.00028403049794,0.01003741903243,0.01481067691222,0.00349172663887,0.00178968030440 & Score: -452.664763
.Lambda : 0.00028417778885,0.01004231260510,0.01481568165066,0.00349173051834,0.00178946257402 & Score: -452.664752
.Lambda : 0.00028440650853,0.01004779211215,0.01480039480491,0.00349072670855,0.00178989360793 & Score: -452.664757
.Lambda : 0.00028436108970,0.01004719145651,0.01480873371681,0.00349115829827,0.00178963111826 & Score: -452.664750
.Lambda : 0.00028371439566,0.01005265917033,0.01481206047056,0.00349056261670,0.00178906834444 & Score: -452.664759
.Lambda : 0.00028397532924,0.01005010134454,0.01481361290178,0.00349097204799,0.00178921578691 & Score: -452.664751
.Lambda : 0.00028402135537,0.01004172152059,0.01482677691898,0.00349144585389,0.00179032385000 & Score: -452.664756
.Lambda : 0.00028409482045,0.01004439936450,0.01482168963704,0.00349138901968,0.00178990162385 & Score: -452.664750
.Lambda : 0.00028414664579,0.01004218630889,0.01481757071620,0.00348986470452,0.00178924788126 & Score: -452.664751
.Lambda : 0.00028411915219,0.01004962879510,0.01482000886949,0.00348978448514,0.00178946483274 & Score: -452.664748
.Lambda : 0.00028437914097,0.01004165103590,0.01482463600546,0.00349006793035,0.00178981123819 & Score: -452.664748
.Lambda : 0.00028430082249,0.01004935196235,0.01482350430673,0.00349125656416,0.00179000448661 & Score: -452.664747
.Lambda : 0.00028406227170,0.01004521101706,0.01483824954209,0.00349000227675,0.00178977059695 & Score: -452.664755
.Lambda : 0.00028413697620,0.01004570612692,0.01483087058577,0.00349029128213,0.00178973572728 & Score: -452.664749
.Lambda : 0.00028434540325,0.01004852581404,0.01482896600136,0.00348933246033,0.00178943373274 & Score: -452.664748
.Lambda : 0.00028438661832,0.01004834692646,0.01481902321886,0.00349004666915,0.00178947883149 & Score: -452.664745
.Lambda : 0.00028451143938,0.01004966732623,0.01481309953540,0.00348992436266,0.00178935038360 & Score: -452.664747
.Lambda : 0.00028414744449,0.01005508037372,0.01482301268454,0.00349026151645,0.00178927035790 & Score: -452.664749
.Lambda : 0.00028420536861,0.01005172303926,0.01482341851477,0.00349021311993,0.00178940557797 & Score: -452.664746
.Lambda : 0.00028444191984,0.01004794031218,0.01482900367861,0.00349071641558,0.00178959306144 & Score: -452.664745
.Lambda : 0.00028425427542,0.01004880909249,0.01482006161765,0.00349172202250,0.00178968789292 & Score: -452.664748
.Lambda : 0.00028434540325,0.01004852581404,0.01482896600136,0.00348933246033,0.00178943373274 & Score: -452.664748
.Lambda : 0.00028432262129,0.01004859663365,0.01482673990543,0.00348992985087,0.00178949727279 & Score: -452.664746
.Lambda : 0.00028430757569,0.01004768081271,0.01482681755175,0.00348926723335,0.00178891425352 & Score: -452.664749
.Lambda : 0.00028430588739,0.01004809860012,0.01482598924050,0.00348976456605,0.00178918681179 & Score: -452.664746
.Lambda : 0.00028450049878,0.01005190717859,0.01482205049473,0.00348986481039,0.00178954251555 & Score: -452.664746
.Lambda : 0.00028457764964,0.01004623282114,0.01482570410048,0.00348991580489,0.00178951381925 & Score: -452.664745
.Lambda : 0.00028458583576,0.01004911094869,0.01482301931875,0.00349042485430,0.00178986338842 & Score: -452.664745
.Lambda : 0.00028442535916,0.01004418387826,0.01482734559413,0.00349054862753,0.00178963603380 & Score: -452.664746
.Lambda : 0.00028444414407,0.01004611470334,0.01482602181928,0.00349037767324,0.00178961265424 & Score: -452.664745
.Lambda : 0.00028465184576,0.01004650165107,0.01482236894896,0.00349066271600,0.00178972742915 & Score: -452.664745
.Lambda : 0.00028441503529,0.01004494361698,0.01482582938773,0.00349026285725,0.00178930692981 & Score: -452.664745
.Lambda : 0.00028425430111,0.01004692970097,0.01482786393302,0.00348986505205,0.00178927468934 & Score: -452.664747
.Lambda : 0.00028435368727,0.01004682268850,0.01482649018701,0.00349006446804,0.00178938787430 & Score: -452.664745
.Lambda : 0.00028442893400,0.01004504399039,0.01482022380673,0.00348955057344,0.00178932698220 & Score: -452.664746
.Lambda : 0.00028443218046,0.01004576807084,0.01482241877470,0.00348984203398,0.00178939350201 & Score: -452.664745
.Lambda : 0.00028454856384,0.01004573976701,0.01482110873341,0.00349011354737,0.00178953442043 & Score: -452.664744
.Lambda : 0.00028464600213,0.01004519830627,0.01481841800661,0.00349013808704,0.00178960769349 & Score: -452.664745
.Lambda : 0.00028451662401,0.01004678306314,0.01482465612920,0.00349044458678,0.00178958516008 & Score: -452.664744
.Lambda : 0.00028455884579,0.01004729055928,0.01482577480645,0.00349074586319,0.00178968098912 & Score: -452.664745
.Lambda : 0.00028457440466,0.01004834329545,0.01482077621277,0.00349009645533,0.00178978302438 & Score: -452.664745
.Lambda : 0.00028441503529,0.01004494361698,0.01482582938773,0.00349026285725,0.00178930692981 & Score: -452.664745
.Lambda : 0.00028445487764,0.01004579353660,0.01482456609399,0.00349022125677,0.00178942595346 & Score: -452.664744
.Lambda : 0.00028436268151,0.01004687837748,0.01482044629741,0.00349056568843,0.00178954098862 & Score: -452.664744
.Lambda : 0.00028454413810,0.01004417685257,0.01482769641046,0.00349064243189,0.00178960083924 & Score: -452.664746
.Lambda : 0.00028450475816,0.01004521937104,0.01482552811256,0.00349049349120,0.00178957033730 & Score: -452.664745
.Lambda : 0.00028442599827,0.01004730440799,0.01482119151676,0.00349019560983,0.00178950933343 & Score: -452.664744
.Lambda : 0.00028438661832,0.01004834692646,0.01481902321886,0.00349004666915,0.00178947883149 & Score: -452.664745
.Lambda : 0.00028447935404,0.01004688495755,0.01481876568903,0.00349023860243,0.00178942568817 & Score: -452.664744
.Lambda : 0.00028434725034,0.01004771797009,0.01482274155715,0.00349055275033,0.00178946042908 & Score: -452.664744
.Lambda : 0.00028452696021,0.01004691519666,0.01482432209704,0.00349009543403,0.00178942163706 & Score: -452.664744
.Lambda : 0.00028460909956,0.01004693360625,0.01482625999685,0.00348986030682,0.00178936196128 & Score: -452.664745
.Lambda : 0.00028446359711,0.01004844870157,0.01482010470168,0.00349038953659,0.00178953494567 & Score: -452.664744
.Lambda : 0.00028446795685,0.01004977628405,0.01481787400553,0.00349047367651,0.00178958944178 & Score: -452.664745
.Lambda : 0.00028443281794,0.01004798277823,0.01482644071170,0.00349043256460,0.00178957891396 & Score: -452.664744
.Lambda : 0.00028444445196,0.01004770832306,0.01482452195603,0.00349038407406,0.00178954060751 & Score: -452.664744
.Lambda : 0.00028436667915,0.01004845477661,0.01482049660226,0.00349020237515,0.00178940162102 & Score: -452.664744
.Lambda : 0.00028440416536,0.01004803684824,0.01482153648400,0.00349026292806,0.00178944750578 & Score: -452.664744
.Lambda : 0.00028455881883,0.01004764742092,0.01482192914506,0.00348997828270,0.00178952118270 & Score: -452.664744
.Lambda : 0.00028450592670,0.01004766505821,0.01482213224808,0.00349012189961,0.00178950599430 & Score: -452.664744
.Lambda : 0.00028451204227,0.01004820524311,0.01482385547797,0.00349030593910,0.00178947094270 & Score: -452.664744
.Lambda : 0.00028455506427,0.01004865566067,0.01482518745858,0.00349036110374,0.00178945174733 & Score: -452.664744
.Lambda : 0.00028440511316,0.01004911047302,0.01482053825007,0.00349049031694,0.00178957836132 & Score: -452.664744
.Lambda : 0.00028443557492,0.01004856165393,0.01482148421181,0.00349039159621,0.00178953918026 & Score: -452.664744
.Lambda : 0.00028454047183,0.01004819874371,0.01482330295424,0.00349037429017,0.00178958916239 & Score: -452.664744
.Lambda : 0.00028451178996,0.01004768690724,0.01482601403757,0.00349024158306,0.00178952340919 & Score: -452.664744
.Lambda : 0.00028449974175,0.01004787735582,0.01482453670360,0.00349027857145,0.00178952629331 & Score: -452.664744
.Lambda : 0.00028455305103,0.01004849489885,0.01482160268225,0.00349020484456,0.00178951202167 & Score: -452.664744
.Lambda : 0.00028446206284,0.01004812294026,0.01482214157525,0.00349014685020,0.00178943261050 & Score: -452.664744
.Lambda : 0.00028447906242,0.01004883977858,0.01482331601227,0.00349040922100,0.00178948642508 & Score: -452.664744
.Lambda : 0.00028447697564,0.01004901245007,0.01482042328022,0.00349030480899,0.00178945017877 & Score: -452.664744
.Lambda : 0.00028439323621,0.01004860192753,0.01482288554076,0.00349041852164,0.00178943971325 & Score: -452.664744
.Lambda : 0.00028449377684,0.01004855128189,0.01482356454278,0.00349024254016,0.00178937276787 & Score: -452.664744
.Lambda : 0.00028452287780,0.01004854609587,0.01482460470827,0.00349016801214,0.00178928956167 & Score: -452.664744
.Lambda : 0.00028445909659,0.01004791601848,0.01482588197939,0.00349030441986,0.00178943080499 & Score: -452.664744
.Lambda : 0.00028446356635,0.01004819012638,0.01482451730460,0.00349030451714,0.00178943564843 & Score: -452.664744
.Lambda : 0.00028457096808,0.01004816182056,0.01482407242439,0.00349014510540,0.00178943964458 & Score: -452.664744
.Lambda : 0.00028452653511,0.01004827184730,0.01482377570348,0.00349021345946,0.00178943966175 & Score: -452.664744
.Lambda : 0.00028452793035,0.01004870037064,0.01482547004119,0.00349044342055,0.00178944956783 & Score: -452.664744
.Lambda : 0.00028451146348,0.01004855601305,0.01482463792471,0.00349036927796,0.00178944532850 & Score: -452.664744
.
Lambda Search Result: 269
Lambda : 0.00028449377684,0.01004855128189,0.01482356454278,0.00349024254016,0.00178937276787 & Score: 452.664744
DONE: Lamda Search or setting, for command:
lambda -s -t (((2,3)1,((5,(5,((5,5)5,5)5)5)5,(5,5)5)1)1,((4,4)4,(4,(4,4)4)4)1)
Running Viterbi algorithm....
Building Metapost report: recognition_filt_lambda_clade.mp
Building HTML report: recognition_filt_lambda_clade.html
Report Done
