-----------------------------------------------------------
Family information: signaling_filt.tab
Log: ./signaling_filt.log
Tree: (((musDom:52,gloMor:52):52,((droWil:56,(droPse:48,((droYak:14,droMel:14):17,droAna:31):17):8):8,(droVir:32,droMoj:32):32):39):184,((culQui:79,aedAeg:79):79,(anoDar:70,(anoSte:35,anoGam:35):35):88):129)
The number of families is 59
Root Family size : 1 ~ 76
Family size : 0 ~ 111
P-value: 0.010000
Num of Threads: 12
Num of Random: 1000
Empirical Prior Estimation Result: 30
Poisson lambda: 1.196950 & Score: 2410.166478
Lambda : 0.00200688530458 & Score: -939.838699
.Lambda : 0.00210722956981 & Score: -940.115004
.Lambda : 0.00190654103935 & Score: -940.202668
.Lambda : 0.00195671317197 & Score: -939.935884
.Lambda : 0.00205705743720 & Score: -939.896218
.Lambda : 0.00195671317197 & Score: -939.935884
.Lambda : 0.00198179923827 & Score: -939.871418
.Lambda : 0.00203197137089 & Score: -939.846668
.Lambda : 0.00198179923827 & Score: -939.871418
.Lambda : 0.00199434227143 & Score: -939.850719
.Lambda : 0.00201942833774 & Score: -939.837404
.Lambda : 0.00203197137089 & Score: -939.846668
.Lambda : 0.00202569985431 & Score: -939.840726
.Lambda : 0.00201315682116 & Score: -939.836721
.Lambda : 0.00200688530458 & Score: -939.838699
.Lambda : 0.00201002106287 & Score: -939.837376
.Lambda : 0.00201629257945 & Score: -939.836731
.Lambda : 0.00201002106287 & Score: -939.837376
.Lambda : 0.00201158894201 & Score: -939.836965
.Lambda : 0.00201472470030 & Score: -939.836643
.Lambda : 0.00201629257945 & Score: -939.836731
.Lambda : 0.00201550863987 & Score: -939.836666
.Lambda : 0.00201394076073 & Score: -939.836661
.Lambda : 0.00201550863987 & Score: -939.836666
.Lambda : 0.00201511667009 & Score: -939.836650
.Lambda : 0.00201433273052 & Score: -939.836647
.Lambda : 0.00201511667009 & Score: -939.836650
.Lambda : 0.00201492068520 & Score: -939.836645
.Lambda : 0.00201452871541 & Score: -939.836644
.
Lambda Search Result: 15
Lambda : 0.00201472470030 & Score: 939.836643
DONE: Lamda Search or setting, for command:
lambda -s
Running Viterbi algorithm....
Building Metapost report: signaling_filt_lambda.mp
Building HTML report: signaling_filt_lambda.html
Report Done
Lambda Tree: (((2,1)1,((1,(1,((1,1)1,1)1)1)1,(1,1)1)1)1,((1,1)1,(1,(1,1)1)1)1)
Empirical Prior Estimation Result: 36
Poisson lambda: 1.196951 & Score: 2410.166478
Lambda : 0.00138583818815,0.00088929524139 & Score: -965.704135
.Lambda : 0.00145513009756,0.00088929524139 & Score: -962.314426
.Lambda : 0.00145513009756,0.00093376000346 & Score: -961.363153
.Lambda : 0.00152442200697,0.00093376000346 & Score: -958.596449
.Lambda : 0.00159371391637,0.00095599238449 & Score: -955.872098
.Lambda : 0.00159371391637,0.00100045714656 & Score: -955.034086
.Lambda : 0.00166300582578,0.00105603809915 & Score: -952.305582
.Lambda : 0.00180158964460,0.00107827048019 & Score: -949.769616
.Lambda : 0.00197481941811,0.00115052571855 & Score: -947.945068
.Lambda : 0.00204411132752,0.00125057143321 & Score: -946.867197
.Lambda : 0.00226931003310,0.00139786095756 & Score: -947.807467
.Lambda : 0.00235592491986,0.00134505905260 & Score: -949.887802
.Lambda : 0.00166300582578,0.00105603809915 & Score: -952.305582
.Lambda : 0.00183623559930,0.00112829333751 & Score: -948.718014
.Lambda : 0.00218269514634,0.00127280381424 & Score: -947.865208
.Lambda : 0.00225198705574,0.00137284952890 & Score: -947.780063
.Lambda : 0.00211340323693,0.00135061714786 & Score: -946.238342
.Lambda : 0.00207875728223,0.00138952381467 & Score: -945.519073
.Lambda : 0.00187088155400,0.00126724571898 & Score: -946.572822
.Lambda : 0.00190552750871,0.00140619810045 & Score: -944.787155
.Lambda : 0.00183623559930,0.00148401143407 & Score: -944.196821
.Lambda : 0.00204411132752,0.00160628952976 & Score: -943.151311
.Lambda : 0.00213072621428,0.00177581143515 & Score: -942.584840
.Lambda : 0.00188820453135,0.00187029905455 & Score: -940.484328
.Lambda : 0.00179292815592,0.00211068667449 & Score: -939.168926
.Lambda : 0.00208741877090,0.00240248667557 & Score: -938.354743
.Lambda : 0.00221301035670,0.00286172429632 & Score: -938.417224
.Lambda : 0.00174962071254,0.00273736191491 & Score: -936.253268
.Lambda : 0.00155906796167,0.00321813715478 & Score: -937.753404
.Lambda : 0.00204411132752,0.00302916191599 & Score: -935.603324
.Lambda : 0.00216970291332,0.00348839953674 & Score: -936.218106
.Lambda : 0.00170631326916,0.00336403715532 & Score: -934.703222
.Lambda : 0.00151576051829,0.00384481239520 & Score: -937.509447
.Lambda : 0.00200080388414,0.00365583715640 & Score: -933.837014
.Lambda : 0.00212639546994,0.00411507477715 & Score: -934.762829
.Lambda : 0.00166300582578,0.00399071239574 & Score: -934.106518
.Lambda : 0.00195749644076,0.00428251239682 & Score: -932.786253
.Lambda : 0.00208308802656,0.00474175001757 & Score: -933.869955
.Lambda : 0.00229529449912,0.00394763715749 & Score: -938.026566
.Lambda : 0.00213722233079,0.00395840596705 & Score: -935.068190
.Lambda : 0.00197915016245,0.00396917477661 & Score: -933.232513
.Lambda : 0.00181025113327,0.00413661239628 & Score: -932.620040
.Lambda : 0.00178859741158,0.00444995001649 & Score: -932.445760
.Lambda : 0.00169332103615,0.00469033763643 & Score: -933.106232
.Lambda : 0.00164135210409,0.00430405001595 & Score: -934.091768
.Lambda : 0.00172038818826,0.00429866561117 & Score: -933.056110
.Lambda : 0.00179942427243,0.00429328120639 & Score: -932.514095
.Lambda : 0.00187304692617,0.00436623120666 & Score: -932.374669
.Lambda : 0.00186222006533,0.00452290001676 & Score: -932.269924
.Lambda : 0.00189361796178,0.00463770942195 & Score: -932.280518
.Lambda : 0.00194666957992,0.00443918120693 & Score: -932.616548
.Lambda : 0.00190715153783,0.00444187340932 & Score: -932.416800
.Lambda : 0.00182811545367,0.00444725781410 & Score: -932.325714
.Lambda : 0.00181728859282,0.00460392662420 & Score: -932.264570
.Lambda : 0.00178940942614,0.00472277433298 & Score: -932.310809
.Lambda : 0.00185139320448,0.00467956882686 & Score: -932.198468
.Lambda : 0.00186303207989,0.00479572433325 & Score: -932.172929
.Lambda : 0.00181810060738,0.00487675094069 & Score: -932.180556
.Lambda : 0.00186384409445,0.00506854864973 & Score: -932.149025
.Lambda : 0.00188712184527,0.00530085966250 & Score: -932.228435
.Lambda : 0.00190877556696,0.00498752204229 & Score: -932.270804
.Lambda : 0.00188610682707,0.00495982926689 & Score: -932.193848
.Lambda : 0.00186343808717,0.00493213649149 & Score: -932.152425
.Lambda : 0.00184097235092,0.00497264979521 & Score: -932.140992
.Lambda : 0.00184137835820,0.00510906195346 & Score: -932.140259
.Lambda : 0.00183034849371,0.00519752468444 & Score: -932.155614
.Lambda : 0.00181850661467,0.00501316309893 & Score: -932.165776
.Lambda : 0.00182984098461,0.00502700948663 & Score: -932.147403
.Lambda : 0.00185250972451,0.00505470226203 & Score: -932.139171
.Lambda : 0.00186384409445,0.00506854864973 & Score: -932.149025
.Lambda : 0.00185291573179,0.00519111442028 & Score: -932.149165
.Lambda : 0.00184992988657,0.00513649826401 & Score: -932.142140
.Lambda : 0.00184694404135,0.00508188210774 & Score: -932.138388
.Lambda : 0.00184674103771,0.00501367602862 & Score: -932.138048
.Lambda : 0.00184117535456,0.00504085587433 & Score: -932.138582
.Lambda : 0.00185250972451,0.00505470226203 & Score: -932.139171
.Lambda : 0.00184967613202,0.00505124066511 & Score: -932.138149
.Lambda : 0.00184947312838,0.00498303458599 & Score: -932.139510
.Lambda : 0.00184884085662,0.00500774646643 & Score: -932.138406
.Lambda : 0.00184820858487,0.00503245834687 & Score: -932.137854
.Lambda : 0.00184684253953,0.00504777906818 & Score: -932.137709
.Lambda : 0.00184831008669,0.00506656138643 & Score: -932.138113
.Lambda : 0.00184791782444,0.00505334004698 & Score: -932.137844
.Lambda : 0.00184655177911,0.00506866076829 & Score: -932.137988
.Lambda : 0.00184696598055,0.00505961016294 & Score: -932.137836
.Lambda : 0.00184589069564,0.00505404918414 & Score: -932.137742
.Lambda : 0.00184576725462,0.00504221808939 & Score: -932.137689
.Lambda : 0.00184516789166,0.00503352205262 & Score: -932.137761
.Lambda : 0.00184671909852,0.00503594797343 & Score: -932.137708
.Lambda : 0.00184564381361,0.00503038699464 & Score: -932.137761
.Lambda : 0.00184594349509,0.00503473501303 & Score: -932.137712
.Lambda : 0.00184624317657,0.00503908303141 & Score: -932.137687
.Lambda : 0.00184630489708,0.00504499857879 & Score: -932.137685
.Lambda : 0.00184678081902,0.00504186352081 & Score: -932.137693
.Lambda : 0.00184652742792,0.00504195216295 & Score: -932.137685
.Lambda : 0.00184658914843,0.00504786771033 & Score: -932.137700
.Lambda : 0.00184650265547,0.00504567154060 & Score: -932.137690
.Lambda : 0.00184641616250,0.00504347537087 & Score: -932.137684
.Lambda : 0.00184627403682,0.00504204080510 & Score: -932.137682
.Lambda : 0.00184638530225,0.00504051759718 & Score: -932.137684
.Lambda : 0.00184630489708,0.00504499857879 & Score: -932.137685
.Lambda : 0.00184632499837,0.00504387833339 & Score: -932.137683
.Lambda : 0.00184618287269,0.00504244376762 & Score: -932.137682
.Lambda : 0.00184606622779,0.00504192796599 & Score: -932.137683
.Lambda : 0.00184613191115,0.00504060623933 & Score: -932.137684
.Lambda : 0.00184618018295,0.00504142426284 & Score: -932.137682
.
Lambda Search Result: 50
Lambda : 0.00184618287269,0.00504244376762 & Score: 932.137682
DONE: Lamda Search or setting, for command:
lambda -s -t (((2,1)1,((1,(1,((1,1)1,1)1)1)1,(1,1)1)1)1,((1,1)1,(1,(1,1)1)1)1)
Running Viterbi algorithm....
Building Metapost report: signaling_filt_lambda_musca.mp
Building HTML report: signaling_filt_lambda_musca.html
Report Done
Lambda Tree: (((2,3)1,((5,(5,((5,5)5,5)5)5)5,(5,5)5)1)1,((4,4)4,(4,(4,4)4)4)1)
Empirical Prior Estimation Result: 33
Poisson lambda: 1.196951 & Score: 2410.166478
Lambda : 0.00087467987981,0.00300042603782,0.00251438955868,0.00475008016877,0.00520700656900 & Score: -989.127188
.Lambda : 0.00091841387380,0.00300042603782,0.00251438955868,0.00475008016877,0.00520700656900 & Score: -989.718473
.Lambda : 0.00091841387380,0.00315044733972,0.00251438955868,0.00475008016877,0.00520700656900 & Score: -989.260224
.Lambda : 0.00091841387380,0.00300042603782,0.00264010903661,0.00475008016877,0.00520700656900 & Score: -989.416624
.Lambda : 0.00091841387380,0.00300042603782,0.00251438955868,0.00498758417721,0.00520700656900 & Score: -993.893217
.Lambda : 0.00091841387380,0.00300042603782,0.00251438955868,0.00475008016877,0.00546735689745 & Score: -995.041450
.Lambda : 0.00090092027621,0.00306043455858,0.00256467734985,0.00484508177215,0.00494665624055 & Score: -985.559116
.Lambda : 0.00089217347741,0.00309043881896,0.00258982124544,0.00489258257384,0.00468630591210 & Score: -980.949562
.Lambda : 0.00089042411765,0.00309643967103,0.00259485002455,0.00456957712236,0.00499872630624 & Score: -981.537401
.Lambda : 0.00087922821519,0.00313484512432,0.00262703421090,0.00473487991223,0.00491541420114 & Score: -982.355924
.Lambda : 0.00086355395174,0.00318861275892,0.00249608480269,0.00472879980962,0.00479877725399 & Score: -979.883006
.Lambda : 0.00083612399071,0.00328270611946,0.00242407268573,0.00471815963004,0.00459466259649 & Score: -975.273020
.Lambda : 0.00083063799850,0.00309149496892,0.00258567753144,0.00471603159412,0.00455383966498 & Score: -974.505703
.Lambda : 0.00078675006085,0.00306201878353,0.00262132151783,0.00469900730680,0.00422725621298 & Score: -967.467901
.Lambda : 0.00083920006491,0.00326615336910,0.00262845031510,0.00469560244933,0.00416193952258 & Score: -966.202284
.Lambda : 0.00082146015746,0.00339901703473,0.00268548069332,0.00466836358961,0.00363940599936 & Score: -955.761749
.Lambda : 0.00081154450645,0.00323740304677,0.00253918425584,0.00468419617683,0.00394312860973 & Score: -961.966776
.Lambda : 0.00076879675950,0.00333219385035,0.00254910213471,0.00489534658849,0.00343757742602 & Score: -956.254481
.Lambda : 0.00071769671258,0.00343489671498,0.00253784326953,0.00457344674287,0.00325050642573 & Score: -947.013578
.Lambda : 0.00063045833017,0.00360712566299,0.00251185428158,0.00441387882739,0.00253260668255 & Score: -934.408606
.Lambda : 0.00069147993506,0.00337239723188,0.00273870446758,0.00462615736560,0.00251732737577 & Score: -938.212094
.Lambda : 0.00070274581460,0.00371723594716,0.00258840881538,0.00461616971237,0.00220076222440 & Score: -935.521632
.Lambda : 0.00063443189227,0.00373378484407,0.00269023590119,0.00460377025656,0.00178794327351 & Score: -934.033433
.Lambda : 0.00054587558519,0.00398197574273,0.00276576172386,0.00456355729642,0.00071035060540 & Score: -963.563966
.Lambda : 0.00062343369232,0.00379963043799,0.00273677152891,0.00427598931213,0.00163364079621 & Score: -929.158905
.Lambda : 0.00055075215873,0.00403334873181,0.00283060622602,0.00396631067395,0.00073167248131 & Score: -952.249535
.Lambda : 0.00049155970831,0.00389305261490,0.00262090930454,0.00434602260000,0.00062950614161 & Score: -967.319611
.Lambda : 0.00057403482060,0.00376954371986,0.00263705215173,0.00442660784741,0.00138198110605 & Score: -934.653535
.Lambda : 0.00057456188492,0.00407853101294,0.00252702460394,0.00430840901673,0.00129744625732 & Score: -934.208752
.Lambda : 0.00051202243351,0.00387821032398,0.00265276657156,0.00419529239171,0.00125268502186 & Score: -933.173697
.Lambda : 0.00061592847268,0.00386936919293,0.00261040900314,0.00429232807440,0.00201974770653 & Score: -928.602772
.Lambda : 0.00063687529872,0.00391928192946,0.00259708742884,0.00422518818790,0.00233863100677 & Score: -929.081825
.Lambda : 0.00055369302012,0.00413668466178,0.00277502876191,0.00425643679323,0.00066397853962 & Score: -962.185353
.Lambda : 0.00057288434763,0.00400429491208,0.00270923514183,0.00429579730177,0.00113113557535 & Score: -937.907154
.Lambda : 0.00061968108250,0.00383449981546,0.00267359026602,0.00428415869326,0.00182669425137 & Score: -928.424632
.Lambda : 0.00056397545310,0.00387378975846,0.00263158778735,0.00424381023306,0.00163621636419 & Score: -928.446509
.Lambda : 0.00062518018248,0.00380157701850,0.00265032245216,0.00444804916548,0.00190384549002 & Score: -931.137403
.Lambda : 0.00059524517880,0.00397395010294,0.00256871680354,0.00430036854557,0.00165859698192 & Score: -929.364607
.Lambda : 0.00062319340142,0.00373824742796,0.00256113164236,0.00435310345089,0.00227617719454 & Score: -931.010856
.Lambda : 0.00058202925293,0.00391436550059,0.00256785174880,0.00414145843339,0.00186312750940 & Score: -926.034395
.Lambda : 0.00056045378815,0.00397075974164,0.00252661639712,0.00398816306735,0.00184276851909 & Score: -923.688491
.Lambda : 0.00055892018867,0.00407070001661,0.00264323646051,0.00409042799456,0.00131743233470 & Score: -930.007007
.Lambda : 0.00062319340142,0.00373824742796,0.00256113164236,0.00435310345089,0.00227617719454 & Score: -931.010856
.Lambda : 0.00060712509824,0.00382136057512,0.00258165784689,0.00428743458681,0.00203649097958 & Score: -928.646564
.Lambda : 0.00059162037906,0.00377396153051,0.00264082771667,0.00413798931639,0.00208617014638 & Score: -926.246696
.Lambda : 0.00057353857196,0.00390759144047,0.00265155462122,0.00409114516697,0.00172814781545 & Score: -925.436459
.Lambda : 0.00054777923723,0.00387487172168,0.00263926171222,0.00400577851641,0.00162825113207 & Score: -924.769737
.Lambda : 0.00059325377047,0.00387088394145,0.00262115249796,0.00395908367110,0.00200859638155 & Score: -923.270021
.Lambda : 0.00060789292915,0.00386943103295,0.00261593485326,0.00381672039012,0.00219478639023 & Score: -921.928922
.Lambda : 0.00053283287972,0.00392414637144,0.00255608785417,0.00373175988963,0.00196535534992 & Score: -919.843403
.Lambda : 0.00048940877833,0.00396896964943,0.00249733664825,0.00345556048782,0.00203468589919 & Score: -916.328382
.Lambda : 0.00052000894286,0.00406268790397,0.00253145397615,0.00360495773508,0.00168528575603 & Score: -918.712611
.Lambda : 0.00051667889833,0.00399109657939,0.00247268681358,0.00345732691174,0.00202616326320 & Score: -916.492619
.Lambda : 0.00052999809750,0.00407030624127,0.00241834976312,0.00332331292043,0.00228522479903 & Score: -916.083605
.Lambda : 0.00052110752764,0.00416802350106,0.00230789378858,0.00298208012244,0.00261371163251 & Score: -915.730044
.Lambda : 0.00050158504237,0.00405332372508,0.00244350603481,0.00293849519152,0.00237908465737 & Score: -912.959079
.Lambda : 0.00047215066949,0.00409460571679,0.00240195085365,0.00241366125361,0.00264724272651 & Score: -913.304390
.Lambda : 0.00041162274666,0.00422820951062,0.00228521605128,0.00275864778932,0.00210078609309 & Score: -910.618625
.Lambda : 0.00031348765542,0.00440759874946,0.00211985665030,0.00222961148892,0.00205378594452 & Score: -911.334521
.Lambda : 0.00045615225447,0.00410116128227,0.00227120175844,0.00263188646605,0.00277648686211 & Score: -915.477914
.Lambda : 0.00043527164146,0.00421677848799,0.00224937489897,0.00244934111112,0.00273573879451 & Score: -914.624657
.Lambda : 0.00044088690671,0.00433802895337,0.00212554036458,0.00204861978437,0.00300763731665 & Score: -919.885276
.Lambda : 0.00045301737461,0.00424576412739,0.00221848943550,0.00240035496023,0.00276439946228 & Score: -915.026533
.Lambda : 0.00038195209619,0.00417007135228,0.00227922148302,0.00228941008486,0.00248888671524 & Score: -912.483109
.Lambda : 0.00041722730605,0.00426449759908,0.00231912140299,0.00250261318877,0.00221107142688 & Score: -910.068620
.Lambda : 0.00039776483185,0.00434616575748,0.00234308122527,0.00243797655013,0.00192836370926 & Score: -909.200846
.Lambda : 0.00039826116880,0.00416005540599,0.00242167044184,0.00274919333056,0.00188874452551 & Score: -909.972898
.Lambda : 0.00040120271289,0.00416635181259,0.00245970319552,0.00282014806743,0.00157860748567 & Score: -911.781635
.Lambda : 0.00029473638018,0.00437501781051,0.00227205092397,0.00228365513740,0.00161507075414 & Score: -911.902069
.Lambda : 0.00037948303996,0.00434024876660,0.00243346725213,0.00293043826507,0.00115574231183 & Score: -920.278924
.Lambda : 0.00038010030402,0.00429770441302,0.00239490580985,0.00277018122002,0.00148902841268 & Score: -912.655033
.Lambda : 0.00039801300032,0.00425311058174,0.00238237583355,0.00259358494034,0.00190855411739 & Score: -909.381936
.Lambda : 0.00040469378926,0.00428718763405,0.00231414863828,0.00259831216973,0.00201457490118 & Score: -909.636035
.Lambda : 0.00039948377237,0.00425625878504,0.00240139221039,0.00262906230878,0.00175348559747 & Score: -909.795471
.Lambda : 0.00034625060602,0.00436059178400,0.00230756607462,0.00236081584377,0.00177171723170 & Score: -910.031591
.Lambda : 0.00038985846402,0.00425811855488,0.00231115135414,0.00236369331750,0.00220862521225 & Score: -910.166495
.Lambda : 0.00038862393590,0.00434320726204,0.00238827423870,0.00268420740760,0.00154205301055 & Score: -911.570303
.Lambda : 0.00038893256793,0.00432193508525,0.00236899351756,0.00260407888508,0.00170869606097 & Score: -910.025245
.Lambda : 0.00044930457868,0.00422527135343,0.00241643049540,0.00278439009786,0.00195375252281 & Score: -909.973388
.Lambda : 0.00043077142106,0.00422526255944,0.00237397784360,0.00261325154166,0.00211479627827 & Score: -909.716117
.Lambda : 0.00036298614727,0.00432192277367,0.00230955980503,0.00236448490640,0.00193415731862 & Score: -909.583683
.Lambda : 0.00039820790353,0.00431720093752,0.00228786512790,0.00241398173452,0.00220669293242 & Score: -910.105977
.Lambda : 0.00039852687074,0.00430196539940,0.00231624689852,0.00246775187809,0.00209339109868 & Score: -909.579893
.Lambda : 0.00035402243472,0.00437887829909,0.00229218711666,0.00237159263621,0.00183682017978 & Score: -909.777365
.Lambda : 0.00037320968130,0.00434047436418,0.00231263479839,0.00243200736258,0.00190631420440 & Score: -909.442807
.Lambda : 0.00036750642334,0.00433826791654,0.00235141078603,0.00232001008529,0.00189373727816 & Score: -909.491404
.Lambda : 0.00041102217576,0.00431007083406,0.00237274001167,0.00253604742017,0.00195798684454 & Score: -909.190771
.Lambda : 0.00043504019000,0.00430414486425,0.00240433011500,0.00262182867706,0.00196990160750 & Score: -909.252249
.Lambda : 0.00038047957429,0.00433327038220,0.00238865016345,0.00246009866532,0.00174459136282 & Score: -909.563218
.Lambda : 0.00039852687074,0.00430196539940,0.00231624689852,0.00246775187809,0.00209339109868 & Score: -909.579893
.Lambda : 0.00039401504663,0.00430979164510,0.00233434771475,0.00246583857489,0.00200619116472 & Score: -909.331799
.Lambda : 0.00042210347101,0.00428557735649,0.00234666104743,0.00266617185396,0.00198922673796 & Score: -909.666072
.Lambda : 0.00040845420909,0.00429874999650,0.00234784848208,0.00257963141179,0.00196535437301 & Score: -909.393108
.Lambda : 0.00043049802416,0.00426668116177,0.00239952250853,0.00261322419636,0.00200026587916 & Score: -909.319486
.Lambda : 0.00040407102240,0.00429557799556,0.00238497843543,0.00247903726097,0.00195519031302 & Score: -909.101791
.Lambda : 0.00040187942905,0.00429399199509,0.00240354341211,0.00242874018556,0.00195010828302 & Score: -909.026634
.Lambda : 0.00041605880265,0.00435756997566,0.00235891811538,0.00239914583050,0.00202861223490 & Score: -909.179510
.Lambda : 0.00042887425876,0.00432000024453,0.00241677439444,0.00250021509819,0.00193994361564 & Score: -908.942263
.Lambda : 0.00044630386482,0.00432510454424,0.00245798773428,0.00251740335984,0.00190681984110 & Score: -908.802409
.Lambda : 0.00039871361749,0.00438648008084,0.00237498569095,0.00231450114212,0.00190849048597 & Score: -909.197812
.Lambda : 0.00043182632406,0.00432312121448,0.00244418876050,0.00244035862515,0.00197244336654 & Score: -908.820548
.Lambda : 0.00044412262104,0.00425746334457,0.00243996552263,0.00261417702636,0.00201789774207 & Score: -909.203600
.Lambda : 0.00043277037015,0.00428971752864,0.00242372056471,0.00253925805530,0.00199054592805 & Score: -909.024163
.Lambda : 0.00044051334054,0.00432573126918,0.00246260342312,0.00239391500237,0.00198142501690 & Score: -908.765286
.Lambda : 0.00045525892293,0.00433356148674,0.00250753512884,0.00232284879347,0.00199314410308 & Score: -908.717168
.Lambda : 0.00045115676176,0.00426862873201,0.00253587212479,0.00250029777722,0.00189661237382 & Score: -908.603764
.Lambda : 0.00046870574131,0.00422415811019,0.00262434912949,0.00255087375059,0.00183061244329 & Score: -908.588210
.Lambda : 0.00049206666026,0.00430427315862,0.00257956911501,0.00251955684818,0.00192731798980 & Score: -908.486819
.Lambda : 0.00053716027586,0.00430941374039,0.00266758196646,0.00256496517949,0.00191592284320 & Score: -908.519848
.Lambda : 0.00048489423520,0.00431436987707,0.00262173138254,0.00240115849558,0.00186158916948 & Score: -908.339462
.Lambda : 0.00051095616772,0.00432669605129,0.00272073679146,0.00233210871573,0.00179711079020 & Score: -908.367149
.Lambda : 0.00050706544575,0.00427746565627,0.00267228023557,0.00248437787392,0.00183535005216 & Score: -908.366158
.Lambda : 0.00051689253736,0.00425642677132,0.00274419826230,0.00239412294485,0.00187238566202 & Score: -908.159036
.Lambda : 0.00055218687362,0.00422208788486,0.00288730352631,0.00233248273736,0.00185516857249 & Score: -908.139479
.Lambda : 0.00054670865953,0.00420338038806,0.00284655822673,0.00259253108878,0.00173087118780 & Score: -908.795921
.Lambda : 0.00052384622538,0.00423592566273,0.00276180245226,0.00252511051495,0.00179643941662 & Score: -908.415825
.Lambda : 0.00055531803477,0.00431749078564,0.00278472555518,0.00235420083741,0.00187973363694 & Score: -908.217031
.Lambda : 0.00055725766563,0.00424266278800,0.00291156814574,0.00231937533551,0.00176399434927 & Score: -908.373418
.Lambda : 0.00053884267661,0.00431370513400,0.00278924108588,0.00223152759696,0.00188189489551 & Score: -908.434917
.Lambda : 0.00053509356380,0.00429426026619,0.00278238142747,0.00230492332646,0.00186053102579 & Score: -908.252202
.Lambda : 0.00049656559563,0.00432760700001,0.00258780070510,0.00243148197278,0.00195295463347 & Score: -908.380941
.Lambda : 0.00051173861313,0.00430637094701,0.00266874256526,0.00240345531346,0.00190571456242 & Score: -908.240157
.Lambda : 0.00054862708246,0.00430436624803,0.00282567354714,0.00223411041019,0.00190974473469 & Score: -908.381744
.Lambda : 0.00053823667328,0.00429764110009,0.00278732521925,0.00229667727612,0.00189114606405 & Score: -908.235955
.Lambda : 0.00059213526825,0.00426077051644,0.00294245993485,0.00227553730074,0.00189532837519 & Score: -908.328203
.Lambda : 0.00048489423520,0.00431436987707,0.00262173138254,0.00240115849558,0.00186158916948 & Score: -908.339462
.Lambda : 0.00051170449346,0.00430097003691,0.00270191352062,0.00236975319687,0.00187002397091 & Score: -908.222297
.Lambda : 0.00053258031151,0.00428356403562,0.00274962272717,0.00239770441804,0.00190018369693 & Score: -908.155391
.Lambda : 0.00056427194153,0.00426233059024,0.00289561365416,0.00229687207286,0.00185278781411 & Score: -908.230657
.Lambda : 0.00054818798867,0.00425693623321,0.00282034637413,0.00240372802889,0.00185201301250 & Score: -908.156793
.Lambda : 0.00051571913928,0.00429008900025,0.00268195102721,0.00244627561457,0.00189006134180 & Score: -908.247790
.Lambda : 0.00052785733985,0.00428314939775,0.00273536668395,0.00240892472914,0.00188074295987 & Score: -908.180608
.Lambda : 0.00057474772591,0.00424432129792,0.00288903242608,0.00238906310346,0.00187711278058 & Score: -908.161777
.Lambda : 0.00053890606105,0.00419853275411,0.00284794313988,0.00241856036934,0.00186635477201 & Score: -908.084328
.Lambda : 0.00053070007419,0.00413905373834,0.00287955193222,0.00245074013531,0.00185966533955 & Score: -908.063621
.Lambda : 0.00056750384971,0.00417523587823,0.00295497611042,0.00238056264008,0.00185691440095 & Score: -908.089979
.Lambda : 0.00051771591317,0.00418642981019,0.00282768784202,0.00239702408041,0.00185246522838 & Score: -908.077610
.Lambda : 0.00053208682021,0.00414561230568,0.00289931048113,0.00237967757559,0.00187774588283 & Score: -908.008340
.Lambda : 0.00052403623597,0.00408995034191,0.00293879253463,0.00236765234893,0.00189061231799 & Score: -907.962671
.Lambda : 0.00054427686716,0.00404153902579,0.00304570205107,0.00237368035880,0.00182574664681 & Score: -908.017926
.Lambda : 0.00052150630246,0.00403079563293,0.00297138066183,0.00245538108806,0.00185899300099 & Score: -907.984771
.Lambda : 0.00048779030747,0.00401987154144,0.00291026989829,0.00243722856452,0.00185807861255 & Score: -908.017163
.Lambda : 0.00052560800173,0.00394205430198,0.00307059098919,0.00243684891784,0.00186477313877 & Score: -907.934197
.Lambda : 0.00052955404601,0.00381986654787,0.00319204256278,0.00245676133656,0.00187092709397 & Score: -907.952754
.Lambda : 0.00051058701173,0.00391063059928,0.00309514252178,0.00237757637595,0.00185961614729 & Score: -907.915898
.Lambda : 0.00050053048050,0.00379641902974,0.00320293781656,0.00234099449627,0.00185959155116 & Score: -907.960417
.Lambda : 0.00048353427658,0.00395578194122,0.00294876859122,0.00245619455932,0.00190708264023 & Score: -907.981310
.Lambda : 0.00053831842392,0.00395181358549,0.00309960022118,0.00240023275152,0.00189435228556 & Score: -907.900477
.Lambda : 0.00056358248215,0.00391778460751,0.00319426538262,0.00238173484502,0.00191248912207 & Score: -907.945122
.Lambda : 0.00051132727752,0.00390929667502,0.00308977728137,0.00236002089337,0.00190758161095 & Score: -907.899695
.Lambda : 0.00050623776504,0.00384854719607,0.00314897559113,0.00231234079603,0.00193187591593 & Score: -907.967759
.Lambda : 0.00056041650376,0.00396571626025,0.00316879282804,0.00232073795573,0.00185969156000 & Score: -908.020809
.Lambda : 0.00054119594697,0.00396323268049,0.00311378676883,0.00235460210663,0.00187153933006 & Score: -907.936035
.Lambda : 0.00052677842877,0.00378086079499,0.00324876657831,0.00240406006919,0.00186853268706 & Score: -907.924696
.Lambda : 0.00050385171050,0.00383462970221,0.00312776426790,0.00243689349652,0.00188640301780 & Score: -907.911785
.Lambda : 0.00051073713925,0.00381283824082,0.00319382935902,0.00235466451678,0.00190182116069 & Score: -907.904466
.Lambda : 0.00050315019639,0.00398682272613,0.00299367888218,0.00236769514447,0.00191137700186 & Score: -907.917400
.Lambda : 0.00052677842877,0.00378086079499,0.00324876657831,0.00240406006919,0.00186853268706 & Score: -907.924696
.Lambda : 0.00052087137068,0.00383235127778,0.00318499465428,0.00239496883801,0.00187924376576 & Score: -907.896771
.Lambda : 0.00052345535701,0.00382574119325,0.00318324379171,0.00240113582253,0.00192814458901 & Score: -907.890557
.Lambda : 0.00052988952965,0.00378329649023,0.00322729442668,0.00241291554582,0.00196240880987 & Score: -907.934213
.Lambda : 0.00053803211685,0.00389818668673,0.00317281385512,0.00232751563236,0.00191805434699 & Score: -907.935471
.Lambda : 0.00052948701526,0.00388229744060,0.00316155145832,0.00235486009840,0.00191014151469 & Score: -907.899169
.Lambda : 0.00053864663851,0.00394776182804,0.00309383760372,0.00240982284475,0.00190596434570 & Score: -907.906680
.Lambda : 0.00053166926369,0.00391403093123,0.00311883554255,0.00239603326276,0.00190492854945 & Score: -907.890167
.Lambda : 0.00050840568974,0.00379367342166,0.00319576087012,0.00236257481451,0.00191766372638 & Score: -907.910856
.Lambda : 0.00051588387329,0.00383320846262,0.00317172070788,0.00237198929876,0.00191183586618 & Score: -907.892396
.Lambda : 0.00053721947446,0.00380575504717,0.00323836118053,0.00240757403481,0.00190613610309 & Score: -907.906860
.Lambda : 0.00053074642522,0.00383164045413,0.00320121520574,0.00239568574945,0.00190649748005 & Score: -907.891712
.Lambda : 0.00051956350069,0.00381249148700,0.00318245250255,0.00242906509020,0.00190211858549 & Score: -907.901919
.Lambda : 0.00052204437934,0.00382994297540,0.00317722724149,0.00241051384225,0.00190412431779 & Score: -907.890103
.Lambda : 0.00052864834874,0.00386147432887,0.00315590234147,0.00239517435229,0.00194296855523 & Score: -907.898554
.Lambda : 0.00052670410423,0.00385419356610,0.00316317541967,0.00239512297372,0.00192703735786 & Score: -907.889192
.Lambda : 0.00053796393851,0.00386901118542,0.00316575817258,0.00242740736152,0.00191645705149 & Score: -907.905963
.Lambda : 0.00053244392220,0.00386006050472,0.00316724880641,0.00241355284583,0.00191530175516 & Score: -907.893249
.Lambda : 0.00052437424178,0.00384206827075,0.00317020133058,0.00240281840799,0.00191558083783 & Score: -907.887348
.Lambda : 0.00052918668396,0.00388411224867,0.00314100548111,0.00239557811824,0.00191598295366 & Score: -907.886930
.Lambda : 0.00052507973062,0.00383996737967,0.00317320960569,0.00239812939813,0.00192759097344 & Score: -907.889440
.Lambda : 0.00052872526473,0.00384291701012,0.00318219531270,0.00239540436159,0.00191676741896 & Score: -907.888830
.Lambda : 0.00052129398876,0.00384370101436,0.00316744806378,0.00238355613624,0.00191943661202 & Score: -907.887575
.Lambda : 0.00052703398276,0.00386682946432,0.00315640063744,0.00239086260099,0.00191033109869 & Score: -907.886364
.Lambda : 0.00052801110883,0.00388026050665,0.00314799615332,0.00238722920242,0.00190170116132 & Score: -907.888360
.Lambda : 0.00052554156057,0.00385765763719,0.00316372491057,0.00239216487630,0.00190420221060 & Score: -907.886122
.Lambda : 0.00052496028874,0.00385938967273,0.00316399965603,0.00239068582758,0.00189278463696 & Score: -907.888976
.Lambda : 0.00052224691841,0.00387483044400,0.00313731685669,0.00239058769431,0.00190944606616 & Score: -907.884735
.Lambda : 0.00051900774525,0.00389078716094,0.00311487762868,0.00238817936068,0.00190578538976 & Score: -907.886211
.Lambda : 0.00053005936623,0.00388649821161,0.00314001162278,0.00240524854289,0.00190278065475 & Score: -907.889673
.Lambda : 0.00052786802186,0.00387579891230,0.00314687073303,0.00239982544123,0.00190694464407 & Score: -907.886729
.Lambda : 0.00052837662524,0.00390162321184,0.00312792611696,0.00238478908444,0.00190318195144 & Score: -907.888631
.Lambda : 0.00052737602938,0.00388673447657,0.00313849492036,0.00238929641532,0.00190628167304 & Score: -907.886476
.Lambda : 0.00052283992123,0.00386062812508,0.00315611774213,0.00238951669302,0.00189889932337 & Score: -907.887121
.Lambda : 0.00052442661191,0.00386649915598,0.00315233967688,0.00239103204932,0.00190317023094 & Score: -907.885994
.Lambda : 0.00052278201935,0.00386522155892,0.00315244006775,0.00238175201327,0.00190642786770 & Score: -907.886592
.Lambda : 0.00052786802186,0.00387579891230,0.00314687073303,0.00239982544123,0.00190694464407 & Score: -907.886729
.Lambda : 0.00052659652123,0.00387315457395,0.00314826306671,0.00239530708424,0.00190681544998 & Score: -907.885874
.Lambda : 0.00052296220858,0.00384885403361,0.00316472313895,0.00239468530674,0.00190730434951 & Score: -907.885932
.Lambda : 0.00052167554552,0.00386156887357,0.00315014642248,0.00239464820338,0.00190204422418 & Score: -907.885338
.Lambda : 0.00052162156169,0.00387230519526,0.00313739075411,0.00239433925890,0.00190730991771 & Score: -907.884956
.Lambda : 0.00052161449026,0.00386578609218,0.00314279641870,0.00239679496970,0.00190999777207 & Score: -907.884535
.Lambda : 0.00052020842943,0.00386542956027,0.00313802478961,0.00239967642989,0.00191341154264 & Score: -907.884623
.Lambda : 0.00052253980627,0.00389020403797,0.00312164226852,0.00239398557747,0.00190694102253 & Score: -907.885169
.Lambda : 0.00051728280762,0.00387272328323,0.00312745402149,0.00239283519727,0.00190748015108 & Score: -907.885073
.Lambda : 0.00052044668818,0.00388877074749,0.00311649370532,0.00239276887569,0.00191442574764 & Score: -907.885515
.Lambda : 0.00052075390251,0.00388197027901,0.00312490688461,0.00239323870761,0.00191133036678 & Score: -907.884857
.Lambda : 0.00051886806593,0.00385684207950,0.00314630370572,0.00239313275364,0.00191128468699 & Score: -907.885145
.Lambda : 0.00052253980627,0.00389020403797,0.00312164226852,0.00239398557747,0.00190694102253 & Score: -907.885169
.Lambda : 0.00052162187118,0.00388186354835,0.00312780762782,0.00239377237152,0.00190802693864 & Score: -907.884748
.Lambda : 0.00052586069000,0.00387797894028,0.00314063339528,0.00239465800355,0.00191096427346 & Score: -907.885582
.Lambda : 0.00052371621941,0.00387666502602,0.00313733855183,0.00239420230198,0.00191009324287 & Score: -907.884934
.Lambda : 0.00052235979902,0.00388014096056,0.00313067578175,0.00239309915915,0.00191224783690 & Score: -907.884467
.Lambda : 0.00052272891768,0.00388405884322,0.00312731829558,0.00239247910927,0.00191471679650 & Score: -907.884513
.Lambda : 0.00051972257315,0.00387717150362,0.00312806287599,0.00239279485894,0.00191032634935 & Score: -907.884433
.Lambda : 0.00051772575002,0.00387742474242,0.00312342503807,0.00239209113742,0.00191044290260 & Score: -907.884644
.Lambda : 0.00052227235829,0.00386994674048,0.00314175693977,0.00239358091384,0.00190868761848 & Score: -907.884273
.Lambda : 0.00052303158618,0.00386393497121,0.00315018196735,0.00239375201695,0.00190736624433 & Score: -907.884352
.Lambda : 0.00052166458446,0.00386528674798,0.00314443592134,0.00239297066686,0.00191225531854 & Score: -907.884297
.Lambda : 0.00052080660366,0.00386850237393,0.00313777431833,0.00239710853308,0.00191195989198 & Score: -907.884062
.Lambda : 0.00052008644629,0.00386533833889,0.00313800304916,0.00240036895247,0.00191321680489 & Score: -907.884140
.Lambda : 0.00052111587717,0.00387863323845,0.00313028591618,0.00239102668304,0.00191219303403 & Score: -907.884129
.Lambda : 0.00051987299968,0.00386367528122,0.00314225060689,0.00239389350316,0.00190992104805 & Score: -907.884054
.Lambda : 0.00051862960001,0.00385544244155,0.00314803801947,0.00239429067516,0.00190875765363 & Score: -907.884325
.Lambda : 0.00052257039616,0.00386124624920,0.00315053860501,0.00239463726105,0.00191168041508 & Score: -907.884116
.Lambda : 0.00052099070952,0.00387151480533,0.00313660663313,0.00239512809081,0.00190952148450 & Score: -907.883759
.Lambda : 0.00052065377205,0.00387462883401,0.00313269198903,0.00239620680278,0.00190815456749 & Score: -907.883656
.Lambda : 0.00051973550120,0.00386872765025,0.00313565963441,0.00239556819941,0.00191287596417 & Score: -907.883611
.Lambda : 0.00051846707265,0.00386811810513,0.00313261098173,0.00239656184219,0.00191497013702 & Score: -907.883613
.Lambda : 0.00052033983193,0.00385607891699,0.00314928014530,0.00239993903675,0.00190964372068 & Score: -907.884207
.Lambda : 0.00052053384324,0.00386171749736,0.00314453158802,0.00239771094832,0.00191028104902 & Score: -907.883892
.Lambda : 0.00051807069177,0.00387365440550,0.00312662464966,0.00239755793365,0.00190959659321 & Score: -907.884083
.Lambda : 0.00052257039616,0.00386124624920,0.00315053860501,0.00239463726105,0.00191168041508 & Score: -907.884116
.Lambda : 0.00052144547006,0.00386434828828,0.00314456011618,0.00239536742920,0.00191115945961 & Score: -907.883860
.Lambda : 0.00052009003083,0.00386473664651,0.00314210325548,0.00239439022007,0.00190899694335 & Score: -907.883494
.Lambda : 0.00051973174441,0.00386285378281,0.00314426772405,0.00239303106356,0.00190751546904 & Score: -907.883374
.Lambda : 0.00052096713271,0.00386923513986,0.00313843381378,0.00239726027416,0.00191007355568 & Score: -907.883164
.Lambda : 0.00052151419922,0.00387201506918,0.00313652541722,0.00239894365966,0.00191014980949 & Score: -907.882871
.Lambda : 0.00052069843154,0.00387531195245,0.00313295036434,0.00239393591352,0.00190966105890 & Score: -907.882990
.Lambda : 0.00051948798931,0.00387706662720,0.00312827793544,0.00239570682637,0.00190818328803 & Score: -907.882766
.Lambda : 0.00051850924893,0.00388342579666,0.00312013684508,0.00239587652496,0.00190669520224 & Score: -907.882648
.Lambda : 0.00051942187807,0.00387030486653,0.00313512400501,0.00239473534166,0.00191060443405 & Score: -907.882187
.Lambda : 0.00051880593108,0.00386814288279,0.00313634001300,0.00239399961110,0.00191182936734 & Score: -907.881575
.Lambda : 0.00051996832087,0.00387597214330,0.00313242851106,0.00239474650971,0.00190546439863 & Score: -907.881668
.Lambda : 0.00052006670825,0.00388709335495,0.00311908473623,0.00239796982401,0.00191000446560 & Score: -907.881626
.Lambda : 0.00051884733180,0.00387934774630,0.00312485584470,0.00239867853825,0.00190799623842 & Score: -907.880905
.Lambda : 0.00051792178193,0.00388136564322,0.00312080858488,0.00240104985061,0.00190716382817 & Score: -907.880159
.Lambda : 0.00051659459720,0.00388638485919,0.00311499405888,0.00239451326850,0.00190631309530 & Score: -907.880610
.Lambda : 0.00051883368681,0.00387615775673,0.00312932551654,0.00239703510062,0.00190961485978 & Score: -907.879152
.Lambda : 0.00051899590574,0.00387252373676,0.00313391985227,0.00239761438845,0.00191107468855 & Score: -907.877577
.Lambda : 0.00051698564881,0.00388223204746,0.00311763038704,0.00239931226736,0.00191308977935 & Score: -907.879033
.Lambda : 0.00051565483766,0.00386916631282,0.00313039242219,0.00239662593039,0.00190978383788 & Score: -907.877950
.Lambda : 0.00051565517746,0.00388852615699,0.00311075810910,0.00240164667103,0.00190714072436 & Score: -907.877032
.Lambda : 0.00051407980065,0.00389871779410,0.00309796715716,0.00240547020099,0.00190479640288 & Score: -907.876207
.Lambda : 0.00051686059271,0.00387521735456,0.00312529330254,0.00240551578662,0.00191205031943 & Score: -907.875635
.Lambda : 0.00051699359047,0.00386963360224,0.00313044292437,0.00241101704568,0.00191491893149 & Score: -907.874438
.Lambda : 0.00051516213140,0.00387554375413,0.00312333251233,0.00240296608254,0.00191430162789 & Score: -907.872854
.Lambda : 0.00051378230614,0.00387263280958,0.00312459447606,0.00240392419850,0.00191787052774 & Score: -907.869833
.Lambda : 0.00051481692746,0.00387083765474,0.00312929634578,0.00240654843825,0.00191028797607 & Score: -907.870142
.Lambda : 0.00051581257452,0.00388457192614,0.00311609588006,0.00241320377836,0.00191379557281 & Score: -907.869401
.Lambda : 0.00051589144295,0.00389227473280,0.00310894760900,0.00242149270234,0.00191580144027 & Score: -907.867485
.Lambda : 0.00051122972132,0.00388911490062,0.00310257955268,0.00242176664586,0.00191439542283 & Score: -907.867718
.Lambda : 0.00051500579469,0.00385907968589,0.00314037720600,0.00242042941125,0.00192451331649 & Score: -907.866555
.Lambda : 0.00051546879171,0.00383926063179,0.00316158223042,0.00242790901638,0.00193437177329 & Score: -907.868714
.Lambda : 0.00051129688655,0.00388394231122,0.00311187515144,0.00241864751279,0.00191822854187 & Score: -907.860822
.Lambda : 0.00050844853459,0.00389109666570,0.00310259126498,0.00242246274635,0.00191988334706 & Score: -907.855451
.Lambda : 0.00051092619242,0.00389084186310,0.00310233969770,0.00242948184347,0.00192669764569 & Score: -907.862784
.Lambda : 0.00051081836825,0.00389633032967,0.00309813965608,0.00244232914121,0.00192264594120 & Score: -907.863822
.Lambda : 0.00051320641184,0.00388273441025,0.00311837862082,0.00243271169199,0.00192942125345 & Score: -907.858074
.Lambda : 0.00050747067776,0.00387575844905,0.00311578296923,0.00243747323137,0.00193346316128 & Score: -907.856729
.Lambda : 0.00050534227925,0.00391562500121,0.00307451567753,0.00244535405050,0.00192833122298 & Score: -907.857356
.Lambda : 0.00050733927009,0.00388609222605,0.00310730363603,0.00242466428426,0.00193247271099 & Score: -907.852042
.Lambda : 0.00050559972102,0.00388097317425,0.00311188562600,0.00241583185579,0.00193738609589 & Score: -907.849651
.Lambda : 0.00050510085736,0.00388763321708,0.00310692196572,0.00243205158693,0.00193269638657 & Score: -907.844804
.Lambda : 0.00050218818984,0.00388602889407,0.00310921309973,0.00243333645865,0.00193569575701 & Score: -907.836924
.Lambda : 0.00049841334915,0.00389705846347,0.00308721683417,0.00242907164507,0.00193248258024 & Score: -907.844645
.Lambda : 0.00050350590969,0.00385674125740,0.00313616024012,0.00240991632439,0.00193523315360 & Score: -907.846466
.Lambda : 0.00049979160395,0.00388900093291,0.00310304385676,0.00240677438073,0.00193080921224 & Score: -907.838782
.Lambda : 0.00049535097487,0.00387282442313,0.00311641659774,0.00241550951951,0.00194875937253 & Score: -907.835568
.Lambda : 0.00048880219501,0.00386368830185,0.00312332926412,0.00241203290609,0.00196319738527 & Score: -907.837213
.Lambda : 0.00049410028998,0.00387968841415,0.00310893462540,0.00242201147556,0.00193580593436 & Score: -907.829357
.Lambda : 0.00048835057446,0.00387904603410,0.00310745912510,0.00242510128544,0.00193501585360 & Score: -907.822650
.Lambda : 0.00049013196722,0.00391284224167,0.00307317956528,0.00243400099137,0.00193787195664 & Score: -907.828392
.Lambda : 0.00049191197499,0.00387883854689,0.00311650806368,0.00241681740921,0.00194277828057 & Score: -907.817616
.Lambda : 0.00048866128791,0.00386972858860,0.00313115367844,0.00241069029128,0.00194792613074 & Score: -907.808082
.Lambda : 0.00048608159377,0.00387918713972,0.00311192496975,0.00244068103777,0.00195129841597 & Score: -907.818361
.Lambda : 0.00047724236945,0.00387942247681,0.00310684047479,0.00241705679149,0.00195265293478 & Score: -907.817342
.Lambda : 0.00047683614225,0.00389526616922,0.00309580652761,0.00243550263943,0.00194114674416 & Score: -907.804168
.Lambda : 0.00046757872595,0.00390648704227,0.00308550149255,0.00244549919939,0.00193734042998 & Score: -907.800185
.Lambda : 0.00047303385339,0.00385270627093,0.00314397233097,0.00242161045078,0.00195182154938 & Score: -907.800478
.Lambda : 0.00046868855772,0.00387596657324,0.00312429805350,0.00242911382284,0.00196139993074 & Score: -907.795878
.Lambda : 0.00045885754936,0.00387442684280,0.00313271751770,0.00243112009154,0.00197459196931 & Score: -907.797966
.Lambda : 0.00046400032400,0.00387453724102,0.00312478144235,0.00240890718455,0.00194915797428 & Score: -907.796496
.Lambda : 0.00046754273014,0.00387234780961,0.00313704232433,0.00242927158804,0.00194640547126 & Score: -907.775225
.Lambda : 0.00046269291049,0.00386881047600,0.00315214324910,0.00243537898632,0.00194328173950 & Score: -907.758483
.Lambda : 0.00044573646071,0.00388167445278,0.00312112494895,0.00244551356628,0.00194927451882 & Score: -907.790251
.Lambda : 0.00045044493816,0.00391028404320,0.00309916734361,0.00244415465297,0.00194436028794 & Score: -907.783151
.Lambda : 0.00044904655049,0.00385802207223,0.00316310452245,0.00241972808579,0.00196164935053 & Score: -907.770547
.Lambda : 0.00044664344302,0.00388336580596,0.00313915380470,0.00246064846113,0.00195482835673 & Score: -907.770397
.Lambda : 0.00043313716342,0.00388489616683,0.00314557949402,0.00245305567815,0.00193995777067 & Score: -907.743264
.Lambda : 0.00041536146627,0.00388936096363,0.00315622021428,0.00246502660580,0.00192923669064 & Score: -907.740207
.Lambda : 0.00044393926266,0.00388226289162,0.00316279070471,0.00244446115053,0.00194406805132 & Score: -907.722574
.Lambda : 0.00044304066363,0.00388255711104,0.00318362358258,0.00244393494265,0.00194146481758 & Score: -907.690282
.Lambda : 0.00043626907540,0.00384256252835,0.00321853080564,0.00244573217970,0.00194782409405 & Score: -907.704780
.Lambda : 0.00043255647304,0.00388864068176,0.00317676414007,0.00248056038445,0.00192500492887 & Score: -907.709252
.Lambda : 0.00042932479250,0.00386540689835,0.00321575899197,0.00244760477844,0.00191989655152 & Score: -907.671790
.Lambda : 0.00042066546725,0.00385642744455,0.00325406158561,0.00244108293709,0.00190243064891 & Score: -907.647609
.Lambda : 0.00039646434775,0.00387500901573,0.00324353688217,0.00247515583356,0.00191510273252 & Score: -907.693007
.Lambda : 0.00043623694455,0.00384871774894,0.00327438658415,0.00244955990519,0.00192349419813 & Score: -907.619168
.Lambda : 0.00044667468370,0.00382839614160,0.00333346976908,0.00244182655488,0.00192062295188 & Score: -907.582722
.Lambda : 0.00042468922205,0.00382534021474,0.00331652490997,0.00241853259470,0.00192597316911 & Score: -907.607564
.Lambda : 0.00041634467834,0.00386452944272,0.00331395588613,0.00244248096545,0.00189441363395 & Score: -907.570227
.Lambda : 0.00040638247982,0.00387551289990,0.00336166842637,0.00244085535832,0.00186770840389 & Score: -907.545371
.Lambda : 0.00046011665883,0.00383228450900,0.00333620242727,0.00239933712149,0.00190817726403 & Score: -907.597071
.Lambda : 0.00042037074103,0.00380462737288,0.00345714726474,0.00241271888394,0.00186850015756 & Score: -907.537056
.Lambda : 0.00040903577972,0.00376566250380,0.00359390910581,0.00239711085459,0.00183201782755 & Score: -907.580377
.Lambda : 0.00044262804692,0.00381003701070,0.00346794353336,0.00240422526824,0.00189396212968 & Score: -907.483125
.Lambda : 0.00045360933676,0.00378684179377,0.00357488450723,0.00238579643382,0.00188972787006 & Score: -907.451665
.Lambda : 0.00045017233800,0.00382572487212,0.00350882404791,0.00241368114628,0.00185592148986 & Score: -907.467069
.Lambda : 0.00041076717289,0.00381615672310,0.00355819517886,0.00243861422940,0.00185281508527 & Score: -907.463441
.Lambda : 0.00040984614370,0.00381514932312,0.00365081800096,0.00239483986583,0.00181324625077 & Score: -907.497738
.Lambda : 0.00045152381313,0.00374388713409,0.00373827917351,0.00237740486539,0.00184437593751 & Score: -907.480035
.Lambda : 0.00044999678077,0.00379047656560,0.00375525309865,0.00239141573235,0.00183393449583 & Score: -907.400038
.Lambda : 0.00046480980064,0.00378340116196,0.00390430601561,0.00238076415655,0.00181665166496 & Score: -907.414819
.Lambda : 0.00047658163292,0.00377008551236,0.00360335640150,0.00240792509707,0.00189746370064 & Score: -907.459399
.Lambda : 0.00044492709140,0.00385182705269,0.00346192612015,0.00243756819018,0.00188756911915 & Score: -907.423924
.Lambda : 0.00044418046789,0.00378043018689,0.00367262207465,0.00241084672684,0.00188868261851 & Score: -907.371318
.Lambda : 0.00044118453284,0.00375778284427,0.00375452108802,0.00240942951712,0.00190506318284 & Score: -907.349168
.Lambda : 0.00049575257698,0.00376664878437,0.00370178130736,0.00237423975881,0.00191268826214 & Score: -907.442743
.Lambda : 0.00043760649458,0.00381134530392,0.00369599004707,0.00239145475584,0.00187412947137 & Score: -907.327797
.Lambda : 0.00041811892541,0.00383197519970,0.00374230686985,0.00238321958523,0.00186246235674 & Score: -907.303609
.Lambda : 0.00044638262620,0.00381264238489,0.00379143088638,0.00241255267966,0.00187095909662 & Score: -907.270141
.Lambda : 0.00044276927093,0.00382554268044,0.00389970407596,0.00242593080258,0.00186157470990 & Score: -907.211945
.Lambda : 0.00038304606356,0.00385639295271,0.00374370319369,0.00244478577217,0.00182755328364 & Score: -907.410480
.Lambda : 0.00040911913800,0.00377304104441,0.00409626921032,0.00238434437360,0.00182866609243 & Score: -907.361097
.Lambda : 0.00048142939562,0.00373513438106,0.00395551854343,0.00235295023218,0.00188912705145 & Score: -907.414535
.Lambda : 0.00045683356260,0.00376544902397,0.00390256470599,0.00237590911718,0.00187373360950 & Score: -907.331482
.Lambda : 0.00041721339115,0.00379103975152,0.00400289328140,0.00240011762594,0.00189866548474 & Score: -907.218335
.Lambda : 0.00046132873517,0.00381567475556,0.00362452679817,0.00241349828561,0.00193193364505 & Score: -907.350874
.Lambda : 0.00040911913800,0.00377304104441,0.00409626921032,0.00238434437360,0.00182866609243 & Score: -907.361097
.Lambda : 0.00042217153729,0.00378369947219,0.00397833360728,0.00239163285161,0.00185448298059 & Score: -907.286504
.Lambda : 0.00042165814211,0.00384129960686,0.00405579992818,0.00238129447589,0.00183530447374 & Score: -907.219974
.Lambda : 0.00039193894415,0.00386397366032,0.00396905039908,0.00241696901932,0.00185126239278 & Score: -907.220646
.Lambda : 0.00042018158884,0.00381024686883,0.00422000564691,0.00242315832490,0.00185805365997 & Score: -907.192289
.Lambda : 0.00042121292056,0.00379938270339,0.00445885503543,0.00244312769473,0.00185584931158 & Score: -907.240011
.Lambda : 0.00041533299758,0.00386914155499,0.00408064772533,0.00242735524784,0.00186746130786 & Score: -907.100876
.Lambda : 0.00041191372772,0.00391186259639,0.00413180478435,0.00244521644596,0.00187395047150 & Score: -907.028004
.Lambda : 0.00045355550415,0.00380802294130,0.00415503268764,0.00241331805078,0.00187975712716 & Score: -907.177896
.Lambda : 0.00043659525100,0.00381738632853,0.00410797626233,0.00246180202417,0.00191349610756 & Score: -907.138637
.Lambda : 0.00044879274591,0.00387818481468,0.00420291610147,0.00246765263342,0.00185606734570 & Score: -907.107576
.Lambda : 0.00042564625612,0.00386473873945,0.00442739011712,0.00245852818912,0.00189095517485 & Score: -907.091140
.Lambda : 0.00045041980512,0.00390183129931,0.00419004233426,0.00247544861248,0.00190763683074 & Score: -907.032097
.Lambda : 0.00041579161020,0.00394157857005,0.00426901915217,0.00251014111128,0.00189708524499 & Score: -907.008480
.Lambda : 0.00039690966323,0.00400835638442,0.00432601238443,0.00255855264152,0.00190574930390 & Score: -907.030867
.Lambda : 0.00042443040703,0.00398189207942,0.00438049273342,0.00248099277273,0.00185678191955 & Score: -906.972860
.Lambda : 0.00041834798504,0.00406414495486,0.00451675096897,0.00249058814701,0.00182842482554 & Score: -906.966614
.Lambda : 0.00040005500777,0.00399547764934,0.00441108684128,0.00248431636892,0.00190315367335 & Score: -906.943794
.Lambda : 0.00037568613870,0.00405412406668,0.00451517221118,0.00249264823667,0.00192669683718 & Score: -906.971775
.Lambda : 0.00041296499822,0.00406121928853,0.00418009151529,0.00250375608514,0.00187314524360 & Score: -906.866319
.Lambda : 0.00040662436927,0.00415945956308,0.00405644221437,0.00252637003315,0.00186424027797 & Score: -906.815548
.Lambda : 0.00037067327488,0.00412717803417,0.00436399925020,0.00250720423004,0.00183910496660 & Score: -906.979319
.Lambda : 0.00039268317114,0.00420327291221,0.00451511458644,0.00256223151020,0.00185885312388 & Score: -906.905914
.Lambda : 0.00037956191304,0.00427823467542,0.00447633839234,0.00251814300445,0.00182042550195 & Score: -906.859974
.Lambda : 0.00042823570362,0.00415305786779,0.00442629395116,0.00252545539545,0.00187093399448 & Score: -906.818035
.Lambda : 0.00038451608090,0.00425165611228,0.00423735942527,0.00255601837786,0.00189861780311 & Score: -906.773857
.Lambda : 0.00036760012883,0.00434541169098,0.00409766365342,0.00258873349328,0.00193371429190 & Score: -906.815003
.Lambda : 0.00039659348742,0.00442279480296,0.00427353258656,0.00259097095952,0.00182207460721 & Score: -906.804101
.Lambda : 0.00040552945056,0.00430280829640,0.00407287204144,0.00252455159797,0.00185166375001 & Score: -906.690092
.Lambda : 0.00041195259026,0.00435257598850,0.00385175076893,0.00250571164186,0.00184806906308 & Score: -906.677763
.Lambda : 0.00043160697955,0.00425758305842,0.00386181318618,0.00256366755868,0.00190114879639 & Score: -906.800634
.Lambda : 0.00038428169933,0.00442456994230,0.00368606532136,0.00257164003298,0.00186272622462 & Score: -906.845443
.Lambda : 0.00039527020041,0.00435669192367,0.00387112247881,0.00256009387360,0.00186477816708 & Score: -906.754768
.Lambda : 0.00040135136615,0.00449706119126,0.00398178916393,0.00258421493146,0.00186963509677 & Score: -906.659187
.Lambda : 0.00039871486459,0.00466586200535,0.00394446263870,0.00261313738061,0.00187233250617 & Score: -906.656716
.Lambda : 0.00041223079886,0.00433095283232,0.00363307081260,0.00252848057352,0.00193190392713 & Score: -906.769609
.Lambda : 0.00036946683446,0.00452551248643,0.00395329326355,0.00254170918030,0.00186513179024 & Score: -906.645536
.Lambda : 0.00033839676192,0.00465947720043,0.00399903330223,0.00253072999110,0.00184712328717 & Score: -906.748651
.Lambda : 0.00041053803453,0.00464098198223,0.00346412055977,0.00254363468210,0.00185426837837 & Score: -906.791051
.Lambda : 0.00040403254612,0.00454365051474,0.00365743027614,0.00254673060604,0.00186535573455 & Score: -906.686518
.Lambda : 0.00037954401547,0.00464676433515,0.00407815295785,0.00257847249944,0.00179436297733 & Score: -906.758146
.Lambda : 0.00041223079886,0.00433095283232,0.00363307081260,0.00252848057352,0.00193190392713 & Score: -906.769609
.Lambda : 0.00040405910302,0.00440990570803,0.00374434134891,0.00254097855500,0.00189751868968 & Score: -906.680410
.Lambda : 0.00040002017497,0.00464231075754,0.00378938883968,0.00253921307193,0.00187458494640 & Score: -906.539711
.Lambda : 0.00040239516226,0.00478512017448,0.00374852202012,0.00252877267109,0.00187948833606 & Score: -906.476876
.Lambda : 0.00039060287571,0.00455194003037,0.00403951773994,0.00254539316551,0.00187966041954 & Score: -906.532381
.Lambda : 0.00038519382789,0.00474249856602,0.00407067722358,0.00255291106074,0.00184035415636 & Score: -906.527177
.Lambda : 0.00036659683570,0.00495579731656,0.00405083838542,0.00260705774144,0.00188671782028 & Score: -906.585529
.Lambda : 0.00036698734982,0.00475848542419,0.00400067681434,0.00249720014702,0.00186820850282 & Score: -906.460137
.Lambda : 0.00035112359244,0.00480479713361,0.00402878390216,0.00243923153022,0.00186614650114 & Score: -906.499369
.Lambda : 0.00039524358609,0.00499202411822,0.00401079960982,0.00255082473402,0.00187663990378 & Score: -906.399586
.Lambda : 0.00040813196191,0.00522527993411,0.00403955278296,0.00255538251089,0.00188239396055 & Score: -906.401702
.Lambda : 0.00040957228501,0.00457623000875,0.00389723897770,0.00246298296991,0.00185102270715 & Score: -906.468619
.Lambda : 0.00039315400872,0.00498980328629,0.00385164811828,0.00249168346761,0.00184662502293 & Score: -906.403483
.Lambda : 0.00040174712887,0.00489816663875,0.00373287699252,0.00245967453512,0.00188843963274 & Score: -906.374954
.Lambda : 0.00041002377935,0.00497600067512,0.00356397687699,0.00241305627230,0.00191248237093 & Score: -906.444991
.Lambda : 0.00038428658115,0.00490076361600,0.00404877418495,0.00245617367038,0.00185288597170 & Score: -906.351505
.Lambda : 0.00037523229059,0.00495858533677,0.00419890026736,0.00241987417002,0.00183958478952 & Score: -906.387967
.Lambda : 0.00036699517685,0.00523946722463,0.00396067131027,0.00251923965175,0.00188209690644 & Score: -906.414637
.Lambda : 0.00040958324285,0.00524960452937,0.00384123127199,0.00249383827653,0.00187046647222 & Score: -906.368600
.Lambda : 0.00042661064222,0.00477267765082,0.00383346076076,0.00246163822172,0.00185192589491 & Score: -906.411114
.Lambda : 0.00036699517685,0.00523946722463,0.00396067131027,0.00251923965175,0.00188209690644 & Score: -906.414637
.Lambda : 0.00038189904319,0.00512276983118,0.00392886867289,0.00250483929424,0.00187455415356 & Score: -906.363754
.Lambda : 0.00039594982414,0.00507552820712,0.00397337217459,0.00249445673651,0.00189856943067 & Score: -906.294593
.Lambda : 0.00039734773185,0.00511839066753,0.00403423420274,0.00249584337096,0.00192454163454 & Score: -906.273295
.Lambda : 0.00039470190507,0.00512385399492,0.00382359452022,0.00241332292487,0.00188771524212 & Score: -906.325269
.Lambda : 0.00038538027277,0.00530798641685,0.00413780414859,0.00248593247967,0.00187562575692 & Score: -906.327135
.Lambda : 0.00036786297076,0.00497990128122,0.00414807901976,0.00244860641952,0.00189566263132 & Score: -906.325982
.Lambda : 0.00038993274145,0.00504958855943,0.00414812575761,0.00241511225192,0.00190001834108 & Score: -906.258961
.Lambda : 0.00039394959057,0.00501299792356,0.00425775429997,0.00237024873076,0.00191275043484 & Score: -906.289830
.Lambda : 0.00038980366761,0.00533112475198,0.00406796087462,0.00244735330840,0.00194053947068 & Score: -906.273469
.Lambda : 0.00039047933392,0.00493315728518,0.00395099360139,0.00240216283059,0.00194376517098 & Score: -906.290634
.Lambda : 0.00041704318120,0.00524254482239,0.00386188456287,0.00242091145518,0.00194296931244 & Score: -906.292655
.Lambda : 0.00039914075734,0.00514606843969,0.00420168507947,0.00245923036195,0.00197301832976 & Score: -906.256571
.Lambda : 0.00040136018348,0.00515717566207,0.00439073035910,0.00248218408049,0.00201566987359 & Score: -906.353437
.Lambda : 0.00036963851167,0.00498878705913,0.00429931524346,0.00246696939435,0.00192978386637 & Score: -906.315685
.Lambda : 0.00038148967905,0.00505222649995,0.00418995757331,0.00245545490956,0.00193308022789 & Score: -906.262271
.Lambda : 0.00039260649700,0.00534580228225,0.00430579179371,0.00250703485052,0.00192471403061 & Score: -906.325434
.Lambda : 0.00039207470623,0.00524264103298,0.00421709224563,0.00248081684554,0.00192947681570 & Score: -906.269059
.Lambda : 0.00039419057875,0.00491244132785,0.00424847706889,0.00247522978757,0.00192351466890 & Score: -906.267282
.Lambda : 0.00038538365328,0.00504279567643,0.00436790088723,0.00241849429165,0.00193910171880 & Score: -906.277044
.Lambda : 0.00038837467292,0.00506169442420,0.00428448421611,0.00243783156148,0.00193546169773 & Score: -906.252730
.Lambda : 0.00038917666558,0.00484616666747,0.00421199963252,0.00241632670345,0.00193656049045 & Score: -906.277874
.Lambda : 0.00038990117574,0.00494528525885,0.00421327278580,0.00243244923897,0.00193478957176 & Score: -906.253365
.Lambda : 0.00038534503185,0.00518950394499,0.00416653309603,0.00240480154198,0.00194703259839 & Score: -906.267387
.Lambda : 0.00038755641857,0.00512023829071,0.00418701908925,0.00242240860338,0.00194115311602 & Score: -906.249849
.Lambda : 0.00040047262736,0.00507692348921,0.00422387719798,0.00241135789752,0.00194069619465 & Score: -906.238626
.Lambda : 0.00040996410151,0.00508927198383,0.00424083701031,0.00238930939151,0.00194450417803 & Score: -906.252161
.Lambda : 0.00039624551933,0.00509049540163,0.00429600958983,0.00245019881340,0.00199002922289 & Score: -906.280035
.Lambda : 0.00039466732486,0.00508026869108,0.00425903863178,0.00244142717303,0.00196752650244 & Score: -906.253751
.Lambda : 0.00038524813044,0.00496769562193,0.00426539168889,0.00239895942781,0.00191483250328 & Score: -906.281784
.Lambda : 0.00038872128717,0.00501228882637,0.00424946503654,0.00241402716134,0.00192937895990 & Score: -906.256264
.Lambda : 0.00039566760062,0.00510147523525,0.00421761173183,0.00244416262841,0.00195847187314 & Score: -906.243888
.Lambda : 0.00039012167323,0.00504197798821,0.00419146737661,0.00241785679888,0.00191670247888 & Score: -906.249480
.Lambda : 0.00039497602134,0.00521563851218,0.00422851105891,0.00242099775689,0.00194220457241 & Score: -906.249515
.Lambda : 0.00039914306352,0.00516080698201,0.00413491036572,0.00240888191255,0.00194422959631 & Score: -906.242750
.Lambda : 0.00040459597585,0.00511849059203,0.00421153200317,0.00241889419433,0.00193976877014 & Score: -906.233700
.Lambda : 0.00041311575449,0.00511761674270,0.00422378846013,0.00241713698980,0.00193907659720 & Score: -906.235355
.Lambda : 0.00040102435489,0.00498423120250,0.00416324841122,0.00241946361578,0.00193774299284 & Score: -906.236122
.Lambda : 0.00041023977567,0.00513479301220,0.00418900450736,0.00242324730056,0.00197166129195 & Score: -906.248521
.Lambda : 0.00039012167323,0.00504197798821,0.00419146737661,0.00241785679888,0.00191670247888 & Score: -906.249480
.Lambda : 0.00039515119884,0.00506518174420,0.00419085165929,0.00241920442430,0.00193044218215 & Score: -906.238278
.Lambda : 0.00040448728757,0.00506077836873,0.00415215612313,0.00238695818938,0.00191868002129 & Score: -906.251354
.Lambda : 0.00040228236583,0.00507095258536,0.00416852002530,0.00240125929914,0.00192862798426 & Score: -906.239872
.Lambda : 0.00040226754558,0.00496550486331,0.00424830135306,0.00241918985988,0.00192668165331 & Score: -906.240796
.Lambda : 0.00039914306352,0.00516080698201,0.00413491036572,0.00240888191255,0.00194422959631 & Score: -906.242750
.Lambda : 0.00039992418404,0.00511198145234,0.00416325811256,0.00241145889938,0.00193984261056 & Score: -906.237113
.Lambda : 0.00039818497056,0.00507177080675,0.00421258692839,0.00243089231339,0.00194676911588 & Score: -906.235750
.Lambda : 0.00039907964631,0.00506373882993,0.00415271364787,0.00242860748135,0.00193713007398 & Score: -906.231660
.Lambda : 0.00039838315579,0.00505714650029,0.00411713187281,0.00243723227326,0.00193534701364 & Score: -906.232483
.Lambda : 0.00040597245382,0.00507490340922,0.00417048398198,0.00242452217739,0.00195005924321 & Score: -906.232047
.Lambda : 0.00040361877654,0.00501327248383,0.00420096787649,0.00243749301351,0.00194474546786 & Score: -906.232428
.Lambda : 0.00040355637434,0.00515263924620,0.00421606536394,0.00243670005620,0.00194964607559 & Score: -906.236709
.Lambda : 0.00040292336948,0.00511053723528,0.00420286112576,0.00243239094610,0.00194667030490 & Score: -906.232726
.Lambda : 0.00040829111824,0.00508060621336,0.00416283652573,0.00242587081168,0.00194058042816 & Score: -906.228687
.Lambda : 0.00041334419208,0.00508502391667,0.00413796132440,0.00242336006083,0.00193748608429 & Score: -906.229644
.Lambda : 0.00040335816991,0.00501873267661,0.00414441325996,0.00244065957769,0.00194790543710 & Score: -906.232529
.Lambda : 0.00040520469645,0.00498996420990,0.00412970499105,0.00243047027855,0.00194149795522 & Score: -906.232048
.Lambda : 0.00040550850664,0.00507026138188,0.00418226954929,0.00241812592731,0.00193769983027 & Score: -906.230789
.Lambda : 0.00040600379205,0.00509851713389,0.00411823560187,0.00241354565700,0.00193804154447 & Score: -906.233003
.Lambda : 0.00040540753817,0.00507720597137,0.00413891867053,0.00241953249613,0.00193971752532 & Score: -906.230454
.Lambda : 0.00040449900883,0.00515672211240,0.00419318395911,0.00241619327899,0.00194057688515 & Score: -906.236317
.Lambda : 0.00040467543073,0.00511503263678,0.00417731421709,0.00241976252888,0.00194080715267 & Score: -906.231980
.Lambda : 0.00040321244221,0.00508783460411,0.00415513706222,0.00242023752075,0.00192831476095 & Score: -906.230544
.Lambda : 0.00040392426990,0.00503682616349,0.00413943596516,0.00242518716600,0.00193256989480 & Score: -906.229478
.Lambda : 0.00041145790375,0.00507735490376,0.00415872546130,0.00241497408740,0.00193442290182 & Score: -906.230811
.Lambda : 0.00039907964631,0.00506373882993,0.00415271364787,0.00242860748135,0.00193713007398 & Score: -906.231660
.Lambda : 0.00040217421067,0.00506714284838,0.00415421660123,0.00242519913286,0.00193645328094 & Score: -906.229927
.Lambda : 0.00040369532504,0.00506958493840,0.00411794838066,0.00242828492366,0.00193335452579 & Score: -906.229152
.Lambda : 0.00040618454260,0.00504471184989,0.00413020539510,0.00242939229139,0.00194475550106 & Score: -906.229887
.Lambda : 0.00040430024841,0.00504234283404,0.00414293847662,0.00243404123411,0.00193536792698 & Score: -906.228306
.Lambda : 0.00040374660353,0.00502491126537,0.00414494837966,0.00244129560310,0.00193319312781 & Score: -906.229319
.Lambda : 0.00040838399100,0.00504248595129,0.00412312929608,0.00243191143788,0.00193819802977 & Score: -906.228229
.Lambda : 0.00041148888117,0.00503015750274,0.00410758564350,0.00243526759039,0.00193907040419 & Score: -906.229518
.Lambda : 0.00040525343844,0.00506402659034,0.00414431006259,0.00242872593795,0.00192727282114 & Score: -906.228007
.Lambda : 0.00040478788636,0.00507368396057,0.00415136239634,0.00242839276123,0.00191853148119 & Score: -906.229747
.Lambda : 0.00040804537855,0.00508279244749,0.00413702913151,0.00243434657211,0.00193733959794 & Score: -906.227597
.Lambda : 0.00041010593288,0.00510577558949,0.00413582571469,0.00243892627516,0.00193972444951 & Score: -906.229009
.Lambda : 0.00041001434482,0.00505531667621,0.00416614901635,0.00243367347383,0.00193814899580 & Score: -906.227613
.Lambda : 0.00040610784225,0.00503417958638,0.00412258586754,0.00243920865067,0.00192995052050 & Score: -906.228472
.Lambda : 0.00040829111824,0.00508060621336,0.00416283652573,0.00242587081168,0.00194058042816 & Score: -906.228687
.Lambda : 0.00040774529924,0.00506899955662,0.00415277386118,0.00242920527143,0.00193792295124 & Score: -906.227678
.Lambda : 0.00041147673241,0.00508310565474,0.00414641807047,0.00242910384317,0.00193618503138 & Score: -906.227977
.Lambda : 0.00040863008639,0.00509921041887,0.00417554276076,0.00243011060152,0.00193254972923 & Score: -906.227946
.Lambda : 0.00041311129813,0.00509174331123,0.00416685507352,0.00243384996687,0.00194558570109 & Score: -906.230656
.Lambda : 0.00041114683320,0.00508481413101,0.00416121882079,0.00243256895964,0.00194100748111 & Score: -906.228542
.Lambda : 0.00040902986169,0.00506905456185,0.00415158907393,0.00243401002297,0.00193774429687 & Score: -906.227382
.Lambda : 0.00040789533890,0.00507589600205,0.00414490149634,0.00243177592177,0.00193763127459 & Score: -906.227519
.Lambda : 0.00040833773247,0.00509100143318,0.00415628594614,0.00243222858681,0.00193494466358 & Score: -906.227436
.Lambda : 0.00040976105548,0.00508294905111,0.00414172360099,0.00243172520764,0.00193676231466 & Score: -906.227599
.Lambda : 0.00040664940850,0.00507340951892,0.00414066959705,0.00243153625503,0.00193230620954 & Score: -906.227292
.Lambda : 0.00040622203256,0.00507391253428,0.00415046649700,0.00243383373584,0.00193522410235 & Score: -906.227341
.Lambda : 0.00040720837109,0.00507051717262,0.00416053591268,0.00243100723686,0.00193380062084 & Score: -906.227209
.Lambda : 0.00040678986736,0.00506437953519,0.00417228930326,0.00242933756923,0.00193203113228 & Score: -906.227484
.Lambda : 0.00040708362362,0.00507526208628,0.00415891731438,0.00243327041323,0.00193197668268 & Score: -906.227078
.Lambda : 0.00040667776599,0.00507494512840,0.00416592522339,0.00243401765896,0.00192914938673 & Score: -906.227220
.Lambda : 0.00040613958651,0.00505386091640,0.00414858541188,0.00243323447876,0.00193347610133 & Score: -906.227342
.Lambda : 0.00040429134723,0.00506973032955,0.00415208081926,0.00243114282492,0.00192896918982 & Score: -906.227921
.Lambda : 0.00040547597584,0.00506956138763,0.00415195788293,0.00243185962443,0.00193116296659 & Score: -906.227417
.Lambda : 0.00040714599736,0.00507288962945,0.00415972661353,0.00243213882504,0.00193288865176 & Score: -906.227120
.Lambda : 0.00040686651606,0.00507433580260,0.00414979345571,0.00243240333413,0.00193214144611 & Score: -906.227130
.Lambda : 0.00040665282809,0.00507458731028,0.00415469190569,0.00243355207453,0.00193360039252 & Score: -906.227165
.Lambda : 0.00040661160507,0.00506456150134,0.00415375136313,0.00243325244600,0.00193272639201 & Score: -906.227117
.Lambda : 0.00040805674265,0.00507215832407,0.00415525319415,0.00243364021810,0.00193486048978 & Score: -906.227088
.Lambda : 0.00040765296581,0.00506909562722,0.00415628487067,0.00243233002007,0.00193223707242 & Score: -906.227007
.Lambda : 0.00040815303468,0.00506634978568,0.00415708135316,0.00243171899283,0.00193155541237 & Score: -906.226987
.Lambda : 0.00040795388529,0.00506615272813,0.00416409847962,0.00243320502395,0.00193346160533 & Score: -906.227041
.Lambda : 0.00040799755917,0.00506490414075,0.00415591406825,0.00243389601260,0.00193294358110 & Score: -906.226954
.Lambda : 0.00040842334007,0.00506091139640,0.00415400779561,0.00243477460638,0.00193297104578 & Score: -906.226942
.Lambda : 0.00040925664546,0.00507177222688,0.00416199189164,0.00243339125580,0.00193320370237 & Score: -906.227039
.Lambda : 0.00040829146899,0.00506402096529,0.00416318553961,0.00243290389878,0.00193040688963 & Score: -906.226974
.Lambda : 0.00040974772617,0.00505642075467,0.00416122870948,0.00243312709787,0.00193266277951 & Score: -906.227028
.Lambda : 0.00040959500086,0.00506163732344,0.00415489963618,0.00243316131671,0.00193085832654 & Score: -906.226945
.Lambda : 0.00040842758285,0.00505196386331,0.00415416932198,0.00243288310922,0.00193017807916 & Score: -906.227003
.Lambda : 0.00040740844481,0.00506553257897,0.00415210874913,0.00243304967170,0.00192972512188 & Score: -906.227014
.Lambda : 0.00040974772617,0.00505642075467,0.00416122870948,0.00243312709787,0.00193266277951 & Score: -906.227028
.Lambda : 0.00040916290583,0.00505869871074,0.00415894871940,0.00243310774132,0.00193192836510 & Score: -906.226950
.Lambda : 0.00040902271732,0.00507268340931,0.00416107989561,0.00243338351319,0.00193290993661 & Score: -906.227015
.Lambda : 0.00040887393370,0.00506750352281,0.00415935225220,0.00243325841220,0.00193222697224 & Score: -906.226946
.Lambda : 0.00040958562511,0.00505875898179,0.00415907622404,0.00243516339732,0.00193180122735 & Score: -906.226969
.Lambda : 0.00040996485324,0.00505898300879,0.00415132831136,0.00243488229079,0.00193350748517 & Score: -906.227045
.Lambda : 0.00040954650718,0.00506024249791,0.00415429261842,0.00243438769279,0.00193273233629 & Score: -906.226963
.Lambda : 0.00040865504995,0.00506483839873,0.00415352418468,0.00243231251044,0.00193248559103 & Score: -906.226957
.Lambda : 0.00040833758499,0.00506519324294,0.00415800041681,0.00243225814203,0.00193145578399 & Score: -906.226955
.Lambda : 0.00040910205624,0.00506073927980,0.00416055934339,0.00243431157702,0.00193129060643 & Score: -906.226931
.Lambda : 0.00040932555938,0.00505868972033,0.00416407692275,0.00243531111031,0.00193069311413 & Score: -906.226989
.Lambda : 0.00040972530969,0.00505860285034,0.00415710668191,0.00243518731942,0.00193225434244 & Score: -906.226982
.Lambda : 0.00040937837852,0.00506025044849,0.00415733011563,0.00243445502507,0.00193205470283 & Score: -906.226939
.Lambda : 0.00040898617792,0.00506571807763,0.00415551093781,0.00243487663363,0.00193183229643 & Score: -906.226915
.Lambda : 0.00040889781397,0.00506922776107,0.00415379204702,0.00243576107978,0.00193178426209 & Score: -906.226940
.Lambda : 0.00040932004774,0.00505619908749,0.00415357087925,0.00243537325133,0.00193137581896 & Score: -906.226951
.Lambda : 0.00040920851923,0.00505902519632,0.00415501622249,0.00243484454154,0.00193158860728 & Score: -906.226925
.Lambda : 0.00040844438793,0.00506102043602,0.00415807012979,0.00243614363675,0.00193303657696 & Score: -906.226978
.Lambda : 0.00040873204116,0.00506117465787,0.00415727750639,0.00243539805674,0.00193249201435 & Score: -906.226937
.Lambda : 0.00040973952915,0.00506185166764,0.00416026985467,0.00243477972722,0.00193073224515 & Score: -906.226972
.Lambda : 0.00040941048188,0.00506161659983,0.00415870433991,0.00243477844701,0.00193129194531 & Score: -906.226937
.Lambda : 0.00040879733206,0.00506305907609,0.00415749722437,0.00243522867730,0.00193134348509 & Score: -906.226913
.Lambda : 0.00040850680883,0.00506446338989,0.00415758077873,0.00243561550341,0.00193098787621 & Score: -906.226920
.Lambda : 0.00040851996876,0.00506226991525,0.00415564015387,0.00243508534748,0.00193212685852 & Score: -906.226916
.Lambda : 0.00040911358052,0.00506314996016,0.00415641204638,0.00243434065405,0.00193078072714 & Score: -906.226911
.Lambda : 0.00040930435020,0.00506413761131,0.00415597931638,0.00243381195271,0.00192992508354 & Score: -906.226934
.Lambda : 0.00040874817516,0.00506454961038,0.00415147129057,0.00243543876458,0.00193177818335 & Score: -906.226918
.Lambda : 0.00040845757454,0.00506847345949,0.00415559643871,0.00243514348927,0.00193155601293 & Score: -906.226917
.Lambda : 0.00040880167836,0.00506451858507,0.00416079142988,0.00243443115611,0.00193127756869 & Score: -906.226924
.Lambda : 0.00040878830256,0.00506452634140,0.00415846139506,0.00243468305823,0.00193140272236 & Score: -906.226911
.Lambda : 0.00040922457019,0.00505901588872,0.00415781226428,0.00243454225900,0.00193143842288 & Score: -906.226928
.Lambda : 0.00040903282128,0.00506138028141,0.00415725830789,0.00243469256657,0.00193146782039 & Score: -906.226914
.Lambda : 0.00040936731697,0.00506486357943,0.00415841581073,0.00243444328843,0.00193060396204 & Score: -906.226934
.Lambda : 0.00040915547992,0.00506421516338,0.00415772189652,0.00243460380319,0.00193098468616 & Score: -906.226917
.Lambda : 0.00040895094154,0.00506383815078,0.00415743672072,0.00243451185614,0.00193109172475 & Score: -906.226908
.Lambda : 0.00040895545629,0.00506310451813,0.00415695463537,0.00243478466567,0.00193106210611 & Score: -906.226909
.Lambda : 0.00040907320090,0.00506226512079,0.00415683517714,0.00243451661031,0.00193112427377 & Score: -906.226910
.Lambda : 0.00040904987922,0.00506443401890,0.00415596149210,0.00243460864384,0.00193130651178 & Score: -906.226909
.Lambda : 0.00040881677464,0.00506270993771,0.00415602610013,0.00243471300076,0.00193145379283 & Score: -906.226904
.Lambda : 0.00040882492052,0.00506339073836,0.00415687360380,0.00243491325664,0.00193163463656 & Score: -906.226909
.Lambda : 0.00040876598798,0.00506472582476,0.00415646584371,0.00243489595891,0.00193149523505 & Score: -906.226907
.Lambda : 0.00040899069535,0.00506413424175,0.00415626431301,0.00243449239349,0.00193092911165 & Score: -906.226907
.Lambda : 0.00040887425521,0.00506483235143,0.00415590715249,0.00243450407558,0.00193144844431 & Score: -906.226904
.Lambda : 0.00040870958267,0.00506366218367,0.00415687855993,0.00243463827012,0.00193126081165 & Score: -906.226903
.Lambda : 0.00040853943439,0.00506327626606,0.00415733709384,0.00243465308326,0.00193123796159 & Score: -906.226905
.Lambda : 0.00040871197680,0.00506418766495,0.00415518006699,0.00243478562341,0.00193154323345 & Score: -906.226903
.Lambda : 0.00040859249443,0.00506436242203,0.00415405174012,0.00243492250705,0.00193176898780 & Score: -906.226905
.Lambda : 0.00040887532588,0.00506308472705,0.00415563663331,0.00243435738643,0.00193115892251 & Score: -906.226902
.Lambda : 0.00040892999483,0.00506226417819,0.00415522202811,0.00243408810019,0.00193099076625 & Score: -906.226903
.Lambda : 0.00040860447073,0.00506325650417,0.00415558709212,0.00243470694903,0.00193181697025 & Score: -906.226906
.Lambda : 0.00040899069535,0.00506413424175,0.00415626431301,0.00243449239349,0.00193092911165 & Score: -906.226907
.Lambda : 0.00040889413920,0.00506391480736,0.00415609500779,0.00243454603238,0.00193115107630 & Score: -906.226903
.Lambda : 0.00040872886447,0.00506219137686,0.00415601939476,0.00243471204966,0.00193117869039 & Score: -906.226903
.Lambda : 0.00040875118097,0.00506410636625,0.00415589776498,0.00243450274403,0.00193106330089 & Score: -906.226901
.Lambda : 0.00040871838413,0.00506480458052,0.00415583359741,0.00243439761567,0.00193086805492 & Score: -906.226902
.Lambda : 0.00040887501226,0.00506333179331,0.00415465298721,0.00243452326425,0.00193117727777 & Score: -906.226901
.Lambda : 0.00040868280496,0.00506284596401,0.00415485973111,0.00243460639474,0.00193129749370 & Score: -906.226900
.Lambda : 0.00040857713784,0.00506231154234,0.00415424209277,0.00243463657592,0.00193137070240 & Score: -906.226901
.Lambda : 0.00040882965588,0.00506483122936,0.00415447147867,0.00243439811549,0.00193131740094 & Score: -906.226901
.Lambda : 0.00040889361518,0.00506309236704,0.00415502737112,0.00243416953857,0.00193086252488 & Score: -906.226902
.Lambda : 0.00040871197680,0.00506418766495,0.00415518006699,0.00243478562341,0.00193154323345 & Score: -906.226903
.Lambda : 0.00040875738640,0.00506391384047,0.00415514189302,0.00243463160220,0.00193137305631 & Score: -906.226901
.Lambda : 0.00040868309030,0.00506452695031,0.00415437290869,0.00243470746185,0.00193133248933 & Score: -906.226900
.Lambda : 0.00040860663514,0.00506475794685,0.00415524452339,0.00243461526307,0.00193137621870 & Score: -906.226901
.Lambda : 0.00040867264810,0.00506424400616,0.00415373844897,0.00243468079090,0.00193161536270 & Score: -906.226902
.Lambda : 0.00040869228132,0.00506420959618,0.00415427827797,0.00243463627919,0.00193147734725 & Score: -906.226900
.Lambda : 0.00040864040064,0.00506455483422,0.00415414887491,0.00243455380353,0.00193134732366 & Score: -906.226899
.Lambda : 0.00040858190776,0.00506487533109,0.00415365236586,0.00243451490420,0.00193133445734 & Score: -906.226900
.Lambda : 0.00040849242906,0.00506352688727,0.00415469024775,0.00243484956546,0.00193141494812 & Score: -906.226903
.Lambda : 0.00040857673577,0.00506385297279,0.00415463555548,0.00243473670297,0.00193139056132 & Score: -906.226901
.Lambda : 0.00040874534917,0.00506450514384,0.00415452617094,0.00243451097798,0.00193134178773 & Score: -906.226900
.Lambda : 0.00040877093542,0.00506349904857,0.00415362986207,0.00243459070384,0.00193134235797 & Score: -906.226900
.Lambda : 0.00040871675088,0.00506376318020,0.00415433674112,0.00243455145759,0.00193118723371 & Score: -906.226899
.Lambda : 0.00040872898566,0.00506353997221,0.00415436597269,0.00243450904679,0.00193104217694 & Score: -906.226899
.Lambda : 0.00040873940613,0.00506314031802,0.00415422764337,0.00243441787322,0.00193127398938 & Score: -906.226899
.Lambda : 0.00040863894929,0.00506402472754,0.00415520980251,0.00243446549899,0.00193123677331 & Score: -906.226899
.Lambda : 0.00040870953749,0.00506514931752,0.00415411996203,0.00243439344979,0.00193125734942 & Score: -906.226900
.Lambda : 0.00040863266860,0.00506374780716,0.00415429103863,0.00243444185527,0.00193117928006 & Score: -906.226899
.Lambda : 0.00040857632831,0.00506336913882,0.00415417347248,0.00243440729391,0.00193109802622 & Score: -906.226899
.Lambda : 0.00040863773273,0.00506254302934,0.00415476567818,0.00243457874565,0.00193123249063 & Score: -906.226900
.Lambda : 0.00040865568392,0.00506319460138,0.00415460424915,0.00243453242169,0.00193123870533 & Score: -906.226899
.Lambda : 0.00040871298288,0.00506259341951,0.00415491891500,0.00243440983917,0.00193109906905 & Score: -906.226900
.Lambda : 0.00040869483732,0.00506308377318,0.00415472640498,0.00243444583026,0.00193116113270 & Score: -906.226899
.
Lambda Search Result: 370
Lambda : 0.00040863266860,0.00506374780716,0.00415429103863,0.00243444185527,0.00193117928006 & Score: 906.226899
DONE: Lamda Search or setting, for command:
lambda -s -t (((2,3)1,((5,(5,((5,5)5,5)5)5)5,(5,5)5)1)1,((4,4)4,(4,(4,4)4)4)1)
Running Viterbi algorithm....
Building Metapost report: signaling_filt_lambda_clade.mp
Building HTML report: signaling_filt_lambda_clade.html
Report Done
