The Number of families : 1000 ==> 329
-----------------------------------------------------------
Family information: sim
Log: ./sim.log
Tree: (((musDom:52,gloMor:52):52,((droWil:56,(droPse:48,((droYak:14,droMel:14):17,droAna:31):17):8):8,(droVir:32,droMoj:32):32):39):184,((culQui:79,aedAeg:79):79,(anoDar:70,(anoSte:35,anoGam:35):35):88):129)
The number of families is 329
Root Family size : 1 ~ 31
Family size : 0 ~ 75
P-value: 0.010000
Num of Threads: 4
Num of Random: 1000
Empirical Prior Estimation Result: 35
Poisson lambda: 1.898231 & Score: 7465.798751
Lambda : 0.00056138657459 & Score: -12115.021018
.Lambda : 0.00058945590332 & Score: -11966.488307
.Lambda : 0.00061752523204 & Score: -11826.281301
.Lambda : 0.00064559456077 & Score: -11693.693741
.Lambda : 0.00070173321823 & Score: -11448.706008
.Lambda : 0.00075787187569 & Score: -11227.124497
.Lambda : 0.00087014919061 & Score: -10841.419444
.Lambda : 0.00098242650553 & Score: -10516.455107
.Lambda : 0.00120698113536 & Score: -9998.522944
.Lambda : 0.00143153576519 & Score: -9604.956320
.Lambda : 0.00188064502486 & Score: -9051.610871
.Lambda : 0.00232975428453 & Score: -8689.993712
.Lambda : 0.00322797280387 & Score: -8272.204034
.Lambda : 0.00412619132321 & Score: -8067.252326
.Lambda : 0.00592262836188 & Score: -inf
.Lambda : 0.00502440984255 & Score: -7981.272695
.Lambda : 0.00592262836188 & Score: -inf
.Lambda : 0.00547351910221 & Score: -inf
.Lambda : 0.00457530058288 & Score: -8013.292295
.Lambda : 0.00547351910221 & Score: -inf
.Lambda : 0.00524896447238 & Score: -7971.809465
.Lambda : 0.00547351910221 & Score: -inf
.Lambda : 0.00536124178730 & Score: -7968.472903
.Lambda : 0.00547351910221 & Score: -inf
.Lambda : 0.00541738044476 & Score: -7967.132221
.Lambda : 0.00547351910221 & Score: -inf
.Lambda : 0.00544544977349 & Score: -inf
.Lambda : 0.00538931111603 & Score: -7967.775605
.Lambda : 0.00544544977349 & Score: -inf
.Lambda : 0.00543141510912 & Score: -7966.830492
.Lambda : 0.00544544977349 & Score: -inf
.Lambda : 0.00543843244130 & Score: -inf
.Lambda : 0.00542439777694 & Score: -7966.979703
.Lambda : 0.00543843244130 & Score: -inf
.Lambda : 0.00543492377521 & Score: -inf
.Lambda : 0.00542790644303 & Score: -7966.904685
.Lambda : 0.00543492377521 & Score: -inf
.Lambda : 0.00543316944217 & Score: -7966.793704
.Lambda : 0.00543492377521 & Score: -inf
.Lambda : 0.00543404660869 & Score: -7966.775387
.Lambda : 0.00543492377521 & Score: -inf
.Lambda : 0.00543448519195 & Score: -7966.766248
.Lambda : 0.00543492377521 & Score: -inf
.Lambda : 0.00543470448358 & Score: -7966.761683
.Lambda : 0.00543492377521 & Score: -inf
.Lambda : 0.00543481412940 & Score: -inf
.Lambda : 0.00543459483777 & Score: -7966.763965
.Lambda : 0.00543481412940 & Score: -inf
.Lambda : 0.00543475930649 & Score: -7966.760542
.Lambda : 0.00543481412940 & Score: -inf
.Lambda : 0.00543478671794 & Score: -inf
.Lambda : 0.00543473189504 & Score: -7966.761113
.Lambda : 0.00543478671794 & Score: -inf
.Lambda : 0.00543477301222 & Score: -7966.760257
.Lambda : 0.00543478671794 & Score: -inf
.Lambda : 0.00543477986508 & Score: -7966.760115
.Lambda : 0.00543478671794 & Score: -inf
.Lambda : 0.00543478329151 & Score: -inf
.Lambda : 0.00543477643865 & Score: -7966.760186
.Lambda : 0.00543478329151 & Score: -inf
.Lambda : 0.00543478157830 & Score: -7966.760079
.Lambda : 0.00543478329151 & Score: -inf
.Lambda : 0.00543478243490 & Score: -7966.760061
.Lambda : 0.00543478329151 & Score: -inf
.Lambda : 0.00543478286321 & Score: -inf
.Lambda : 0.00543478200660 & Score: -7966.760070
.Lambda : 0.00543478286321 & Score: -inf
.Lambda : 0.00543478264906 & Score: -inf
.Lambda : 0.00543478222075 & Score: -7966.760066
.Lambda : 0.00543478264906 & Score: -inf
.Lambda : 0.00543478254198 & Score: -7966.760059
.Lambda : 0.00543478264906 & Score: -inf
.Lambda : 0.00543478259552 & Score: -7966.760058
.Lambda : 0.00543478264906 & Score: -inf
.Lambda : 0.00543478262229 & Score: -inf
.Lambda : 0.00543478256875 & Score: -7966.760058
.
Lambda Search Result: 32
Lambda : 0.00543478259552 & Score: 7966.760058
DONE: Lamda Search or setting, for command:
lambda -s
Empirical Prior Estimation Result: 42
Poisson lambda: 1.898231 & Score: 7465.798751
Lambda : 0.00273270744820 Mu : 0.00470105984562 & Score: -8213.152397
.Lambda : 0.00286934282061 Mu : 0.00470105984562 & Score: -8182.008079
.Lambda : 0.00286934282061 Mu : 0.00493611283790 & Score: -8177.694661
.Lambda : 0.00300597819302 Mu : 0.00493611283790 & Score: -8148.698508
.Lambda : 0.00314261356543 Mu : 0.00505363933404 & Score: -8121.256487
.Lambda : 0.00314261356543 Mu : 0.00528869232632 & Score: -8121.538185
.Lambda : 0.00341588431025 Mu : 0.00540621882246 & Score: -8075.120991
.Lambda : 0.00368915505507 Mu : 0.00564127181474 & Score: -8038.644633
.Lambda : 0.00368915505507 Mu : 0.00540621882246 & Score: -8036.714144
.Lambda : 0.00396242579989 Mu : 0.00546498207053 & Score: -8007.198868
.Lambda : 0.00450896728953 Mu : 0.00605261455124 & Score: -7967.940473
.Lambda : 0.00519214415158 Mu : 0.00655210215983 & Score: -inf
.Lambda : 0.00478223803435 Mu : 0.00587632480703 & Score: -7955.585425
.Lambda : 0.00532877952399 Mu : 0.00599385130317 & Score: -inf
.Lambda : 0.00532877952399 Mu : 0.00646395728773 & Score: -inf
.Lambda : 0.00498719109297 Mu : 0.00621421348343 & Score: -inf
.Lambda : 0.00464560266194 Mu : 0.00596446967913 & Score: -7960.580061
.Lambda : 0.00437233191712 Mu : 0.00567065343878 & Score: -7975.347222
.Lambda : 0.00505550877917 Mu : 0.00617014104738 & Score: -inf
.Lambda : 0.00488471456366 Mu : 0.00604526914523 & Score: -inf
.Lambda : 0.00471392034815 Mu : 0.00592039724308 & Score: -7957.757111
.Lambda : 0.00457728497574 Mu : 0.00577348912290 & Score: -7964.099050
.Lambda : 0.00491887340676 Mu : 0.00602323292720 & Score: -inf
.Lambda : 0.00483347629901 Mu : 0.00596079697613 & Score: -7953.544038
.Lambda : 0.00490179398521 Mu : 0.00591672454007 & Score: -7951.986402
.Lambda : 0.00499573080375 Mu : 0.00591488818857 & Score: -inf
.Lambda : 0.00495303224987 Mu : 0.00600119670917 & Score: -inf
.Lambda : 0.00491033369599 Mu : 0.00596997873364 & Score: -7951.398848
.Lambda : 0.00497865138219 Mu : 0.00592590629758 & Score: -inf
.Lambda : 0.00494235761140 Mu : 0.00593462896722 & Score: -7950.931084
.Lambda : 0.00495089732217 Mu : 0.00598788316078 & Score: -inf
.Lambda : 0.00493862148793 Mu : 0.00597009350561 & Score: -inf
.Lambda : 0.00492634565369 Mu : 0.00595230385043 & Score: -7951.140498
.Lambda : 0.00492207579831 Mu : 0.00592567675365 & Score: -7951.446460
.Lambda : 0.00494662746679 Mu : 0.00596125606400 & Score: -inf
.Lambda : 0.00494048954967 Mu : 0.00595236123641 & Score: -7950.826057
.Lambda : 0.00495650150737 Mu : 0.00593468635320 & Score: -7950.639479
.Lambda : 0.00497157943421 Mu : 0.00592587760459 & Score: -7950.431644
.Lambda : 0.00496971137248 Mu : 0.00594360987379 & Score: -inf
.Lambda : 0.00496287293221 Mu : 0.00594136464714 & Score: -inf
.Lambda : 0.00495603449194 Mu : 0.00593911942050 & Score: -7950.609062
.Lambda : 0.00495696852280 Mu : 0.00593025328591 & Score: -7950.671580
.Lambda : 0.00497064540334 Mu : 0.00593474373919 & Score: -inf
.Lambda : 0.00496722618321 Mu : 0.00593362112587 & Score: -inf
.Lambda : 0.00496380696307 Mu : 0.00593249851255 & Score: -7950.516492
.Lambda : 0.00496427397851 Mu : 0.00592806544525 & Score: -7950.549280
.Lambda : 0.00497111241877 Mu : 0.00593031067189 & Score: -inf
.Lambda : 0.00496940280871 Mu : 0.00592974936523 & Score: -inf
.Lambda : 0.00496769319864 Mu : 0.00592918805857 & Score: -7950.472450
.Lambda : 0.00496792670636 Mu : 0.00592697152492 & Score: -7950.489598
.Lambda : 0.00497134592649 Mu : 0.00592809413824 & Score: -inf
.Lambda : 0.00497049112146 Mu : 0.00592781348491 & Score: -inf
.Lambda : 0.00496963631642 Mu : 0.00592753283158 & Score: -7950.451610
.Lambda : 0.00496975307028 Mu : 0.00592642456476 & Score: -7950.460405
.Lambda : 0.00497146268035 Mu : 0.00592698587142 & Score: -inf
.Lambda : 0.00497103527783 Mu : 0.00592684554475 & Score: -inf
.Lambda : 0.00497060787532 Mu : 0.00592670521809 & Score: -7950.441518
.Lambda : 0.00497066625224 Mu : 0.00592615108467 & Score: -7950.445971
.Lambda : 0.00497152105728 Mu : 0.00592643173800 & Score: -inf
.Lambda : 0.00497130735602 Mu : 0.00592636157467 & Score: -inf
.Lambda : 0.00497109365476 Mu : 0.00592629141134 & Score: -7950.436554
.Lambda : 0.00497112284323 Mu : 0.00592601434463 & Score: -7950.438794
.Lambda : 0.00497155024574 Mu : 0.00592615467130 & Score: -inf
.Lambda : 0.00497144339511 Mu : 0.00592611958963 & Score: -inf
.Lambda : 0.00497133654448 Mu : 0.00592608450797 & Score: -7950.434092
.Lambda : 0.00497135113872 Mu : 0.00592594597461 & Score: -7950.435216
.Lambda : 0.00497156483998 Mu : 0.00592601613795 & Score: -inf
.Lambda : 0.00497151141466 Mu : 0.00592599859711 & Score: -inf
.Lambda : 0.00497145798935 Mu : 0.00592598105628 & Score: -7950.432866
.Lambda : 0.00497146528646 Mu : 0.00592591178960 & Score: -7950.433429
.Lambda : 0.00497157213709 Mu : 0.00592594687127 & Score: -inf
.Lambda : 0.00497154542443 Mu : 0.00592593810085 & Score: -7950.431668
.Lambda : 0.00497166686930 Mu : 0.00592583464917 & Score: -inf
.Lambda : 0.00497161464931 Mu : 0.00592587125094 & Score: -inf
.Lambda : 0.00497156242932 Mu : 0.00592590785272 & Score: -7950.431656
.Lambda : 0.00497151871178 Mu : 0.00592592933044 & Score: -7950.432255
.Lambda : 0.00497162315175 Mu : 0.00592585612688 & Score: -inf
.Lambda : 0.00497159704176 Mu : 0.00592587442777 & Score: -7950.431348
.Lambda : 0.00497161404664 Mu : 0.00592584417964 & Score: -7950.431336
.Lambda : 0.00497163985531 Mu : 0.00592581234310 & Score: -7950.431177
.Lambda : 0.00497165746286 Mu : 0.00592580916627 & Score: -7950.430881
.Lambda : 0.00497169647718 Mu : 0.00592577494711 & Score: -inf
.Lambda : 0.00497170027641 Mu : 0.00592574708160 & Score: -7950.430710
.Lambda : 0.00497175189373 Mu : 0.00592568340852 & Score: -7950.430393
.Lambda : 0.00497176950128 Mu : 0.00592568023169 & Score: -7950.430097
.Lambda : 0.00497183432427 Mu : 0.00592561417599 & Score: -inf
.Lambda : 0.00497186393215 Mu : 0.00592555447394 & Score: -7950.429613
.Lambda : 0.00497196716680 Mu : 0.00592542712777 & Score: -7950.428984
.Lambda : 0.00497198477435 Mu : 0.00592542395094 & Score: -7950.428689
.Lambda : 0.00497210121466 Mu : 0.00592529422216 & Score: -7950.427843
.Lambda : 0.00497229888018 Mu : 0.00592504111823 & Score: -7950.426752
.Lambda : 0.00497256356963 Mu : 0.00592472156150 & Score: -7950.425113
.Lambda : 0.00497269761749 Mu : 0.00592458865589 & Score: -7950.423995
.Lambda : 0.00497306284284 Mu : 0.00592416941995 & Score: -7950.421561
.Lambda : 0.00497352519781 Mu : 0.00592359675930 & Score: -7950.418973
.Lambda : 0.00497423718938 Mu : 0.00592274802787 & Score: -7950.414778
.Lambda : 0.00497473646259 Mu : 0.00592219588632 & Score: -7950.411254
.Lambda : 0.00497582290907 Mu : 0.00592093304873 & Score: -7950.404405
.Lambda : 0.00497699725561 Mu : 0.00591951165665 & Score: -7950.398011
.Lambda : 0.00497896446199 Mu : 0.00591718277499 & Score: -7950.387722
.Lambda : 0.00498055018168 Mu : 0.00591536779585 & Score: -7950.379621
.Lambda : 0.00498370667783 Mu : 0.00591167767985 & Score: -7950.366652
.Lambda : 0.00498684823076 Mu : 0.00590792740611 & Score: -7950.357735
.Lambda : 0.00499236089160 Mu : 0.00590142458480 & Score: -7950.345647
.Lambda : 0.00499710310744 Mu : 0.00589591948965 & Score: -7950.337949
.Lambda : 0.00500617243016 Mu : 0.00588528784698 & Score: -7950.341045
.Lambda : 0.00500575732121 Mu : 0.00588566639460 & Score: -7950.341966
.Lambda : 0.00501049953705 Mu : 0.00588016129946 & Score: -7950.349407
.Lambda : 0.00500596487569 Mu : 0.00588547712079 & Score: -7950.341500
.Lambda : 0.00499731066191 Mu : 0.00589573021584 & Score: -7950.337079
.Lambda : 0.00499308733226 Mu : 0.00590076212646 & Score: -7950.342041
.Lambda : 0.00498844889366 Mu : 0.00590617258470 & Score: -7950.352491
.Lambda : 0.00499282788917 Mu : 0.00590099871872 & Score: -7950.343314
.Lambda : 0.00499720688467 Mu : 0.00589582485275 & Score: -7950.337512
.Lambda : 0.00500163776880 Mu : 0.00589060366832 & Score: -7950.336862
.Lambda : 0.00500174154603 Mu : 0.00589050903141 & Score: -7950.336554
.Lambda : 0.00500400887672 Mu : 0.00588785112074 & Score: -7950.338455
.Lambda : 0.00500606865292 Mu : 0.00588538248389 & Score: -7950.341271
.Lambda : 0.00500387915517 Mu : 0.00588796941687 & Score: -7950.338764
.Lambda : 0.00500168965742 Mu : 0.00589055634986 & Score: -7950.336708
.Lambda : 0.00499952610397 Mu : 0.00589311962362 & Score: -7950.336054
.Lambda : 0.00499957799259 Mu : 0.00589307230517 & Score: -7950.335869
.Lambda : 0.00499852216018 Mu : 0.00589433028283 & Score: -7950.335976
.Lambda : 0.00499736255053 Mu : 0.00589568289739 & Score: -7950.336863
.Lambda : 0.00499845729941 Mu : 0.00589438943089 & Score: -7950.336225
.Lambda : 0.00500064679716 Mu : 0.00589180249790 & Score: -7950.336071
.Lambda : 0.00499845729941 Mu : 0.00589438943089 & Score: -7950.336225
.Lambda : 0.00499900467384 Mu : 0.00589374269765 & Score: -7950.336047
.Lambda : 0.00499905656246 Mu : 0.00589369537919 & Score: -7950.335855
.Lambda : 0.00499882179171 Mu : 0.00589398325698 & Score: -7950.335782
.Lambda : 0.00499939511045 Mu : 0.00589331286450 & Score: -7950.335570
.Lambda : 0.00499959032876 Mu : 0.00589309794793 & Score: -7950.335349
.Lambda : 0.00499883412787 Mu : 0.00589400889974 & Score: -7950.335263
.Lambda : 0.00499846219552 Mu : 0.00589447719702 & Score: -7950.335029
.Lambda : 0.00499923073257 Mu : 0.00589359188797 & Score: -7950.334504
.Lambda : 0.00499943520300 Mu : 0.00589339620347 & Score: -7950.333880
.Lambda : 0.00499830706976 Mu : 0.00589477545256 & Score: -7950.333634
.Lambda : 0.00499766544026 Mu : 0.00589561420487 & Score: -7950.332992
.Lambda : 0.00499863844774 Mu : 0.00589453321132 & Score: -7950.331584
.Lambda : 0.00499872657385 Mu : 0.00589456121848 & Score: -7950.329862
.Lambda : 0.00499695681111 Mu : 0.00589677921988 & Score: -7950.329458
.Lambda : 0.00499571761516 Mu : 0.00589847072808 & Score: -7950.328087
.Lambda : 0.00499677874875 Mu : 0.00589741774169 & Score: -7950.324294
.Lambda : 0.00499633540300 Mu : 0.00589831951010 & Score: -inf
.Lambda : 0.00499376979006 Mu : 0.00590132725129 & Score: -inf
.Lambda : 0.00499500898601 Mu : 0.00589963574309 & Score: -7950.325139
.Lambda : 0.00499607011960 Mu : 0.00589858275669 & Score: -inf
.Lambda : 0.00499598199349 Mu : 0.00589855474954 & Score: -inf
.Lambda : 0.00499589386738 Mu : 0.00589852674239 & Score: -7950.324586
.Lambda : 0.00499624818196 Mu : 0.00589794423488 & Score: -7950.326153
.Lambda : 0.00499642443418 Mu : 0.00589800024919 & Score: -7950.322662
.Lambda : 0.00499651256029 Mu : 0.00589802825634 & Score: -inf
.Lambda : 0.00499730931555 Mu : 0.00589689124849 & Score: -7950.322508
.Lambda : 0.00499801703964 Mu : 0.00589607350154 & Score: -7950.321698
.Lambda : 0.00499766272506 Mu : 0.00589665600905 & Score: -7950.319909
.Lambda : 0.00499810471321 Mu : 0.00589627514273 & Score: -inf
.Lambda : 0.00499925533052 Mu : 0.00589472926140 & Score: -7950.319540
.Lambda : 0.00500067077869 Mu : 0.00589309376750 & Score: -7950.318895
.Lambda : 0.00500031646411 Mu : 0.00589367627501 & Score: -7950.316763
.Lambda : 0.00500146617635 Mu : 0.00589247766174 & Score: -inf
.Lambda : 0.00500332451774 Mu : 0.00589011403346 & Score: -7950.318176
.Lambda : 0.00500297020316 Mu : 0.00589069654096 & Score: -7950.315701
.Lambda : 0.00500411991540 Mu : 0.00588949792770 & Score: -inf
.Lambda : 0.00499996214954 Mu : 0.00589425878251 & Score: -inf
.Lambda : 0.00500080274159 Mu : 0.00589322259525 & Score: -inf
.Lambda : 0.00500164333364 Mu : 0.00589218640798 & Score: -7950.315972
.Lambda : 0.00500314736045 Mu : 0.00589040528721 & Score: -7950.316931
.Lambda : 0.00500146617635 Mu : 0.00589247766174 & Score: -inf
.Lambda : 0.00500188647238 Mu : 0.00589195956811 & Score: -7950.315278
.Lambda : 0.00500321334190 Mu : 0.00589046970108 & Score: -7950.315094
.Lambda : 0.00500399834603 Mu : 0.00588961134763 & Score: -inf
.Lambda : 0.00500212961111 Mu : 0.00589173272823 & Score: -inf
.Lambda : 0.00500233975913 Mu : 0.00589147368141 & Score: -inf
.Lambda : 0.00500254990714 Mu : 0.00589121463459 & Score: -7950.315121
.Lambda : 0.00500309177253 Mu : 0.00589058312102 & Score: -7950.315396
.Lambda : 0.00500267147651 Mu : 0.00589110121466 & Score: -inf
.Lambda : 0.00500277655051 Mu : 0.00589097169125 & Score: -inf
.Lambda : 0.00500288162452 Mu : 0.00589084216784 & Score: -7950.315091
.Lambda : 0.00500315255722 Mu : 0.00589052641105 & Score: -7950.315245
.Lambda : 0.00500294240921 Mu : 0.00589078545787 & Score: -7950.314936
.Lambda : 0.00500283733520 Mu : 0.00589091498128 & Score: -inf
.Lambda : 0.00500261069182 Mu : 0.00589115792463 & Score: -inf
.Lambda : 0.00500276135434 Mu : 0.00589098586874 & Score: -7950.314984
.Lambda : 0.00500282213903 Mu : 0.00589092915877 & Score: -inf
.Lambda : 0.00500283701040 Mu : 0.00589090741104 & Score: -inf
.Lambda : 0.00500285188177 Mu : 0.00589088566330 & Score: -7950.314959
.Lambda : 0.00500291201686 Mu : 0.00589081381285 & Score: -7950.315014
.Lambda : 0.00500288227412 Mu : 0.00589085730832 & Score: -inf
.Lambda : 0.00500288970980 Mu : 0.00589084643445 & Score: -inf
.Lambda : 0.00500289714549 Mu : 0.00589083556059 & Score: -7950.314947
.Lambda : 0.00500292721303 Mu : 0.00589079963536 & Score: -7950.314975
.Lambda : 0.00500291234166 Mu : 0.00589082138309 & Score: -inf
.Lambda : 0.00500291605950 Mu : 0.00589081594616 & Score: -inf
.Lambda : 0.00500291977735 Mu : 0.00589081050923 & Score: -7950.314942
.Lambda : 0.00500293481112 Mu : 0.00589079254662 & Score: -7950.314956
.Lambda : 0.00500292737543 Mu : 0.00589080342048 & Score: -inf
.Lambda : 0.00500292923435 Mu : 0.00589080070202 & Score: -inf
.Lambda : 0.00500293109328 Mu : 0.00589079798355 & Score: -7950.314939
.Lambda : 0.00500293861016 Mu : 0.00589078900224 & Score: -7950.314946
.Lambda : 0.00500293489232 Mu : 0.00589079443918 & Score: -inf
.Lambda : 0.00500293582178 Mu : 0.00589079307994 & Score: -inf
.Lambda : 0.00500293675124 Mu : 0.00589079172071 & Score: -7950.314938
.Lambda : 0.00500294050968 Mu : 0.00589078723006 & Score: -7950.314941
.Lambda : 0.00500293865076 Mu : 0.00589078994852 & Score: -inf
.Lambda : 0.00500293911549 Mu : 0.00589078926891 & Score: -inf
.Lambda : 0.00500293958022 Mu : 0.00589078858929 & Score: -7950.314937
.Lambda : 0.00500294145944 Mu : 0.00589078634396 & Score: -7950.314939
.Lambda : 0.00500294052998 Mu : 0.00589078770320 & Score: -inf
.Lambda : 0.00500294076235 Mu : 0.00589078736339 & Score: -7950.314936
.Lambda : 0.00500294359133 Mu : 0.00589078423197 & Score: -inf
.Lambda : 0.00500294258855 Mu : 0.00589078532130 & Score: -7950.314935
.
Lambda Search Result: 82
Lambda : 0.00500294258855 Mu : 0.00589078532130 & Score: 7950.314935
DONE: Lamda,Mu Search or setting, for command:
lambdamu -s
