The Number of families : 1000 ==> 55
-----------------------------------------------------------
Family information: sim
Log: ./sim.log
Tree: (((musDom:52,gloMor:52):52,((droWil:56,(droPse:48,((droYak:14,droMel:14):17,droAna:31):17):8):8,(droVir:32,droMoj:32):32):39):184,((culQui:79,aedAeg:79):79,(anoDar:70,(anoSte:35,anoGam:35):35):88):129)
The number of families is 55
Root Family size : 1 ~ 101
Family size : 0 ~ 131
P-value: 0.010000
Num of Threads: 4
Num of Random: 1000
Empirical Prior Estimation Result: 43
Poisson lambda: 14.803309 & Score: 4442.274755
Lambda : 0.00310265094943 & Score: -5103.703551
.Lambda : 0.00325778349690 & Score: -4991.991959
.Lambda : 0.00341291604437 & Score: -4887.728890
.Lambda : 0.00356804859184 & Score: -4790.250672
.Lambda : 0.00387831368678 & Score: -4612.956002
.Lambda : 0.00418857878173 & Score: -4455.953699
.Lambda : 0.00480910897161 & Score: -4190.123293
.Lambda : 0.00542963916150 & Score: -3973.699151
.Lambda : 0.00667069954127 & Score: -inf
.Lambda : 0.00605016935138 & Score: -inf
.Lambda : 0.00480910897161 & Score: -4190.123293
.Lambda : 0.00605016935138 & Score: -inf
.Lambda : 0.00573990425644 & Score: -inf
.Lambda : 0.00511937406656 & Score: -4076.623334
.Lambda : 0.00573990425644 & Score: -inf
.Lambda : 0.00558477170897 & Score: -inf
.Lambda : 0.00527450661403 & Score: -4023.947307
.Lambda : 0.00558477170897 & Score: -inf
.Lambda : 0.00550720543523 & Score: -inf
.Lambda : 0.00535207288776 & Score: -3998.535171
.Lambda : 0.00550720543523 & Score: -inf
.Lambda : 0.00546842229837 & Score: -inf
.Lambda : 0.00539085602463 & Score: -3986.044940
.Lambda : 0.00546842229837 & Score: -inf
.Lambda : 0.00544903072993 & Score: -inf
.Lambda : 0.00541024759306 & Score: -3979.854064
.Lambda : 0.00544903072993 & Score: -inf
.Lambda : 0.00543933494572 & Score: -inf
.Lambda : 0.00541994337728 & Score: -3976.772048
.Lambda : 0.00543933494572 & Score: -inf
.Lambda : 0.00543448705361 & Score: -3972.166110
.Lambda : 0.00543933494572 & Score: -inf
.Lambda : 0.00543691099966 & Score: -inf
.Lambda : 0.00543206310755 & Score: -3972.932347
.Lambda : 0.00543691099966 & Score: -inf
.Lambda : 0.00543569902663 & Score: -inf
.Lambda : 0.00543327508058 & Score: -3972.549158
.Lambda : 0.00543569902663 & Score: -inf
.Lambda : 0.00543509304012 & Score: -inf
.Lambda : 0.00543388106709 & Score: -3972.357616
.Lambda : 0.00543509304012 & Score: -inf
.Lambda : 0.00543479004686 & Score: -inf
.Lambda : 0.00543418406035 & Score: -3972.261859
.Lambda : 0.00543479004686 & Score: -inf
.Lambda : 0.00543463855024 & Score: -3972.118239
.Lambda : 0.00543479004686 & Score: -inf
.Lambda : 0.00543471429855 & Score: -3972.094305
.Lambda : 0.00543479004686 & Score: -inf
.Lambda : 0.00543475217271 & Score: -3972.082337
.Lambda : 0.00543479004686 & Score: -inf
.Lambda : 0.00543477110979 & Score: -3972.076354
.Lambda : 0.00543479004686 & Score: -inf
.Lambda : 0.00543478057832 & Score: -3972.073362
.Lambda : 0.00543479004686 & Score: -inf
.Lambda : 0.00543478531259 & Score: -inf
.Lambda : 0.00543477584405 & Score: -3972.074858
.Lambda : 0.00543478531259 & Score: -inf
.Lambda : 0.00543478294546 & Score: -inf
.Lambda : 0.00543477821119 & Score: -3972.074110
.Lambda : 0.00543478294546 & Score: -inf
.Lambda : 0.00543478176189 & Score: -3972.072988
.Lambda : 0.00543478294546 & Score: -inf
.Lambda : 0.00543478235368 & Score: -3972.072801
.Lambda : 0.00543478294546 & Score: -inf
.Lambda : 0.00543478264957 & Score: -inf
.Lambda : 0.00543478205778 & Score: -3972.072895
.Lambda : 0.00543478264957 & Score: -inf
.Lambda : 0.00543478250162 & Score: -3972.072754
.Lambda : 0.00543478264957 & Score: -inf
.Lambda : 0.00543478257559 & Score: -3972.072731
.Lambda : 0.00543478264957 & Score: -inf
.Lambda : 0.00543478261258 & Score: -inf
.Lambda : 0.00543478253861 & Score: -3972.072743
.Lambda : 0.00543478261258 & Score: -inf
.Lambda : 0.00543478259409 & Score: -3972.072725
.Lambda : 0.00543478261258 & Score: -inf
.Lambda : 0.00543478260333 & Score: -3972.072722
.Lambda : 0.00543478261258 & Score: -inf
.Lambda : 0.00543478260796 & Score: -3972.072721
.Lambda : 0.00543478261258 & Score: -inf
.Lambda : 0.00543478261027 & Score: -inf
.Lambda : 0.00543478260565 & Score: -3972.072722
.
Lambda Search Result: 32
Lambda : 0.00543478260796 & Score: 3972.072721
DONE: Lamda Search or setting, for command:
lambda -s
Empirical Prior Estimation Result: 41
Poisson lambda: 14.803308 & Score: 4442.274755
Lambda : 0.00208172660432 Mu : 0.00388340298188 & Score: -5490.518372
.Lambda : 0.00218581293454 Mu : 0.00388340298188 & Score: -5418.920148
.Lambda : 0.00218581293454 Mu : 0.00407757313097 & Score: -5378.975385
.Lambda : 0.00228989926476 Mu : 0.00407757313097 & Score: -5311.176315
.Lambda : 0.00239398559497 Mu : 0.00417465820552 & Score: -5228.210710
.Lambda : 0.00239398559497 Mu : 0.00436882835461 & Score: -5194.343606
.Lambda : 0.00249807192519 Mu : 0.00461154104098 & Score: -5095.409765
.Lambda : 0.00270624458562 Mu : 0.00470862611553 & Score: -4966.795939
.Lambda : 0.00296646041116 Mu : 0.00502415260780 & Score: -4796.701520
.Lambda : 0.00307054674138 Mu : 0.00546103544326 & Score: -4704.798560
.Lambda : 0.00340882731458 Mu : 0.00610422406214 & Score: -4512.996518
.Lambda : 0.00387721580055 Mu : 0.00651683562896 & Score: -4311.744288
.Lambda : 0.00456678773823 Mu : 0.00746948292295 & Score: -inf
.Lambda : 0.00431958270397 Mu : 0.00759690708330 & Score: -inf
.Lambda : 0.00398130213077 Mu : 0.00695371846442 & Score: -4262.315552
.Lambda : 0.00444969061674 Mu : 0.00736633003125 & Score: -inf
.Lambda : 0.00418947479120 Mu : 0.00705080353897 & Score: -inf
.Lambda : 0.00392925896566 Mu : 0.00673527704669 & Score: -4285.955331
.Lambda : 0.00369506472267 Mu : 0.00652897126328 & Score: -4380.130799
.Lambda : 0.00421549637376 Mu : 0.00716002424783 & Score: -inf
.Lambda : 0.00408538846098 Mu : 0.00700226100170 & Score: -4224.335650
.Lambda : 0.00413743162609 Mu : 0.00722070241943 & Score: -inf
.Lambda : 0.00408538846098 Mu : 0.00709934607624 & Score: -inf
.Lambda : 0.00403334529588 Mu : 0.00697798973306 & Score: -4243.190530
.Lambda : 0.00400732371332 Mu : 0.00686876902419 & Score: -4254.605353
.Lambda : 0.00411141004354 Mu : 0.00711148171056 & Score: -inf
.Lambda : 0.00408538846098 Mu : 0.00705080353897 & Score: -4223.554872
.Lambda : 0.00413743162609 Mu : 0.00707507480761 & Score: -inf
.Lambda : 0.00411141004354 Mu : 0.00705080353897 & Score: -inf
.Lambda : 0.00408538846098 Mu : 0.00702653227033 & Score: -4223.938135
.Lambda : 0.00405936687843 Mu : 0.00701439663601 & Score: -4233.323528
.Lambda : 0.00411141004354 Mu : 0.00706293917329 & Score: -inf
.Lambda : 0.00409839925226 Mu : 0.00705080353897 & Score: -inf
.Lambda : 0.00408538846098 Mu : 0.00703866790465 & Score: -4223.744357
.Lambda : 0.00407237766971 Mu : 0.00703260008749 & Score: -4228.426922
.Lambda : 0.00409839925226 Mu : 0.00705687135613 & Score: -inf
.Lambda : 0.00409189385662 Mu : 0.00705080353897 & Score: -inf
.Lambda : 0.00408538846098 Mu : 0.00704473572181 & Score: -4223.648831
.Lambda : 0.00407888306535 Mu : 0.00704170181323 & Score: -4225.987839
.Lambda : 0.00409189385662 Mu : 0.00705383744755 & Score: -inf
.Lambda : 0.00408864115880 Mu : 0.00705080353897 & Score: -inf
.Lambda : 0.00408538846098 Mu : 0.00704776963039 & Score: -4223.601602
.Lambda : 0.00408213576317 Mu : 0.00704625267610 & Score: -4224.770592
.Lambda : 0.00408864115880 Mu : 0.00705232049326 & Score: -inf
.Lambda : 0.00408701480989 Mu : 0.00705080353897 & Score: -inf
.Lambda : 0.00408538846098 Mu : 0.00704928658468 & Score: -4223.578158
.Lambda : 0.00408376211208 Mu : 0.00704852810753 & Score: -4224.162542
.Lambda : 0.00408701480989 Mu : 0.00705156201611 & Score: -inf
.Lambda : 0.00408620163544 Mu : 0.00705080353897 & Score: -4223.268588
.Lambda : 0.00408620163544 Mu : 0.00705232049326 & Score: -inf
.Lambda : 0.00408599834183 Mu : 0.00705156201611 & Score: -4223.328543
.Lambda : 0.00408681151628 Mu : 0.00705156201611 & Score: -inf
.Lambda : 0.00408645575246 Mu : 0.00705137239683 & Score: -inf
.Lambda : 0.00408609998863 Mu : 0.00705118277754 & Score: -4223.298558
.Lambda : 0.00408579504821 Mu : 0.00705080353897 & Score: -4223.411718
.Lambda : 0.00408650657586 Mu : 0.00705118277754 & Score: -4223.155439
.Lambda : 0.00408686233968 Mu : 0.00705137239683 & Score: -inf
.Lambda : 0.00408660822267 Mu : 0.00705080353897 & Score: -4223.125483
.Lambda : 0.00408686233968 Mu : 0.00705061391968 & Score: -4223.038972
.Lambda : 0.00408716728010 Mu : 0.00705099315826 & Score: -inf
.Lambda : 0.00408692586894 Mu : 0.00705094575343 & Score: -inf
.Lambda : 0.00408668445777 Mu : 0.00705089834861 & Score: -4223.097198
.Lambda : 0.00408653198756 Mu : 0.00705070872933 & Score: -4223.153770
.Lambda : 0.00408701480989 Mu : 0.00705080353897 & Score: -inf
.Lambda : 0.00408689410431 Mu : 0.00705077983656 & Score: -inf
.Lambda : 0.00408677339873 Mu : 0.00705075613415 & Score: -4223.068083
.Lambda : 0.00408669716362 Mu : 0.00705066132450 & Score: -4223.096368
.Lambda : 0.00408693857479 Mu : 0.00705070872933 & Score: -inf
.Lambda : 0.00408687822200 Mu : 0.00705069687812 & Score: -4223.032107
.Lambda : 0.00408696716295 Mu : 0.00705055466366 & Score: -4223.002999
.Lambda : 0.00408706404507 Mu : 0.00705045392841 & Score: -4222.970461
.Lambda : 0.00408707992738 Mu : 0.00705053688685 & Score: -inf
.Lambda : 0.00408702553046 Mu : 0.00705055614506 & Score: -inf
.Lambda : 0.00408697113353 Mu : 0.00705057540327 & Score: -4223.001282
.Lambda : 0.00408696319238 Mu : 0.00705053392405 & Score: -4223.004715
.Lambda : 0.00408707198622 Mu : 0.00705049540763 & Score: -inf
.Lambda : 0.00408704478776 Mu : 0.00705050503673 & Score: -4222.976450
.Lambda : 0.00408713769930 Mu : 0.00705038356188 & Score: -inf
.Lambda : 0.00408709605785 Mu : 0.00705043152223 & Score: -4222.959543
.Lambda : 0.00408711531516 Mu : 0.00705038041390 & Score: -4222.953555
.Lambda : 0.00408715057886 Mu : 0.00705031810249 & Score: -4222.942109
.Lambda : 0.00408718259165 Mu : 0.00705029569630 & Score: -4222.931192
.Lambda : 0.00408724186494 Mu : 0.00705021658025 & Score: -4222.911559
.Lambda : 0.00408729638594 Mu : 0.00705010316051 & Score: -4222.894129
.Lambda : 0.00408739654999 Mu : 0.00704993897965 & Score: -4222.861430
.Lambda : 0.00408748783607 Mu : 0.00704983745741 & Score: -4222.830889
.Lambda : 0.00408765646467 Mu : 0.00704959713487 & Score: -4222.775297
.Lambda : 0.00408781114972 Mu : 0.00704931953427 & Score: -4222.725200
.Lambda : 0.00408809579211 Mu : 0.00704887101128 & Score: -4222.632079
.Lambda : 0.00408835570679 Mu : 0.00704852916650 & Score: -4222.545916
.Lambda : 0.00408883528519 Mu : 0.00704782425993 & Score: -4222.388134
.Lambda : 0.00408927461263 Mu : 0.00704709813635 & Score: -4222.244937
.Lambda : 0.00409008368661 Mu : 0.00704584863709 & Score: -4221.980099
.Lambda : 0.00409082317969 Mu : 0.00704480188574 & Score: -4221.736655
.Lambda : 0.00409218687348 Mu : 0.00704276732296 & Score: -4221.289410
.Lambda : 0.00409343527490 Mu : 0.00704079170012 & Score: -4220.882091
.Lambda : 0.00409573526975 Mu : 0.00703727542021 & Score: -4220.129465
.Lambda : 0.00409783845663 Mu : 0.00703419410608 & Score: -4219.439188
.Lambda : 0.00410171584164 Mu : 0.00702836684058 & Score: -4218.171393
.Lambda : 0.00410526423791 Mu : 0.00702287493782 & Score: -4217.018791
.Lambda : 0.00411180292013 Mu : 0.00701292874526 & Score: -4214.904726
.Lambda : 0.00411778349202 Mu : 0.00700402016563 & Score: -4212.981523
.Lambda : 0.00412880760315 Mu : 0.00698739253834 & Score: -4209.474016
.Lambda : 0.00413889468163 Mu : 0.00697195444302 & Score: -4206.300886
.Lambda : 0.00415748410163 Mu : 0.00694374824423 & Score: -4200.498853
.Lambda : 0.00417448878465 Mu : 0.00691821203732 & Score: -4195.280081
.Lambda : 0.00420583171690 Mu : 0.00687085368335 & Score: -4185.968843
.Lambda : 0.00423450821539 Mu : 0.00682720938924 & Score: -4177.732504
.Lambda : 0.00428735852151 Mu : 0.00674711781470 & Score: -4163.252597
.Lambda : 0.00433570613679 Mu : 0.00667422325381 & Score: -4150.608107
.Lambda : 0.00442481715436 Mu : 0.00653946075860 & Score: -4129.321662
.Lambda : 0.00450634395897 Mu : 0.00641572488995 & Score: -4111.854320
.Lambda : 0.00465660008000 Mu : 0.00618816049325 & Score: -4084.253200
.Lambda : 0.00479405871286 Mu : 0.00598050343715 & Score: -4064.029400
.Lambda : 0.00504740880853 Mu : 0.00559719624838 & Score: -4038.230440
.Lambda : 0.00527919173417 Mu : 0.00524589598303 & Score: -4026.356777
.Lambda : 0.00570637902407 Mu : 0.00459911359524 & Score: -4028.821113
.Lambda : 0.00567000046269 Mu : 0.00465493173816 & Score: -4027.403969
.Lambda : 0.00590178338833 Mu : 0.00430363147281 & Score: -4038.823750
.Lambda : 0.00568818974338 Mu : 0.00462702266670 & Score: -4028.096585
.Lambda : 0.00526100245348 Mu : 0.00527380505449 & Score: -4026.913835
.Lambda : 0.00487019372495 Mu : 0.00586476929935 & Score: -4054.816144
.Lambda : 0.00507014540939 Mu : 0.00556230990906 & Score: -4036.623957
.Lambda : 0.00527009709382 Mu : 0.00525985051876 & Score: -4026.631319
.Lambda : 0.00547459609843 Mu : 0.00495041386060 & Score: -4023.941146
.Lambda : 0.00548369073877 Mu : 0.00493645932487 & Score: -4024.007951
.Lambda : 0.00567909510304 Mu : 0.00464097720243 & Score: -4027.743195
.Lambda : 0.00557911926082 Mu : 0.00479220689758 & Score: -4024.949887
.Lambda : 0.00537916757638 Mu : 0.00509466628788 & Score: -4024.157467
.Lambda : 0.00557911926082 Mu : 0.00479220689758 & Score: -4024.949887
.Lambda : 0.00552913133971 Mu : 0.00486782174516 & Score: -4024.263139
.Lambda : 0.00547914341860 Mu : 0.00494343659273 & Score: -4023.974357
.Lambda : 0.00542688183741 Mu : 0.00502254007424 & Score: -4023.881634
.Lambda : 0.00542233451723 Mu : 0.00502951734210 & Score: -4023.882663
.Lambda : 0.00537462025621 Mu : 0.00510164355574 & Score: -4024.188764
.Lambda : 0.00539961421677 Mu : 0.00506383613196 & Score: -4023.991655
.Lambda : 0.00542460817732 Mu : 0.00502602870817 & Score: -4023.881260
.Lambda : 0.00545073896792 Mu : 0.00498647696742 & Score: -4023.858895
.Lambda : 0.00544846530783 Mu : 0.00498996560135 & Score: -4023.853158
.Lambda : 0.00545925704304 Mu : 0.00497367836490 & Score: -4023.859876
.Lambda : 0.00547459609843 Mu : 0.00495041386060 & Score: -4023.941146
.Lambda : 0.00546209911815 Mu : 0.00496931757249 & Score: -4023.877689
.Lambda : 0.00543710515760 Mu : 0.00500712499628 & Score: -4023.863269
.Lambda : 0.00546209911815 Mu : 0.00496931757249 & Score: -4023.877689
.Lambda : 0.00545585062801 Mu : 0.00497876942844 & Score: -4023.860199
.Lambda : 0.00544335364774 Mu : 0.00499767314033 & Score: -4023.858827
.Lambda : 0.00544107998765 Mu : 0.00500116177426 & Score: -4023.854621
.Lambda : 0.00544619164775 Mu : 0.00499345423528 & Score: -4023.847537
.Lambda : 0.00544761064775 Mu : 0.00499134478276 & Score: -4023.841887
.Lambda : 0.00545499596793 Mu : 0.00498014860984 & Score: -4023.847348
.Lambda : 0.00545414130785 Mu : 0.00498152779125 & Score: -4023.834762
.Lambda : 0.00545697930786 Mu : 0.00497730888621 & Score: -4023.829530
.Lambda : 0.00544959398768 Mu : 0.00498850505912 & Score: -4023.819944
.Lambda : 0.00544689299755 Mu : 0.00499268328376 & Score: -4023.808787
.Lambda : 0.00545626165766 Mu : 0.00497864738720 & Score: -4023.794462
.Lambda : 0.00546058716262 Mu : 0.00497229868943 & Score: -4023.779501
.Lambda : 0.00545050085231 Mu : 0.00498767308698 & Score: -4023.748358
.Lambda : 0.00544726162453 Mu : 0.00499285518736 & Score: -4023.712248
.Lambda : 0.00546095578960 Mu : 0.00497247059303 & Score: -4023.683225
.Lambda : 0.00546798718562 Mu : 0.00496236424767 & Score: -4023.642461
.Lambda : 0.00545466164754 Mu : 0.00498292074560 & Score: -4023.546010
.Lambda : 0.00545169889000 Mu : 0.00498823177369 & Score: -4023.434787
.Lambda : 0.00547242445109 Mu : 0.00495774083400 & Score: -4023.385412
.Lambda : 0.00548500586436 Mu : 0.00494018365732 & Score: -4023.247280
.Lambda : 0.00546871756874 Mu : 0.00496605118335 & Score: -4023.002894
.Lambda : 0.00546908276030 Mu : 0.00496789465119 & Score: -4022.683102
.Lambda : 0.00550238973466 Mu : 0.00491984653482 & Score: -4022.537031
.Lambda : 0.00552773515700 Mu : 0.00488565391538 & Score: -4022.125931
.Lambda : 0.00551181205293 Mu : 0.00491336490924 & Score: -4021.543947
.Lambda : 0.00552521514721 Mu : 0.00489995553520 & Score: -4020.698186
.Lambda : 0.00558386754391 Mu : 0.00481771479939 & Score: -4020.497623
.Lambda : 0.00564125993572 Mu : 0.00474262487349 & Score: -4020.117767
.Lambda : 0.00563873992594 Mu : 0.00475692649331 & Score: -4018.555322
.Lambda : 0.00569424231041 Mu : 0.00469256278228 & Score: -4017.416985
.Lambda : 0.00581028709891 Mu : 0.00453523212057 & Score: -4019.317198
.Lambda : 0.00586326947360 Mu : 0.00448517002935 & Score: -4017.431756
.Lambda : 0.00574722468510 Mu : 0.00464250069107 & Score: -4014.921764
.Lambda : 0.00571569347819 Mu : 0.00469613497631 & Score: -4012.930645
.Lambda : 0.00554666631500 Mu : 0.00490352772924 & Score: -4016.015218
.Lambda : 0.00556811748278 Mu : 0.00490709992327 & Score: -4011.357123
.Lambda : 0.00550505506896 Mu : 0.00501436849377 & Score: -4009.412461
.Lambda : 0.00567408223216 Mu : 0.00480697574085 & Score: -4004.866359
.Lambda : 0.00573779019074 Mu : 0.00475869974666 & Score: -3999.916851
.Lambda : 0.00552715178151 Mu : 0.00507693326412 & Score: -3996.931711
.Lambda : 0.00543288093317 Mu : 0.00526733240802 & Score: -3991.822278
.Lambda : 0.00566561605495 Mu : 0.00501166366091 & Score: -3978.923763
.Lambda : 0.00574589654794 Mu : 0.00501031124447 & Score: -3964.187516
.Lambda : 0.00544098729037 Mu : 0.00551894390584 & Score: -inf
.Lambda : 0.00551518801546 Mu : 0.00532888286604 & Score: -3968.062580
.Lambda : 0.00582820363023 Mu : 0.00507186170250 & Score: -inf
.Lambda : 0.00572937295596 Mu : 0.00512072937888 & Score: -3953.036223
.Lambda : 0.00596008148844 Mu : 0.00480215775731 & Score: -3954.413765
.Lambda : 0.00594355789647 Mu : 0.00491257589171 & Score: -3942.102662
.Lambda : 0.00604238857073 Mu : 0.00486370821533 & Score: -3931.975432
.Lambda : 0.00581168003825 Mu : 0.00518227983690 & Score: -inf
.Lambda : 0.00584878040080 Mu : 0.00508724931700 & Score: -inf
.Lambda : 0.00588588076335 Mu : 0.00499221879710 & Score: -3941.435018
.Lambda : 0.00600123502958 Mu : 0.00483293298632 & Score: -3943.131960
.Lambda : 0.00592703430449 Mu : 0.00502299402611 & Score: -inf
.Lambda : 0.00594558448577 Mu : 0.00497547876617 & Score: -inf
.Lambda : 0.00596413466704 Mu : 0.00492796350622 & Score: -3936.496334
.Lambda : 0.00602181180016 Mu : 0.00484832060083 & Score: -3937.538178
.Lambda : 0.00598471143761 Mu : 0.00494335112072 & Score: -inf
.Lambda : 0.00599398652825 Mu : 0.00491959349075 & Score: -inf
.Lambda : 0.00600326161888 Mu : 0.00489583586077 & Score: -3934.160689
.Lambda : 0.00603210018544 Mu : 0.00485601440808 & Score: -3934.752876
.Lambda : 0.00601355000417 Mu : 0.00490352966803 & Score: -inf
.Lambda : 0.00601818754949 Mu : 0.00489165085304 & Score: -inf
.Lambda : 0.00602282509481 Mu : 0.00487977203805 & Score: -3933.052759
.Lambda : 0.00603724437809 Mu : 0.00485986131170 & Score: -3933.363174
.Lambda : 0.00602796928745 Mu : 0.00488361894168 & Score: -inf
.Lambda : 0.00603028806011 Mu : 0.00487767953419 & Score: -3932.087359
.Lambda : 0.00604985153603 Mu : 0.00486161571146 & Score: -3931.014466
.Lambda : 0.00606336475665 Mu : 0.00485253754817 & Score: -inf
.Lambda : 0.00606195204665 Mu : 0.00484764439261 & Score: -3930.918793
.Lambda : 0.00607778403993 Mu : 0.00483262682182 & Score: -3930.349844
.Lambda : 0.00608524700523 Mu : 0.00483053431795 & Score: -3929.399430
.Lambda : 0.00610667622248 Mu : 0.00481394736927 & Score: -3928.149925
.Lambda : 0.00613460872637 Mu : 0.00478495847962 & Score: -3927.606368
.Lambda : 0.00617698732154 Mu : 0.00474662986370 & Score: -3926.127753
.Lambda : 0.00620587950409 Mu : 0.00472795041115 & Score: -3924.145584
.Lambda : 0.00626992723617 Mu : 0.00467561220581 & Score: -3921.499767
.Lambda : 0.00634023833523 Mu : 0.00460829470025 & Score: -3920.317505
.Lambda : 0.00645701939160 Mu : 0.00450546836574 & Score: -3917.586791
.Lambda : 0.00654995930624 Mu : 0.00443445070785 & Score: -3914.413406
.Lambda : 0.00673644529858 Mu : 0.00427836112992 & Score: -3911.522168
.Lambda : 0.00692353745402 Mu : 0.00410821728985 & Score: -3912.424358
.Lambda : 0.00720296336100 Mu : 0.00388111005402 & Score: -3912.340531
.Lambda : 0.00701587120557 Mu : 0.00405125389410 & Score: -3909.232780
.Lambda : 0.00706203808134 Mu : 0.00402277219622 & Score: -3907.678249
.Lambda : 0.00659552001892 Mu : 0.00442002327211 & Score: -inf
.Lambda : 0.00674738085444 Mu : 0.00428529496759 & Score: -3908.933180
.Lambda : 0.00707297363720 Mu : 0.00402970603389 & Score: -3905.159391
.Lambda : 0.00724123780650 Mu : 0.00390537848588 & Score: -3903.606701
.Lambda : 0.00755589503340 Mu : 0.00364285571451 & Score: -3908.111567
.Lambda : 0.00674738085444 Mu : 0.00428529496759 & Score: -3908.933180
.Lambda : 0.00694950939918 Mu : 0.00412468515432 & Score: -3906.364864
.Lambda : 0.00712870912434 Mu : 0.00400729144399 & Score: -3901.571746
.Lambda : 0.00716204464585 Mu : 0.00399955106787 & Score: -3898.589814
.Lambda : 0.00745377305317 Mu : 0.00378024439943 & Score: -3897.713588
.Lambda : 0.00770590488016 Mu : 0.00360802402198 & Score: -3896.416411
.Lambda : 0.00762671171950 Mu : 0.00370219660397 & Score: -3890.097027
.Lambda : 0.00781944867600 Mu : 0.00360060566301 & Score: -inf
.Lambda : 0.00817057195381 Mu : 0.00331066955808 & Score: -3894.109900
.Lambda : 0.00809137879316 Mu : 0.00340484214007 & Score: -3886.963415
.Lambda : 0.00828411574966 Mu : 0.00330325119911 & Score: -3883.492408
.Lambda : 0.00774025551535 Mu : 0.00369477824499 & Score: -inf
.Lambda : 0.00784783462496 Mu : 0.00359875107327 & Score: -inf
.Lambda : 0.00795541373458 Mu : 0.00350272390154 & Score: -3885.818339
.Lambda : 0.00822734385174 Mu : 0.00330696037860 & Score: -3888.750140
.Lambda : 0.00801218563250 Mu : 0.00349901472205 & Score: -inf
.Lambda : 0.00806597518731 Mu : 0.00345100113619 & Score: -inf
.Lambda : 0.00811976474212 Mu : 0.00340298755032 & Score: -3884.222869
.Lambda : 0.00825572980070 Mu : 0.00330510578885 & Score: -3886.114123
.Lambda : 0.00814815069108 Mu : 0.00340113296058 & Score: -3881.512546
.Lambda : 0.00809436113627 Mu : 0.00344914654644 & Score: -inf
.Lambda : 0.00831250169862 Mu : 0.00330139660936 & Score: -3880.883049
.Lambda : 0.00840887017687 Mu : 0.00325060113889 & Score: -3879.514576
.Lambda : 0.00827290511829 Mu : 0.00334848290036 & Score: -inf
.Lambda : 0.00827570777613 Mu : 0.00333717497504 & Score: -inf
.Lambda : 0.00827851043398 Mu : 0.00332586704973 & Score: -3880.317792
.Lambda : 0.00834649296326 Mu : 0.00327692616900 & Score: -3881.451025
.Lambda : 0.00834088764758 Mu : 0.00329954201962 & Score: -inf
.Lambda : 0.00834228897650 Mu : 0.00329388805697 & Score: -3879.079898
.Lambda : 0.00847264871940 Mu : 0.00321862214612 & Score: -3878.423849
.Lambda : 0.00856971786211 Mu : 0.00316499969431 & Score: -3877.669718
.Lambda : 0.00850313666174 Mu : 0.00320828661239 & Score: -3877.093950
.Lambda : 0.00855026990417 Mu : 0.00318712934914 & Score: -3875.912580
.Lambda : 0.00877769878978 Mu : 0.00305824098649 & Score: -3874.883873
.Lambda : 0.00899540369642 Mu : 0.00294041745125 & Score: -3874.008385
.Lambda : 0.00897595573848 Mu : 0.00296254710608 & Score: -3872.145569
.Lambda : 0.00917907467667 Mu : 0.00286132081197 & Score: -3870.260230
.Lambda : 0.00962420846892 Mu : 0.00261460891408 & Score: -3871.485484
.Lambda : 0.00980787944917 Mu : 0.00253551227479 & Score: -3868.842519
.Lambda : 0.01021411732555 Mu : 0.00233305968656 & Score: -3868.641301
.Lambda : 0.00976898353330 Mu : 0.00257977158446 & Score: -3864.992464
.Lambda : 0.00984137106550 Mu : 0.00256235291965 & Score: -3861.748946
.Lambda : 0.01087641371437 Mu : 0.00203409179424 & Score: -3866.798697
.Lambda : 0.01050366745432 Mu : 0.00226338502733 & Score: -3857.601416
.Lambda : 0.01064844251871 Mu : 0.00222854769771 & Score: -3852.304655
.Lambda : 0.00961339986983 Mu : 0.00275680882311 & Score: -inf
.Lambda : 0.00992915333097 Mu : 0.00257612956589 & Score: -inf
.Lambda : 0.01024490679210 Mu : 0.00239545030868 & Score: -3856.128170
.Lambda : 0.01076242811654 Mu : 0.00213131974598 & Score: -3859.343466
.Lambda : 0.01013092119427 Mu : 0.00249267826041 & Score: -inf
.Lambda : 0.01028879792484 Mu : 0.00240233863180 & Score: -3851.629978
.Lambda : 0.01069233365144 Mu : 0.00223543602083 & Score: -3847.976255
.Lambda : 0.01091604708111 Mu : 0.00215542887691 & Score: -3844.314475
.Lambda : 0.01055640248724 Mu : 0.00232921981100 & Score: -inf
.Lambda : 0.01057941249511 Mu : 0.00230405178268 & Score: -3845.447811
.Lambda : 0.01120666165138 Mu : 0.00205714202779 & Score: -3839.827590
.Lambda : 0.01166559351466 Mu : 0.00188454372578 & Score: -3837.455529
.Lambda : 0.01200222810066 Mu : 0.00173592082001 & Score: -3840.697781
.Lambda : 0.01275177453421 Mu : 0.00146503566888 & Score: -3839.135491
.Lambda : 0.01241513994820 Mu : 0.00161365857465 & Score: -3835.248652
.Lambda : 0.01262159587198 Mu : 0.00155252745197 & Score: -3832.766252
.Lambda : 0.01153541485243 Mu : 0.00197203550887 & Score: -3831.670275
.Lambda : 0.01092723501153 Mu : 0.00222553542886 & Score: -inf
.Lambda : 0.01249141720974 Mu : 0.00164001923506 & Score: -3826.750295
.Lambda : 0.01290432905728 Mu : 0.00151775698970 & Score: -3822.532042
.Lambda : 0.01181814803773 Mu : 0.00193726504660 & Score: -inf
.Lambda : 0.01201900999629 Mu : 0.00184108064794 & Score: -3822.793334
.Lambda : 0.01338792420115 Mu : 0.00138680212877 & Score: -3817.027922
.Lambda : 0.01431417887552 Mu : 0.00109418543872 & Score: -3819.195507
.Lambda : 0.01427324326214 Mu : 0.00106347847052 & Score: -3825.987251
.Lambda : 0.01370968494568 Mu : 0.00125787901488 & Score: -3821.223587
.Lambda : 0.01419328008955 Mu : 0.00112692415395 & Score: -3819.416621
.Lambda : 0.01387151934502 Mu : 0.00125584726784 & Score: -3813.911928
.Lambda : 0.01395243654469 Mu : 0.00125483139432 & Score: -3810.335970
.Lambda : 0.01314708065630 Mu : 0.00151470936914 & Score: -3810.319926
.Lambda : 0.01262398093967 Mu : 0.00170860197673 & Score: -inf
.Lambda : 0.01371159299984 Mu : 0.00138273863469 & Score: -3801.912733
.Lambda : 0.01387342739918 Mu : 0.00138070688765 & Score: -3794.852910
.Lambda : 0.01306807151078 Mu : 0.00164058486247 & Score: -inf
.Lambda : 0.01328916276926 Mu : 0.00154414649543 & Score: -inf
.Lambda : 0.01351025402774 Mu : 0.00144770812839 & Score: -3802.006186
.Lambda : 0.01391293197194 Mu : 0.00131776914098 & Score: -3802.558525
.Lambda : 0.01347074945498 Mu : 0.00151064587506 & Score: -inf
.Lambda : 0.01358129508422 Mu : 0.00146242669154 & Score: -inf
.Lambda : 0.01369184071346 Mu : 0.00141420750802 & Score: -3798.190814
.Lambda : 0.01389317968556 Mu : 0.00134923801432 & Score: -3798.696648
.Lambda : 0.01367208842708 Mu : 0.00144567638135 & Score: -inf
.Lambda : 0.01372736124170 Mu : 0.00142156678960 & Score: -3795.469962
.Lambda : 0.01390894792742 Mu : 0.00138806616922 & Score: -3792.190077
.Lambda : 0.01401750153440 Mu : 0.00137499549982 & Score: -inf
.Lambda : 0.01405501408490 Mu : 0.00134720626728 & Score: -3791.883011
.Lambda : 0.01421884050650 Mu : 0.00131002600612 & Score: -3790.302258
.Lambda : 0.01425436103474 Mu : 0.00131738528769 & Score: -3787.722246
.Lambda : 0.01444482785252 Mu : 0.00128572448771 & Score: -inf
.Lambda : 0.01456425361382 Mu : 0.00123934512459 & Score: -3786.486392
.Lambda : 0.01489190645702 Mu : 0.00116498460227 & Score: -3784.420306
.Lambda : 0.01492742698526 Mu : 0.00117234388385 & Score: -3781.989238
.Lambda : 0.01528172022464 Mu : 0.00110350282271 & Score: -3778.965962
.Lambda : 0.01591926564692 Mu : 0.00095110213729 & Score: -3780.364494
.Lambda : 0.01630907941454 Mu : 0.00088962035772 & Score: -3778.375693
.Lambda : 0.01701766589330 Mu : 0.00075193823545 & Score: -3783.687726
.Lambda : 0.01567153399226 Mu : 0.00104202104315 & Score: -3774.503791
.Lambda : 0.01554766816493 Mu : 0.00108748049607 & Score: -inf
.Lambda : 0.01669889318216 Mu : 0.00082813857816 & Score: -3778.076283
.Lambda : 0.01606134775988 Mu : 0.00098053926358 & Score: -3771.385972
.Lambda : 0.01593748193255 Mu : 0.00102599871651 & Score: -inf
.Lambda : 0.01503398856998 Mu : 0.00119442172857 & Score: -inf
.Lambda : 0.01545021472303 Mu : 0.00110285094096 & Score: -inf
.Lambda : 0.01586644087607 Mu : 0.00101128015336 & Score: -3772.793528
.Lambda : 0.01638012047102 Mu : 0.00090433892087 & Score: -3773.959616
.Lambda : 0.01554766816493 Mu : 0.00108748049607 & Score: -inf
.Lambda : 0.01575578124146 Mu : 0.00104169510227 & Score: -3771.801288
.Lambda : 0.01595068812527 Mu : 0.00101095421249 & Score: -3770.196835
.Lambda : 0.01599281174986 Mu : 0.00101079124206 & Score: -3768.913728
.Lambda : 0.01629837826829 Mu : 0.00094963540336 & Score: -3769.127496
.Lambda : 0.01622984225827 Mu : 0.00097988738184 & Score: -3766.485062
.Lambda : 0.01631408950746 Mu : 0.00097956144097 & Score: -inf
.Lambda : 0.01592427573984 Mu : 0.00104104322053 & Score: -inf
.Lambda : 0.01601780137196 Mu : 0.00101819126624 & Score: -inf
.Lambda : 0.01611132700407 Mu : 0.00099533931195 & Score: -3767.636204
.Lambda : 0.01626411026328 Mu : 0.00096476139260 & Score: -3767.787489
.Lambda : 0.01607705899906 Mu : 0.00101046530118 & Score: -inf
.Lambda : 0.01612382181511 Mu : 0.00099903932404 & Score: -inf
.Lambda : 0.01617058463117 Mu : 0.00098761334689 & Score: -3767.051602
.Lambda : 0.01624697626078 Mu : 0.00097232438722 & Score: -3767.131629
.Lambda : 0.01615345062866 Mu : 0.00099517634151 & Score: -inf
.Lambda : 0.01617683203669 Mu : 0.00098946335294 & Score: -inf
.Lambda : 0.01620021344472 Mu : 0.00098375036436 & Score: -3766.770980
.Lambda : 0.01623840925952 Mu : 0.00097610588453 & Score: -3766.807190
.Lambda : 0.01619164644347 Mu : 0.00098753186167 & Score: -inf
.Lambda : 0.01620333714748 Mu : 0.00098467536739 & Score: -3766.539825
.Lambda : 0.01623296596103 Mu : 0.00098081238486 & Score: -3766.254321
.Lambda : 0.01624934221919 Mu : 0.00097934339511 & Score: -inf
.Lambda : 0.01625947107182 Mu : 0.00097602439931 & Score: -3766.208062
.Lambda : 0.01628753803399 Mu : 0.00097169891527 & Score: -3766.055011
.Lambda : 0.01629066173675 Mu : 0.00097262391829 & Score: -inf
.Lambda : 0.01627545686713 Mu : 0.00097443978418 & Score: -3765.986575
.Lambda : 0.01633002894009 Mu : 0.00096532631459 & Score: -3765.812733
.Lambda : 0.01637856042962 Mu : 0.00095758327946 & Score: -3765.630876
.Lambda : 0.01636647926276 Mu : 0.00096032414837 & Score: -3765.549139
.Lambda : 0.01640594987715 Mu : 0.00095463676491 & Score: -3765.320705
.Lambda : 0.01650905343964 Mu : 0.00093778026019 & Score: -3765.111992
.Lambda : 0.01662585172589 Mu : 0.00091945049819 & Score: -3764.897512
.Lambda : 0.01665324117342 Mu : 0.00091650398365 & Score: -3764.654571
.Lambda : 0.01679058154532 Mu : 0.00089596433575 & Score: -3764.465950
.Lambda : 0.01701048339406 Mu : 0.00086077806903 & Score: -3764.938520
.Lambda : 0.01640594987715 Mu : 0.00095463676491 & Score: -3765.320705
.Lambda : 0.01655708325638 Mu : 0.00093117209094 & Score: -3764.860332
.Lambda : 0.01672181307580 Mu : 0.00090768592849 & Score: -3764.306352
.Lambda : 0.01676979375076 Mu : 0.00090180364364 & Score: -3764.044116
.Lambda : 0.01700329203970 Mu : 0.00086659588845 & Score: -3764.154339
.Lambda : 0.01698250424513 Mu : 0.00087243519634 & Score: -3763.685756
.Lambda : 0.01707846559504 Mu : 0.00086067062664 & Score: -3763.381296
.Lambda : 0.01684496730610 Mu : 0.00089587838184 & Score: -inf
.Lambda : 0.01688454848950 Mu : 0.00088855775849 & Score: -3763.373541
.Lambda : 0.01719322033379 Mu : 0.00084742474149 & Score: -3762.986886
.Lambda : 0.01740493362531 Mu : 0.00082023529042 & Score: -3762.940609
.Lambda : 0.01721101651976 Mu : 0.00084812242226 & Score: -inf
.Lambda : 0.01717787878858 Mu : 0.00085125947336 & Score: -3762.691307
.Lambda : 0.01769826392439 Mu : 0.00078293700528 & Score: -3763.488225
.Lambda : 0.01749483506567 Mu : 0.00080934219359 & Score: -3762.930167
.Lambda : 0.01726778022895 Mu : 0.00084036637653 & Score: -3762.518792
.Lambda : 0.01719920353076 Mu : 0.00085043191958 & Score: -inf
.Lambda : 0.01695082395186 Mu : 0.00088228365630 & Score: -inf
.Lambda : 0.01708682673031 Mu : 0.00086404829062 & Score: -inf
.Lambda : 0.01722282950876 Mu : 0.00084581292494 & Score: -3762.604801
.Lambda : 0.01738130764731 Mu : 0.00082485428506 & Score: -3762.660914
.Lambda : 0.01710930209040 Mu : 0.00086132501641 & Score: -inf
.Lambda : 0.01717730347963 Mu : 0.00085220733358 & Score: -inf
.Lambda : 0.01724530486886 Mu : 0.00084308965074 & Score: -3762.563134
.Lambda : 0.01732454393813 Mu : 0.00083261033079 & Score: -3762.573958
.Lambda : 0.01718854115967 Mu : 0.00085084569647 & Score: -inf
.Lambda : 0.01722254185429 Mu : 0.00084628685505 & Score: -inf
.Lambda : 0.01725654254890 Mu : 0.00084172801363 & Score: -3762.540375
.Lambda : 0.01729616208354 Mu : 0.00083648835366 & Score: -3762.542401
.Lambda : 0.01722816069431 Mu : 0.00084560603650 & Score: -inf
.Lambda : 0.01724516104162 Mu : 0.00084332661579 & Score: -inf
.Lambda : 0.01726216138892 Mu : 0.00084104719508 & Score: -3762.529436
.Lambda : 0.01728197115624 Mu : 0.00083842736509 & Score: -3762.529603
.Lambda : 0.01724797046163 Mu : 0.00084298620651 & Score: -inf
.Lambda : 0.01725647063528 Mu : 0.00084184649616 & Score: -3762.522374
.Lambda : 0.01726208947530 Mu : 0.00084116567761 & Score: -3762.511421
.Lambda : 0.01726205351849 Mu : 0.00084122491887 & Score: -inf
.Lambda : 0.01727339906897 Mu : 0.00083968555798 & Score: -3762.508441
.Lambda : 0.01728186328581 Mu : 0.00083860508889 & Score: -3762.502499
.Lambda : 0.01727617253217 Mu : 0.00083940438996 & Score: -3762.494350
.Lambda : 0.01728036868378 Mu : 0.00083892339668 & Score: -inf
.Lambda : 0.01729594634268 Mu : 0.00083684380124 & Score: -3762.488078
.Lambda : 0.01731287477636 Mu : 0.00083468286306 & Score: -3762.480502
.Lambda : 0.01730718402272 Mu : 0.00083548216414 & Score: -3762.470635
.Lambda : 0.01731984439118 Mu : 0.00083392070176 & Score: -3762.456956
.Lambda : 0.01735654663537 Mu : 0.00082919917486 & Score: -3762.458335
.Lambda : 0.01736351625019 Mu : 0.00082843701356 & Score: -3762.437573
.Lambda : 0.01738883698710 Mu : 0.00082531408882 & Score: -3762.425105
.Lambda : 0.01735213474290 Mu : 0.00083003561572 & Score: -inf
.Lambda : 0.01735323771602 Mu : 0.00082982650551 & Score: -3762.424007
.Lambda : 0.01742223031194 Mu : 0.00082121989256 & Score: -3762.413723
.Lambda : 0.01747342327232 Mu : 0.00081486948796 & Score: -3762.428924
.Lambda : 0.01738663104086 Mu : 0.00082573230925 & Score: -inf
.Lambda : 0.01738718252742 Mu : 0.00082562775414 & Score: -3762.407366
.Lambda : 0.01745617512334 Mu : 0.00081702114119 & Score: -3762.419030
.Lambda : 0.01735323771602 Mu : 0.00082982650551 & Score: -3762.424007
.Lambda : 0.01737897206785 Mu : 0.00082662516443 & Score: -3762.413445
.Lambda : 0.01734392428333 Mu : 0.00083103302601 & Score: -inf
.Lambda : 0.01736350079048 Mu : 0.00082857974265 & Score: -inf
.Lambda : 0.01738307729764 Mu : 0.00082612645929 & Score: -3762.410327
.Lambda : 0.01740470641968 Mu : 0.00082342382335 & Score: -3762.409097
.Lambda : 0.01740881164947 Mu : 0.00082292511821 & Score: -3762.406965
.Lambda : 0.01742167882538 Mu : 0.00082132444767 & Score: -3762.407613
.Lambda : 0.01739128775721 Mu : 0.00082512904900 & Score: -3762.404561
.Lambda : 0.01738457842597 Mu : 0.00082598166182 & Score: -inf
.Lambda : 0.01741291687925 Mu : 0.00082242641306 & Score: -3762.404989
.Lambda : 0.01739539298699 Mu : 0.00082463034385 & Score: -3762.401913
.Lambda : 0.01738868365576 Mu : 0.00082548295668 & Score: -inf
.Lambda : 0.01737376386495 Mu : 0.00082733297979 & Score: -inf
.Lambda : 0.01738355211852 Mu : 0.00082610633811 & Score: -inf
.Lambda : 0.01739334037210 Mu : 0.00082487969643 & Score: -3762.403218
.Lambda : 0.01740415493312 Mu : 0.00082352837846 & Score: -3762.403089
.Lambda : 0.01740620754801 Mu : 0.00082327902589 & Score: -3762.401992
.Lambda : 0.01739744560189 Mu : 0.00082438099128 & Score: -3762.400648
.Lambda : 0.01739409093627 Mu : 0.00082480729769 & Score: -inf
.Lambda : 0.01738663104086 Mu : 0.00082573230925 & Score: -inf
.Lambda : 0.01739152516765 Mu : 0.00082511898841 & Score: -inf
.Lambda : 0.01739641929444 Mu : 0.00082450566757 & Score: -3762.401275
.Lambda : 0.01740182657495 Mu : 0.00082383000858 & Score: -3762.401229
.Lambda : 0.01740285288240 Mu : 0.00082370533230 & Score: -3762.400653
.Lambda : 0.01739847190933 Mu : 0.00082425631500 & Score: -3762.400029
.Lambda : 0.01739679457652 Mu : 0.00082446946820 & Score: -inf
.Lambda : 0.01739306462882 Mu : 0.00082493197398 & Score: -inf
.Lambda : 0.01739551169221 Mu : 0.00082462531356 & Score: -inf
.Lambda : 0.01739795875561 Mu : 0.00082431865314 & Score: -3762.400337
.Lambda : 0.01740066239586 Mu : 0.00082398082365 & Score: -3762.400319
.Lambda : 0.01740117554959 Mu : 0.00082391848550 & Score: -3762.400024
.Lambda : 0.01740278394658 Mu : 0.00082371840169 & Score: -3762.399903
.Lambda : 0.01740059346004 Mu : 0.00082399389304 & Score: -3762.399571
.Lambda : 0.01740055899213 Mu : 0.00082400042773 & Score: -inf
.Lambda : 0.01740490549729 Mu : 0.00082345597973 & Score: -3762.399530
.Lambda : 0.01740812229127 Mu : 0.00082305581209 & Score: -3762.399426
.Lambda : 0.01740593180474 Mu : 0.00082333130344 & Score: -3762.398984
.Lambda : 0.01740750573382 Mu : 0.00082313775432 & Score: -3762.398558
.Lambda : 0.01741503456504 Mu : 0.00082219967337 & Score: -3762.398902
.Lambda : 0.01741441800759 Mu : 0.00082228161560 & Score: -3762.397993
.Lambda : 0.01741756586574 Mu : 0.00082189451735 & Score: -3762.397415
.Lambda : 0.01741003703452 Mu : 0.00082283259830 & Score: -3762.396894
.Lambda : 0.01740753826926 Mu : 0.00082314906076 & Score: -inf
.Lambda : 0.01742009716645 Mu : 0.00082158936133 & Score: -3762.395987
.Lambda : 0.01742639288277 Mu : 0.00082081516484 & Score: -3762.395256
.Lambda : 0.01741886405154 Mu : 0.00082175324578 & Score: -3762.394115
.Lambda : 0.01741951314444 Mu : 0.00082168261000 & Score: -inf
.Lambda : 0.01743521989979 Mu : 0.00081973581233 & Score: -3762.393822
.Lambda : 0.01744781133243 Mu : 0.00081818741934 & Score: -3762.394502
.Lambda : 0.01742769106857 Mu : 0.00082067389327 & Score: -inf
.Lambda : 0.01742736652212 Mu : 0.00082070921116 & Score: -3762.392858
.Lambda : 0.01744372237037 Mu : 0.00081869177771 & Score: -3762.393861
.Lambda : 0.01741886405154 Mu : 0.00082175324578 & Score: -3762.394115
.Lambda : 0.01742507863125 Mu : 0.00082098787876 & Score: -3762.393511
.Lambda : 0.01741722525358 Mu : 0.00082196127760 & Score: -inf
.Lambda : 0.01742172391513 Mu : 0.00082140491128 & Score: -inf
.Lambda : 0.01742622257668 Mu : 0.00082084854496 & Score: -3762.393178
.Lambda : 0.01743129321096 Mu : 0.00082022251175 & Score: -3762.393268
.Lambda : 0.01742229588785 Mu : 0.00082133524438 & Score: -inf
.Lambda : 0.01742454521862 Mu : 0.00082105706122 & Score: -3762.392962
.Lambda : 0.01742568916406 Mu : 0.00082091772742 & Score: -inf
.Lambda : 0.01742582251722 Mu : 0.00082090043181 & Score: -3762.392762
.Lambda : 0.01742864382071 Mu : 0.00082055258175 & Score: -3762.392691
.Lambda : 0.01743069312175 Mu : 0.00082030034201 & Score: -3762.392614
.Lambda : 0.01742914911685 Mu : 0.00082049156266 & Score: -3762.392471
.Lambda : 0.01743004041421 Mu : 0.00082038273840 & Score: -3762.392288
.Lambda : 0.01743491101875 Mu : 0.00081978264860 & Score: -3762.392333
.Lambda : 0.01743425831121 Mu : 0.00081986504499 & Score: -3762.391981
.Lambda : 0.01743604090594 Mu : 0.00081964739649 & Score: -3762.391708
.Lambda : 0.01743117030140 Mu : 0.00082024748628 & Score: -inf
.Lambda : 0.01743210548074 Mu : 0.00082013127686 & Score: -3762.391780
.Lambda : 0.01743810597247 Mu : 0.00081939593495 & Score: -3762.391315
.Lambda : 0.01744213875160 Mu : 0.00081890253322 & Score: -3762.391055
.Lambda : 0.01744607417680 Mu : 0.00081841865284 & Score: -3762.391350
.Lambda : 0.01745217202245 Mu : 0.00081767378958 & Score: -3762.391266
.Lambda : 0.01744823659725 Mu : 0.00081815766996 & Score: -3762.390747
.Lambda : 0.01744931780748 Mu : 0.00081802717851 & Score: -3762.390462
.Lambda : 0.01743928453662 Mu : 0.00081925592216 & Score: -inf
.Lambda : 0.01744250640808 Mu : 0.00081886038901 & Score: -3762.390560
.Lambda : 0.01744968546396 Mu : 0.00081798503430 & Score: -inf
.Lambda : 0.01744779878587 Mu : 0.00081821440903 & Score: -3762.390208
.Lambda : 0.01745461018527 Mu : 0.00081738119854 & Score: -3762.390445
.Lambda : 0.01745309116366 Mu : 0.00081756842905 & Score: -3762.390116
.Lambda : 0.01745497784175 Mu : 0.00081733905433 & Score: -3762.389992
.Lambda : 0.01744816644235 Mu : 0.00081817226482 & Score: -inf
.Lambda : 0.01744977737808 Mu : 0.00081797449825 & Score: -inf
.Lambda : 0.01745138831381 Mu : 0.00081777673168 & Score: -3762.390040
.Lambda : 0.01745479401351 Mu : 0.00081736012643 & Score: -3762.390218
.Lambda : 0.01745157214205 Mu : 0.00081775565957 & Score: -inf
.Lambda : 0.01745237760992 Mu : 0.00081765677629 & Score: -inf
.Lambda : 0.01745318307778 Mu : 0.00081755789300 & Score: -3762.390001
.Lambda : 0.01745488592763 Mu : 0.00081734959038 & Score: -3762.390105
.Lambda : 0.01745327499190 Mu : 0.00081754735695 & Score: -inf
.Lambda : 0.01745367772583 Mu : 0.00081749791531 & Score: -3762.389939
.Lambda : 0.01745547248980 Mu : 0.00081727907663 & Score: -3762.389938
.Lambda : 0.01745661719582 Mu : 0.00081713966844 & Score: -3762.389925
.Lambda : 0.01745531707990 Mu : 0.00081729852943 & Score: -inf
.Lambda : 0.01745523227036 Mu : 0.00081730866065 & Score: -inf
.Lambda : 0.01745514746083 Mu : 0.00081731879188 & Score: -3762.389922
.Lambda : 0.01745579751878 Mu : 0.00081723936138 & Score: -3762.389956
.Lambda : 0.01745596713786 Mu : 0.00081721909893 & Score: -inf
.Lambda : 0.01745592473309 Mu : 0.00081722416455 & Score: -3762.389904
.Lambda : 0.01745445499810 Mu : 0.00081740328798 & Score: -3762.389910
.Lambda : 0.01745523227036 Mu : 0.00081730866065 & Score: -inf
.Lambda : 0.01745521106798 Mu : 0.00081731119346 & Score: -3762.389896
.Lambda : 0.01745668080297 Mu : 0.00081713207002 & Score: -3762.389900
.Lambda : 0.01745596713786 Mu : 0.00081721909893 & Score: -inf
.Lambda : 0.01745595653667 Mu : 0.00081722036534 & Score: -inf
.Lambda : 0.01745594593547 Mu : 0.00081722163174 & Score: -3762.389895
.Lambda : 0.01745556790053 Mu : 0.00081726767900 & Score: -3762.389899
.Lambda : 0.01745558910292 Mu : 0.00081726514620 & Score: -inf
.Lambda : 0.01745558380232 Mu : 0.00081726577940 & Score: -inf
.Lambda : 0.01745557850173 Mu : 0.00081726641260 & Score: -3762.389895
.Lambda : 0.01745575691800 Mu : 0.00081724465537 & Score: -3762.389897
.Lambda : 0.01745576751920 Mu : 0.00081724338897 & Score: -inf
.Lambda : 0.01745576486890 Mu : 0.00081724370557 & Score: -3762.389894
.Lambda : 0.01745539743515 Mu : 0.00081728848643 & Score: -3762.389894
.Lambda : 0.01745558380232 Mu : 0.00081726577940 & Score: -inf
.Lambda : 0.01745558247717 Mu : 0.00081726593770 & Score: -inf
.Lambda : 0.01745558115202 Mu : 0.00081726609600 & Score: -3762.389894
.Lambda : 0.01745567168531 Mu : 0.00081725505908 & Score: -3762.389894
.
Lambda Search Result: 255
Lambda : 0.01745558115202 Mu : 0.00081726609600 & Score: 3762.389894
DONE: Lamda,Mu Search or setting, for command:
lambdamu -s
