The Number of families : 1000 ==> 860
-----------------------------------------------------------
Family information: sim
Log: ./sim.log
Tree: (((musDom:52,gloMor:52):52,((droWil:56,(droPse:48,((droYak:14,droMel:14):17,droAna:31):17):8):8,(droVir:32,droMoj:32):32):39):184,((culQui:79,aedAeg:79):79,(anoDar:70,(anoSte:35,anoGam:35):35):88):129)
The number of families is 860
Root Family size : 1 ~ 30
Family size : 0 ~ 56
P-value: 0.010000
Num of Threads: 4
Num of Random: 1000
Empirical Prior Estimation Result: 29
Poisson lambda: 0.166504 & Score: 5452.879835
Lambda : 0.00143114209894 & Score: -6076.002941
.Lambda : 0.00150269920389 & Score: -6166.982431
.Lambda : 0.00135958499399 & Score: -5986.868382
.Lambda : 0.00128802788904 & Score: -5899.903713
.Lambda : 0.00114491367915 & Score: -5733.842488
.Lambda : 0.00100179946926 & Score: -5581.561216
.Lambda : 0.00071557104947 & Score: -5343.553136
.Lambda : 0.00042934262968 & Score: -5287.584431
.Lambda : -0.00014311420989 & Score: -inf
.Lambda : 0.00014311420989 & Score: -5885.493338
.Lambda : 0.00071557104947 & Score: -5343.553136
.Lambda : 0.00014311420989 & Score: -5885.493338
.Lambda : 0.00028622841979 & Score: -5424.549571
.Lambda : 0.00057245683958 & Score: -5280.841017
.Lambda : 0.00071557104947 & Score: -5343.553136
.Lambda : 0.00064401394452 & Score: -5305.664378
.Lambda : 0.00050089973463 & Score: -5272.961670
.Lambda : 0.00042934262968 & Score: -5287.584431
.Lambda : 0.00046512118216 & Score: -5277.015361
.Lambda : 0.00053667828710 & Score: -5274.488204
.Lambda : 0.00046512118216 & Score: -5277.015361
.Lambda : 0.00048301045839 & Score: -5274.237414
.Lambda : 0.00051878901087 & Score: -5273.078188
.Lambda : 0.00048301045839 & Score: -5274.237414
.Lambda : 0.00049195509651 & Score: -5273.418919
.Lambda : 0.00050984437275 & Score: -5272.852313
.Lambda : 0.00051878901087 & Score: -5273.078188
.Lambda : 0.00051431669181 & Score: -5272.924112
.Lambda : 0.00050537205369 & Score: -5272.864312
.Lambda : 0.00051431669181 & Score: -5272.924112
.Lambda : 0.00051208053228 & Score: -5272.877833
.Lambda : 0.00050760821322 & Score: -5272.847741
.Lambda : 0.00050537205369 & Score: -5272.864312
.Lambda : 0.00050649013345 & Score: -5272.853372
.Lambda : 0.00050872629298 & Score: -5272.847396
.Lambda : 0.00050984437275 & Score: -5272.852313
.Lambda : 0.00050928533286 & Score: -5272.849198
.Lambda : 0.00050816725310 & Score: -5272.846910
.Lambda : 0.00050760821322 & Score: -5272.847741
.Lambda : 0.00050788773316 & Score: -5272.847160
.Lambda : 0.00050844677304 & Score: -5272.846988
.Lambda : 0.00050788773316 & Score: -5272.847160
.Lambda : 0.00050802749313 & Score: -5272.846994
.Lambda : 0.00050830701307 & Score: -5272.846908
.Lambda : 0.00050844677304 & Score: -5272.846988
.Lambda : 0.00050837689306 & Score: -5272.846938
.Lambda : 0.00050823713308 & Score: -5272.846898
.Lambda : 0.00050816725310 & Score: -5272.846910
.Lambda : 0.00050820219309 & Score: -5272.846901
.Lambda : 0.00050827207308 & Score: -5272.846901
.Lambda : 0.00050820219309 & Score: -5272.846901
.Lambda : 0.00050821966309 & Score: -5272.846899
.
Lambda Search Result: 23
Lambda : 0.00050823713308 & Score: 5272.846898
DONE: Lamda Search or setting, for command:
lambda -s
Empirical Prior Estimation Result: 29
Poisson lambda: 0.166504 & Score: 5452.879835
Lambda : 0.00354897451293 Mu : 0.00087553623092 & Score: -7478.378294
.Lambda : 0.00372642323858 Mu : 0.00087553623092 & Score: -7641.650549
.Lambda : 0.00372642323858 Mu : 0.00091931304247 & Score: -7655.081116
.Lambda : 0.00354897451293 Mu : 0.00083175941937 & Score: -7465.425597
.Lambda : 0.00346025015011 Mu : 0.00078798260783 & Score: -7372.050428
.Lambda : 0.00328280142446 Mu : 0.00078798260783 & Score: -7210.226457
.Lambda : 0.00306099051741 Mu : 0.00074420579628 & Score: -6998.638419
.Lambda : 0.00297226615458 Mu : 0.00065665217319 & Score: -6899.338740
.Lambda : 0.00268391197541 Mu : 0.00054721014432 & Score: -6627.924703
.Lambda : 0.00228465234270 Mu : 0.00050343333278 & Score: -6281.557821
.Lambda : 0.00169685343900 Mu : 0.00036115869525 & Score: -5824.341576
.Lambda : 0.00131977489700 Mu : 0.00016416304330 & Score: -5712.590284
.Lambda : 0.00044916708679 Mu : -0.00012585833319 & Score: -inf
.Lambda : 0.00033271636059 Mu : -0.00002188840577 & Score: -inf
.Lambda : 0.00092051526429 Mu : 0.00012038623175 & Score: -5586.606243
.Lambda : 0.00054343672229 Mu : -0.00007660942021 & Score: -inf
.Lambda : 0.00083179090147 Mu : 0.00003283260866 & Score: -6027.220094
.Lambda : 0.00112014508064 Mu : 0.00014227463752 & Score: -5633.396578
.Lambda : 0.00130868435164 Mu : 0.00024077246350 & Score: -5613.984722
.Lambda : 0.00110905453529 Mu : 0.00021888405773 & Score: -5515.780516
.Lambda : 0.00110350926262 Mu : 0.00025718876783 & Score: -5480.462832
.Lambda : 0.00071534017526 Mu : 0.00013680253608 & Score: -5481.874471
.Lambda : 0.00089833417359 Mu : 0.00027360507216 & Score: -5373.100217
.Lambda : 0.00088724362823 Mu : 0.00035021449237 & Score: -5337.834941
.Lambda : 0.00127541271559 Mu : 0.00047060072412 & Score: -5526.548216
.Lambda : 0.00113539458051 Mu : 0.00038715117711 & Score: -5448.234631
.Lambda : 0.00091912894612 Mu : 0.00048017690164 & Score: -5342.947775
.Lambda : 0.00067097799385 Mu : 0.00044324021690 & Score: -5268.038797
.Lambda : 0.00043876970052 Mu : 0.00047128473680 & Score: -5285.815862
.Lambda : 0.00063909267596 Mu : 0.00031327780763 & Score: -5284.845986
.Lambda : 0.00042282704158 Mu : 0.00040630353216 & Score: -5291.032368
.Lambda : 0.00088724362823 Mu : 0.00035021449237 & Score: -5337.834941
.Lambda : 0.00077113948157 Mu : 0.00036423675232 & Score: -5295.995964
.Lambda : 0.00065503533491 Mu : 0.00037825901226 & Score: -5269.568001
.Lambda : 0.00054690251772 Mu : 0.00042477187453 & Score: -5262.176503
.Lambda : 0.00056284517666 Mu : 0.00048975307917 & Score: -5265.197534
.Lambda : 0.00043876970052 Mu : 0.00047128473680 & Score: -5285.815862
.Lambda : 0.00049682177386 Mu : 0.00046427360683 & Score: -5269.694376
.Lambda : 0.00055487384719 Mu : 0.00045726247685 & Score: -5262.494355
.Lambda : 0.00060894025578 Mu : 0.00043400604572 & Score: -5261.574038
.Lambda : 0.00060096892631 Mu : 0.00040151544340 & Score: -5262.348487
.Lambda : 0.00055487384719 Mu : 0.00045726247685 & Score: -5262.494355
.Lambda : 0.00056639761697 Mu : 0.00044332571849 & Score: -5261.325944
.Lambda : 0.00062843535504 Mu : 0.00045255988967 & Score: -5263.387582
.Lambda : 0.00060805214571 Mu : 0.00044561288589 & Score: -5261.765539
.Lambda : 0.00056728572705 Mu : 0.00043171887832 & Score: -5261.100313
.Lambda : 0.00054690251772 Mu : 0.00042477187453 & Score: -5262.176503
.Lambda : 0.00052474308823 Mu : 0.00044103855109 & Score: -5264.483779
.Lambda : 0.00054579238012 Mu : 0.00043928042475 & Score: -5262.329415
.Lambda : 0.00056684167201 Mu : 0.00043752229840 & Score: -5261.172719
.Lambda : 0.00058811299141 Mu : 0.00043286246202 & Score: -5260.920589
.Lambda : 0.00058855704645 Mu : 0.00042705904193 & Score: -5260.939381
.Lambda : 0.00060938431082 Mu : 0.00042820262563 & Score: -5261.600086
.Lambda : 0.00059885966488 Mu : 0.00042908168880 & Score: -5261.155875
.Lambda : 0.00058833501893 Mu : 0.00042996075197 & Score: -5260.919546
.Lambda : 0.00057769935923 Mu : 0.00043229067017 & Score: -5260.902580
.Lambda : 0.00057792138675 Mu : 0.00042938896012 & Score: -5260.899509
.Lambda : 0.00057282558442 Mu : 0.00042765220918 & Score: -5260.975639
.Lambda : 0.00056728572705 Mu : 0.00043171887832 & Score: -5261.100313
.Lambda : 0.00057254805002 Mu : 0.00043127934673 & Score: -5260.971006
.Lambda : 0.00057781037299 Mu : 0.00043083981515 & Score: -5260.898443
.Lambda : 0.00058312820284 Mu : 0.00042967485605 & Score: -5260.883057
.Lambda : 0.00058301718908 Mu : 0.00043112571107 & Score: -5260.881480
.Lambda : 0.00058556509025 Mu : 0.00043199408654 & Score: -5260.893952
.Lambda : 0.00058833501893 Mu : 0.00042996075197 & Score: -5260.919546
.Lambda : 0.00058570385745 Mu : 0.00043018051777 & Score: -5260.893798
.Lambda : 0.00058044153448 Mu : 0.00043062004935 & Score: -5260.883125
.Lambda : 0.00058570385745 Mu : 0.00043018051777 & Score: -5260.893798
.Lambda : 0.00058438827671 Mu : 0.00043029040066 & Score: -5260.886004
.Lambda : 0.00058307269596 Mu : 0.00043040028356 & Score: -5260.881617
.Lambda : 0.00058172936178 Mu : 0.00043087288021 & Score: -5260.880616
.Lambda : 0.00058167385490 Mu : 0.00043159830772 & Score: -5260.881517
.Lambda : 0.00058307269596 Mu : 0.00043040028356 & Score: -5260.881617
.Lambda : 0.00058272298570 Mu : 0.00043069978960 & Score: -5260.880887
.Lambda : 0.00058143515839 Mu : 0.00043044695874 & Score: -5260.880996
.Lambda : 0.00058301718908 Mu : 0.00043112571107 & Score: -5260.881480
.Lambda : 0.00058262168141 Mu : 0.00043095602299 & Score: -5260.880805
.Lambda : 0.00058162805749 Mu : 0.00043112911360 & Score: -5260.880854
.Lambda : 0.00058272298570 Mu : 0.00043069978960 & Score: -5260.880887
.Lambda : 0.00058244925365 Mu : 0.00043080712060 & Score: -5260.880612
.Lambda : 0.00058155693401 Mu : 0.00043072397782 & Score: -5260.880747
.Lambda : 0.00058262168141 Mu : 0.00043095602299 & Score: -5260.880805
.Lambda : 0.00058235549456 Mu : 0.00043089801170 & Score: -5260.880573
.Lambda : 0.00058307538643 Mu : 0.00043083225209 & Score: -5260.881447
.Lambda : 0.00058273888027 Mu : 0.00043084240912 & Score: -5260.880907
.Lambda : 0.00058240237410 Mu : 0.00043085256615 & Score: -5260.880588
.Lambda : 0.00058204242817 Mu : 0.00043088544595 & Score: -5260.880498
.Lambda : 0.00058199554863 Mu : 0.00043093089150 & Score: -5260.880521
.Lambda : 0.00058168248224 Mu : 0.00043091832576 & Score: -5260.880667
.Lambda : 0.00058185073532 Mu : 0.00043091324724 & Score: -5260.880560
.Lambda : 0.00058218724148 Mu : 0.00043090309021 & Score: -5260.880513
.Lambda : 0.00058223412102 Mu : 0.00043085764466 & Score: -5260.880511
.Lambda : 0.00058208930771 Mu : 0.00043084000041 & Score: -5260.880485
.Lambda : 0.00058204034083 Mu : 0.00043080845550 & Score: -5260.880482
.Lambda : 0.00058184864798 Mu : 0.00043083625679 & Score: -5260.880538
.Lambda : 0.00058194501624 Mu : 0.00043084160376 & Score: -5260.880504
.Lambda : 0.00058213775276 Mu : 0.00043085229770 & Score: -5260.880491
.Lambda : 0.00058213566542 Mu : 0.00043077530724 & Score: -5260.880481
.Lambda : 0.00058218228404 Mu : 0.00043072023789 & Score: -5260.880490
.Lambda : 0.00058203825349 Mu : 0.00043073146505 & Score: -5260.880480
.Lambda : 0.00058198850385 Mu : 0.00043067104873 & Score: -5260.880495
.Lambda : 0.00058213357808 Mu : 0.00043069831679 & Score: -5260.880485
.Lambda : 0.00058211026877 Mu : 0.00043072585147 & Score: -5260.880480
.
Lambda Search Result: 50
Lambda : 0.00058211026877 Mu : 0.00043072585147 & Score: 5260.880480
DONE: Lamda,Mu Search or setting, for command:
lambdamu -s
