The Number of families : 1000 ==> 615
-----------------------------------------------------------
Family information: sim
Log: ./sim.log
Tree: (((musDom:52,gloMor:52):52,((droWil:56,(droPse:48,((droYak:14,droMel:14):17,droAna:31):17):8):8,(droVir:32,droMoj:32):32):39):184,((culQui:79,aedAeg:79):79,(anoDar:70,(anoSte:35,anoGam:35):35):88):129)
The number of families is 615
Root Family size : 1 ~ 30
Family size : 0 ~ 58
P-value: 0.010000
Num of Threads: 4
Num of Random: 1000
Empirical Prior Estimation Result: 28
Poisson lambda: 0.652292 & Score: 8515.906050
Lambda : 0.00342940398158 & Score: -9669.212679
.Lambda : 0.00360087418066 & Score: -9750.888964
.Lambda : 0.00325793378250 & Score: -9590.635986
.Lambda : 0.00308646358342 & Score: -9515.821462
.Lambda : 0.00274352318526 & Score: -9380.773532
.Lambda : 0.00240058278711 & Score: -9272.539094
.Lambda : 0.00171470199079 & Score: -9195.742340
.Lambda : 0.00102882119447 & Score: -9531.402983
.Lambda : 0.00102882119447 & Score: -9531.402983
.Lambda : 0.00137176159263 & Score: -9282.555992
.Lambda : 0.00205764238895 & Score: -9204.033526
.Lambda : 0.00137176159263 & Score: -9282.555992
.Lambda : 0.00154323179171 & Score: -9224.106121
.Lambda : 0.00188617218987 & Score: -9190.646468
.Lambda : 0.00205764238895 & Score: -9204.033526
.Lambda : 0.00197190728941 & Score: -9195.282525
.Lambda : 0.00180043709033 & Score: -9190.604295
.Lambda : 0.00171470199079 & Score: -9195.742340
.Lambda : 0.00171470199079 & Score: -9195.742340
.Lambda : 0.00175756954056 & Score: -9192.487371
.Lambda : 0.00184330464010 & Score: -9190.016276
.Lambda : 0.00188617218987 & Score: -9190.646468
.Lambda : 0.00186473841498 & Score: -9190.183474
.Lambda : 0.00182187086521 & Score: -9190.153094
.Lambda : 0.00186473841498 & Score: -9190.183474
.Lambda : 0.00185402152754 & Score: -9190.062758
.Lambda : 0.00183258775266 & Score: -9190.045955
.Lambda : 0.00185402152754 & Score: -9190.062758
.Lambda : 0.00184866308382 & Score: -9190.030137
.Lambda : 0.00183794619638 & Score: -9190.021503
.Lambda : 0.00184866308382 & Score: -9190.030137
.Lambda : 0.00184598386196 & Score: -9190.020829
.Lambda : 0.00184062541824 & Score: -9190.016495
.Lambda : 0.00184598386196 & Score: -9190.020829
.Lambda : 0.00184464425103 & Score: -9190.017957
.Lambda : 0.00184196502917 & Score: -9190.015788
.Lambda : 0.00184062541824 & Score: -9190.016495
.Lambda : 0.00184129522370 & Score: -9190.015992
.Lambda : 0.00184263483463 & Score: -9190.015883
.Lambda : 0.00184129522370 & Score: -9190.015992
.Lambda : 0.00184163012644 & Score: -9190.015853
.Lambda : 0.00184229993190 & Score: -9190.015798
.Lambda : 0.00184163012644 & Score: -9190.015853
.Lambda : 0.00184179757780 & Score: -9190.015811
.Lambda : 0.00184213248053 & Score: -9190.015784
.Lambda : 0.00184229993190 & Score: -9190.015798
.Lambda : 0.00184221620622 & Score: -9190.015788
.Lambda : 0.00184204875485 & Score: -9190.015783
.
Lambda Search Result: 23
Lambda : 0.00184204875485 & Score: 9190.015783
DONE: Lamda Search or setting, for command:
lambda -s
Empirical Prior Estimation Result: 29
Poisson lambda: 0.652293 & Score: 8515.906050
Lambda : 0.00493866133089 Mu : 0.00408102684583 & Score: -10268.145706
.Lambda : 0.00518559439743 Mu : 0.00408102684583 & Score: -10354.817982
.Lambda : 0.00518559439743 Mu : 0.00428507818813 & Score: -10394.394442
.Lambda : 0.00493866133089 Mu : 0.00387697550354 & Score: -10228.548553
.Lambda : 0.00481519479761 Mu : 0.00367292416125 & Score: -10147.036280
.Lambda : 0.00456826173107 Mu : 0.00367292416125 & Score: -10062.277730
.Lambda : 0.00425959539789 Mu : 0.00346887281896 & Score: -9921.510289
.Lambda : 0.00413612886462 Mu : 0.00306077013438 & Score: -9808.492209
.Lambda : 0.00373486263148 Mu : 0.00255064177865 & Score: -9605.581741
.Lambda : 0.00317926323176 Mu : 0.00234659043635 & Score: -9424.969744
.Lambda : 0.00236129744883 Mu : 0.00168342357391 & Score: -9227.755420
.Lambda : 0.00183656468242 Mu : 0.00076519253359 & Score: -9453.010295
.Lambda : 0.00046299949977 Mu : -0.00010202567115 & Score: -inf
.Lambda : 0.00128096528270 Mu : 0.00056114119130 & Score: -9770.113790
.Lambda : 0.00209893106563 Mu : 0.00122430805375 & Score: -9258.656903
.Lambda : 0.00304808004016 Mu : 0.00211703267628 & Score: -9370.933532
.Lambda : 0.00141214847430 Mu : 0.00079069895138 & Score: -9511.469074
.Lambda : 0.00182113136576 Mu : 0.00112228238260 & Score: -9285.594147
.Lambda : 0.00263909714869 Mu : 0.00178544924505 & Score: -9270.130703
.Lambda : 0.00182113136576 Mu : 0.00112228238260 & Score: -9285.594147
.Lambda : 0.00202562281150 Mu : 0.00128807409822 & Score: -9241.981835
.Lambda : 0.00228798919470 Mu : 0.00174718961837 & Score: -9217.485436
.Lambda : 0.00238251825924 Mu : 0.00200863040068 & Score: -9234.775271
.Lambda : 0.00262366383203 Mu : 0.00214253909406 & Score: -9282.513691
.Lambda : 0.00247415357690 Mu : 0.00192892284510 & Score: -9244.863867
.Lambda : 0.00232464332176 Mu : 0.00171530659614 & Score: -9222.389452
.Lambda : 0.00215680600310 Mu : 0.00151763185829 & Score: -9216.421897
.Lambda : 0.00212015187603 Mu : 0.00154951488053 & Score: -9211.064897
.Lambda : 0.00201790615317 Mu : 0.00146661902272 & Score: -9213.809549
.Lambda : 0.00198896868443 Mu : 0.00131995712045 & Score: -9234.862022
.Lambda : 0.00206372381200 Mu : 0.00142676524493 & Score: -9220.665435
.Lambda : 0.00213847893957 Mu : 0.00153357336941 & Score: -9213.701336
.Lambda : 0.00220407053537 Mu : 0.00164835224945 & Score: -9211.635945
.Lambda : 0.00218574347183 Mu : 0.00166429376057 & Score: -9209.253057
.Lambda : 0.00220937573797 Mu : 0.00172965395614 & Score: -9209.363472
.Lambda : 0.00210182481250 Mu : 0.00156545639164 & Score: -9208.557804
.Lambda : 0.00205070195107 Mu : 0.00152400846274 & Score: -9209.137837
.Lambda : 0.00216741640830 Mu : 0.00168023527168 & Score: -9206.952028
.Lambda : 0.00219104867443 Mu : 0.00174559546726 & Score: -9207.299673
.Lambda : 0.00208349774897 Mu : 0.00158139790276 & Score: -9206.149121
.Lambda : 0.00203237488753 Mu : 0.00153994997386 & Score: -9206.731565
.Lambda : 0.00214908934477 Mu : 0.00169617678280 & Score: -9204.838256
.Lambda : 0.00217272161090 Mu : 0.00176153697838 & Score: -9205.395583
.Lambda : 0.00206517068543 Mu : 0.00159733941388 & Score: -9203.897418
.Lambda : 0.00201404782400 Mu : 0.00155589148497 & Score: -9204.521187
.Lambda : 0.00213076228124 Mu : 0.00171211829392 & Score: -9202.896358
.Lambda : 0.00215439454737 Mu : 0.00177747848949 & Score: -9203.621732
.Lambda : 0.00204684362190 Mu : 0.00161328092499 & Score: -9201.864452
.Lambda : 0.00199572076047 Mu : 0.00157183299609 & Score: -9202.516210
.Lambda : 0.00211243521770 Mu : 0.00172805980503 & Score: -9201.088253
.Lambda : 0.00213606748384 Mu : 0.00179342000061 & Score: -9202.007139
.Lambda : 0.00202851655837 Mu : 0.00162922243611 & Score: -9199.965152
.Lambda : 0.00197739369694 Mu : 0.00158777450721 & Score: -9200.645954
.Lambda : 0.00209410815417 Mu : 0.00174400131615 & Score: -9199.434093
.Lambda : 0.00211774042030 Mu : 0.00180936151173 & Score: -9200.529478
.Lambda : 0.00201018949484 Mu : 0.00164516394723 & Score: -9198.235928
.Lambda : 0.00195906663340 Mu : 0.00160371601832 & Score: -9198.929182
.Lambda : 0.00207578109064 Mu : 0.00175994282727 & Score: -9197.934700
.Lambda : 0.00209941335677 Mu : 0.00182530302284 & Score: -9199.154227
.Lambda : 0.00199186243130 Mu : 0.00166110545834 & Score: -9196.650244
.Lambda : 0.00194073956987 Mu : 0.00161965752944 & Score: -9197.390204
.Lambda : 0.00205745402711 Mu : 0.00177588433838 & Score: -9196.540701
.Lambda : 0.00208108629324 Mu : 0.00184124453396 & Score: -9197.936726
.Lambda : 0.00197353536777 Mu : 0.00167704696946 & Score: -9195.214954
.Lambda : 0.00192241250634 Mu : 0.00163559904056 & Score: -9195.999564
.Lambda : 0.00203912696357 Mu : 0.00179182584950 & Score: -9195.308516
.Lambda : 0.00195520830424 Mu : 0.00169298848058 & Score: -9193.947865
.Lambda : 0.00190408544281 Mu : 0.00165154055167 & Score: -9194.822375
.Lambda : 0.00188961670844 Mu : 0.00157820960054 & Score: -9199.685080
.Lambda : 0.00192699427222 Mu : 0.00163161366278 & Score: -9196.332274
.Lambda : 0.00196437183601 Mu : 0.00168501772502 & Score: -9194.554499
.Lambda : 0.00199716763391 Mu : 0.00174240716504 & Score: -9193.949662
.Lambda : 0.00198800410214 Mu : 0.00175037792060 & Score: -9193.410569
.Lambda : 0.00199982023521 Mu : 0.00178305801839 & Score: -9193.413272
.Lambda : 0.00194604477247 Mu : 0.00170095923613 & Score: -9193.395404
.Lambda : 0.00192048334176 Mu : 0.00168023527168 & Score: -9193.661766
.Lambda : 0.00197884057037 Mu : 0.00175834867615 & Score: -9192.896214
.Lambda : 0.00199065670344 Mu : 0.00179102877394 & Score: -9192.943863
.Lambda : 0.00193688124071 Mu : 0.00170892999169 & Score: -9192.884882
.Lambda : 0.00191131980999 Mu : 0.00168820602724 & Score: -9193.165734
.Lambda : 0.00196967703861 Mu : 0.00176631943171 & Score: -9192.424024
.Lambda : 0.00198149317167 Mu : 0.00179899952950 & Score: -9192.518933
.Lambda : 0.00192771770894 Mu : 0.00171690074725 & Score: -9192.405535
.Lambda : 0.00190215627822 Mu : 0.00169617678280 & Score: -9192.711963
.Lambda : 0.00196051350684 Mu : 0.00177429018727 & Score: -9191.997811
.Lambda : 0.00197232963991 Mu : 0.00180697028506 & Score: -9192.151929
.Lambda : 0.00191855417717 Mu : 0.00172487150281 & Score: -9191.979030
.Lambda : 0.00189299274646 Mu : 0.00170414753836 & Score: -9192.305512
.Lambda : 0.00195134997507 Mu : 0.00178226094283 & Score: -9191.629193
.Lambda : 0.00196316610814 Mu : 0.00181494104062 & Score: -9191.837334
.Lambda : 0.00190939064541 Mu : 0.00173284225837 & Score: -9191.604595
.Lambda : 0.00188382921469 Mu : 0.00171211829392 & Score: -9191.962078
.Lambda : 0.00194218644331 Mu : 0.00179023169839 & Score: -9191.315407
.Lambda : 0.00195400257638 Mu : 0.00182291179618 & Score: -9191.583514
.Lambda : 0.00190022711364 Mu : 0.00174081301393 & Score: -9191.292986
.Lambda : 0.00187466568293 Mu : 0.00172008904947 & Score: -9191.679262
.Lambda : 0.00193302291154 Mu : 0.00179820245395 & Score: -9191.064916
.Lambda : 0.00194483904461 Mu : 0.00183088255173 & Score: -9191.358992
.Lambda : 0.00189106358188 Mu : 0.00174878376948 & Score: -9191.041539
.Lambda : 0.00186550215116 Mu : 0.00172805980503 & Score: -9191.461548
.Lambda : 0.00192385937978 Mu : 0.00180617320950 & Score: -9190.849227
.Lambda : 0.00193567551284 Mu : 0.00183885330729 & Score: -9191.135144
.Lambda : 0.00188190005011 Mu : 0.00175675452504 & Score: -9190.845499
.Lambda : 0.00185633861939 Mu : 0.00173603056059 & Score: -9191.284140
.Lambda : 0.00191469584801 Mu : 0.00181414396506 & Score: -9190.646003
.Lambda : 0.00192651198108 Mu : 0.00184682406285 & Score: -9190.932692
.Lambda : 0.00187273651834 Mu : 0.00176472528060 & Score: -9190.670498
.Lambda : 0.00190553231624 Mu : 0.00182211472062 & Score: -9190.450409
.Lambda : 0.00191734844931 Mu : 0.00185479481841 & Score: -9190.765845
.Lambda : 0.00194749164591 Mu : 0.00187153340508 & Score: -9191.740152
.Lambda : 0.00192880286402 Mu : 0.00184483137396 & Score: -9190.981999
.Lambda : 0.00191011408213 Mu : 0.00181812934284 & Score: -9190.543352
.Lambda : 0.00188913441729 Mu : 0.00179342000061 & Score: -9190.393246
.Lambda : 0.00188455265141 Mu : 0.00179740537839 & Score: -9190.302398
.Lambda : 0.00187177193605 Mu : 0.00178704339616 & Score: -9190.316672
.Lambda : 0.00186815475246 Mu : 0.00176871065838 & Score: -9190.589958
.Lambda : 0.00187749914341 Mu : 0.00178206167394 & Score: -9190.424325
.Lambda : 0.00189618792530 Mu : 0.00180876370506 & Score: -9190.356148
.Lambda : 0.00189160615941 Mu : 0.00181274908284 & Score: -9190.268355
.Lambda : 0.00189284203047 Mu : 0.00182241362395 & Score: -9190.246040
.Lambda : 0.00188120675659 Mu : 0.00181105529728 & Score: -9190.157778
.Lambda : 0.00187371617223 Mu : 0.00181220109339 & Score: -9190.092535
.Lambda : 0.00188200555130 Mu : 0.00183720933896 & Score: -9190.138610
.Lambda : 0.00186287969305 Mu : 0.00182699680840 & Score: -9190.016728
.Lambda : 0.00184789852434 Mu : 0.00182928840062 & Score: -9190.008784
.Lambda : 0.00183960914528 Mu : 0.00180428015506 & Score: -9190.143085
.Lambda : 0.00185020824678 Mu : 0.00181251245103 & Score: -9190.051165
.Lambda : 0.00182439059890 Mu : 0.00182959975826 & Score: -9190.107399
.Lambda : 0.00183672199223 Mu : 0.00182525009205 & Score: -9190.040981
.Lambda : 0.00183441226979 Mu : 0.00184202604163 & Score: -9190.042359
.Lambda : 0.00185020824678 Mu : 0.00181251245103 & Score: -9190.051165
.Lambda : 0.00184625925254 Mu : 0.00181989084868 & Score: -9190.032723
.Lambda : 0.00185743578465 Mu : 0.00182392915726 & Score: -9190.010554
.Lambda : 0.00185907505646 Mu : 0.00183332670920 & Score: -9190.013068
.Lambda : 0.00184625925254 Mu : 0.00181989084868 & Score: -9190.032723
.Lambda : 0.00184946320352 Mu : 0.00182324981381 & Score: -9190.017679
.Lambda : 0.00185266715450 Mu : 0.00182660877894 & Score: -9190.009015
.Lambda : 0.00185348679040 Mu : 0.00183130755491 & Score: -9190.006998
.Lambda : 0.00184871816025 Mu : 0.00183398717659 & Score: -9190.003735
.Lambda : 0.00184674366312 Mu : 0.00183767637542 & Score: -9190.003037
.Lambda : 0.00185233192918 Mu : 0.00183969552971 & Score: -9190.008864
.Lambda : 0.00185122357797 Mu : 0.00183709374744 & Score: -9190.005463
.Lambda : 0.00184448045070 Mu : 0.00184346256794 & Score: -9190.015369
.Lambda : 0.00184673203562 Mu : 0.00184042381468 & Score: -9190.006153
.Lambda : 0.00185123520548 Mu : 0.00183434630817 & Score: -9190.005789
.Lambda : 0.00184673203562 Mu : 0.00184042381468 & Score: -9190.006153
.Lambda : 0.00184785782809 Mu : 0.00183890443806 & Score: -9190.003843
.Lambda : 0.00184337791324 Mu : 0.00183948706604 & Score: -9190.008853
.Lambda : 0.00184533932942 Mu : 0.00183888873639 & Score: -9190.005130
.Lambda : 0.00184926216179 Mu : 0.00183769207709 & Score: -9190.003439
.Lambda : 0.00184814799683 Mu : 0.00183646401445 & Score: -9190.002535
.Lambda : 0.00184829308120 Mu : 0.00183524380264 & Score: -9190.002743
.Lambda : 0.00184562949816 Mu : 0.00183644831278 & Score: -9190.003140
.Lambda : 0.00184926216179 Mu : 0.00183769207709 & Score: -9190.003439
.Lambda : 0.00184835399588 Mu : 0.00183738113601 & Score: -9190.002838
.Lambda : 0.00184975832959 Mu : 0.00183616877504 & Score: -9190.003576
.Lambda : 0.00184900466297 Mu : 0.00183654567513 & Score: -9190.002948
.Lambda : 0.00184749732974 Mu : 0.00183729947532 & Score: -9190.002678
.Lambda : 0.00184729133069 Mu : 0.00183638235376 & Score: -9190.002428
.Lambda : 0.00184675999809 Mu : 0.00183588296264 & Score: -9190.002489
.Lambda : 0.00184794199777 Mu : 0.00183554689289 & Score: -9190.002533
.Lambda : 0.00184708533163 Mu : 0.00183546523220 & Score: -9190.002478
.Lambda : 0.00184643466454 Mu : 0.00183630069308 & Score: -9190.002626
.Lambda : 0.00184681149785 Mu : 0.00183611224303 & Score: -9190.002480
.Lambda : 0.00184756516447 Mu : 0.00183573534293 & Score: -9190.002433
.Lambda : 0.00184777116352 Mu : 0.00183665246450 & Score: -9190.002484
.Lambda : 0.00184759970555 Mu : 0.00183635565642 & Score: -9190.002425
.Lambda : 0.00184732587177 Mu : 0.00183700266725 & Score: -9190.002571
.Lambda : 0.00184738569494 Mu : 0.00183668583617 & Score: -9190.002476
.Lambda : 0.00184744551812 Mu : 0.00183636900509 & Score: -9190.002421
.Lambda : 0.00184758243501 Mu : 0.00183604549968 & Score: -9190.002412
.Lambda : 0.00184742824758 Mu : 0.00183605884835 & Score: -9190.002404
.Lambda : 0.00184734251859 Mu : 0.00183591044431 & Score: -9190.002409
.Lambda : 0.00184756516447 Mu : 0.00183573534293 & Score: -9190.002433
.Lambda : 0.00184753525288 Mu : 0.00183589375847 & Score: -9190.002415
.Lambda : 0.00184747542970 Mu : 0.00183621058955 & Score: -9190.002409
.Lambda : 0.00184732124227 Mu : 0.00183622393822 & Score: -9190.002411
.Lambda : 0.00184758243501 Mu : 0.00183604549968 & Score: -9190.002412
.Lambda : 0.00184751713682 Mu : 0.00183609010931 & Score: -9190.002407
.Lambda : 0.00184746995470 Mu : 0.00183593836811 & Score: -9190.002409
.Lambda : 0.00184747542970 Mu : 0.00183621058955 & Score: -9190.002409
.Lambda : 0.00184747406095 Mu : 0.00183614253419 & Score: -9190.002406
.Lambda : 0.00184738517170 Mu : 0.00183611127323 & Score: -9190.002405
.Lambda : 0.00184733935833 Mu : 0.00183602758738 & Score: -9190.002405
.
Lambda Search Result: 94
Lambda : 0.00184742824758 Mu : 0.00183605884835 & Score: 9190.002404
DONE: Lamda,Mu Search or setting, for command:
lambdamu -s
