The Number of families : 1000 ==> 253
-----------------------------------------------------------
Family information: sim
Log: ./sim.log
Tree: (((musDom:52,gloMor:52):52,((droWil:56,(droPse:48,((droYak:14,droMel:14):17,droAna:31):17):8):8,(droVir:32,droMoj:32):32):39):184,((culQui:79,aedAeg:79):79,(anoDar:70,(anoSte:35,anoGam:35):35):88):129)
The number of families is 253
Root Family size : 1 ~ 42
Family size : 0 ~ 84
P-value: 0.010000
Num of Threads: 4
Num of Random: 1000
Empirical Prior Estimation Result: 41
Poisson lambda: 2.570041 & Score: 6934.934773
Lambda : 0.00041501060806 & Score: -12724.718408
.Lambda : 0.00043576113847 & Score: -12562.538285
.Lambda : 0.00045651166887 & Score: -12408.878023
.Lambda : 0.00047726219927 & Score: -12262.944449
.Lambda : 0.00051876326008 & Score: -11991.715327
.Lambda : 0.00056026432089 & Score: -11744.578461
.Lambda : 0.00064326644250 & Score: -11309.479133
.Lambda : 0.00072626856411 & Score: -10937.331676
.Lambda : 0.00089227280734 & Score: -10330.164060
.Lambda : 0.00105827705056 & Score: -9852.774041
.Lambda : 0.00139028553702 & Score: -9145.895544
.Lambda : 0.00172229402347 & Score: -8646.859729
.Lambda : 0.00238631099637 & Score: -7994.453277
.Lambda : 0.00305032796927 & Score: -7594.991470
.Lambda : 0.00437836191508 & Score: -7171.535478
.Lambda : 0.00570639586089 & Score: -inf
.Lambda : 0.00570639586089 & Score: -inf
.Lambda : 0.00504237888798 & Score: -7061.580873
.Lambda : 0.00570639586089 & Score: -inf
.Lambda : 0.00537438737444 & Score: -7021.955809
.Lambda : 0.00570639586089 & Score: -inf
.Lambda : 0.00554039161766 & Score: -inf
.Lambda : 0.00520838313121 & Score: -7040.671154
.Lambda : 0.00554039161766 & Score: -inf
.Lambda : 0.00545738949605 & Score: -inf
.Lambda : 0.00529138525282 & Score: -7031.042700
.Lambda : 0.00545738949605 & Score: -inf
.Lambda : 0.00541588843524 & Score: -7017.587295
.Lambda : 0.00545738949605 & Score: -inf
.Lambda : 0.00543663896565 & Score: -inf
.Lambda : 0.00539513790484 & Score: -7019.757524
.Lambda : 0.00543663896565 & Score: -inf
.Lambda : 0.00542626370044 & Score: -7016.514334
.Lambda : 0.00543663896565 & Score: -inf
.Lambda : 0.00543145133305 & Score: -7015.980873
.Lambda : 0.00543663896565 & Score: -inf
.Lambda : 0.00543404514935 & Score: -7015.714895
.Lambda : 0.00543663896565 & Score: -inf
.Lambda : 0.00543534205750 & Score: -inf
.Lambda : 0.00543274824120 & Score: -7015.847821
.Lambda : 0.00543534205750 & Score: -inf
.Lambda : 0.00543469360342 & Score: -7015.648479
.Lambda : 0.00543534205750 & Score: -inf
.Lambda : 0.00543501783046 & Score: -inf
.Lambda : 0.00543436937638 & Score: -7015.681683
.Lambda : 0.00543501783046 & Score: -inf
.Lambda : 0.00543485571694 & Score: -inf
.Lambda : 0.00543453148990 & Score: -7015.665080
.Lambda : 0.00543485571694 & Score: -inf
.Lambda : 0.00543477466018 & Score: -7015.640179
.Lambda : 0.00543485571694 & Score: -inf
.Lambda : 0.00543481518856 & Score: -inf
.Lambda : 0.00543473413180 & Score: -7015.644329
.Lambda : 0.00543481518856 & Score: -inf
.Lambda : 0.00543479492437 & Score: -inf
.Lambda : 0.00543475439599 & Score: -7015.642254
.Lambda : 0.00543479492437 & Score: -inf
.Lambda : 0.00543478479227 & Score: -inf
.Lambda : 0.00543476452809 & Score: -7015.641216
.Lambda : 0.00543478479227 & Score: -inf
.Lambda : 0.00543477972623 & Score: -7015.639660
.Lambda : 0.00543478479227 & Score: -inf
.Lambda : 0.00543478225925 & Score: -7015.639401
.Lambda : 0.00543478479227 & Score: -inf
.Lambda : 0.00543478352576 & Score: -inf
.Lambda : 0.00543478099274 & Score: -7015.639530
.Lambda : 0.00543478352576 & Score: -inf
.Lambda : 0.00543478289251 & Score: -inf
.Lambda : 0.00543478162600 & Score: -7015.639466
.Lambda : 0.00543478289251 & Score: -inf
.Lambda : 0.00543478257588 & Score: -7015.639368
.Lambda : 0.00543478289251 & Score: -inf
.Lambda : 0.00543478273419 & Score: -inf
.Lambda : 0.00543478241757 & Score: -7015.639384
.Lambda : 0.00543478273419 & Score: -inf
.Lambda : 0.00543478265504 & Score: -inf
.Lambda : 0.00543478249672 & Score: -7015.639376
.Lambda : 0.00543478265504 & Score: -inf
.Lambda : 0.00543478261546 & Score: -inf
.Lambda : 0.00543478253630 & Score: -7015.639372
.Lambda : 0.00543478261546 & Score: -inf
.Lambda : 0.00543478259567 & Score: -7015.639366
.Lambda : 0.00543478261546 & Score: -inf
.Lambda : 0.00543478260556 & Score: -7015.639365
.Lambda : 0.00543478261546 & Score: -inf
.Lambda : 0.00543478261051 & Score: -inf
.Lambda : 0.00543478260062 & Score: -7015.639366
.
Lambda Search Result: 35
Lambda : 0.00543478260556 & Score: 7015.639365
DONE: Lamda Search or setting, for command:
lambda -s
Empirical Prior Estimation Result: 36
Poisson lambda: 2.570041 & Score: 6934.934773
Lambda : 0.00207918559444 Mu : 0.00465491072163 & Score: -7703.969251
.Lambda : 0.00218314487416 Mu : 0.00465491072163 & Score: -7656.732999
.Lambda : 0.00218314487416 Mu : 0.00488765625772 & Score: -7648.512766
.Lambda : 0.00228710415388 Mu : 0.00488765625772 & Score: -7603.572956
.Lambda : 0.00239106343361 Mu : 0.00500402902576 & Score: -7558.547071
.Lambda : 0.00239106343361 Mu : 0.00523677456184 & Score: -7556.233046
.Lambda : 0.00249502271333 Mu : 0.00552770648194 & Score: -7517.741787
.Lambda : 0.00270294127277 Mu : 0.00564407924998 & Score: -7443.538299
.Lambda : 0.00296283947208 Mu : 0.00602229074611 & Score: -7368.482757
.Lambda : 0.00306679875180 Mu : 0.00654596820230 & Score: -7363.242210
.Lambda : 0.00340466641090 Mu : 0.00731693779057 & Score: -7323.952575
.Lambda : 0.00387248316964 Mu : 0.00781152205474 & Score: -inf
.Lambda : 0.00352811805557 Mu : 0.00724056816154 & Score: -7281.001732
.Lambda : 0.00396994499438 Mu : 0.00853521520600 & Score: -inf
.Lambda : 0.00371816861381 Mu : 0.00790698409103 & Score: -inf
.Lambda : 0.00346639223323 Mu : 0.00727875297605 & Score: -7301.996163
.Lambda : 0.00324547876382 Mu : 0.00663142945383 & Score: -7314.378361
.Lambda : 0.00374903152497 Mu : 0.00788789168377 & Score: -inf
.Lambda : 0.00362314333469 Mu : 0.00757377612628 & Score: -7286.544545
.Lambda : 0.00368486915702 Mu : 0.00753559131177 & Score: -7265.661271
.Lambda : 0.00379410761892 Mu : 0.00766401047963 & Score: -inf
.Lambda : 0.00358984387790 Mu : 0.00720238334703 & Score: -7260.915677
.Lambda : 0.00357319414951 Mu : 0.00701668695740 & Score: -7250.664236
.Lambda : 0.00372994525096 Mu : 0.00731171010763 & Score: -7233.645992
.Lambda : 0.00383085884866 Mu : 0.00734728108067 & Score: -7211.582135
.Lambda : 0.00371918384115 Mu : 0.00682837672630 & Score: -7201.912428
.Lambda : 0.00373634118321 Mu : 0.00647476943357 & Score: -7181.391361
.Lambda : 0.00399400588237 Mu : 0.00680536355684 & Score: -7141.223062
.Lambda : 0.00420441174880 Mu : 0.00669970185656 & Score: -7098.491257
.Lambda : 0.00410989408335 Mu : 0.00582719020946 & Score: -7108.384777
.Lambda : 0.00457796464893 Mu : 0.00605212263245 & Score: -7043.980255
.Lambda : 0.00499877638179 Mu : 0.00584079923189 & Score: -7014.668972
.Lambda : 0.00509329404724 Mu : 0.00671331087900 & Score: -inf
.Lambda : 0.00484744405627 Mu : 0.00649178071161 & Score: -inf
.Lambda : 0.00460159406529 Mu : 0.00627025054423 & Score: -7038.115603
.Lambda : 0.00455433523257 Mu : 0.00583399472068 & Score: -7052.405315
.Lambda : 0.00504603521451 Mu : 0.00627705505545 & Score: -inf
.Lambda : 0.00492311021903 Mu : 0.00616628997175 & Score: -inf
.Lambda : 0.00480018522354 Mu : 0.00605552488806 & Score: -7021.884260
.Lambda : 0.00477655580718 Mu : 0.00583739697629 & Score: -7031.550320
.Lambda : 0.00502240579815 Mu : 0.00605892714367 & Score: -inf
.Lambda : 0.00496094330041 Mu : 0.00600354460182 & Score: -inf
.Lambda : 0.00489948080267 Mu : 0.00594816205998 & Score: -7017.326905
.Lambda : 0.00488766609448 Mu : 0.00583909810409 & Score: -7022.637959
.Lambda : 0.00501059108997 Mu : 0.00594986318778 & Score: -inf
.Lambda : 0.00497985984110 Mu : 0.00592217191686 & Score: -inf
.Lambda : 0.00494912859223 Mu : 0.00589448064594 & Score: -7015.784669
.Lambda : 0.00494322123814 Mu : 0.00583994866799 & Score: -7018.545381
.Lambda : 0.00500468373588 Mu : 0.00589533120984 & Score: -inf
.Lambda : 0.00498931811144 Mu : 0.00588148557438 & Score: -7013.524946
.Lambda : 0.00503896590101 Mu : 0.00582780416033 & Score: -7012.633913
.Lambda : 0.00508388455540 Mu : 0.00579446591753 & Score: -7011.388894
.Lambda : 0.00507442628505 Mu : 0.00583515226002 & Score: -inf
.Lambda : 0.00505551380924 Mu : 0.00583656400299 & Score: -inf
.Lambda : 0.00503660133342 Mu : 0.00583797574596 & Score: -7012.313534
.Lambda : 0.00504133046859 Mu : 0.00581763257471 & Score: -7012.954715
.Lambda : 0.00507915542022 Mu : 0.00581480908878 & Score: -inf
.Lambda : 0.00506969918232 Mu : 0.00581551496026 & Score: -7011.262571
.Lambda : 0.00511698240429 Mu : 0.00577200513184 & Score: -inf
.Lambda : 0.00509688713657 Mu : 0.00578849778537 & Score: -inf
.Lambda : 0.00507679186886 Mu : 0.00580499043890 & Score: -7011.321676
.Lambda : 0.00505315025787 Mu : 0.00582674535311 & Score: -7011.780958
.Lambda : 0.00509334079330 Mu : 0.00579376004605 & Score: -inf
.Lambda : 0.00508329315944 Mu : 0.00580200637281 & Score: -7011.065260
.Lambda : 0.00507620047290 Mu : 0.00581253089418 & Score: -inf
.Lambda : 0.00507634832189 Mu : 0.00581064578036 & Score: -inf
.Lambda : 0.00507649617088 Mu : 0.00580876066654 & Score: -7011.160728
.Lambda : 0.00508004251415 Mu : 0.00580349840586 & Score: -7011.193451
.Lambda : 0.00507974681617 Mu : 0.00580726863350 & Score: -inf
.Lambda : 0.00507982074067 Mu : 0.00580632607659 & Score: -inf
.Lambda : 0.00507989466516 Mu : 0.00580538351968 & Score: -7011.112755
.Lambda : 0.00508166783680 Mu : 0.00580275238933 & Score: -7011.129423
.Lambda : 0.00508151998781 Mu : 0.00580463750315 & Score: -inf
.Lambda : 0.00508155695006 Mu : 0.00580416622470 & Score: -inf
.Lambda : 0.00508159391230 Mu : 0.00580369494624 & Score: -7011.089001
.Lambda : 0.00508248049812 Mu : 0.00580237938107 & Score: -7011.097331
.Lambda : 0.00508240657363 Mu : 0.00580332193798 & Score: -inf
.Lambda : 0.00508242505475 Mu : 0.00580308629876 & Score: -inf
.Lambda : 0.00508244353587 Mu : 0.00580285065953 & Score: -7011.077155
.Lambda : 0.00508288682878 Mu : 0.00580219287694 & Score: -7011.081321
.Lambda : 0.00508284986654 Mu : 0.00580266415540 & Score: -inf
.Lambda : 0.00508285910710 Mu : 0.00580254633579 & Score: -7011.066175
.Lambda : 0.00508370873067 Mu : 0.00580170204907 & Score: -inf
.Lambda : 0.00508339243197 Mu : 0.00580198920168 & Score: -7011.059982
.Lambda : 0.00508382648432 Mu : 0.00580144923871 & Score: -7011.058989
.Lambda : 0.00508431017293 Mu : 0.00580090069018 & Score: -7011.055425
.Lambda : 0.00508440944545 Mu : 0.00580088351905 & Score: -7011.050164
.Lambda : 0.00508496758845 Mu : 0.00580032209217 & Score: -inf
.Lambda : 0.00508532718641 Mu : 0.00579979500754 & Score: -7011.045876
.Lambda : 0.00508629456363 Mu : 0.00579869791047 & Score: -7011.039229
.Lambda : 0.00508639383615 Mu : 0.00579868073934 & Score: -7011.034000
.Lambda : 0.00508743566776 Mu : 0.00579757076392 & Score: -7011.023728
.Lambda : 0.00508932078594 Mu : 0.00579538515534 & Score: -7011.014427
.Lambda : 0.00509177645618 Mu : 0.00579263597349 & Score: -7010.999133
.Lambda : 0.00509291756032 Mu : 0.00579150882694 & Score: -7010.984936
.Lambda : 0.00509622905867 Mu : 0.00578791428518 & Score: -7010.958602
.Lambda : 0.00510056984709 Mu : 0.00578297949474 & Score: -7010.935380
.Lambda : 0.00510713693675 Mu : 0.00577568386015 & Score: -7010.891649
.Lambda : 0.00511158953924 Mu : 0.00577096217184 & Score: -7010.856299
.Lambda : 0.00512149608077 Mu : 0.00576012527102 & Score: -7010.802433
.Lambda : 0.00513240395885 Mu : 0.00574789484600 & Score: -7010.763474
.Lambda : 0.00515049140894 Mu : 0.00572788512641 & Score: -7010.736357
.Lambda : 0.00516485055295 Mu : 0.00571232653727 & Score: -7010.751144
.Lambda : 0.00519384588112 Mu : 0.00568008639266 & Score: -7010.912566
.Lambda : 0.00517575843104 Mu : 0.00570009611225 & Score: -7010.797382
.Lambda : 0.00513958353086 Mu : 0.00574011555143 & Score: -7010.735837
.Lambda : 0.00512149608077 Mu : 0.00576012527102 & Score: -7010.802433
.Lambda : 0.00512522438684 Mu : 0.00575567414056 & Score: -7010.801807
.Lambda : 0.00513513092837 Mu : 0.00574483723974 & Score: -7010.756545
.Lambda : 0.00514503746990 Mu : 0.00573400033892 & Score: -7010.731923
.Lambda : 0.00515221704190 Mu : 0.00572622104435 & Score: -7010.725562
.Lambda : 0.00515767098095 Mu : 0.00572010583184 & Score: -7010.740743
.Lambda : 0.00515314911842 Mu : 0.00572510826174 & Score: -7010.731064
.Lambda : 0.00516032869043 Mu : 0.00571732896717 & Score: -7010.738480
.Lambda : 0.00515650588530 Mu : 0.00572149681011 & Score: -7010.732433
.Lambda : 0.00515268308016 Mu : 0.00572566465304 & Score: -7010.728281
.Lambda : 0.00514862725590 Mu : 0.00573011069163 & Score: -7010.726997
.Lambda : 0.00514816121764 Mu : 0.00573066708294 & Score: -7010.724820
.Lambda : 0.00514590028638 Mu : 0.00573316829789 & Score: -7010.725210
.Lambda : 0.00515175100364 Mu : 0.00572677743566 & Score: -7010.722909
.Lambda : 0.00515331287752 Mu : 0.00572511080767 & Score: -7010.721841
.Lambda : 0.00514925705325 Mu : 0.00572955684626 & Score: -7010.719927
.Lambda : 0.00514777705893 Mu : 0.00573122474721 & Score: -7010.718035
.Lambda : 0.00515292871880 Mu : 0.00572566847194 & Score: -7010.714431
.Lambda : 0.00515531246938 Mu : 0.00572316916644 & Score: -7010.711470
.Lambda : 0.00514977665080 Mu : 0.00572928310599 & Score: -7010.704795
.Lambda : 0.00514800853744 Mu : 0.00573136925515 & Score: -7010.697658
.Lambda : 0.00515554394789 Mu : 0.00572331367437 & Score: -7010.691194
.Lambda : 0.00515942739237 Mu : 0.00571935813795 & Score: -7010.682927
.Lambda : 0.00515212346043 Mu : 0.00572755822666 & Score: -7010.662047
.Lambda : 0.00515052895595 Mu : 0.00572975275676 & Score: -inf
.Lambda : 0.00516354231536 Mu : 0.00571554710946 & Score: -inf
.Lambda : 0.00515965887088 Mu : 0.00571950264588 & Score: -7010.662692
.Lambda : 0.00515235493893 Mu : 0.00572770273459 & Score: -inf
.Lambda : 0.00515412305229 Mu : 0.00572561658543 & Score: -inf
.Lambda : 0.00515589116565 Mu : 0.00572353043627 & Score: -7010.660787
.Lambda : 0.00515577542640 Mu : 0.00572345818230 & Score: -7010.670922
.Lambda : 0.00515223919968 Mu : 0.00572763048062 & Score: -inf
.Lambda : 0.00515312325636 Mu : 0.00572658740604 & Score: -inf
.Lambda : 0.00515400731304 Mu : 0.00572554433146 & Score: -7010.660943
.Lambda : 0.00515583329603 Mu : 0.00572349430929 & Score: -7010.665854
.Lambda : 0.00515406518267 Mu : 0.00572558045845 & Score: -inf
.Lambda : 0.00515450721101 Mu : 0.00572505892116 & Score: -inf
.Lambda : 0.00515494923935 Mu : 0.00572453738387 & Score: -7010.660746
.Lambda : 0.00515586223084 Mu : 0.00572351237278 & Score: -7010.663321
.Lambda : 0.00515497817416 Mu : 0.00572455544736 & Score: -inf
.Lambda : 0.00515519918833 Mu : 0.00572429467871 & Score: -7010.659467
.Lambda : 0.00515425726202 Mu : 0.00572530162631 & Score: -7010.659603
.Lambda : 0.00515450721101 Mu : 0.00572505892116 & Score: -inf
.Lambda : 0.00515461771809 Mu : 0.00572492853683 & Score: -inf
.Lambda : 0.00515472822518 Mu : 0.00572479815251 & Score: -7010.659506
.Lambda : 0.00515507421384 Mu : 0.00572441603129 & Score: -7010.660105
.Lambda : 0.00515485319967 Mu : 0.00572467679994 & Score: -inf
.Lambda : 0.00515490845321 Mu : 0.00572461160777 & Score: -inf
.Lambda : 0.00515496370675 Mu : 0.00572454641561 & Score: -7010.659479
.Lambda : 0.00515513670108 Mu : 0.00572435535500 & Score: -7010.659785
.Lambda : 0.00515502619400 Mu : 0.00572448573932 & Score: -inf
.Lambda : 0.00515505382077 Mu : 0.00572445314324 & Score: -inf
.Lambda : 0.00515508144754 Mu : 0.00572442054716 & Score: -7010.659471
.Lambda : 0.00515516794471 Mu : 0.00572432501686 & Score: -7010.659626
.Lambda : 0.00515511269117 Mu : 0.00572439020902 & Score: -inf
.Lambda : 0.00515512650455 Mu : 0.00572437391098 & Score: -7010.659390
.Lambda : 0.00515524424534 Mu : 0.00572424804253 & Score: -inf
.Lambda : 0.00515520354589 Mu : 0.00572429116869 & Score: -7010.659407
.Lambda : 0.00515513086211 Mu : 0.00572437040095 & Score: -inf
.Lambda : 0.00515514794367 Mu : 0.00572435147039 & Score: -inf
.Lambda : 0.00515516502522 Mu : 0.00572433253983 & Score: -7010.659398
.Lambda : 0.00515516284644 Mu : 0.00572433429485 & Score: -7010.659428
.Lambda : 0.00515512868333 Mu : 0.00572437215597 & Score: -inf
.Lambda : 0.00515513722411 Mu : 0.00572436269069 & Score: -7010.659377
.Lambda : 0.00515509870344 Mu : 0.00572440406183 & Score: -inf
.Lambda : 0.00515511528388 Mu : 0.00572438618133 & Score: -7010.659376
.Lambda : 0.00515512600344 Mu : 0.00572437496104 & Score: -inf
.Lambda : 0.00515512612872 Mu : 0.00572437469852 & Score: -inf
.Lambda : 0.00515512625400 Mu : 0.00572437443601 & Score: -7010.659377
.Lambda : 0.00515512089422 Mu : 0.00572438004616 & Score: -7010.659383
.Lambda : 0.00515512064366 Mu : 0.00572438057119 & Score: -inf
.Lambda : 0.00515512070630 Mu : 0.00572438043993 & Score: -inf
.Lambda : 0.00515512076894 Mu : 0.00572438030867 & Score: -7010.659376
.Lambda : 0.00515511808905 Mu : 0.00572438311374 & Score: -7010.659380
.Lambda : 0.00515511796377 Mu : 0.00572438337626 & Score: -inf
.Lambda : 0.00515511799509 Mu : 0.00572438331063 & Score: -7010.659375
.Lambda : 0.00515511251004 Mu : 0.00572438918329 & Score: -7010.659374
.Lambda : 0.00515510838058 Mu : 0.00572439362060 & Score: -7010.659373
.Lambda : 0.00515511109179 Mu : 0.00572439074990 & Score: -inf
.Lambda : 0.00515511213982 Mu : 0.00572438960776 & Score: -7010.659373
.Lambda : 0.00515510252531 Mu : 0.00572439991773 & Score: -7010.659372
.Lambda : 0.00515509479042 Mu : 0.00572440822128 & Score: -7010.659370
.Lambda : 0.00515509854965 Mu : 0.00572440420844 & Score: -inf
.Lambda : 0.00515510100738 Mu : 0.00572440156148 & Score: -inf
.Lambda : 0.00515510346512 Mu : 0.00572439891452 & Score: -7010.659372
.Lambda : 0.00515510158550 Mu : 0.00572440092094 & Score: -7010.659372
.Lambda : 0.00515509667003 Mu : 0.00572440621486 & Score: -inf
.Lambda : 0.00515509789890 Mu : 0.00572440489138 & Score: -inf
.Lambda : 0.00515509912777 Mu : 0.00572440356790 & Score: -7010.659371
.Lambda : 0.00515509818796 Mu : 0.00572440457111 & Score: -7010.659371
.
Lambda Search Result: 74
Lambda : 0.00515509479042 Mu : 0.00572440822128 & Score: 7010.659370
DONE: Lamda,Mu Search or setting, for command:
lambdamu -s
