The Number of families : 1000 ==> 774
-----------------------------------------------------------
Family information: sim
Log: ./sim.log
Tree: (((musDom:52,gloMor:52):52,((droWil:56,(droPse:48,((droYak:14,droMel:14):17,droAna:31):17):8):8,(droVir:32,droMoj:32):32):39):184,((culQui:79,aedAeg:79):79,(anoDar:70,(anoSte:35,anoGam:35):35):88):129)
The number of families is 774
Root Family size : 1 ~ 30
Family size : 0 ~ 58
P-value: 0.010000
Num of Threads: 4
Num of Random: 1000
Empirical Prior Estimation Result: 23
Poisson lambda: 0.323959 & Score: 7463.579918
Lambda : 0.00100051447415 & Score: -7625.361088
.Lambda : 0.00105054019786 & Score: -7631.161821
.Lambda : 0.00095048875044 & Score: -7623.888763
.Lambda : 0.00090046302674 & Score: -7627.259725
.Lambda : 0.00090046302674 & Score: -7627.259725
.Lambda : 0.00092547588859 & Score: -7624.934811
.Lambda : 0.00097550161230 & Score: -7624.054910
.Lambda : 0.00092547588859 & Score: -7624.934811
.Lambda : 0.00093798231952 & Score: -7624.257269
.Lambda : 0.00096299518137 & Score: -7623.824194
.Lambda : 0.00097550161230 & Score: -7624.054910
.Lambda : 0.00096924839683 & Score: -7623.903169
.Lambda : 0.00095674196591 & Score: -7623.819035
.Lambda : 0.00095048875044 & Score: -7623.888763
.Lambda : 0.00095361535817 & Score: -7623.844471
.Lambda : 0.00095986857364 & Score: -7623.812321
.Lambda : 0.00096299518137 & Score: -7623.824194
.Lambda : 0.00096143187750 & Score: -7623.815942
.Lambda : 0.00095830526977 & Score: -7623.813346
.Lambda : 0.00096143187750 & Score: -7623.815942
.Lambda : 0.00096065022557 & Score: -7623.813552
.Lambda : 0.00095908692171 & Score: -7623.812252
.Lambda : 0.00095830526977 & Score: -7623.813346
.Lambda : 0.00095869609574 & Score: -7623.812654
.Lambda : 0.00095947774767 & Score: -7623.812141
.Lambda : 0.00095986857364 & Score: -7623.812321
.Lambda : 0.00095967316066 & Score: -7623.812195
.Lambda : 0.00095928233469 & Score: -7623.812160
.Lambda : 0.00095967316066 & Score: -7623.812195
.Lambda : 0.00095957545416 & Score: -7623.812159
.Lambda : 0.00095938004118 & Score: -7623.812142
.
Lambda Search Result: 14
Lambda : 0.00095947774767 & Score: 7623.812141
DONE: Lamda Search or setting, for command:
lambda -s
Empirical Prior Estimation Result: 34
Poisson lambda: 0.323960 & Score: 7463.579918
Lambda : 0.00469327300949 Mu : 0.00483950721758 & Score: -10874.953967
.Lambda : 0.00492793665996 Mu : 0.00483950721758 & Score: -10994.496676
.Lambda : 0.00492793665996 Mu : 0.00508148257846 & Score: -11104.492240
.Lambda : 0.00469327300949 Mu : 0.00459753185670 & Score: -10762.756588
.Lambda : 0.00457594118425 Mu : 0.00435555649582 & Score: -10590.208772
.Lambda : 0.00434127753378 Mu : 0.00435555649582 & Score: -10468.498956
.Lambda : 0.00404794797068 Mu : 0.00411358113494 & Score: -10203.085541
.Lambda : 0.00393061614545 Mu : 0.00362963041318 & Score: -9909.160582
.Lambda : 0.00354928771343 Mu : 0.00302469201099 & Score: -9420.053342
.Lambda : 0.00302129449986 Mu : 0.00278271665011 & Score: -9029.249097
.Lambda : 0.00224397115766 Mu : 0.00199629672725 & Score: -8290.691763
.Lambda : 0.00174531090040 Mu : 0.00090740760330 & Score: -7753.260321
.Lambda : 0.00059399236526 Mu : -0.00069567916253 & Score: -inf
.Lambda : 0.00043999434464 Mu : -0.00012098768044 & Score: -inf
.Lambda : 0.00121731768684 Mu : 0.00066543224242 & Score: -7633.558961
.Lambda : 0.00071865742958 Mu : -0.00042345688154 & Score: -inf
.Lambda : 0.00109998586160 Mu : 0.00018148152066 & Score: -8123.278032
.Lambda : 0.00186264272564 Mu : 0.00139135832505 & Score: -7897.435439
.Lambda : 0.00109998586160 Mu : 0.00018148152066 & Score: -8123.278032
.Lambda : 0.00129065007761 Mu : 0.00048395072176 & Score: -7712.863602
.Lambda : 0.00076265686404 Mu : 0.00024197536088 & Score: -8044.916197
.Lambda : 0.00100832037313 Mu : 0.00040833342148 & Score: -7754.782739
.Lambda : 0.00125398388222 Mu : 0.00057469148209 & Score: -7664.107680
.Lambda : 0.00148131429362 Mu : 0.00078641992286 & Score: -7668.814035
.Lambda : 0.00098998727544 Mu : 0.00045370380165 & Score: -7720.526597
.Lambda : 0.00111281902998 Mu : 0.00053688283195 & Score: -7668.333833
.Lambda : 0.00135848253907 Mu : 0.00070324089255 & Score: -7648.646167
.Lambda : 0.00132181634369 Mu : 0.00079398165288 & Score: -7633.379155
.Lambda : 0.00135573257442 Mu : 0.00090362673828 & Score: -7641.583273
.Lambda : 0.00118065149145 Mu : 0.00075617300275 & Score: -7617.089001
.Lambda : 0.00109173596764 Mu : 0.00078263905784 & Score: -7611.142688
.Lambda : 0.00119623462449 Mu : 0.00091118846831 & Score: -7618.887478
.Lambda : 0.00096615424844 Mu : 0.00089984587327 & Score: -7617.678054
.Lambda : 0.00086165559159 Mu : 0.00077129646280 & Score: -7635.534658
.Lambda : 0.00094530034981 Mu : 0.00080626946418 & Score: -7618.316319
.Lambda : 0.00111258986626 Mu : 0.00087621546693 & Score: -7611.364972
.Lambda : 0.00123817158546 Mu : 0.00075900865151 & Score: -7622.851199
.Lambda : 0.00117016725121 Mu : 0.00079421795695 & Score: -7614.028743
.Lambda : 0.00103415858269 Mu : 0.00086463656783 & Score: -7611.034899
.Lambda : 0.00096615424844 Mu : 0.00089984587327 & Score: -7617.678054
.Lambda : 0.00101330468407 Mu : 0.00077106015874 & Score: -7613.545796
.Lambda : 0.00103812597962 Mu : 0.00079734898579 & Score: -7611.010479
.Lambda : 0.00098054859467 Mu : 0.00087934649577 & Score: -7615.101032
.Lambda : 0.00100834543791 Mu : 0.00085516963629 & Score: -7612.071256
.Lambda : 0.00103614228116 Mu : 0.00083099277681 & Score: -7610.445852
.Lambda : 0.00106493097363 Mu : 0.00078999402181 & Score: -7610.713548
.Lambda : 0.00106294727517 Mu : 0.00082363781284 & Score: -7609.856512
.Lambda : 0.00107535792294 Mu : 0.00083678222636 & Score: -7609.771119
.Lambda : 0.00104656923047 Mu : 0.00087778098135 & Score: -7611.146297
.Lambda : 0.00105115966626 Mu : 0.00085583424147 & Score: -7610.286603
.Lambda : 0.00109037530804 Mu : 0.00086162369102 & Score: -7610.318639
.Lambda : 0.00103614228116 Mu : 0.00083099277681 & Score: -7610.445852
.Lambda : 0.00104970053788 Mu : 0.00083865050536 & Score: -7610.075479
.Lambda : 0.00107389879456 Mu : 0.00081959849025 & Score: -7609.821492
.Lambda : 0.00109955617962 Mu : 0.00081773021125 & Score: -7610.102515
.Lambda : 0.00108709226919 Mu : 0.00082296028478 & Score: -7609.846290
.Lambda : 0.00106216444831 Mu : 0.00083342043183 & Score: -7609.836080
.Lambda : 0.00108709226919 Mu : 0.00082296028478 & Score: -7609.846290
.Lambda : 0.00108086031397 Mu : 0.00082557532154 & Score: -7609.779248
.Lambda : 0.00108231944235 Mu : 0.00084275905765 & Score: -7609.844330
.Lambda : 0.00108021428040 Mu : 0.00083696891580 & Score: -7609.782345
.Lambda : 0.00107600395651 Mu : 0.00082538863210 & Score: -7609.768840
.Lambda : 0.00107389879456 Mu : 0.00081959849025 & Score: -7609.821492
.Lambda : 0.00107050156548 Mu : 0.00083659553692 & Score: -7609.781428
.Lambda : 0.00107309125260 Mu : 0.00083384048308 & Score: -7609.761411
.Lambda : 0.00107373728617 Mu : 0.00082244688882 & Score: -7609.792244
.Lambda : 0.00107414244536 Mu : 0.00082603072320 & Score: -7609.767060
.Lambda : 0.00107122974146 Mu : 0.00083448257418 & Score: -7609.768781
.Lambda : 0.00107600395651 Mu : 0.00082538863210 & Score: -7609.768840
.Lambda : 0.00107481040274 Mu : 0.00082766211762 & Score: -7609.759575
.Lambda : 0.00107375920998 Mu : 0.00083547187749 & Score: -7609.765829
.Lambda : 0.00107414244536 Mu : 0.00082603072320 & Score: -7609.767060
.Lambda : 0.00107404663652 Mu : 0.00082839101178 & Score: -7609.758843
.Lambda : 0.00107576578666 Mu : 0.00082221264632 & Score: -7609.792356
.Lambda : 0.00107509715314 Mu : 0.00082511960551 & Score: -7609.770736
.Lambda : 0.00107442851963 Mu : 0.00082802656470 & Score: -7609.759059
.Lambda : 0.00107356894456 Mu : 0.00083111574743 & Score: -7609.757657
.Lambda : 0.00107318706145 Mu : 0.00083148019450 & Score: -7609.758196
.Lambda : 0.00107270936949 Mu : 0.00083420493015 & Score: -7609.763268
.Lambda : 0.00107304368624 Mu : 0.00083275145056 & Score: -7609.759354
.Lambda : 0.00107337800300 Mu : 0.00083129797096 & Score: -7609.757889
.Lambda : 0.00107380779054 Mu : 0.00082975337960 & Score: -7609.757293
.Lambda : 0.00107399873209 Mu : 0.00082957115606 & Score: -7609.757032
.Lambda : 0.00107430909664 Mu : 0.00082870774861 & Score: -7609.757688
.Lambda : 0.00107423757807 Mu : 0.00082820878824 & Score: -7609.758914
.Lambda : 0.00107407041969 Mu : 0.00082893552803 & Score: -7609.757725
.Lambda : 0.00107390326132 Mu : 0.00082966226783 & Score: -7609.757153
.Lambda : 0.00107378383833 Mu : 0.00083034345174 & Score: -7609.757087
.Lambda : 0.00107387930910 Mu : 0.00083025233997 & Score: -7609.756883
.Lambda : 0.00107386733300 Mu : 0.00083054737605 & Score: -7609.756891
.Lambda : 0.00107409420287 Mu : 0.00082948004429 & Score: -7609.756929
.Lambda : 0.00107397477988 Mu : 0.00083016122820 & Score: -7609.756698
.Lambda : 0.00107396280378 Mu : 0.00083045626428 & Score: -7609.756674
.Lambda : 0.00107374791001 Mu : 0.00083122855996 & Score: -7609.757378
.Lambda : 0.00107383448323 Mu : 0.00083079143104 & Score: -7609.757023
.Lambda : 0.00107392105644 Mu : 0.00083035430213 & Score: -7609.756772
.Lambda : 0.00107402850333 Mu : 0.00082996815428 & Score: -7609.756668
.Lambda : 0.00107407025066 Mu : 0.00083007011644 & Score: -7609.756532
.Lambda : 0.00107414484777 Mu : 0.00082992802359 & Score: -7609.756454
.Lambda : 0.00107421054732 Mu : 0.00082943991360 & Score: -7609.756747
.Lambda : 0.00107414861143 Mu : 0.00082969400127 & Score: -7609.756615
.Lambda : 0.00107426495588 Mu : 0.00082965387057 & Score: -7609.756429
.Lambda : 0.00107438318216 Mu : 0.00082949672872 & Score: -7609.756372
.Lambda : 0.00107437941850 Mu : 0.00082973075104 & Score: -7609.756157
.Lambda : 0.00107449482203 Mu : 0.00082974912593 & Score: -7609.755947
.Lambda : 0.00107473315641 Mu : 0.00082931783106 & Score: -7609.756040
.Lambda : 0.00107484479628 Mu : 0.00082957022827 & Score: -7609.755600
.Lambda : 0.00107507560334 Mu : 0.00082960697804 & Score: -7609.755291
.Lambda : 0.00107483726896 Mu : 0.00083003827291 & Score: -7609.755251
.Lambda : 0.00107488932523 Mu : 0.00083039849384 & Score: -7609.755069
.Lambda : 0.00107547010655 Mu : 0.00083025634595 & Score: -7609.754514
.Lambda : 0.00107595774881 Mu : 0.00083050995596 & Score: -7609.754223
.Lambda : 0.00107577147070 Mu : 0.00083130147176 & Score: -7609.754592
.Lambda : 0.00107683989427 Mu : 0.00083141293388 & Score: -7609.754698
.Lambda : 0.00107488932523 Mu : 0.00083039849384 & Score: -7609.755069
.Lambda : 0.00107537696749 Mu : 0.00083065210385 & Score: -7609.754551
.Lambda : 0.00107556324561 Mu : 0.00082986058805 & Score: -7609.754660
.Lambda : 0.00107561530188 Mu : 0.00083022080898 & Score: -7609.754430
.Lambda : 0.00107619608320 Mu : 0.00083007866109 & Score: -7609.754318
.Lambda : 0.00107653853013 Mu : 0.00083036780807 & Score: -7609.754249
.Lambda : 0.00107630019574 Mu : 0.00083079910294 & Score: -7609.754208
.Lambda : 0.00107635225201 Mu : 0.00083115932387 & Score: -7609.754365
.Lambda : 0.00107571941442 Mu : 0.00083094125083 & Score: -7609.754396
.Lambda : 0.00107592419335 Mu : 0.00083079789014 & Score: -7609.754261
.Lambda : 0.00107612897227 Mu : 0.00083065452945 & Score: -7609.754192
.Lambda : 0.00107641936293 Mu : 0.00083058345551 & Score: -7609.754195
.Lambda : 0.00107624813947 Mu : 0.00083043888202 & Score: -7609.754192
.Lambda : 0.00107595774881 Mu : 0.00083050995596 & Score: -7609.754223
.Lambda : 0.00107607315234 Mu : 0.00083052833085 & Score: -7609.754197
.Lambda : 0.00107618855587 Mu : 0.00083054670573 & Score: -7609.754183
.Lambda : 0.00107627416760 Mu : 0.00083061899248 & Score: -7609.754182
.Lambda : 0.00107633375120 Mu : 0.00083051116876 & Score: -7609.754188
.Lambda : 0.00107612897227 Mu : 0.00083065452945 & Score: -7609.754192
.Lambda : 0.00107618016701 Mu : 0.00083061868928 & Score: -7609.754184
.Lambda : 0.00107628255647 Mu : 0.00083054700894 & Score: -7609.754182
.Lambda : 0.00107636816820 Mu : 0.00083061929568 & Score: -7609.754189
.Lambda : 0.00107632326512 Mu : 0.00083060114819 & Score: -7609.754184
.Lambda : 0.00107627836204 Mu : 0.00083058300071 & Score: -7609.754182
.Lambda : 0.00107623136174 Mu : 0.00083058284911 & Score: -7609.754181
.
Lambda Search Result: 69
Lambda : 0.00107623136174 Mu : 0.00083058284911 & Score: 7609.754181
DONE: Lamda,Mu Search or setting, for command:
lambdamu -s
