The Number of families : 1000 ==> 74
-----------------------------------------------------------
Family information: sim
Log: ./sim.log
Tree: (((musDom:52,gloMor:52):52,((droWil:56,(droPse:48,((droYak:14,droMel:14):17,droAna:31):17):8):8,(droVir:32,droMoj:32):32):39):184,((culQui:79,aedAeg:79):79,(anoDar:70,(anoSte:35,anoGam:35):35):88):129)
The number of families is 74
Root Family size : 1 ~ 80
Family size : 0 ~ 114
P-value: 0.010000
Num of Threads: 4
Num of Random: 1000
Empirical Prior Estimation Result: 40
Poisson lambda: 8.970833 & Score: 4495.780910
Lambda : 0.00411878244030 & Score: -4185.822128
.Lambda : 0.00432472156232 & Score: -4110.900408
.Lambda : 0.00453066068433 & Score: -4041.470533
.Lambda : 0.00473659980635 & Score: -3976.997156
.Lambda : 0.00514847805038 & Score: -3860.908282
.Lambda : 0.00556035629441 & Score: -inf
.Lambda : 0.00556035629441 & Score: -inf
.Lambda : 0.00535441717239 & Score: -3808.557417
.Lambda : 0.00556035629441 & Score: -inf
.Lambda : 0.00545738673340 & Score: -inf
.Lambda : 0.00525144761138 & Score: -3834.287724
.Lambda : 0.00545738673340 & Score: -inf
.Lambda : 0.00540590195290 & Score: -3796.012688
.Lambda : 0.00545738673340 & Score: -inf
.Lambda : 0.00543164434315 & Score: -3789.816821
.Lambda : 0.00545738673340 & Score: -inf
.Lambda : 0.00544451553827 & Score: -inf
.Lambda : 0.00541877314802 & Score: -3792.908697
.Lambda : 0.00544451553827 & Score: -inf
.Lambda : 0.00543807994071 & Score: -inf
.Lambda : 0.00542520874558 & Score: -3791.361239
.Lambda : 0.00543807994071 & Score: -inf
.Lambda : 0.00543486214193 & Score: -inf
.Lambda : 0.00542842654437 & Score: -3790.588717
.Lambda : 0.00543486214193 & Score: -inf
.Lambda : 0.00543325324254 & Score: -3789.431077
.Lambda : 0.00543486214193 & Score: -inf
.Lambda : 0.00543405769223 & Score: -3789.238281
.Lambda : 0.00543486214193 & Score: -inf
.Lambda : 0.00543445991708 & Score: -3789.141901
.Lambda : 0.00543486214193 & Score: -inf
.Lambda : 0.00543466102951 & Score: -3789.093716
.Lambda : 0.00543486214193 & Score: -inf
.Lambda : 0.00543476158572 & Score: -3789.069625
.Lambda : 0.00543486214193 & Score: -inf
.Lambda : 0.00543481186382 & Score: -inf
.Lambda : 0.00543471130761 & Score: -3789.081670
.Lambda : 0.00543481186382 & Score: -inf
.Lambda : 0.00543478672477 & Score: -inf
.Lambda : 0.00543473644666 & Score: -3789.075647
.Lambda : 0.00543478672477 & Score: -inf
.Lambda : 0.00543477415524 & Score: -3789.066613
.Lambda : 0.00543478672477 & Score: -inf
.Lambda : 0.00543478044001 & Score: -3789.065107
.Lambda : 0.00543478672477 & Score: -inf
.Lambda : 0.00543478358239 & Score: -inf
.Lambda : 0.00543477729763 & Score: -3789.065860
.Lambda : 0.00543478358239 & Score: -inf
.Lambda : 0.00543478201120 & Score: -3789.064731
.Lambda : 0.00543478358239 & Score: -inf
.Lambda : 0.00543478279679 & Score: -inf
.Lambda : 0.00543478122560 & Score: -3789.064919
.Lambda : 0.00543478279679 & Score: -inf
.Lambda : 0.00543478240400 & Score: -3789.064637
.Lambda : 0.00543478279679 & Score: -inf
.Lambda : 0.00543478260039 & Score: -3789.064590
.Lambda : 0.00543478279679 & Score: -inf
.Lambda : 0.00543478269859 & Score: -inf
.Lambda : 0.00543478250220 & Score: -3789.064613
.Lambda : 0.00543478269859 & Score: -inf
.Lambda : 0.00543478264949 & Score: -inf
.Lambda : 0.00543478255129 & Score: -3789.064602
.Lambda : 0.00543478264949 & Score: -inf
.Lambda : 0.00543478262494 & Score: -inf
.Lambda : 0.00543478257584 & Score: -3789.064596
.Lambda : 0.00543478262494 & Score: -inf
.Lambda : 0.00543478261267 & Score: -inf
.Lambda : 0.00543478258812 & Score: -3789.064593
.Lambda : 0.00543478261267 & Score: -inf
.Lambda : 0.00543478260653 & Score: -3789.064588
.Lambda : 0.00543478261267 & Score: -inf
.Lambda : 0.00543478260960 & Score: -inf
.Lambda : 0.00543478260346 & Score: -3789.064589
.
Lambda Search Result: 29
Lambda : 0.00543478260653 & Score: 3789.064588
DONE: Lamda Search or setting, for command:
lambda -s
Empirical Prior Estimation Result: 41
Poisson lambda: 8.970834 & Score: 4495.780910
Lambda : 0.00355151552282 Mu : 0.00010402849116 & Score: -6064.465491
.Lambda : 0.00372909129896 Mu : 0.00010402849116 & Score: -5966.751759
.Lambda : 0.00372909129896 Mu : 0.00010922991572 & Score: -5953.782067
.Lambda : 0.00390666707510 Mu : 0.00010922991572 & Score: -5862.587961
.Lambda : 0.00408424285124 Mu : 0.00011183062800 & Score: -5771.091454
.Lambda : 0.00408424285124 Mu : 0.00011703205256 & Score: -5759.362659
.Lambda : 0.00426181862738 Mu : 0.00012353383325 & Score: -5665.616256
.Lambda : 0.00461697017966 Mu : 0.00012613454553 & Score: -5514.811029
.Lambda : 0.00506090962002 Mu : 0.00013458686044 & Score: -5338.435063
.Lambda : 0.00523848539616 Mu : 0.00014629006570 & Score: -5261.256761
.Lambda : 0.00581560666861 Mu : 0.00016351978454 & Score: -5068.141027
.Lambda : 0.00661469766125 Mu : 0.00017457281173 & Score: -4864.651616
.Lambda : 0.00779113717818 Mu : 0.00020009230097 & Score: -4626.807244
.Lambda : 0.00854583422678 Mu : 0.00022902522507 & Score: -4498.707503
.Lambda : 0.01028829653016 Mu : 0.00027624440739 & Score: -4299.511310
.Lambda : 0.01226382703973 Mu : 0.00031281692381 & Score: -4171.632835
.Lambda : 0.01548793722529 Mu : 0.00038746549345 & Score: -4077.765569
.Lambda : 0.01798509657727 Mu : 0.00046361759987 & Score: -4066.887202
.Lambda : 0.02308207627681 Mu : 0.00059538024932 & Score: -inf
.Lambda : 0.02318473727240 Mu : 0.00057483868593 & Score: -inf
.Lambda : 0.01996062708684 Mu : 0.00050019011629 & Score: -4095.636420
.Lambda : 0.01351240671572 Mu : 0.00035089297702 & Score: -4116.005619
.Lambda : 0.01512446180850 Mu : 0.00038821726184 & Score: -4078.683221
.Lambda : 0.01834857199406 Mu : 0.00046286583148 & Score: -4073.225908
.Lambda : 0.02084573134604 Mu : 0.00053901793790 & Score: -inf
.Lambda : 0.01950628281585 Mu : 0.00050112982678 & Score: -4084.167960
.Lambda : 0.01816683428566 Mu : 0.00046324171567 & Score: -4069.964933
.Lambda : 0.01673651690128 Mu : 0.00042554154666 & Score: -4066.180375
.Lambda : 0.01655477919289 Mu : 0.00042591743085 & Score: -4064.734708
.Lambda : 0.01574875164650 Mu : 0.00040725528845 & Score: -4069.316605
.Lambda : 0.01530619951689 Mu : 0.00038784137764 & Score: -4078.081347
.Lambda : 0.01597592378199 Mu : 0.00040678543320 & Score: -4069.797505
.Lambda : 0.01664564804708 Mu : 0.00042572948876 & Score: -4065.428781
.Lambda : 0.01726993788508 Mu : 0.00044476751536 & Score: -4064.017262
.Lambda : 0.01717906903088 Mu : 0.00044495545746 & Score: -4062.942252
.Lambda : 0.01744577952278 Mu : 0.00045456844181 & Score: -4062.523652
.Lambda : 0.01816093821497 Mu : 0.00047341852632 & Score: -4066.296604
.Lambda : 0.01775939845945 Mu : 0.00046154325245 & Score: -4064.230630
.Lambda : 0.01695631894841 Mu : 0.00043779270472 & Score: -4063.379844
.Lambda : 0.01713216058611 Mu : 0.00044759363117 & Score: -4061.469521
.Lambda : 0.01706327193662 Mu : 0.00044900668908 & Score: -4060.243143
.Lambda : 0.01755273251100 Mu : 0.00046578242617 & Score: -4059.879983
.Lambda : 0.01785093929229 Mu : 0.00047977728689 & Score: -4059.194337
.Lambda : 0.01746843170614 Mu : 0.00047421553415 & Score: -4055.833391
.Lambda : 0.01747975779782 Mu : 0.00048403908032 & Score: -4052.592051
.Lambda : 0.01826742515348 Mu : 0.00051480967814 & Score: -4054.304380
.Lambda : 0.01789624365901 Mu : 0.00051907147157 & Score: -4046.883069
.Lambda : 0.01791889584237 Mu : 0.00053871856391 & Score: -4041.078631
.Lambda : 0.01713122848670 Mu : 0.00050794796610 & Score: -4040.534831
.Lambda : 0.01656313015330 Mu : 0.00050451711008 & Score: -4036.702678
.Lambda : 0.01700226819785 Mu : 0.00055919659367 & Score: -4023.203789
.Lambda : 0.01676352339787 Mu : 0.00059677535034 & Score: -4010.121345
.Lambda : 0.01540775770881 Mu : 0.00056257389651 & Score: -4015.423899
.Lambda : 0.01560815095338 Mu : 0.00065483213677 & Score: -3989.393070
.Lambda : 0.01513066135342 Mu : 0.00072998965011 & Score: -3971.590917
.Lambda : 0.01648642704248 Mu : 0.00076419110394 & Score: -3966.059606
.Lambda : 0.01702576170931 Mu : 0.00086499970766 & Score: -3949.489203
.Lambda : 0.01539289966486 Mu : 0.00099821400744 & Score: -3916.146655
.Lambda : 0.01470758779835 Mu : 0.00119893333598 & Score: -3884.958869
.Lambda : 0.01660268815425 Mu : 0.00133394339354 & Score: -inf
.Lambda : 0.01623468145404 Mu : 0.00118295495768 & Score: -inf
.Lambda : 0.01586667475383 Mu : 0.00103196652182 & Score: -3910.863639
.Lambda : 0.01491912457589 Mu : 0.00096446149305 & Score: -3923.290585
.Lambda : 0.01565513797630 Mu : 0.00126643836476 & Score: -inf
.Lambda : 0.01547113462620 Mu : 0.00119094414683 & Score: -inf
.Lambda : 0.01528713127609 Mu : 0.00111544992890 & Score: -3896.263798
.Lambda : 0.01481335618712 Mu : 0.00108169741452 & Score: -3903.127486
.Lambda : 0.01518136288733 Mu : 0.00123268585037 & Score: -inf
.Lambda : 0.01508936121228 Mu : 0.00119493874141 & Score: -inf
.Lambda : 0.01499735953722 Mu : 0.00115719163244 & Score: -3890.173591
.Lambda : 0.01476047199274 Mu : 0.00114031537525 & Score: -3893.827332
.Lambda : 0.01494447534284 Mu : 0.00121580959318 & Score: -inf
.Lambda : 0.01489847450531 Mu : 0.00119693603870 & Score: -3884.380693
.Lambda : 0.01460870276644 Mu : 0.00123867774224 & Score: -3879.513120
.Lambda : 0.01441437438105 Mu : 0.00127942079713 & Score: -3874.779767
.Lambda : 0.01460526108802 Mu : 0.00127742349984 & Score: -inf
.Lambda : 0.01463084276560 Mu : 0.00125780095888 & Score: -inf
.Lambda : 0.01465642444318 Mu : 0.00123817841791 & Score: -3879.308646
.Lambda : 0.01456098108970 Mu : 0.00123917706656 & Score: -3879.738261
.Lambda : 0.01450981773454 Mu : 0.00127842214849 & Score: -inf
.Lambda : 0.01452260857333 Mu : 0.00126861087801 & Score: -inf
.Lambda : 0.01453539941212 Mu : 0.00125879960752 & Score: -3877.006018
.Lambda : 0.01448767773538 Mu : 0.00125929893184 & Score: -3877.255148
.Lambda : 0.01446209605780 Mu : 0.00127892147281 & Score: -inf
.Lambda : 0.01446849147719 Mu : 0.00127401583757 & Score: -3875.200127
.Lambda : 0.01434746644613 Mu : 0.00129463702718 & Score: -3873.053215
.Lambda : 0.01425349996313 Mu : 0.00131255573701 & Score: -3871.182089
.Lambda : 0.01419938286699 Mu : 0.00131796069657 & Score: -3870.863692
.Lambda : 0.01406482856189 Mu : 0.00133993312607 & Score: -3868.941238
.Lambda : 0.01390395414397 Mu : 0.00137306806594 & Score: -3865.705898
.Lambda : 0.01364874402543 Mu : 0.00141989170035 & Score: -3861.675357
.Lambda : 0.01346007262419 Mu : 0.00144726908941 & Score: -3860.085921
.Lambda : 0.01306335895472 Mu : 0.00151462576561 & Score: -3856.512436
.Lambda : 0.01264727441825 Mu : 0.00159458433989 & Score: -3852.641719
.Lambda : 0.01193849734643 Mu : 0.00172190994680 & Score: -3850.230912
.Lambda : 0.01135311227573 Mu : 0.00181664401206 & Score: -3852.506026
.Lambda : 0.01022825066744 Mu : 0.00202392819325 & Score: -3861.825329
.Lambda : 0.01093702773926 Mu : 0.00189660258634 & Score: -3854.291282
.Lambda : 0.01235458188290 Mu : 0.00164195137252 & Score: -3851.891856
.Lambda : 0.01293996695360 Mu : 0.00154721730726 & Score: -3854.012374
.Lambda : 0.01254325328414 Mu : 0.00161457398346 & Score: -3851.798150
.Lambda : 0.01212716874767 Mu : 0.00169453255774 & Score: -3849.538427
.Lambda : 0.01201346218005 Mu : 0.00172082315034 & Score: -3848.507214
.Lambda : 0.01140870624235 Mu : 0.00182815911368 & Score: -3849.124862
.Lambda : 0.01148367107597 Mu : 0.00182707231723 & Score: -3847.091931
.Lambda : 0.01125625794073 Mu : 0.00187965350244 & Score: -3846.254084
.Lambda : 0.01186101387844 Mu : 0.00177231753910 & Score: -3844.941942
.Lambda : 0.01208716769648 Mu : 0.00174439675181 & Score: -3843.406230
.Lambda : 0.01132996345716 Mu : 0.00190322710391 & Score: -3840.553425
.Lambda : 0.01098821409572 Mu : 0.00199442908070 & Score: -3838.074408
.Lambda : 0.01181912385147 Mu : 0.00185917233006 & Score: -3833.540497
.Lambda : 0.01210055680684 Mu : 0.00184893174387 & Score: -inf
.Lambda : 0.01072017025071 Mu : 0.00210920465895 & Score: -3830.034820
.Lambda : 0.01003667152782 Mu : 0.00229160861252 & Score: -3827.782033
.Lambda : 0.01086758128357 Mu : 0.00215635186188 & Score: -3818.199304
.Lambda : 0.01080726487749 Mu : 0.00223731325248 & Score: -inf
.Lambda : 0.00908512895992 Mu : 0.00258878814434 & Score: -3828.883562
.Lambda : 0.01181912385147 Mu : 0.00185917233006 & Score: -3833.540497
.Lambda : 0.01113562512858 Mu : 0.00204157628363 & Score: -3826.531568
.Lambda : 0.01196653488433 Mu : 0.00190631953300 & Score: -inf
.Lambda : 0.01148406904520 Mu : 0.00200264180288 & Score: -3822.004465
.Lambda : 0.01121602520019 Mu : 0.00211741738113 & Score: -inf
.Lambda : 0.01119592518229 Mu : 0.00209845710676 & Score: -3816.662749
.Lambda : 0.01057943742065 Mu : 0.00225216716576 & Score: -3813.058578
.Lambda : 0.01012712160838 Mu : 0.00237692984720 & Score: -3811.163289
.Lambda : 0.01045546550710 Mu : 0.00231903509208 & Score: -3807.173459
.Lambda : 0.01024940761886 Mu : 0.00240037670717 & Score: -3802.841377
.Lambda : 0.00918060404495 Mu : 0.00267884944762 & Score: -3810.294577
.Lambda : 0.00930289005544 Mu : 0.00270229630758 & Score: -3800.678418
.Lambda : 0.00889077427897 Mu : 0.00286497953778 & Score: -3798.191053
.Lambda : 0.00995957785288 Mu : 0.00258650679733 & Score: -inf
.Lambda : 0.00976483440090 Mu : 0.00260959245990 & Score: -3792.525731
.Lambda : 0.00840620106100 Mu : 0.00307419529051 & Score: -3796.882917
.Lambda : 0.00928026118293 Mu : 0.00281880821263 & Score: -3784.765699
.Lambda : 0.00947500463491 Mu : 0.00279572255006 & Score: -inf
.Lambda : 0.01063889452282 Mu : 0.00235420538203 & Score: -inf
.Lambda : 0.01008072115737 Mu : 0.00253420285915 & Score: -inf
.Lambda : 0.00952254779191 Mu : 0.00271420033627 & Score: -3788.493885
.Lambda : 0.00884323112197 Mu : 0.00294650175157 & Score: -3789.115796
.Lambda : 0.00995957785288 Mu : 0.00258650679733 & Score: -inf
.Lambda : 0.00968049117015 Mu : 0.00267650553589 & Score: -inf
.Lambda : 0.00940140448742 Mu : 0.00276650427445 & Score: -3786.620606
.Lambda : 0.00906174615245 Mu : 0.00288265498210 & Score: -3786.522017
.Lambda : 0.00894060284796 Mu : 0.00293495892028 & Score: -3785.428428
.Lambda : 0.00915911787844 Mu : 0.00287111215081 & Score: -3783.231296
.Lambda : 0.00920780374143 Mu : 0.00286534073517 & Score: -3781.634477
.Lambda : 0.00954746207641 Mu : 0.00274919002752 & Score: -inf
.Lambda : 0.00939574726929 Mu : 0.00279563225071 & Score: -inf
.Lambda : 0.00924403246218 Mu : 0.00284207447390 & Score: -3783.187248
.Lambda : 0.00907420329469 Mu : 0.00290014982773 & Score: -3783.372179
.Lambda : 0.00937763290892 Mu : 0.00280726538135 & Score: -inf
.Lambda : 0.00930177550536 Mu : 0.00283048649294 & Score: -inf
.Lambda : 0.00922591810181 Mu : 0.00285370760454 & Score: -3782.417452
.Lambda : 0.00914100351806 Mu : 0.00288274528145 & Score: -3782.474988
.Lambda : 0.00929271832518 Mu : 0.00283630305826 & Score: -inf
.Lambda : 0.00925478962340 Mu : 0.00284791361406 & Score: -inf
.Lambda : 0.00921686092162 Mu : 0.00285952416985 & Score: -3782.023837
.Lambda : 0.00917440362975 Mu : 0.00287404300831 & Score: -3782.047393
.Lambda : 0.00925026103330 Mu : 0.00285082189671 & Score: -inf
.Lambda : 0.00923129668242 Mu : 0.00285662717461 & Score: -3781.735978
.Lambda : 0.00922223950223 Mu : 0.00286244373993 & Score: -inf
.Lambda : 0.00922089485708 Mu : 0.00286171384741 & Score: -inf
.Lambda : 0.00921955021192 Mu : 0.00286098395489 & Score: -3781.682876
.Lambda : 0.00921233233153 Mu : 0.00286243245251 & Score: -3781.828616
.Lambda : 0.00921502162183 Mu : 0.00286389223755 & Score: -3781.487626
.Lambda : 0.00921636626698 Mu : 0.00286462213007 & Score: -inf
.Lambda : 0.00920327515134 Mu : 0.00286824901783 & Score: -3781.441420
.Lambda : 0.00919513762105 Mu : 0.00287188154930 & Score: -3781.324510
.Lambda : 0.00920235550144 Mu : 0.00287043305168 & Score: -inf
.Lambda : 0.00920371756144 Mu : 0.00286915997255 & Score: -3781.289437
.Lambda : 0.00918383356066 Mu : 0.00287714928430 & Score: -3781.134786
.Lambda : 0.00916823953007 Mu : 0.00288377780767 & Score: -3780.965398
.Lambda : 0.00917681947047 Mu : 0.00288105623093 & Score: -3780.926375
.Lambda : 0.00916766039518 Mu : 0.00288564357174 & Score: -3780.727416
.Lambda : 0.00913218236381 Mu : 0.00290026140686 & Score: -3780.420236
.Lambda : 0.00909641476499 Mu : 0.00291581212402 & Score: -3780.005248
.Lambda : 0.00909583563009 Mu : 0.00291767788808 & Score: -3779.768580
.Lambda : 0.00905963368010 Mu : 0.00293462792829 & Score: -3779.210313
.Lambda : 0.00898838804992 Mu : 0.00296479648057 & Score: -3778.658558
.Lambda : 0.00889875187729 Mu : 0.00300437293498 & Score: -3777.862425
.Lambda : 0.00886197079240 Mu : 0.00302318873925 & Score: -3777.221624
.Lambda : 0.00874474880611 Mu : 0.00307687704687 & Score: -3776.242346
.Lambda : 0.00858386700329 Mu : 0.00314662205356 & Score: -3775.884432
.Lambda : 0.00834598366488 Mu : 0.00325261911619 & Score: -3775.356072
.Lambda : 0.00819198059370 Mu : 0.00332512322808 & Score: -3774.937216
.Lambda : 0.00783859495191 Mu : 0.00348549837463 & Score: -3776.379232
.Lambda : 0.00779321545248 Mu : 0.00350086529741 & Score: -3777.430495
.Lambda : 0.00803109879089 Mu : 0.00339486823477 & Score: -3775.827609
.Lambda : 0.00850686546770 Mu : 0.00318287410950 & Score: -3775.405425
.Lambda : 0.00803109879089 Mu : 0.00339486823477 & Score: -3775.827609
.Lambda : 0.00815004046009 Mu : 0.00334186970345 & Score: -3775.340907
.Lambda : 0.00799603738891 Mu : 0.00341437381534 & Score: -3775.497421
.Lambda : 0.00808352395790 Mu : 0.00337393514056 & Score: -3775.244120
.Lambda : 0.00812546409152 Mu : 0.00335718866518 & Score: -3774.829488
.Lambda : 0.00811317590723 Mu : 0.00336484814605 & Score: -3774.564109
.Lambda : 0.00822163254303 Mu : 0.00331603623357 & Score: -3774.302120
.Lambda : 0.00829068683560 Mu : 0.00328708678008 & Score: -3773.949774
.Lambda : 0.00821188214913 Mu : 0.00332681169805 & Score: -3773.426438
.Lambda : 0.00822183292684 Mu : 0.00332765593303 & Score: -3772.675330
.Lambda : 0.00839934385520 Mu : 0.00324989456707 & Score: -3772.504930
.Lambda : 0.00854242782918 Mu : 0.00319241777758 & Score: -inf
.Lambda : 0.00833048994644 Mu : 0.00329046372002 & Score: -3771.008142
.Lambda : 0.00835039150186 Mu : 0.00329215218999 & Score: -3769.553956
.Lambda : 0.00852790243023 Mu : 0.00321439082402 & Score: -inf
.Lambda : 0.00845138505438 Mu : 0.00324270710127 & Score: -inf
.Lambda : 0.00837486767853 Mu : 0.00327102337853 & Score: -3771.015949
.Lambda : 0.00828611221435 Mu : 0.00330990406151 & Score: -3771.063099
.Lambda : 0.00843914696604 Mu : 0.00325327150700 & Score: -inf
.Lambda : 0.00840088827812 Mu : 0.00326742964563 & Score: -inf
.Lambda : 0.00836262959020 Mu : 0.00328158778426 & Score: -3770.280556
.Lambda : 0.00831825185811 Mu : 0.00330102812575 & Score: -3770.295644
.Lambda : 0.00839476923395 Mu : 0.00327271184849 & Score: -inf
.Lambda : 0.00837563988999 Mu : 0.00327979091781 & Score: -inf
.Lambda : 0.00835651054603 Mu : 0.00328686998712 & Score: -3769.917506
.Lambda : 0.00833432167998 Mu : 0.00329659015787 & Score: -3769.920075
.Lambda : 0.00837258036791 Mu : 0.00328243201924 & Score: -inf
.Lambda : 0.00836301569593 Mu : 0.00328597155390 & Score: -inf
.Lambda : 0.00835345102395 Mu : 0.00328951108855 & Score: -3769.735808
.Lambda : 0.00834235659092 Mu : 0.00329437117393 & Score: -3769.735837
.Lambda : 0.00836148593489 Mu : 0.00328729210461 & Score: -inf
.Lambda : 0.00835670359889 Mu : 0.00328906187194 & Score: -3769.600671
.Lambda : 0.00835364407681 Mu : 0.00329170297337 & Score: -inf
.Lambda : 0.00835359581359 Mu : 0.00329115500217 & Score: -inf
.Lambda : 0.00835354755038 Mu : 0.00329060703096 & Score: -3769.577071
.Lambda : 0.00835192126290 Mu : 0.00329083163927 & Score: -3769.644785
.Lambda : 0.00835201778934 Mu : 0.00329192758168 & Score: -inf
.Lambda : 0.00835199365773 Mu : 0.00329165359608 & Score: -3769.525793
.Lambda : 0.00834883760921 Mu : 0.00329319875510 & Score: -3769.502948
.Lambda : 0.00834648263863 Mu : 0.00329449461717 & Score: -3769.466328
.Lambda : 0.00834808479450 Mu : 0.00329399602326 & Score: -inf
.Lambda : 0.00834866147134 Mu : 0.00329353506494 & Score: -inf
.Lambda : 0.00834923814818 Mu : 0.00329307410662 & Score: -3769.495869
.Lambda : 0.00834843707025 Mu : 0.00329332340358 & Score: -3769.510033
.Lambda : 0.00834728371656 Mu : 0.00329424532021 & Score: -3769.452094
.Lambda : 0.00834670703972 Mu : 0.00329470627853 & Score: -inf
.Lambda : 0.00834452820701 Mu : 0.00329566583076 & Score: -3769.422842
.Lambda : 0.00834217323643 Mu : 0.00329696169283 & Score: -3769.386770
.Lambda : 0.00834297431436 Mu : 0.00329671239587 & Score: -inf
.Lambda : 0.00834385139543 Mu : 0.00329615795120 & Score: -inf
.Lambda : 0.00834472847650 Mu : 0.00329560350652 & Score: -3769.419263
.Lambda : 0.00834432793753 Mu : 0.00329572815500 & Score: -3769.426422
.Lambda : 0.00834257377540 Mu : 0.00329683704435 & Score: -inf
.Lambda : 0.00834301231593 Mu : 0.00329655982201 & Score: -inf
.Lambda : 0.00834345085646 Mu : 0.00329628259967 & Score: -3769.402974
.Lambda : 0.00834325058698 Mu : 0.00329634492391 & Score: -3769.406564
.Lambda : 0.00834237350591 Mu : 0.00329689936859 & Score: -inf
.Lambda : 0.00834259277618 Mu : 0.00329676075742 & Score: -3769.389015
.Lambda : 0.00834131515615 Mu : 0.00329743985057 & Score: -3769.372869
.Lambda : 0.00834024730599 Mu : 0.00329801847602 & Score: -3769.357906
.Lambda : 0.00833982776624 Mu : 0.00329821941143 & Score: -3769.355710
.Lambda : 0.00833844526127 Mu : 0.00329894873843 & Score: -3769.339205
.Lambda : 0.00833651933083 Mu : 0.00330000552163 & Score: -3769.310718
.Lambda : 0.00833369237802 Mu : 0.00330152743603 & Score: -3769.273319
.Lambda : 0.00833189033330 Mu : 0.00330245769844 & Score: -3769.255226
.Lambda : 0.00832771184696 Mu : 0.00330467730965 & Score: -3769.205243
.Lambda : 0.00832295896372 Mu : 0.00330725600725 & Score: -3769.141548
.Lambda : 0.00831521581494 Mu : 0.00331140964166 & Score: -3769.043185
.Lambda : 0.00830923528388 Mu : 0.00331455951528 & Score: -3768.977421
.Lambda : 0.00829700673681 Mu : 0.00332107555491 & Score: -3768.838317
.Lambda : 0.00828451070479 Mu : 0.00332780788691 & Score: -3768.694116
.Lambda : 0.00826291013371 Mu : 0.00333937317555 & Score: -3768.461457
.Lambda : 0.00824470105557 Mu : 0.00334903908880 & Score: -3768.266706
.Lambda : 0.00820944367589 Mu : 0.00336785381236 & Score: -3767.920421
.Lambda : 0.00817534707279 Mu : 0.00338615143300 & Score: -3767.571933
.Lambda : 0.00811451724077 Mu : 0.00341868937204 & Score: -3766.998315
.Lambda : 0.00806105078295 Mu : 0.00344717000886 & Score: -3766.586168
.Lambda : 0.00796012110758 Mu : 0.00350106842552 & Score: -3765.855055
.Lambda : 0.00786519467246 Mu : 0.00355190398520 & Score: -3765.222156
.Lambda : 0.00769307017075 Mu : 0.00364392907162 & Score: -3764.465428
.Lambda : 0.00753867403755 Mu : 0.00372630812509 & Score: -3764.209191
.Lambda : 0.00725075243594 Mu : 0.00388011750162 & Score: -3765.860686
.Lambda : 0.00727162310072 Mu : 0.00386916877119 & Score: -3765.607937
.Lambda : 0.00796012110758 Mu : 0.00350106842552 & Score: -3765.855055
.Lambda : 0.00778799660586 Mu : 0.00359309351194 & Score: -3764.818604
.Lambda : 0.00744374760244 Mu : 0.00377714368477 & Score: -3764.371735
.Lambda : 0.00728935146924 Mu : 0.00385952273825 & Score: -3765.457665
.Lambda : 0.00739028114462 Mu : 0.00380562432159 & Score: -3764.663082
.Lambda : 0.00749121081999 Mu : 0.00375172590493 & Score: -3764.250165
.Lambda : 0.00761587210415 Mu : 0.00368511859836 & Score: -3764.262121
.Lambda : 0.00741401275340 Mu : 0.00379291543167 & Score: -3764.523870
.Lambda : 0.00746447759108 Mu : 0.00376596622334 & Score: -3764.316509
.Lambda : 0.00751494242877 Mu : 0.00373901701501 & Score: -3764.214985
.Lambda : 0.00757727307085 Mu : 0.00370571336172 & Score: -3764.224439
.Lambda : 0.00747634339547 Mu : 0.00375961177838 & Score: -3764.286840
.Lambda : 0.00750157581432 Mu : 0.00374613717422 & Score: -3764.237388
.Lambda : 0.00752680823316 Mu : 0.00373266257005 & Score: -3764.209246
.Lambda : 0.00755797355420 Mu : 0.00371601074341 & Score: -3764.211408
.Lambda : 0.00750750871651 Mu : 0.00374295995174 & Score: -3764.228378
.Lambda : 0.00752012492593 Mu : 0.00373622264966 & Score: -3764.214016
.Lambda : 0.00753274113536 Mu : 0.00372948534757 & Score: -3764.209037
.Lambda : 0.00754832379588 Mu : 0.00372115943425 & Score: -3764.207378
.Lambda : 0.00754239089368 Mu : 0.00372433665673 & Score: -3764.206181
.Lambda : 0.00754424932175 Mu : 0.00372335092255 & Score: -3764.204999
.Lambda : 0.00755983198227 Mu : 0.00371502500923 & Score: -3764.212039
.Lambda : 0.00755305927054 Mu : 0.00371864009381 & Score: -3764.207611
.Lambda : 0.00753951384708 Mu : 0.00372587026299 & Score: -3764.207385
.Lambda : 0.00755305927054 Mu : 0.00371864009381 & Score: -3764.207611
.Lambda : 0.00754967291468 Mu : 0.00372044763611 & Score: -3764.206474
.Lambda : 0.00754559844055 Mu : 0.00372263912441 & Score: -3764.203751
.Lambda : 0.00754423576288 Mu : 0.00372337896948 & Score: -3764.202114
.Lambda : 0.00753881216995 Mu : 0.00372628225593 & Score: -3764.202500
.Lambda : 0.00753879861109 Mu : 0.00372631030286 & Score: -3764.199624
.Lambda : 0.00753607325575 Mu : 0.00372778999302 & Score: -3764.196670
.Lambda : 0.00754149684868 Mu : 0.00372488670657 & Score: -3764.196314
.Lambda : 0.00754283918805 Mu : 0.00372418893190 & Score: -3764.193389
.Lambda : 0.00753467668092 Mu : 0.00372859995543 & Score: -3764.187980
.Lambda : 0.00752989713994 Mu : 0.00373121044840 & Score: -3764.181119
.Lambda : 0.00753666307224 Mu : 0.00372760938728 & Score: -3764.177963
.Lambda : 0.00753695798048 Mu : 0.00372751908441 & Score: -3764.168616
.Lambda : 0.00752401593238 Mu : 0.00373454060092 & Score: -3764.156682
.Lambda : 0.00751460430454 Mu : 0.00373971643542 & Score: -3764.143544
.Lambda : 0.00752166514508 Mu : 0.00373602507144 & Score: -3764.126284
.Lambda : 0.00751754914764 Mu : 0.00373843238296 & Score: -3764.100584
.Lambda : 0.00749519547170 Mu : 0.00375062973397 & Score: -3764.100276
.Lambda : 0.00747431421731 Mu : 0.00376218505875 & Score: -3764.086978
.Lambda : 0.00747725906041 Mu : 0.00376090100628 & Score: -3764.039786
.Lambda : 0.00745858643835 Mu : 0.00377149329170 & Score: -3764.006572
.Lambda : 0.00741535150802 Mu : 0.00379524596750 & Score: -3764.102549
.Lambda : 0.00744090091792 Mu : 0.00378104257136 & Score: -3764.058618
.Lambda : 0.00742517313896 Mu : 0.00379035080432 & Score: -3764.004274
.Lambda : 0.00740060259979 Mu : 0.00380443367710 & Score: -3764.012935
.Lambda : 0.00744285865939 Mu : 0.00378080152466 & Score: -3763.940413
.Lambda : 0.00744383753012 Mu : 0.00378068100131 & Score: -3763.881368
.Lambda : 0.00741042423073 Mu : 0.00379953851393 & Score: -3763.904968
.Lambda : 0.00742908862189 Mu : 0.00378986871092 & Score: -3763.766342
.Lambda : 0.00743104636335 Mu : 0.00378962766422 & Score: -3763.647607
.Lambda : 0.00746445966274 Mu : 0.00377077015161 & Score: -3763.657311
.Lambda : 0.00745166849597 Mu : 0.00377971681452 & Score: -3763.410381
.Lambda : 0.00745558397889 Mu : 0.00377923472113 & Score: -3763.175803
.Lambda : 0.00742217067950 Mu : 0.00379809223374 & Score: -3763.184522
.Lambda : 0.00744670829505 Mu : 0.00378769929064 & Score: -3762.702942
.Lambda : 0.00745453926090 Mu : 0.00378673510385 & Score: -3762.231830
.Lambda : 0.00748795256028 Mu : 0.00376787759124 & Score: -3762.269993
.Lambda : 0.00748690784229 Mu : 0.00377537797396 & Score: -3761.320692
.Lambda : 0.00750256977399 Mu : 0.00377344960038 & Score: -3760.402928
.Lambda : 0.00746915647460 Mu : 0.00379230711299 & Score: -3760.353769
.Lambda : 0.00745975843176 Mu : 0.00380452187387 & Score: -3759.410976
.Lambda : 0.00750778894486 Mu : 0.00379123637039 & Score: -inf
.Lambda : 0.00749447652387 Mu : 0.00379011105376 & Score: -3758.732680
.Lambda : 0.00745166518164 Mu : 0.00382118332725 & Score: -inf
.Lambda : 0.00746439132973 Mu : 0.00380924989553 & Score: -3758.415203
.Lambda : 0.00749910942183 Mu : 0.00379483907542 & Score: -inf
.Lambda : 0.00748927167431 Mu : 0.00379725977503 & Score: -inf
.Lambda : 0.00747943392680 Mu : 0.00379968047464 & Score: -3758.568305
.Lambda : 0.00746207488074 Mu : 0.00380688588470 & Score: -3758.912887
.Lambda : 0.00748175037578 Mu : 0.00380204448548 & Score: -inf
.Lambda : 0.00747683150202 Mu : 0.00380325483528 & Score: -3758.281276
.Lambda : 0.00746178890495 Mu : 0.00381282425617 & Score: -3758.129991
.Lambda : 0.00745296639403 Mu : 0.00381939614693 & Score: -inf
.Lambda : 0.00747422907724 Mu : 0.00380682919592 & Score: -inf
.Lambda : 0.00747176964036 Mu : 0.00380743437082 & Score: -inf
.Lambda : 0.00746931020348 Mu : 0.00380803954572 & Score: -3758.204071
.Lambda : 0.00746309011734 Mu : 0.00381103707585 & Score: -3758.272449
.Lambda : 0.00746800899110 Mu : 0.00380982672604 & Score: -inf
.Lambda : 0.00746677927266 Mu : 0.00381012931349 & Score: -inf
.Lambda : 0.00746554955422 Mu : 0.00381043190095 & Score: -3758.166514
.Lambda : 0.00746243951114 Mu : 0.00381193066601 & Score: -3758.201183
.Lambda : 0.00746489894802 Mu : 0.00381132549111 & Score: -inf
.Lambda : 0.00746428408880 Mu : 0.00381147678483 & Score: -inf
.Lambda : 0.00746366922958 Mu : 0.00381162807856 & Score: -3758.148123
.Lambda : 0.00746211420805 Mu : 0.00381237746109 & Score: -3758.165578
.Lambda : 0.00746334392649 Mu : 0.00381207487364 & Score: -inf
.Lambda : 0.00746303649688 Mu : 0.00381215052050 & Score: -3758.125755
.Lambda : 0.00746115617224 Mu : 0.00381334669811 & Score: -3758.107721
.Lambda : 0.00745989964357 Mu : 0.00381420600789 & Score: -3758.087704
.Lambda : 0.00746114723550 Mu : 0.00381353227222 & Score: -inf
.Lambda : 0.00746130765286 Mu : 0.00381335526821 & Score: -inf
.Lambda : 0.00746146807022 Mu : 0.00381317826419 & Score: -3758.106637
.Lambda : 0.00746084427426 Mu : 0.00381351513203 & Score: -3758.108811
.Lambda : 0.00746052343954 Mu : 0.00381386914005 & Score: -inf
.Lambda : 0.00746060364822 Mu : 0.00381378063805 & Score: -inf
.Lambda : 0.00746068385690 Mu : 0.00381369213604 & Score: -3758.097148
.Lambda : 0.00746037195892 Mu : 0.00381386056996 & Score: -3758.098248
.Lambda : 0.00746021154155 Mu : 0.00381403757397 & Score: -inf
.Lambda : 0.00746025164589 Mu : 0.00381399332297 & Score: -3758.089506
.Lambda : 0.00745946743257 Mu : 0.00381450719481 & Score: -inf
.Lambda : 0.00745977153865 Mu : 0.00381430343012 & Score: -3758.084343
.Lambda : 0.00745941953633 Mu : 0.00381451611504 & Score: -3758.082553
.Lambda : 0.00745900348155 Mu : 0.00381477751108 & Score: -3758.079096
.Lambda : 0.00745887537662 Mu : 0.00381487493331 & Score: -3758.075744
.Lambda : 0.00745836324315 Mu : 0.00381520939602 & Score: -3758.069793
.Lambda : 0.00745759518605 Mu : 0.00381568347698 & Score: -3758.064624
.Lambda : 0.00745650700974 Mu : 0.00381637350041 & Score: -3758.054894
.Lambda : 0.00745586677135 Mu : 0.00381680538535 & Score: -3758.045711
.Lambda : 0.00745429841625 Mu : 0.00381781932249 & Score: -inf
.Lambda : 0.00745401053794 Mu : 0.00381796948974 & Score: -3758.031151
.Lambda : 0.00745183418533 Mu : 0.00381934953660 & Score: -3758.012349
.Lambda : 0.00745119394694 Mu : 0.00381978142155 & Score: -3758.003392
.Lambda : 0.00744853741554 Mu : 0.00382148538211 & Score: -3757.978423
.Lambda : 0.00744450482952 Mu : 0.00382402953336 & Score: -3757.947227
.Lambda : 0.00743882385861 Mu : 0.00382764160736 & Score: -3757.901538
.Lambda : 0.00743552708881 Mu : 0.00382977745288 & Score: -3757.870318
.Lambda : 0.00742737354055 Mu : 0.00383499141101 & Score: -3757.800533
.Lambda : 0.00741765998362 Mu : 0.00384114763626 & Score: -3757.724864
.Lambda : 0.00740222126767 Mu : 0.00385097876334 & Score: -3757.608726
.Lambda : 0.00739077094961 Mu : 0.00385832856699 & Score: -3757.523912
.Lambda : 0.00736674449511 Mu : 0.00387367204680 & Score: -3757.372285
.Lambda : 0.00734159222223 Mu : 0.00388965939912 & Score: -3757.227295
.Lambda : 0.00729870156307 Mu : 0.00391699339318 & Score: -3757.047481
.Lambda : 0.00726322479051 Mu : 0.00393968667664 & Score: -3756.948690
.Lambda : 0.00719372655193 Mu : 0.00398404063329 & Score: -3756.915910
.Lambda : 0.00712568361989 Mu : 0.00402736197967 & Score: -3757.078866
.Lambda : 0.00736674449511 Mu : 0.00387367204680 & Score: -3757.372285
.Lambda : 0.00730647927630 Mu : 0.00391209453002 & Score: -3757.066093
.Lambda : 0.00718594883869 Mu : 0.00398893949645 & Score: -3756.934917
.Lambda : 0.00708097382756 Mu : 0.00405598673656 & Score: -3757.243617
.Lambda : 0.00713540576143 Mu : 0.00402123840072 & Score: -3757.046250
.Lambda : 0.00724426962919 Mu : 0.00395174172902 & Score: -3756.923682
.Lambda : 0.00725204734243 Mu : 0.00394684286586 & Score: -3756.926944
.Lambda : 0.00718594883869 Mu : 0.00398893949645 & Score: -3756.934917
.Lambda : 0.00720247346463 Mu : 0.00397841533880 & Score: -3756.915231
.Lambda : 0.00715193038737 Mu : 0.00401071424307 & Score: -3757.011230
.Lambda : 0.00717501519782 Mu : 0.00399597111456 & Score: -3756.950576
.Lambda : 0.00719810000828 Mu : 0.00398122798605 & Score: -3756.914822
.Lambda : 0.00722337154691 Mu : 0.00396507853391 & Score: -3756.911236
.Lambda : 0.00721899809056 Mu : 0.00396789118116 & Score: -3756.908439
.Lambda : 0.00722726040353 Mu : 0.00396262910233 & Score: -3756.908242
.Lambda : 0.00725253194216 Mu : 0.00394647965020 & Score: -3756.934625
.Lambda : 0.00723892395869 Mu : 0.00395516673416 & Score: -3756.916351
.Lambda : 0.00722531597522 Mu : 0.00396385381812 & Score: -3756.909594
.Lambda : 0.00721268020590 Mu : 0.00397192854419 & Score: -3756.906810
.Lambda : 0.00721462463421 Mu : 0.00397070382840 & Score: -3756.904683
.Lambda : 0.00720927896371 Mu : 0.00397412883354 & Score: -3756.903685
.Lambda : 0.00719469876608 Mu : 0.00398342827539 & Score: -3756.913863
.Lambda : 0.00720283917545 Mu : 0.00397822848213 & Score: -3756.908872
.Lambda : 0.00721097958481 Mu : 0.00397302868886 & Score: -3756.905134
.Lambda : 0.00721826968362 Mu : 0.00396837896794 & Score: -3756.905265
.Lambda : 0.00720198886490 Mu : 0.00397877855447 & Score: -3756.908401
.Lambda : 0.00720605906958 Mu : 0.00397617865783 & Score: -3756.905875
.Lambda : 0.00721012927426 Mu : 0.00397357876120 & Score: -3756.904381
.Lambda : 0.00721377432366 Mu : 0.00397125390074 & Score: -3756.903687
.Lambda : 0.00721292401312 Mu : 0.00397180397307 & Score: -3756.902748
.Lambda : 0.00721432138254 Mu : 0.00397091657901 & Score: -3756.902160
.Lambda : 0.00720982602259 Mu : 0.00397379151181 & Score: -3756.901968
.Lambda : 0.00720785187205 Mu : 0.00397506031735 & Score: -3756.901566
.Lambda : 0.00721289429089 Mu : 0.00397184806282 & Score: -3756.899476
.Lambda : 0.00721470195448 Mu : 0.00397070767746 & Score: -3756.897750
.Lambda : 0.00720823244399 Mu : 0.00397485141580 & Score: -3756.896975
.Lambda : 0.00720518797471 Mu : 0.00397681883420 & Score: -3756.895478
.Lambda : 0.00721203805713 Mu : 0.00397246619431 & Score: -3756.890222
.Lambda : 0.00721413114967 Mu : 0.00397116913279 & Score: -3756.885051
.Lambda : 0.00720461716990 Mu : 0.00397728028953 & Score: -3756.883248
.Lambda : 0.00719957477761 Mu : 0.00398056659556 & Score: -3756.877433
.Lambda : 0.00720851795257 Mu : 0.00397491689415 & Score: -3756.864625
.Lambda : 0.00721018294151 Mu : 0.00397396592413 & Score: -3756.849497
.Lambda : 0.00719562656945 Mu : 0.00398336338690 & Score: -3756.844469
.Lambda : 0.00718637427934 Mu : 0.00398946051395 & Score: -3756.831586
.Lambda : 0.00719698244323 Mu : 0.00398285984252 & Score: -3756.796243
.Lambda : 0.00719568627605 Mu : 0.00398400646600 & Score: -3756.755915
.Lambda : 0.00717187761388 Mu : 0.00399950105582 & Score: -3756.759960
.Lambda : 0.00718118961059 Mu : 0.00399404700788 & Score: -3756.676251
.Lambda : 0.00717859727621 Mu : 0.00399634025484 & Score: -3756.599651
.Lambda : 0.00720240593838 Mu : 0.00398084566502 & Score: -3756.604372
.Lambda : 0.00718531693854 Mu : 0.00399317945386 & Score: -3756.439686
.Lambda : 0.00718013226979 Mu : 0.00399776594779 & Score: -3756.285840
.Lambda : 0.00715632360762 Mu : 0.00401326053761 & Score: -3756.309090
.Lambda : 0.00715785860120 Mu : 0.00401468623056 & Score: -inf
.Lambda : 0.00716304326995 Mu : 0.00401009973663 & Score: -inf
.Lambda : 0.00716822793870 Mu : 0.00400551324270 & Score: -3756.294450
.Lambda : 0.00717936477300 Mu : 0.00399705310132 & Score: -3756.442726
.Lambda : 0.00716899543549 Mu : 0.00400622608917 & Score: -inf
.Lambda : 0.00717158776987 Mu : 0.00400393284221 & Score: -3756.212792
.Lambda : 0.00718349210096 Mu : 0.00399618554730 & Score: -inf
.Lambda : 0.00717967606039 Mu : 0.00399851747115 & Score: -inf
.Lambda : 0.00717586001983 Mu : 0.00400084939500 & Score: -3756.248611
.Lambda : 0.00716990785429 Mu : 0.00400472304246 & Score: -3756.253531
.Lambda : 0.00717753993541 Mu : 0.00400005919476 & Score: -inf
.Lambda : 0.00717563191513 Mu : 0.00400122515668 & Score: -inf
.Lambda : 0.00717372389485 Mu : 0.00400239111861 & Score: -3756.230502
.Lambda : 0.00717074781208 Mu : 0.00400432794233 & Score: -3756.233139
.Lambda : 0.00717456385264 Mu : 0.00400199601848 & Score: -inf
.Lambda : 0.00717360984250 Mu : 0.00400257899945 & Score: -3756.215930
.Lambda : 0.00717147371752 Mu : 0.00400412072305 & Score: -inf
.Lambda : 0.00717203626185 Mu : 0.00400368832194 & Score: -inf
.Lambda : 0.00717259880619 Mu : 0.00400325592083 & Score: -3756.214319
.Lambda : 0.00717265583236 Mu : 0.00400316198041 & Score: -3756.221597
.Lambda : 0.00717153074370 Mu : 0.00400402678263 & Score: -inf
.Lambda : 0.00717181201586 Mu : 0.00400381058207 & Score: -inf
.Lambda : 0.00717209328803 Mu : 0.00400359438152 & Score: -3756.213545
.Lambda : 0.00717212180112 Mu : 0.00400354741131 & Score: -3756.217182
.Lambda : 0.00717155925678 Mu : 0.00400397981242 & Score: -inf
.Lambda : 0.00717169989287 Mu : 0.00400387171214 & Score: -3756.211160
.Lambda : 0.00717119437471 Mu : 0.00400421017283 & Score: -3756.210424
.Lambda : 0.00717074491805 Mu : 0.00400451806849 & Score: -3756.208888
.Lambda : 0.00717085704104 Mu : 0.00400445693842 & Score: -inf
.Lambda : 0.00717103972325 Mu : 0.00400432591437 & Score: -3756.208631
.Lambda : 0.00717008474843 Mu : 0.00400497227072 & Score: -3756.206411
.Lambda : 0.00716927717622 Mu : 0.00400552255001 & Score: -inf
.Lambda : 0.00717037955364 Mu : 0.00400478011660 & Score: -inf
.Lambda : 0.00717047089474 Mu : 0.00400471460457 & Score: -inf
.Lambda : 0.00717056223584 Mu : 0.00400464909254 & Score: -3756.207511
.Lambda : 0.00717041483324 Mu : 0.00400474516960 & Score: -3756.207645
.Lambda : 0.00717023215103 Mu : 0.00400487619366 & Score: -inf
.Lambda : 0.00717027782159 Mu : 0.00400484343764 & Score: -inf
.Lambda : 0.00717032349214 Mu : 0.00400481068163 & Score: -3756.206959
.Lambda : 0.00717024979084 Mu : 0.00400485872016 & Score: -3756.207027
.Lambda : 0.00717015844973 Mu : 0.00400492423219 & Score: -inf
.Lambda : 0.00717018128501 Mu : 0.00400490785418 & Score: -3756.206513
.Lambda : 0.00716994254131 Mu : 0.00400506944327 & Score: -3756.205968
.Lambda : 0.00716975206589 Mu : 0.00400519882409 & Score: -3756.205477
.Lambda : 0.00716965552931 Mu : 0.00400526324062 & Score: -3756.205378
.Lambda : 0.00716939265146 Mu : 0.00400544093385 & Score: -3756.204819
.Lambda : 0.00716905996892 Mu : 0.00400566748721 & Score: -3756.203905
.Lambda : 0.00716854757916 Mu : 0.00400601509546 & Score: -3756.202684
.Lambda : 0.00716818816474 Mu : 0.00400625720522 & Score: -3756.202062
.Lambda : 0.00716740621416 Mu : 0.00400678639579 & Score: -3756.200430
.Lambda : 0.00716656114186 Mu : 0.00400736055740 & Score: -3756.198434
.Lambda : 0.00716514538706 Mu : 0.00400832036918 & Score: -3756.195489
.Lambda : 0.00716400402206 Mu : 0.00400909166951 & Score: -3756.193556
.Lambda : 0.00716173224351 Mu : 0.00401062995653 & Score: -3756.189631
.Lambda : 0.00715947141641 Mu : 0.00401216392993 & Score: -3756.183933
.Lambda : 0.00715550401753 Mu : 0.00401485269700 & Score: -3756.172544
.Lambda : 0.00715209087398 Mu : 0.00401716228435 & Score: -3756.162056
.Lambda : 0.00714556361744 Mu : 0.00402158324193 & Score: -3756.140802
.Lambda : 0.00713933539147 Mu : 0.00402580598240 & Score: -3756.119489
.Lambda : 0.00712813696544 Mu : 0.00403339399533 & Score: -3756.089002
.Lambda : 0.00711819656535 Mu : 0.00404012454026 & Score: -3756.067741
.Lambda : 0.00709954283926 Mu : 0.00405276046189 & Score: -3756.046250
.Lambda : 0.00708211618726 Mu : 0.00406457121528 & Score: -3756.045083
.Lambda : 0.00705039247217 Mu : 0.00408606520196 & Score: -3756.043400
.Lambda : 0.00702179834599 Mu : 0.00410543166852 & Score: -3756.077407
.Lambda : 0.00712813696544 Mu : 0.00403339399533 & Score: -3756.089002
.Lambda : 0.00710155231058 Mu : 0.00405140341363 & Score: -3756.046628
.Lambda : 0.00704838300085 Mu : 0.00408742225022 & Score: -3756.045245
.Lambda : 0.00699923263376 Mu : 0.00412072699030 & Score: -3756.117920
.Lambda : 0.00702431018513 Mu : 0.00410373535820 & Score: -3756.072228
.Lambda : 0.00704938773651 Mu : 0.00408674372609 & Score: -3756.044279
.Lambda : 0.00707496765572 Mu : 0.00406941283192 & Score: -3756.045709
.Lambda : 0.00702481255296 Mu : 0.00410339609613 & Score: -3756.071257
.Lambda : 0.00703735132865 Mu : 0.00409490028008 & Score: -3756.053481
.Lambda : 0.00704989010434 Mu : 0.00408640446403 & Score: -3756.043829
.Lambda : 0.00706268006394 Mu : 0.00407773901694 & Score: -3756.043189
.Lambda : 0.00706318243177 Mu : 0.00407739975488 & Score: -3756.043306
.Lambda : 0.00707547002354 Mu : 0.00406907356986 & Score: -3756.045532
.Lambda : 0.00706920063570 Mu : 0.00407332147788 & Score: -3756.045766
.Lambda : 0.00706293124786 Mu : 0.00407756938591 & Score: -3756.043245
.Lambda : 0.00705653626806 Mu : 0.00408190210945 & Score: -3756.041688
.Lambda : 0.00705628508414 Mu : 0.00408207174048 & Score: -3756.041769
.Lambda : 0.00705014128825 Mu : 0.00408623483299 & Score: -3756.043612
.Lambda : 0.00705327598218 Mu : 0.00408411087898 & Score: -3756.042251
.Lambda : 0.00705954537002 Mu : 0.00407986297096 & Score: -3756.042040
.Lambda : 0.00705327598218 Mu : 0.00408411087898 & Score: -3756.042251
.Lambda : 0.00705484332914 Mu : 0.00408304890198 & Score: -3756.041885
.Lambda : 0.00705797802306 Mu : 0.00408092494796 & Score: -3756.041780
.Lambda : 0.00705484332914 Mu : 0.00408304890198 & Score: -3756.041885
.Lambda : 0.00705562700262 Mu : 0.00408251791347 & Score: -3756.041780
.Lambda : 0.00705641067610 Mu : 0.00408198692497 & Score: -3756.041728
.Lambda : 0.00705725714556 Mu : 0.00408141352871 & Score: -3756.041712
.Lambda : 0.00705738273751 Mu : 0.00408132871319 & Score: -3756.041681
.Lambda : 0.00705786876822 Mu : 0.00408099960730 & Score: -3756.041688
.Lambda : 0.00705666186001 Mu : 0.00408181729394 & Score: -3756.041650
.Lambda : 0.00705636421724 Mu : 0.00408201917655 & Score: -3756.041630
.Lambda : 0.00705721068670 Mu : 0.00408144578029 & Score: -3756.041611
.Lambda : 0.00705754789602 Mu : 0.00408121761571 & Score: -3756.041587
.Lambda : 0.00705652937575 Mu : 0.00408190807907 & Score: -3756.041521
.Lambda : 0.00705610269486 Mu : 0.00408219776201 & Score: -3756.041465
.Lambda : 0.00705728637365 Mu : 0.00408139620116 & Score: -3756.041395
.Lambda : 0.00705774745185 Mu : 0.00408108471347 & Score: -3756.041304
.Lambda : 0.00705630225069 Mu : 0.00408206485977 & Score: -3756.041158
.Lambda : 0.00705567942802 Mu : 0.00408248848179 & Score: -3756.040993
.Lambda : 0.00705732418501 Mu : 0.00408137543326 & Score: -3756.040773
.Lambda : 0.00705793493008 Mu : 0.00408096426888 & Score: -3756.040474
.Lambda : 0.00705586690626 Mu : 0.00408236803721 & Score: -3756.040131
.Lambda : 0.00705492663346 Mu : 0.00408300969908 & Score: -3756.039658
.Lambda : 0.00705718213552 Mu : 0.00408148548617 & Score: -3756.038994
.Lambda : 0.00705793348927 Mu : 0.00408098398836 & Score: -3756.038065
.Lambda : 0.00705492519265 Mu : 0.00408302941855 & Score: -3756.037252
.Lambda : 0.00705342032393 Mu : 0.00408406199339 & Score: -3756.035933
.Lambda : 0.00705642717973 Mu : 0.00408203628267 & Score: -3756.033951
.Lambda : 0.00705717745287 Mu : 0.00408154957446 & Score: -3756.031167
.Lambda : 0.00705266428753 Mu : 0.00408462757949 & Score: -3756.029339
.Lambda : 0.00705002968667 Mu : 0.00408644937506 & Score: -3756.025877
.Lambda : 0.00705378681561 Mu : 0.00408393695613 & Score: -3756.020014
.Lambda : 0.00705397006145 Mu : 0.00408387443750 & Score: -3756.012058
.Lambda : 0.00704682229524 Mu : 0.00408877423810 & Score: -3756.008787
.Lambda : 0.00704164471643 Mu : 0.00409238656992 & Score: -3755.998863
.Lambda : 0.00704558509121 Mu : 0.00408981163236 & Score: -3755.984334
.Lambda : 0.00704336279348 Mu : 0.00409149276100 & Score: -3755.963035
.Lambda : 0.00703103744847 Mu : 0.00410000489342 & Score: -3755.956807
.Lambda : 0.00701957114198 Mu : 0.00410807012139 & Score: -3755.938065
.Lambda : 0.00702128921903 Mu : 0.00410717631248 & Score: -3755.900107
.Lambda : 0.00701111147032 Mu : 0.00411457118375 & Score: -inf
.Lambda : 0.00699749756752 Mu : 0.00412375367286 & Score: -3755.884176
.Lambda : 0.00697456495455 Mu : 0.00413988412879 & Score: -3755.800433
.Lambda : 0.00697628303159 Mu : 0.00413899031987 & Score: -3755.767721
.Lambda : 0.00695463897640 Mu : 0.00415445041911 & Score: -inf
.Lambda : 0.00692955876711 Mu : 0.00417169813618 & Score: -3755.618204
.Lambda : 0.00688369354116 Mu : 0.00420395904804 & Score: -3755.555656
.Lambda : 0.00688541161820 Mu : 0.00420306523912 & Score: -3755.516528
.Lambda : 0.00684083495003 Mu : 0.00423465579429 & Score: -3755.498135
.Lambda : 0.00674824545959 Mu : 0.00429962452246 & Score: -3755.822595
.Lambda : 0.00680525485259 Mu : 0.00425946597181 & Score: -3755.614141
.Lambda : 0.00691927363859 Mu : 0.00417914887052 & Score: -3755.565398
.Lambda : 0.00680525485259 Mu : 0.00425946597181 & Score: -3755.614141
.Lambda : 0.00683375954909 Mu : 0.00423938669649 & Score: -3755.541171
.Lambda : 0.00679090095797 Mu : 0.00427008344274 & Score: -3755.600462
.Lambda : 0.00681409910377 Mu : 0.00425355234407 & Score: -3755.545412
.Lambda : 0.00686049539536 Mu : 0.00422049014671 & Score: -3755.521801
.Lambda : 0.00686757079630 Mu : 0.00421575924452 & Score: -3755.489922
.Lambda : 0.00688447641990 Mu : 0.00420394551853 & Score: -3755.487039
.Lambda : 0.00686481597457 Mu : 0.00421811116611 & Score: -3755.436209
.Lambda : 0.00686697626418 Mu : 0.00421692167581 & Score: -3755.393951
.Lambda : 0.00691061773404 Mu : 0.00418621140005 & Score: -inf
.Lambda : 0.00689317203804 Mu : 0.00419832249861 & Score: -inf
.Lambda : 0.00687572634204 Mu : 0.00421043359717 & Score: -3755.440075
.Lambda : 0.00685390560710 Mu : 0.00422578873505 & Score: -3755.441231
.Lambda : 0.00688879699911 Mu : 0.00420156653793 & Score: -inf
.Lambda : 0.00688007415111 Mu : 0.00420762208721 & Score: -3755.409740
.Lambda : 0.00687132407325 Mu : 0.00421411016585 & Score: -inf
.Lambda : 0.00687242464044 Mu : 0.00421319102368 & Score: -inf
.Lambda : 0.00687352520764 Mu : 0.00421227188151 & Score: -3755.401905
.Lambda : 0.00687135130311 Mu : 0.00421367763649 & Score: -3755.417156
.Lambda : 0.00686915016871 Mu : 0.00421551592083 & Score: -inf
.Lambda : 0.00686970045231 Mu : 0.00421505634975 & Score: -3755.388255
.Lambda : 0.00686315150884 Mu : 0.00421970614405 & Score: -3755.381808
.Lambda : 0.00685796465945 Mu : 0.00422342327531 & Score: -3755.375129
.Lambda : 0.00686068884758 Mu : 0.00422155794925 & Score: -3755.367160
.Lambda : 0.00685754513928 Mu : 0.00422387608597 & Score: -3755.355195
.Lambda : 0.00684580934642 Mu : 0.00423224301154 & Score: -3755.352031
.Lambda : 0.00683386379347 Mu : 0.00424083634243 & Score: -3755.346501
.Lambda : 0.00683344427331 Mu : 0.00424128915308 & Score: -3755.327161
.Lambda : 0.00682118408024 Mu : 0.00425022209197 & Score: -3755.315081
.Lambda : 0.00679750273443 Mu : 0.00426718234843 & Score: -3755.355038
.Lambda : 0.00685754513928 Mu : 0.00422387608597 & Score: -3755.355195
.Lambda : 0.00684253453807 Mu : 0.00423470265158 & Score: -3755.336722
.Lambda : 0.00682985482483 Mu : 0.00424408840112 & Score: -inf
.Lambda : 0.00683085706699 Mu : 0.00424327538645 & Score: -inf
.Lambda : 0.00683185930915 Mu : 0.00424246237178 & Score: -3755.322865
.Lambda : 0.00682752393685 Mu : 0.00424552921720 & Score: -3755.330474
.Lambda : 0.00682551945254 Mu : 0.00424715524654 & Score: -3755.307137
.Lambda : 0.00682451721038 Mu : 0.00424796826122 & Score: -inf
.Lambda : 0.00681484422362 Mu : 0.00425491496674 & Score: -3755.303464
.Lambda : 0.00680633668085 Mu : 0.00426114126422 & Score: -3755.301350
.Lambda : 0.00681067205315 Mu : 0.00425807441879 & Score: -inf
.Lambda : 0.00681330005992 Mu : 0.00425611133709 & Score: -inf
.Lambda : 0.00681592806669 Mu : 0.00425414825538 & Score: -3755.300653
.Lambda : 0.00681376038055 Mu : 0.00425568167809 & Score: -3755.306385
.Lambda : 0.00680850436700 Mu : 0.00425960784150 & Score: -inf
.Lambda : 0.00680981837039 Mu : 0.00425862630065 & Score: -inf
.Lambda : 0.00681113237377 Mu : 0.00425764475980 & Score: -3755.300743
.Lambda : 0.00681484422362 Mu : 0.00425491496674 & Score: -3755.303464
.Lambda : 0.00681221621685 Mu : 0.00425687804844 & Score: -inf
.Lambda : 0.00681287321854 Mu : 0.00425638727802 & Score: -inf
.Lambda : 0.00681353022023 Mu : 0.00425589650759 & Score: -3755.300420
.Lambda : 0.00681538614516 Mu : 0.00425453161106 & Score: -3755.302045
.Lambda : 0.00681407214177 Mu : 0.00425551315191 & Score: -inf
.Lambda : 0.00681440064262 Mu : 0.00425526776670 & Score: -inf
.Lambda : 0.00681472914346 Mu : 0.00425502238148 & Score: -3755.300467
.Lambda : 0.00681445818270 Mu : 0.00425521405932 & Score: -3755.301190
.Lambda : 0.00681380118100 Mu : 0.00425570482975 & Score: -3755.299673
.Lambda : 0.00681347268016 Mu : 0.00425595021496 & Score: -inf
.Lambda : 0.00681260225777 Mu : 0.00425657895585 & Score: -3755.299733
.Lambda : 0.00681287321854 Mu : 0.00425638727802 & Score: -inf
.Lambda : 0.00681303746896 Mu : 0.00425626458541 & Score: -inf
.Lambda : 0.00681320171939 Mu : 0.00425614189280 & Score: -3755.299686
.Lambda : 0.00681366570062 Mu : 0.00425580066867 & Score: -3755.300045
.Lambda : 0.00681333719977 Mu : 0.00425604605388 & Score: -inf
.Lambda : 0.00681341932498 Mu : 0.00425598470758 & Score: -inf
.Lambda : 0.00681350145020 Mu : 0.00425592336128 & Score: -3755.299675
.Lambda : 0.00681373344081 Mu : 0.00425575274921 & Score: -3755.299859
.Lambda : 0.00681356919039 Mu : 0.00425587544182 & Score: -inf
.Lambda : 0.00681361025299 Mu : 0.00425584476867 & Score: -inf
.Lambda : 0.00681365131560 Mu : 0.00425581409551 & Score: -3755.299673
.Lambda : 0.00681376731091 Mu : 0.00425572878948 & Score: -3755.299766
.Lambda : 0.00681368518570 Mu : 0.00425579013578 & Score: -inf
.Lambda : 0.00681370571700 Mu : 0.00425577479921 & Score: -3755.299626
.Lambda : 0.00681385558240 Mu : 0.00425566553344 & Score: -inf
.Lambda : 0.00681380451570 Mu : 0.00425570267396 & Score: -3755.299638
.Lambda : 0.00681370905170 Mu : 0.00425577264342 & Score: -inf
.Lambda : 0.00681373208402 Mu : 0.00425575569000 & Score: -inf
.Lambda : 0.00681375511635 Mu : 0.00425573873658 & Score: -3755.299632
.Lambda : 0.00681375344900 Mu : 0.00425573981448 & Score: -3755.299649
.Lambda : 0.00681370738435 Mu : 0.00425577372131 & Score: -inf
.Lambda : 0.00681371890051 Mu : 0.00425576524460 & Score: -3755.299618
.Lambda : 0.00681366950116 Mu : 0.00425580130723 & Score: -3755.299613
.Lambda : 0.00681362669356 Mu : 0.00425583259255 & Score: -3755.299604
.Lambda : 0.00681363987708 Mu : 0.00425582303795 & Score: -inf
.Lambda : 0.00681365633706 Mu : 0.00425581097826 & Score: -inf
.Lambda : 0.00681367279704 Mu : 0.00425579891858 & Score: -3755.299611
.Lambda : 0.00681366620528 Mu : 0.00425580369588 & Score: -3755.299615
.Lambda : 0.00681363328532 Mu : 0.00425582781525 & Score: -inf
.Lambda : 0.00681364151531 Mu : 0.00425582178541 & Score: -3755.299604
.Lambda : 0.00681359541184 Mu : 0.00425585545938 & Score: -3755.299596
.Lambda : 0.00681355671924 Mu : 0.00425588372978 & Score: -3755.299589
.Lambda : 0.00681357154098 Mu : 0.00425587292263 & Score: -inf
.Lambda : 0.00681358532913 Mu : 0.00425586284011 & Score: -inf
.Lambda : 0.00681359911727 Mu : 0.00425585275759 & Score: -3755.299596
.Lambda : 0.00681359170640 Mu : 0.00425585816116 & Score: -3755.299596
.Lambda : 0.00681356413011 Mu : 0.00425587832621 & Score: -inf
.Lambda : 0.00681357102418 Mu : 0.00425587328495 & Score: -inf
.Lambda : 0.00681357791826 Mu : 0.00425586824368 & Score: -3755.299593
.Lambda : 0.00681357421282 Mu : 0.00425587094547 & Score: -3755.299593
.Lambda : 0.00681356042467 Mu : 0.00425588102799 & Score: -inf
.Lambda : 0.00681356387171 Mu : 0.00425587850736 & Score: -inf
.Lambda : 0.00681356731875 Mu : 0.00425587598673 & Score: -3755.299591
.Lambda : 0.00681356546603 Mu : 0.00425587733762 & Score: -3755.299591
.Lambda : 0.00681355857196 Mu : 0.00425588237889 & Score: -inf
.Lambda : 0.00681356029547 Mu : 0.00425588111857 & Score: -3755.299590
.Lambda : 0.00681354969596 Mu : 0.00425588886162 & Score: -3755.299588
.Lambda : 0.00681354088457 Mu : 0.00425589529906 & Score: -3755.299587
.Lambda : 0.00681353730834 Mu : 0.00425589791027 & Score: -3755.299586
.Lambda : 0.00681352581477 Mu : 0.00425590630612 & Score: -3755.299584
.Lambda : 0.00681350998010 Mu : 0.00425591787540 & Score: -3755.299582
.Lambda : 0.00681348661054 Mu : 0.00425593494821 & Score: -3755.299578
.Lambda : 0.00681347154073 Mu : 0.00425594595526 & Score: -3755.299576
.Lambda : 0.00681343686881 Mu : 0.00425597128336 & Score: -3755.299570
.Lambda : 0.00681339766458 Mu : 0.00425599992545 & Score: -3755.299564
.Lambda : 0.00681333358949 Mu : 0.00425604673512 & Score: -3755.299554
.Lambda : 0.00681328384777 Mu : 0.00425608307028 & Score: -3755.299548
.Lambda : 0.00681318246638 Mu : 0.00425615713132 & Score: -3755.299534
.Lambda : 0.00681307918706 Mu : 0.00425623258308 & Score: -3755.299521
.Lambda : 0.00681290034618 Mu : 0.00425636323294 & Score: -3755.299501
.Lambda : 0.00681274922307 Mu : 0.00425647362914 & Score: -3755.299487
.Lambda : 0.00681245703986 Mu : 0.00425668707614 & Score: -3755.299466
.Lambda : 0.00681217491967 Mu : 0.00425689317776 & Score: -3755.299452
.Lambda : 0.00681167114631 Mu : 0.00425726120098 & Score: -3755.299448
.Lambda : 0.00681122783999 Mu : 0.00425758504418 & Score: -3755.299466
.Lambda : 0.00681290034618 Mu : 0.00425636323294 & Score: -3755.299501
.Lambda : 0.00681248221963 Mu : 0.00425666868575 & Score: -3755.299467
.Lambda : 0.00681206409309 Mu : 0.00425697413856 & Score: -3755.299450
.Lambda : 0.00681144949315 Mu : 0.00425742312258 & Score: -3755.299455
.Lambda : 0.00681228574625 Mu : 0.00425681221696 & Score: -3755.299456
.Lambda : 0.00681207668297 Mu : 0.00425696494337 & Score: -3755.299450
.Lambda : 0.00681165855642 Mu : 0.00425727039618 & Score: -3755.299449
.Lambda : 0.00681126560964 Mu : 0.00425755745860 & Score: -3755.299463
.Lambda : 0.00681146523050 Mu : 0.00425741162859 & Score: -3755.299454
.Lambda : 0.00681166485137 Mu : 0.00425726579858 & Score: -3755.299448
.Lambda : 0.00681186761970 Mu : 0.00425711766977 & Score: -3755.299447
.Lambda : 0.00681187391464 Mu : 0.00425711307217 & Score: -3755.299447
.Lambda : 0.00681197844628 Mu : 0.00425703670897 & Score: -3755.299448
.Lambda : 0.00681207038803 Mu : 0.00425696954096 & Score: -3755.299450
.Lambda : 0.00681197057760 Mu : 0.00425704245597 & Score: -3755.299448
.
Lambda Search Result: 321
Lambda : 0.00681187391464 Mu : 0.00425711307217 & Score: 3755.299447
DONE: Lamda,Mu Search or setting, for command:
lambdamu -s
