The Number of families : 1000 ==> 191
-----------------------------------------------------------
Family information: sim
Log: ./sim.log
Tree: (((musDom:52,gloMor:52):52,((droWil:56,(droPse:48,((droYak:14,droMel:14):17,droAna:31):17):8):8,(droVir:32,droMoj:32):32):39):184,((culQui:79,aedAeg:79):79,(anoDar:70,(anoSte:35,anoGam:35):35):88):129)
The number of families is 191
Root Family size : 1 ~ 51
Family size : 0 ~ 91
P-value: 0.010000
Num of Threads: 4
Num of Random: 1000
Empirical Prior Estimation Result: 35
Poisson lambda: 3.722955 & Score: 6249.813518
Lambda : 0.00098351392460 & Score: -9694.426714
.Lambda : 0.00103268962083 & Score: -9549.455560
.Lambda : 0.00108186531706 & Score: -9412.988974
.Lambda : 0.00113104101329 & Score: -9284.175888
.Lambda : 0.00122939240575 & Score: -9046.949218
.Lambda : 0.00132774379821 & Score: -8833.233018
.Lambda : 0.00152444658313 & Score: -8463.393685
.Lambda : 0.00172114936804 & Score: -8154.077640
.Lambda : 0.00211455493788 & Score: -7665.126848
.Lambda : 0.00250796050772 & Score: -7296.549247
.Lambda : 0.00329477164740 & Score: -6782.861138
.Lambda : 0.00408158278708 & Score: -6448.524148
.Lambda : 0.00565520506643 & Score: -inf
.Lambda : 0.00486839392675 & Score: -6219.747074
.Lambda : 0.00565520506643 & Score: -inf
.Lambda : 0.00526179949659 & Score: -6132.326256
.Lambda : 0.00565520506643 & Score: -inf
.Lambda : 0.00545850228151 & Score: -inf
.Lambda : 0.00506509671167 & Score: -6174.177953
.Lambda : 0.00545850228151 & Score: -inf
.Lambda : 0.00536015088905 & Score: -6112.687719
.Lambda : 0.00545850228151 & Score: -inf
.Lambda : 0.00540932658528 & Score: -6103.176921
.Lambda : 0.00545850228151 & Score: -inf
.Lambda : 0.00543391443340 & Score: -6098.496648
.Lambda : 0.00545850228151 & Score: -inf
.Lambda : 0.00544620835746 & Score: -inf
.Lambda : 0.00542162050934 & Score: -6100.830386
.Lambda : 0.00544620835746 & Score: -inf
.Lambda : 0.00544006139543 & Score: -inf
.Lambda : 0.00542776747137 & Score: -6099.661922
.Lambda : 0.00544006139543 & Score: -inf
.Lambda : 0.00543698791441 & Score: -inf
.Lambda : 0.00543084095238 & Score: -6099.078887
.Lambda : 0.00543698791441 & Score: -inf
.Lambda : 0.00543545117391 & Score: -inf
.Lambda : 0.00543237769289 & Score: -6098.787668
.Lambda : 0.00543545117391 & Score: -inf
.Lambda : 0.00543468280365 & Score: -6098.351212
.Lambda : 0.00543545117391 & Score: -inf
.Lambda : 0.00543506698878 & Score: -inf
.Lambda : 0.00543429861852 & Score: -6098.423924
.Lambda : 0.00543506698878 & Score: -inf
.Lambda : 0.00543487489621 & Score: -inf
.Lambda : 0.00543449071109 & Score: -6098.387566
.Lambda : 0.00543487489621 & Score: -inf
.Lambda : 0.00543477884993 & Score: -6098.333036
.Lambda : 0.00543487489621 & Score: -inf
.Lambda : 0.00543482687307 & Score: -inf
.Lambda : 0.00543473082679 & Score: -6098.342124
.Lambda : 0.00543482687307 & Score: -inf
.Lambda : 0.00543480286150 & Score: -inf
.Lambda : 0.00543475483836 & Score: -6098.337580
.Lambda : 0.00543480286150 & Score: -inf
.Lambda : 0.00543479085572 & Score: -inf
.Lambda : 0.00543476684415 & Score: -6098.335308
.Lambda : 0.00543479085572 & Score: -inf
.Lambda : 0.00543478485283 & Score: -inf
.Lambda : 0.00543477284704 & Score: -6098.334172
.Lambda : 0.00543478485283 & Score: -inf
.Lambda : 0.00543478185138 & Score: -6098.332468
.Lambda : 0.00543478485283 & Score: -inf
.Lambda : 0.00543478335210 & Score: -inf
.Lambda : 0.00543478035066 & Score: -6098.332752
.Lambda : 0.00543478335210 & Score: -inf
.Lambda : 0.00543478260174 & Score: -6098.332326
.Lambda : 0.00543478335210 & Score: -inf
.Lambda : 0.00543478297692 & Score: -inf
.Lambda : 0.00543478222656 & Score: -6098.332397
.Lambda : 0.00543478297692 & Score: -inf
.Lambda : 0.00543478278933 & Score: -inf
.Lambda : 0.00543478241415 & Score: -6098.332362
.Lambda : 0.00543478278933 & Score: -inf
.Lambda : 0.00543478269554 & Score: -inf
.Lambda : 0.00543478250795 & Score: -6098.332344
.Lambda : 0.00543478269554 & Score: -inf
.Lambda : 0.00543478264864 & Score: -inf
.Lambda : 0.00543478255484 & Score: -6098.332335
.Lambda : 0.00543478264864 & Score: -inf
.Lambda : 0.00543478262519 & Score: -inf
.Lambda : 0.00543478257829 & Score: -6098.332331
.Lambda : 0.00543478262519 & Score: -inf
.Lambda : 0.00543478261347 & Score: -inf
.Lambda : 0.00543478259002 & Score: -6098.332329
.Lambda : 0.00543478261347 & Score: -inf
.Lambda : 0.00543478260760 & Score: -6098.332325
.Lambda : 0.00543478261347 & Score: -inf
.Lambda : 0.00543478261053 & Score: -inf
.Lambda : 0.00543478260467 & Score: -6098.332326
.
Lambda Search Result: 34
Lambda : 0.00543478260760 & Score: 6098.332325
DONE: Lamda Search or setting, for command:
lambda -s
Empirical Prior Estimation Result: 43
Poisson lambda: 3.722956 & Score: 6249.813518
Lambda : 0.00391832749997 Mu : 0.00206945310650 & Score: -6997.915686
.Lambda : 0.00411424387497 Mu : 0.00206945310650 & Score: -6954.694043
.Lambda : 0.00411424387497 Mu : 0.00217292576183 & Score: -6916.645070
.Lambda : 0.00431016024997 Mu : 0.00217292576183 & Score: -6878.217201
.Lambda : 0.00450607662497 Mu : 0.00222466208949 & Score: -6825.700414
.Lambda : 0.00450607662497 Mu : 0.00232813474482 & Score: -6791.199130
.Lambda : 0.00470199299996 Mu : 0.00245747556397 & Score: -6720.011077
.Lambda : 0.00509382574996 Mu : 0.00250921189164 & Score: -6654.313688
.Lambda : 0.00558361668746 Mu : 0.00267735495654 & Score: -6559.876974
.Lambda : 0.00577953306246 Mu : 0.00291016843102 & Score: -6485.212487
.Lambda : 0.00641626128120 Mu : 0.00325292160179 & Score: -6374.732781
.Lambda : 0.00729788496870 Mu : 0.00347280099435 & Score: -6314.065615
.Lambda : 0.00859583095306 Mu : 0.00398046370954 & Score: -inf
.Lambda : 0.00813052956244 Mu : 0.00404836763960 & Score: -inf
.Lambda : 0.00749380134369 Mu : 0.00370561446884 & Score: -6270.315598
.Lambda : 0.00837542503119 Mu : 0.00392549386140 & Score: -inf
.Lambda : 0.00788563409369 Mu : 0.00375735079650 & Score: -inf
.Lambda : 0.00739584315619 Mu : 0.00358920773159 & Score: -6291.660364
.Lambda : 0.00695503131245 Mu : 0.00347926803531 & Score: -6315.390132
.Lambda : 0.00793461318744 Mu : 0.00381555416512 & Score: -inf
.Lambda : 0.00768971771869 Mu : 0.00373148263267 & Score: -inf
.Lambda : 0.00744482224994 Mu : 0.00364741110021 & Score: -6280.852853
.Lambda : 0.00722441632807 Mu : 0.00359244125207 & Score: -6291.222619
.Lambda : 0.00771420726557 Mu : 0.00376058431698 & Score: -inf
.Lambda : 0.00759175953119 Mu : 0.00371854855075 & Score: -6268.550734
.Lambda : 0.00764073862494 Mu : 0.00377675191937 & Score: -inf
.Lambda : 0.00759175953119 Mu : 0.00374441671458 & Score: -inf
.Lambda : 0.00754278043744 Mu : 0.00371208150979 & Score: -6269.395763
.Lambda : 0.00751829089057 Mu : 0.00368297982548 & Score: -6274.582989
.Lambda : 0.00761624907807 Mu : 0.00374765023506 & Score: -inf
.Lambda : 0.00759175953119 Mu : 0.00373148263267 & Score: -inf
.Lambda : 0.00756726998432 Mu : 0.00371531503027 & Score: -6268.962219
.Lambda : 0.00755502521088 Mu : 0.00370076418812 & Score: -6271.537192
.Lambda : 0.00760400430463 Mu : 0.00373309939291 & Score: -inf
.Lambda : 0.00759175953119 Mu : 0.00372501559171 & Score: -6267.374301
.Lambda : 0.00761624907807 Mu : 0.00372824911219 & Score: -inf
.Lambda : 0.00760400430463 Mu : 0.00372501559171 & Score: -inf
.Lambda : 0.00759175953119 Mu : 0.00372178207123 & Score: -6267.962092
.Lambda : 0.00757951475776 Mu : 0.00372016531099 & Score: -6268.165266
.Lambda : 0.00760400430463 Mu : 0.00372663235195 & Score: -inf
.Lambda : 0.00759788191791 Mu : 0.00372501559171 & Score: -6267.421569
.Lambda : 0.00759788191791 Mu : 0.00372824911219 & Score: -inf
.Lambda : 0.00759635132123 Mu : 0.00372663235195 & Score: -6267.115924
.Lambda : 0.00759022893451 Mu : 0.00372663235195 & Score: -6267.069173
.Lambda : 0.00758640244281 Mu : 0.00372744073207 & Score: -6266.894056
.Lambda : 0.00759099423285 Mu : 0.00372905749231 & Score: -6266.634996
.Lambda : 0.00759061158368 Mu : 0.00373107844261 & Score: -6266.265885
.Lambda : 0.00758066270527 Mu : 0.00373188682273 & Score: -6266.047293
.Lambda : 0.00757281839728 Mu : 0.00373451405812 & Score: -6265.518385
.Lambda : 0.00757702753815 Mu : 0.00373815176865 & Score: -6264.890353
.Lambda : 0.00757234008582 Mu : 0.00374350728695 & Score: -inf
.Lambda : 0.00755923435175 Mu : 0.00374158738416 & Score: -6264.149435
.Lambda : 0.00754354573578 Mu : 0.00374684185494 & Score: -6263.093750
.Lambda : 0.00754775487665 Mu : 0.00375047956548 & Score: -6262.463318
.Lambda : 0.00753522311634 Mu : 0.00375846231916 & Score: -6260.945314
.Lambda : 0.00750174131397 Mu : 0.00376715240545 & Score: -6259.200701
.Lambda : 0.00746409820188 Mu : 0.00378165272385 & Score: -6256.435717
.Lambda : 0.00745577558243 Mu : 0.00379327318807 & Score: -6254.337211
.Lambda : 0.00741189050576 Mu : 0.00381648885463 & Score: -6250.119233
.Lambda : 0.00734076559130 Mu : 0.00383967925932 & Score: -6245.995388
.Lambda : 0.00724353682878 Mu : 0.00388028772939 & Score: -6239.077717
.Lambda : 0.00719132913266 Mu : 0.00391512386018 & Score: -6233.208125
.Lambda : 0.00705494459805 Mu : 0.00398185942834 & Score: -6222.695770
.Lambda : 0.00688659092107 Mu : 0.00404565830310 & Score: -6214.338831
.Lambda : 0.00662394112873 Mu : 0.00416024302734 & Score: -6201.555841
.Lambda : 0.00643534889800 Mu : 0.00426181472629 & Score: -6191.149442
.Lambda : 0.00603125493261 Mu : 0.00445257822474 & Score: -6178.857756
.Lambda : 0.00560025146329 Mu : 0.00463096182374 & Score: -6179.429650
.Lambda : 0.00500756526716 Mu : 0.00492329702114 & Score: -6196.808052
.Lambda : 0.00662394112873 Mu : 0.00416024302734 & Score: -6201.555841
.Lambda : 0.00621984716334 Mu : 0.00435100652579 & Score: -6185.501168
.Lambda : 0.00541165923256 Mu : 0.00473253352269 & Score: -6180.685340
.Lambda : 0.00621984716334 Mu : 0.00435100652579 & Score: -6185.501168
.Lambda : 0.00601780018064 Mu : 0.00444638827501 & Score: -6180.455946
.Lambda : 0.00561370621525 Mu : 0.00463715177346 & Score: -6177.598340
.Lambda : 0.00541165923256 Mu : 0.00473253352269 & Score: -6180.685340
.Lambda : 0.00604470968457 Mu : 0.00445876817447 & Score: -6177.269874
.Lambda : 0.00626693879522 Mu : 0.00437267134983 & Score: -6180.304164
.Lambda : 0.00562716096722 Mu : 0.00464334172319 & Score: -6175.778554
.Lambda : 0.00542511398452 Mu : 0.00473872347241 & Score: -6178.732248
.Lambda : 0.00605816443654 Mu : 0.00446495812419 & Score: -6175.692247
.Lambda : 0.00628039354718 Mu : 0.00437886129955 & Score: -6178.840108
.Lambda : 0.00564061571918 Mu : 0.00464953167291 & Score: -6173.970231
.Lambda : 0.00543856873649 Mu : 0.00474491342214 & Score: -6176.791322
.Lambda : 0.00607161918850 Mu : 0.00447114807392 & Score: -6174.124826
.Lambda : 0.00565407047115 Mu : 0.00465572162264 & Score: -6172.173313
.Lambda : 0.00545202348845 Mu : 0.00475110337186 & Score: -6174.862499
.Lambda : 0.00522306700183 Mu : 0.00483410522164 & Score: -6184.900345
.Lambda : 0.00543520504849 Mu : 0.00474336593471 & Score: -6177.275416
.Lambda : 0.00564734309516 Mu : 0.00465262664778 & Score: -6173.070350
.Lambda : 0.00586284482982 Mu : 0.00456343484828 & Score: -6171.684409
.Lambda : 0.00586957220581 Mu : 0.00456652982314 & Score: -6170.853967
.Lambda : 0.00598068676113 Mu : 0.00452348141082 & Score: -6171.082089
.Lambda : 0.00607834656448 Mu : 0.00447424304878 & Score: -6173.344927
.Lambda : 0.00597227754115 Mu : 0.00451961269224 & Score: -6172.082610
.Lambda : 0.00576013949448 Mu : 0.00461035197917 & Score: -6171.315343
.Lambda : 0.00576686687046 Mu : 0.00461344695404 & Score: -6170.454266
.Lambda : 0.00571887789078 Mu : 0.00463845300692 & Score: -6170.091044
.Lambda : 0.00582831060211 Mu : 0.00459463085088 & Score: -6169.270794
.Lambda : 0.00586239615592 Mu : 0.00458677028674 & Score: -6168.379405
.Lambda : 0.00571170184090 Mu : 0.00465869347051 & Score: -6167.802516
.Lambda : 0.00563276665844 Mu : 0.00470477529420 & Score: -6167.039578
.Lambda : 0.00577628492358 Mu : 0.00465309257402 & Score: -6164.351328
.Lambda : 0.00580498843999 Mu : 0.00466041235757 & Score: -6161.553499
.Lambda : 0.00557535894251 Mu : 0.00477841736503 & Score: -6161.529709
.Lambda : 0.00543184033580 Mu : 0.00487424090418 & Score: -6160.913500
.Lambda : 0.00560406211734 Mu : 0.00482987796756 & Score: -6152.718547
.Lambda : 0.00558970984679 Mu : 0.00489242930423 & Score: -6145.881646
.Lambda : 0.00521656174260 Mu : 0.00510625785084 & Score: -6153.554731
.Lambda : 0.00537443125359 Mu : 0.00512444625089 & Score: -6136.318731
.Lambda : 0.00534572671249 Mu : 0.00524954892425 & Score: -6125.450410
.Lambda : 0.00571887481667 Mu : 0.00503572037764 & Score: -6118.955474
.Lambda : 0.00597003135371 Mu : 0.00500045164103 & Score: -inf
.Lambda : 0.00547489168237 Mu : 0.00539283999765 & Score: -6098.903047
.Lambda : 0.00541748260017 Mu : 0.00564304534436 & Score: -inf
.Lambda : 0.00584803978656 Mu : 0.00517901145104 & Score: -inf
.Lambda : 0.00572246151804 Mu : 0.00519664581934 & Score: -inf
.Lambda : 0.00559688324952 Mu : 0.00521428018765 & Score: -6107.397405
.Lambda : 0.00541030919743 Mu : 0.00532119446095 & Score: -6112.000545
.Lambda : 0.00566146573447 Mu : 0.00528592572435 & Score: -inf
.Lambda : 0.00559867660021 Mu : 0.00529474290850 & Score: -inf
.Lambda : 0.00553588746595 Mu : 0.00530356009265 & Score: -6102.847883
.Lambda : 0.00544260043990 Mu : 0.00535701722930 & Score: -6105.405016
.Lambda : 0.00556817870842 Mu : 0.00533938286100 & Score: -inf
.Lambda : 0.00553678414129 Mu : 0.00534379145308 & Score: -inf
.Lambda : 0.00550538957416 Mu : 0.00534820004515 & Score: -6100.807199
.Lambda : 0.00545874606114 Mu : 0.00537492861348 & Score: -6102.143035
.Lambda : 0.00552153519540 Mu : 0.00536611142933 & Score: -inf
.Lambda : 0.00550583791183 Mu : 0.00536831572536 & Score: -inf
.Lambda : 0.00549014062827 Mu : 0.00537052002140 & Score: -6099.833885
.Lambda : 0.00546681887176 Mu : 0.00538388430557 & Score: -6100.520163
.Lambda : 0.00549821343889 Mu : 0.00537947571349 & Score: -inf
.Lambda : 0.00549036479710 Mu : 0.00538057786151 & Score: -inf
.Lambda : 0.00548251615532 Mu : 0.00538168000953 & Score: -6099.365380
.Lambda : 0.00547085527706 Mu : 0.00538836215161 & Score: -6099.710840
.Lambda : 0.00548655256063 Mu : 0.00538615785557 & Score: -inf
.Lambda : 0.00548262823974 Mu : 0.00538670892958 & Score: -6098.845633
.Lambda : 0.00547500376679 Mu : 0.00539786891771 & Score: -inf
.Lambda : 0.00547688186392 Mu : 0.00539382169066 & Score: -inf
.Lambda : 0.00547875996106 Mu : 0.00538977446362 & Score: -6098.874370
.Lambda : 0.00548257219753 Mu : 0.00538419446955 & Score: -6099.105282
.Lambda : 0.00547881600326 Mu : 0.00539228892364 & Score: -inf
.Lambda : 0.00547975505183 Mu : 0.00539026531012 & Score: -inf
.Lambda : 0.00548069410040 Mu : 0.00538824169660 & Score: -6098.859891
.Lambda : 0.00548260021863 Mu : 0.00538545169957 & Score: -6098.975399
.Lambda : 0.00548072212150 Mu : 0.00538949892661 & Score: -inf
.Lambda : 0.00548119164578 Mu : 0.00538848711985 & Score: -6098.791508
.Lambda : 0.00548312578513 Mu : 0.00538695435283 & Score: -inf
.Lambda : 0.00548251786394 Mu : 0.00538727618877 & Score: -6098.797878
.Lambda : 0.00548108126999 Mu : 0.00538905437904 & Score: -inf
.Lambda : 0.00548146801243 Mu : 0.00538846801668 & Score: -inf
.Lambda : 0.00548185475486 Mu : 0.00538788165431 & Score: -6098.794647
.Lambda : 0.00548190994276 Mu : 0.00538759802472 & Score: -6098.818498
.Lambda : 0.00548113645789 Mu : 0.00538877074945 & Score: -inf
.Lambda : 0.00548132982911 Mu : 0.00538847756826 & Score: -6098.780370
.Lambda : 0.00548066672003 Mu : 0.00538908303380 & Score: -6098.777311
.Lambda : 0.00548007270261 Mu : 0.00538968372355 & Score: -6098.768608
.Lambda : 0.00548021088593 Mu : 0.00538967417196 & Score: -inf
.Lambda : 0.00548045607589 Mu : 0.00538937740893 & Score: -inf
.Lambda : 0.00548070126586 Mu : 0.00538908064591 & Score: -6098.774524
.Lambda : 0.00548063217420 Mu : 0.00538908542170 & Score: -6098.780098
.Lambda : 0.00548014179427 Mu : 0.00538967894776 & Score: -inf
.Lambda : 0.00548026438925 Mu : 0.00538953056624 & Score: -6098.767335
.Lambda : 0.00547963582600 Mu : 0.00539013364388 & Score: -6098.761332
.Lambda : 0.00547910310607 Mu : 0.00539066014287 & Score: -6098.754696
.Lambda : 0.00547929479272 Mu : 0.00539050698556 & Score: -6098.753446
.Lambda : 0.00547890583777 Mu : 0.00539091861657 & Score: -inf
.Lambda : 0.00547813350954 Mu : 0.00539163656219 & Score: -6098.740572
.Lambda : 0.00547706806968 Mu : 0.00539268956017 & Score: -6098.727314
.Lambda : 0.00547725975633 Mu : 0.00539253640286 & Score: -inf
.Lambda : 0.00547772059376 Mu : 0.00539206733787 & Score: -6098.733108
.Lambda : 0.00547549387073 Mu : 0.00539424991247 & Score: -6098.707732
.Lambda : 0.00547359340974 Mu : 0.00539612137593 & Score: -6098.686066
.Lambda : 0.00547294088566 Mu : 0.00539674359823 & Score: -6098.680862
.Lambda : 0.00547055103160 Mu : 0.00539908172841 & Score: -6098.655917
.Lambda : 0.00546707637166 Mu : 0.00540251354417 & Score: -6098.617724
.Lambda : 0.00546208052264 Mu : 0.00540742553617 & Score: -6098.569756
.Lambda : 0.00545903814451 Mu : 0.00541038588866 & Score: -6098.546345
.Lambda : 0.00545176051190 Mu : 0.00541751814502 & Score: -6098.492034
.Lambda : 0.00544329000294 Mu : 0.00542586195278 & Score: -6098.435490
.Lambda : 0.00542965948861 Mu : 0.00543925206496 & Score: -6098.364390
.Lambda : 0.00541933947787 Mu : 0.00544934467381 & Score: -6098.329681
.Lambda : 0.00539796895548 Mu : 0.00547030424263 & Score: -6098.299072
.Lambda : 0.00537586793219 Mu : 0.00549203816257 & Score: -6098.299330
.Lambda : 0.00534417739905 Mu : 0.00552309034024 & Score: -6098.432505
.Lambda : 0.00536554792144 Mu : 0.00550213077142 & Score: -6098.330611
.Lambda : 0.00540828896622 Mu : 0.00546021163378 & Score: -6098.299728
.Lambda : 0.00536554792144 Mu : 0.00550213077142 & Score: -6098.330611
.Lambda : 0.00537623318264 Mu : 0.00549165098701 & Score: -6098.301361
.Lambda : 0.00538691844383 Mu : 0.00548117120260 & Score: -6098.292001
.Lambda : 0.00540312896085 Mu : 0.00546525793821 & Score: -6098.297186
.Lambda : 0.00539207844920 Mu : 0.00547612489817 & Score: -6098.293028
.Lambda : 0.00537586793219 Mu : 0.00549203816257 & Score: -6098.299330
.Lambda : 0.00538268318935 Mu : 0.00548534310648 & Score: -6098.291834
.Lambda : 0.00537752318398 Mu : 0.00549038941090 & Score: -6098.298724
.Lambda : 0.00538116200029 Mu : 0.00548682328272 & Score: -6098.294031
.Lambda : 0.00538480081659 Mu : 0.00548325715454 & Score: -6098.291407
.Lambda : 0.00538738081928 Mu : 0.00548073400233 & Score: -6098.290514
.Lambda : 0.00538949844652 Mu : 0.00547864805039 & Score: -6098.292345
.Lambda : 0.00538779463223 Mu : 0.00548032181441 & Score: -6098.291230
.Lambda : 0.00539037463491 Mu : 0.00547779866220 & Score: -6098.291749
.Lambda : 0.00538898118033 Mu : 0.00547916328528 & Score: -6098.291255
.Lambda : 0.00538619427117 Mu : 0.00548189253145 & Score: -6098.290918
.Lambda : 0.00538578045822 Mu : 0.00548230471937 & Score: -6098.290353
.Lambda : 0.00538477337122 Mu : 0.00548329617185 & Score: -6098.290260
.Lambda : 0.00538595991933 Mu : 0.00548213764272 & Score: -6098.289474
.Lambda : 0.00538584274341 Mu : 0.00548226019836 & Score: -6098.288757
.Lambda : 0.00538323529535 Mu : 0.00548482236788 & Score: -6098.289418
.Lambda : 0.00538430466754 Mu : 0.00548378639439 & Score: -6098.287543
.Lambda : 0.00538407031569 Mu : 0.00548403150565 & Score: -6098.286204
.Lambda : 0.00538667776375 Mu : 0.00548146933613 & Score: -6098.286029
.Lambda : 0.00538839899795 Mu : 0.00547979282026 & Score: -6098.285335
.Lambda : 0.00538662657023 Mu : 0.00548156412755 & Score: -6098.281754
.Lambda : 0.00538701848364 Mu : 0.00548121609215 & Score: -6098.278299
.Lambda : 0.00539134716589 Mu : 0.00547697740676 & Score: -6098.279511
.Lambda : 0.00538996665159 Mu : 0.00547840067865 & Score: -6098.272235
.Lambda : 0.00539075047841 Mu : 0.00547770460785 & Score: -6098.265554
.Lambda : 0.00538642179616 Mu : 0.00548194329325 & Score: -6098.264664
.Lambda : 0.00538395911129 Mu : 0.00548442623650 & Score: -6098.258971
.Lambda : 0.00538769110606 Mu : 0.00548091475219 & Score: -6098.244046
.Lambda : 0.00538802741728 Mu : 0.00548076408221 & Score: -6098.226942
.Lambda : 0.00538123605016 Mu : 0.00548748571086 & Score: -6098.223752
.Lambda : 0.00537647883603 Mu : 0.00549237626236 & Score: -6098.209110
.Lambda : 0.00538054714201 Mu : 0.00548871410808 & Score: -6098.171672
.Lambda : 0.00537884115737 Mu : 0.00549085804387 & Score: -6098.129052
.Lambda : 0.00536729257612 Mu : 0.00550247022402 & Score: -6098.131101
.Lambda : 0.00536965489746 Mu : 0.00550095200553 & Score: -inf
.Lambda : 0.00537136088210 Mu : 0.00549880806974 & Score: -inf
.Lambda : 0.00537306686674 Mu : 0.00549666413395 & Score: -6098.127238
.Lambda : 0.00537765999670 Mu : 0.00549161715312 & Score: -6098.168969
.Lambda : 0.00537424802742 Mu : 0.00549590502470 & Score: -inf
.Lambda : 0.00537510101974 Mu : 0.00549483305681 & Score: -6098.107284
.Lambda : 0.00536932672911 Mu : 0.00550063914688 & Score: -6098.108640
.Lambda : 0.00537136088210 Mu : 0.00549880806974 & Score: -inf
.Lambda : 0.00537178737826 Mu : 0.00549827208579 & Score: -inf
.Lambda : 0.00537221387442 Mu : 0.00549773610184 & Score: -6098.107036
.Lambda : 0.00537408394324 Mu : 0.00549574859538 & Score: -6098.117197
.Lambda : 0.00537323095092 Mu : 0.00549682056327 & Score: -inf
.Lambda : 0.00537344419900 Mu : 0.00549655257130 & Score: -6098.101864
.Lambda : 0.00537055705369 Mu : 0.00549945561634 & Score: -6098.102658
.Lambda : 0.00537178737826 Mu : 0.00549827208579 & Score: -inf
.Lambda : 0.00537189400230 Mu : 0.00549813808980 & Score: -6098.099515
.Lambda : 0.00537478114762 Mu : 0.00549523504477 & Score: -inf
.Lambda : 0.00537372512413 Mu : 0.00549629018766 & Score: -6098.099985
.Lambda : 0.00537217492744 Mu : 0.00549787570616 & Score: -inf
.Lambda : 0.00537249224533 Mu : 0.00549754492245 & Score: -6098.098583
.Lambda : 0.00537066112350 Mu : 0.00549939282459 & Score: -6098.098642
.Lambda : 0.00537125936652 Mu : 0.00549879965724 & Score: -6098.097538
.Lambda : 0.00537094204863 Mu : 0.00549913044095 & Score: -inf
.Lambda : 0.00537309048835 Mu : 0.00549695175509 & Score: -inf
.Lambda : 0.00537248314714 Mu : 0.00549756202247 & Score: -inf
.Lambda : 0.00537187580592 Mu : 0.00549817228984 & Score: -6098.098016
.Lambda : 0.00537096024501 Mu : 0.00549909624091 & Score: -6098.098080
.Lambda : 0.00537217492744 Mu : 0.00549787570616 & Score: -inf
.Lambda : 0.00537187125683 Mu : 0.00549818083985 & Score: -6098.097641
.Lambda : 0.00537125481743 Mu : 0.00549880820725 & Score: -6098.097164
.Lambda : 0.00537094432318 Mu : 0.00549912616595 & Score: -inf
.Lambda : 0.00537064292712 Mu : 0.00549942702463 & Score: -6098.097150
.Lambda : 0.00537002876226 Mu : 0.00550005011702 & Score: -6098.097038
.Lambda : 0.00537002421317 Mu : 0.00550005866703 & Score: -6098.096666
.Lambda : 0.00536940663649 Mu : 0.00550068817193 & Score: -inf
.Lambda : 0.00536879815800 Mu : 0.00550130057680 & Score: -6098.096893
.Lambda : 0.00536879360891 Mu : 0.00550130912681 & Score: -6098.096523
.Lambda : 0.00536817603223 Mu : 0.00550193863171 & Score: -inf
.Lambda : 0.00537001966407 Mu : 0.00550006721704 & Score: -inf
.Lambda : 0.00536971428756 Mu : 0.00550037555698 & Score: -inf
.Lambda : 0.00536940891104 Mu : 0.00550068389692 & Score: -6098.096550
.Lambda : 0.00536879588346 Mu : 0.00550130485181 & Score: -6098.096708
.Lambda : 0.00536940663649 Mu : 0.00550068817193 & Score: -inf
.Lambda : 0.00536925394823 Mu : 0.00550084234190 & Score: -inf
.Lambda : 0.00536910125997 Mu : 0.00550099651187 & Score: -6098.096526
.Lambda : 0.00536879474618 Mu : 0.00550130698931 & Score: -6098.096616
.Lambda : 0.00536910012270 Mu : 0.00550099864937 & Score: -inf
.Lambda : 0.00536902377857 Mu : 0.00550107573436 & Score: -6098.096477
.Lambda : 0.00536871612751 Mu : 0.00550138834930 & Score: -6098.096480
.Lambda : 0.00536894629717 Mu : 0.00550115495684 & Score: -inf
.Lambda : 0.00536890812510 Mu : 0.00550119349934 & Score: -6098.096452
.Lambda : 0.00536921577617 Mu : 0.00550088088439 & Score: -6098.096463
.Lambda : 0.00536910012270 Mu : 0.00550099864937 & Score: -inf
.Lambda : 0.00536908103667 Mu : 0.00550101792062 & Score: -6098.096444
.Lambda : 0.00536877338560 Mu : 0.00550133053556 & Score: -6098.096443
.Lambda : 0.00536855219032 Mu : 0.00550155536115 & Score: -6098.096450
.Lambda : 0.00536894629717 Mu : 0.00550115495684 & Score: -inf
.Lambda : 0.00536893675415 Mu : 0.00550116459247 & Score: -6098.096435
.Lambda : 0.00536862910309 Mu : 0.00550147720741 & Score: -6098.096444
.Lambda : 0.00536874208648 Mu : 0.00550136238571 & Score: -6098.096440
.Lambda : 0.00536890545503 Mu : 0.00550119644262 & Score: -6098.096430
.Lambda : 0.00536897148975 Mu : 0.00550112939615 & Score: -inf
.Lambda : 0.00536910012270 Mu : 0.00550099864937 & Score: -inf
.Lambda : 0.00536901061365 Mu : 0.00550108958346 & Score: -inf
.Lambda : 0.00536892110459 Mu : 0.00550118051754 & Score: -6098.096433
.Lambda : 0.00536882377076 Mu : 0.00550127941417 & Score: -6098.096434
.Lambda : 0.00536900278887 Mu : 0.00550109754599 & Score: -inf
.Lambda : 0.00536895803434 Mu : 0.00550114301304 & Score: -inf
.Lambda : 0.00536891327981 Mu : 0.00550118848008 & Score: -6098.096431
.Lambda : 0.00536886461289 Mu : 0.00550123792839 & Score: -6098.096432
.Lambda : 0.00536895412195 Mu : 0.00550114699431 & Score: -inf
.Lambda : 0.00536893174469 Mu : 0.00550116972783 & Score: -6098.096431
.Lambda : 0.00536892391991 Mu : 0.00550117769037 & Score: -inf
.Lambda : 0.00536892125988 Mu : 0.00550118038779 & Score: -6098.096430
.
Lambda Search Result: 134
Lambda : 0.00536892125988 Mu : 0.00550118038779 & Score: 6098.096430
DONE: Lamda,Mu Search or setting, for command:
lambdamu -s
