The Number of families : 1000 ==> 112
-----------------------------------------------------------
Family information: sim
Log: ./sim.log
Tree: (((musDom:52,gloMor:52):52,((droWil:56,(droPse:48,((droYak:14,droMel:14):17,droAna:31):17):8):8,(droVir:32,droMoj:32):32):39):184,((culQui:79,aedAeg:79):79,(anoDar:70,(anoSte:35,anoGam:35):35):88):129)
The number of families is 112
Root Family size : 1 ~ 59
Family size : 0 ~ 97
P-value: 0.010000
Num of Threads: 4
Num of Random: 1000
Empirical Prior Estimation Result: 38
Poisson lambda: 6.948718 & Score: 5786.213693
Lambda : 0.00255114818245 & Score: -6159.285574
.Lambda : 0.00267870559157 & Score: -6052.477418
.Lambda : 0.00280626300069 & Score: -5953.033299
.Lambda : 0.00293382040982 & Score: -5860.308147
.Lambda : 0.00318893522806 & Score: -5692.537520
.Lambda : 0.00344405004631 & Score: -5544.870712
.Lambda : 0.00395427968280 & Score: -5297.112287
.Lambda : 0.00446450931929 & Score: -5098.102241
.Lambda : 0.00548496859227 & Score: -inf
.Lambda : 0.00497473895578 & Score: -4934.843583
.Lambda : 0.00548496859227 & Score: -inf
.Lambda : 0.00522985377402 & Score: -4863.957528
.Lambda : 0.00548496859227 & Score: -inf
.Lambda : 0.00535741118314 & Score: -4830.885040
.Lambda : 0.00548496859227 & Score: -inf
.Lambda : 0.00542118988770 & Score: -4814.905809
.Lambda : 0.00548496859227 & Score: -inf
.Lambda : 0.00545307923999 & Score: -inf
.Lambda : 0.00538930053542 & Score: -4822.850098
.Lambda : 0.00545307923999 & Score: -inf
.Lambda : 0.00543713456385 & Score: -inf
.Lambda : 0.00540524521156 & Score: -4818.866706
.Lambda : 0.00543713456385 & Score: -inf
.Lambda : 0.00542916222577 & Score: -4812.933744
.Lambda : 0.00543713456385 & Score: -inf
.Lambda : 0.00543314839481 & Score: -4811.949799
.Lambda : 0.00543713456385 & Score: -inf
.Lambda : 0.00543514147933 & Score: -inf
.Lambda : 0.00543115531029 & Score: -4812.441598
.Lambda : 0.00543514147933 & Score: -inf
.Lambda : 0.00543414493707 & Score: -4811.704029
.Lambda : 0.00543514147933 & Score: -inf
.Lambda : 0.00543464320820 & Score: -4811.581177
.Lambda : 0.00543514147933 & Score: -inf
.Lambda : 0.00543489234376 & Score: -inf
.Lambda : 0.00543439407263 & Score: -4811.642600
.Lambda : 0.00543489234376 & Score: -inf
.Lambda : 0.00543476777598 & Score: -4811.550467
.Lambda : 0.00543489234376 & Score: -inf
.Lambda : 0.00543483005987 & Score: -inf
.Lambda : 0.00543470549209 & Score: -4811.565822
.Lambda : 0.00543483005987 & Score: -inf
.Lambda : 0.00543479891793 & Score: -inf
.Lambda : 0.00543473663403 & Score: -4811.558144
.Lambda : 0.00543479891793 & Score: -inf
.Lambda : 0.00543478334695 & Score: -inf
.Lambda : 0.00543475220501 & Score: -4811.554306
.Lambda : 0.00543478334695 & Score: -inf
.Lambda : 0.00543477556147 & Score: -4811.548548
.Lambda : 0.00543478334695 & Score: -inf
.Lambda : 0.00543477945421 & Score: -4811.547588
.Lambda : 0.00543478334695 & Score: -inf
.Lambda : 0.00543478140058 & Score: -4811.547108
.Lambda : 0.00543478334695 & Score: -inf
.Lambda : 0.00543478237377 & Score: -4811.546868
.Lambda : 0.00543478334695 & Score: -inf
.Lambda : 0.00543478286036 & Score: -inf
.Lambda : 0.00543478188717 & Score: -4811.546988
.Lambda : 0.00543478286036 & Score: -inf
.Lambda : 0.00543478261706 & Score: -inf
.Lambda : 0.00543478213047 & Score: -4811.546928
.Lambda : 0.00543478261706 & Score: -inf
.Lambda : 0.00543478249542 & Score: -4811.546839
.Lambda : 0.00543478261706 & Score: -inf
.Lambda : 0.00543478255624 & Score: -4811.546824
.Lambda : 0.00543478261706 & Score: -inf
.Lambda : 0.00543478258665 & Score: -4811.546816
.Lambda : 0.00543478261706 & Score: -inf
.Lambda : 0.00543478260186 & Score: -4811.546812
.Lambda : 0.00543478261706 & Score: -inf
.Lambda : 0.00543478260946 & Score: -inf
.Lambda : 0.00543478259425 & Score: -4811.546814
.Lambda : 0.00543478260946 & Score: -inf
.Lambda : 0.00543478260566 & Score: -4811.546811
.
Lambda Search Result: 31
Lambda : 0.00543478260566 & Score: 4811.546811
DONE: Lamda Search or setting, for command:
lambda -s
Empirical Prior Estimation Result: 37
Poisson lambda: 6.948718 & Score: 5786.213693
Lambda : 0.00101753020831 Mu : 0.00380413210192 & Score: -6998.059069
.Lambda : 0.00106840671873 Mu : 0.00380413210192 & Score: -6936.615131
.Lambda : 0.00106840671873 Mu : 0.00399433870701 & Score: -6898.290885
.Lambda : 0.00111928322914 Mu : 0.00399433870701 & Score: -6839.467317
.Lambda : 0.00117015973956 Mu : 0.00408944200956 & Score: -6766.165482
.Lambda : 0.00117015973956 Mu : 0.00427964861466 & Score: -6736.196893
.Lambda : 0.00122103624997 Mu : 0.00451740687102 & Score: -6651.763251
.Lambda : 0.00132278927081 Mu : 0.00461251017357 & Score: -6539.223340
.Lambda : 0.00144998054684 Mu : 0.00492159590685 & Score: -6394.838941
.Lambda : 0.00150085705726 Mu : 0.00534956076832 & Score: -6330.937802
.Lambda : 0.00166620571611 Mu : 0.00597962014770 & Score: -6193.546696
.Lambda : 0.00189515001298 Mu : 0.00638380918353 & Score: -6031.728403
.Lambda : 0.00223220689448 Mu : 0.00731701033978 & Score: -5868.220145
.Lambda : 0.00244843206375 Mu : 0.00837503458062 & Score: -5862.238357
.Lambda : 0.00294765782220 Mu : 0.01010175391751 & Score: -inf
.Lambda : 0.00301443324212 Mu : 0.00971242477270 & Score: -inf
.Lambda : 0.00267737636062 Mu : 0.00877922361645 & Score: -5777.997074
.Lambda : 0.00289360152989 Mu : 0.00983724785730 & Score: -inf
.Lambda : 0.00272825287104 Mu : 0.00920718847792 & Score: -5820.900224
.Lambda : 0.00295719716791 Mu : 0.00961137751375 & Score: -inf
.Lambda : 0.00283000589187 Mu : 0.00930229178047 & Score: -inf
.Lambda : 0.00270281461583 Mu : 0.00899320604718 & Score: -5798.509471
.Lambda : 0.00256290421219 Mu : 0.00857712909854 & Score: -5818.590054
.Lambda : 0.00281728676426 Mu : 0.00919530056510 & Score: -5761.935245
.Lambda : 0.00294447804030 Mu : 0.00950438629838 & Score: -inf
.Lambda : 0.00279184850906 Mu : 0.00898131813437 & Score: -5740.264400
.Lambda : 0.00283636545567 Mu : 0.00897537417796 & Score: -5711.968172
.Lambda : 0.00297627585931 Mu : 0.00939145112660 & Score: -inf
.Lambda : 0.00290155098464 Mu : 0.00923839424907 & Score: -inf
.Lambda : 0.00282682610997 Mu : 0.00908533737153 & Score: -5736.568754
.Lambda : 0.00275687090814 Mu : 0.00887729889720 & Score: -5744.394800
.Lambda : 0.00290632065749 Mu : 0.00918341265228 & Score: -inf
.Lambda : 0.00286895822015 Mu : 0.00910688421351 & Score: -5714.519149
.Lambda : 0.00287849756586 Mu : 0.00899692101994 & Score: -5690.143724
.Lambda : 0.00290433329380 Mu : 0.00895271284415 & Score: -5667.523766
.Lambda : 0.00287174052932 Mu : 0.00882120280859 & Score: -5665.722464
.Lambda : 0.00287313168390 Mu : 0.00867836210613 & Score: -5642.992410
.Lambda : 0.00294109952203 Mu : 0.00865570077232 & Score: -5600.778416
.Lambda : 0.00299346655521 Mu : 0.00849586406951 & Score: -5549.842325
.Lambda : 0.00296226494531 Mu : 0.00822151333149 & Score: -5532.361494
.Lambda : 0.00299123077107 Mu : 0.00785591357516 & Score: -5478.445413
.Lambda : 0.00311156564238 Mu : 0.00767341553854 & Score: -5403.433878
.Lambda : 0.00323078262162 Mu : 0.00717094225474 & Score: -5318.864821
.Lambda : 0.00322854683747 Mu : 0.00653099176040 & Score: -5304.244343
.Lambda : 0.00334608697860 Mu : 0.00554855560584 & Score: -5287.664725
.Lambda : 0.00358563882916 Mu : 0.00486358428541 & Score: -5268.774730
.Lambda : 0.00388284285820 Mu : 0.00336741964054 & Score: -5432.108733
.Lambda : 0.00370094318613 Mu : 0.00324119763652 & Score: -5512.156710
.Lambda : 0.00358340304501 Mu : 0.00422363379107 & Score: -5355.323636
.Lambda : 0.00346586290388 Mu : 0.00520606994563 & Score: -5272.476401
.Lambda : 0.00340821072539 Mu : 0.00601726327008 & Score: -5243.619707
.Lambda : 0.00352798665067 Mu : 0.00567477760986 & Score: -5218.290669
.Lambda : 0.00355904852406 Mu : 0.00590913144198 & Score: -5196.078774
.Lambda : 0.00338162042029 Mu : 0.00706281042664 & Score: -5252.891573
.Lambda : 0.00358563882916 Mu : 0.00486358428541 & Score: -5268.774730
.Lambda : 0.00353463422694 Mu : 0.00541339082072 & Score: -5233.454315
.Lambda : 0.00368547202561 Mu : 0.00530525899263 & Score: -5195.418299
.Lambda : 0.00382410267572 Mu : 0.00494925685390 & Score: -5189.950013
.Lambda : 0.00384851697284 Mu : 0.00544499747516 & Score: -5136.681080
.Lambda : 0.00400545834579 Mu : 0.00546080080238 & Score: -5092.648279
.Lambda : 0.00427051249746 Mu : 0.00450092621430 & Score: -5134.924735
.Lambda : 0.00445186816753 Mu : 0.00501247016278 & Score: -5029.936720
.Lambda : 0.00476575091343 Mu : 0.00504407681722 & Score: -4963.844849
.Lambda : 0.00450069676177 Mu : 0.00600395140530 & Score: -4933.902482
.Lambda : 0.00461578889393 Mu : 0.00675546400080 & Score: -inf
.Lambda : 0.00526098932941 Mu : 0.00558722742014 & Score: -4822.738991
.Lambda : 0.00588875482122 Mu : 0.00565044072901 & Score: -inf
.Lambda : 0.00499593517775 Mu : 0.00654710200822 & Score: -inf
.Lambda : 0.00493838911167 Mu : 0.00617134571047 & Score: -inf
.Lambda : 0.00488084304559 Mu : 0.00579558941272 & Score: -4870.449261
.Lambda : 0.00501337012142 Mu : 0.00531565211868 & Score: -4889.998851
.Lambda : 0.00512846225358 Mu : 0.00606716471418 & Score: -inf
.Lambda : 0.00509968922054 Mu : 0.00587928656530 & Score: -inf
.Lambda : 0.00507091618750 Mu : 0.00569140841643 & Score: -4844.757658
.Lambda : 0.00513717972541 Mu : 0.00545143976941 & Score: -4855.597891
.Lambda : 0.00519472579149 Mu : 0.00582719606716 & Score: -inf
.Lambda : 0.00518033927497 Mu : 0.00573325699272 & Score: -inf
.Lambda : 0.00516595275845 Mu : 0.00563931791828 & Score: -4833.182355
.Lambda : 0.00519908452741 Mu : 0.00551933359477 & Score: -4838.982479
.Lambda : 0.00522785756045 Mu : 0.00570721174365 & Score: -inf
.Lambda : 0.00522066430219 Mu : 0.00566024220643 & Score: -inf
.Lambda : 0.00521347104393 Mu : 0.00561327266921 & Score: -4827.844421
.Lambda : 0.00523003692841 Mu : 0.00555328050745 & Score: -4830.815091
.Lambda : 0.00524442344493 Mu : 0.00564721958189 & Score: -inf
.Lambda : 0.00524082681580 Mu : 0.00562373481328 & Score: -4822.524647
.Lambda : 0.00528834510128 Mu : 0.00559768956421 & Score: -inf
.Lambda : 0.00526962658694 Mu : 0.00560158534046 & Score: -4820.046562
.Lambda : 0.00524946407333 Mu : 0.00563809273360 & Score: -inf
.Lambda : 0.00525234538735 Mu : 0.00562537640524 & Score: -inf
.Lambda : 0.00525522670137 Mu : 0.00561266007687 & Score: -4821.273023
.Lambda : 0.00526530795817 Mu : 0.00559440638030 & Score: -4821.391210
.Lambda : 0.00525954533014 Mu : 0.00561983903703 & Score: -inf
.Lambda : 0.00526098598715 Mu : 0.00561348087285 & Score: -inf
.Lambda : 0.00526242664416 Mu : 0.00560712270866 & Score: -4820.658159
.Lambda : 0.00526746727256 Mu : 0.00559799586038 & Score: -4820.718495
.Lambda : 0.00526458595854 Mu : 0.00561071218875 & Score: -inf
.Lambda : 0.00526530628704 Mu : 0.00560753310665 & Score: -4820.169147
.Lambda : 0.00527250622983 Mu : 0.00560199573845 & Score: -inf
.Lambda : 0.00526998633341 Mu : 0.00560327748100 & Score: -inf
.Lambda : 0.00526746643699 Mu : 0.00560455922356 & Score: -4820.107891
.Lambda : 0.00526602661555 Mu : 0.00560435402456 & Score: -4820.352226
.Lambda : 0.00527106640838 Mu : 0.00560179053945 & Score: -4819.802340
.Lambda : 0.00527358630480 Mu : 0.00560050879690 & Score: -inf
.Lambda : 0.00527322655833 Mu : 0.00559881665636 & Score: -4819.742079
.Lambda : 0.00527610661900 Mu : 0.00559594537276 & Score: -4819.561615
.Lambda : 0.00527754644045 Mu : 0.00559615057175 & Score: -inf
.Lambda : 0.00527556647707 Mu : 0.00559750926393 & Score: -inf
.Lambda : 0.00527358651369 Mu : 0.00559886795610 & Score: -4819.681140
.Lambda : 0.00527286660297 Mu : 0.00559876535661 & Score: -4819.803029
.Lambda : 0.00527682652973 Mu : 0.00559604797225 & Score: -inf
.Lambda : 0.00527583654804 Mu : 0.00559672731834 & Score: -4819.530485
.Lambda : 0.00527835665335 Mu : 0.00559380473499 & Score: -4819.412267
.Lambda : 0.00528074172317 Mu : 0.00559127312444 & Score: -4819.278041
.Lambda : 0.00528047165221 Mu : 0.00559205507002 & Score: -4819.246925
.Lambda : 0.00528265416881 Mu : 0.00559010991866 & Score: -inf
.Lambda : 0.00528537682734 Mu : 0.00558660087612 & Score: -4818.995249
.Lambda : 0.00529014696700 Mu : 0.00558153765501 & Score: -4818.732264
.Lambda : 0.00528987689603 Mu : 0.00558231960059 & Score: -inf
.Lambda : 0.00528759310282 Mu : 0.00558455798155 & Score: -4818.843272
.Lambda : 0.00529726841760 Mu : 0.00557404056654 & Score: -4818.343937
.Lambda : 0.00530566680030 Mu : 0.00556503331480 & Score: -4817.917430
.Lambda : 0.00530822066448 Mu : 0.00556201298825 & Score: -4817.817709
.Lambda : 0.00531853444532 Mu : 0.00555074049160 & Score: -4817.324300
.Lambda : 0.00533405427863 Mu : 0.00553423615138 & Score: -4816.571471
.Lambda : 0.00535600793444 Mu : 0.00551058539957 & Score: -4815.586951
.Lambda : 0.00536887557946 Mu : 0.00549629257637 & Score: -4815.066028
.Lambda : 0.00540047996903 Mu : 0.00546192220716 & Score: -4813.798026
.Lambda : 0.00543795345815 Mu : 0.00542176711514 & Score: -4812.426106
.Lambda : 0.00549766296457 Mu : 0.00535728042691 & Score: -4810.810161
.Lambda : 0.00554213499916 Mu : 0.00530861723450 & Score: -4809.992920
.Lambda : 0.00563519853152 Mu : 0.00520763315196 & Score: -4808.992630
.Lambda : 0.00573238152706 Mu : 0.00510299137171 & Score: -4808.896098
.Lambda : 0.00589833230608 Mu : 0.00492352595398 & Score: -4810.760991
.Lambda : 0.00586991709401 Mu : 0.00495334409676 & Score: -4810.407112
.Lambda : 0.00549766296457 Mu : 0.00535728042691 & Score: -4810.810161
.Lambda : 0.00559072649693 Mu : 0.00525629634437 & Score: -4809.312083
.Lambda : 0.00577685356165 Mu : 0.00505432817930 & Score: -4809.242065
.Lambda : 0.00559072649693 Mu : 0.00525629634437 & Score: -4809.312083
.Lambda : 0.00563725826311 Mu : 0.00520580430310 & Score: -4808.937376
.Lambda : 0.00573444125865 Mu : 0.00510116252285 & Score: -4808.857322
.Lambda : 0.00578406262221 Mu : 0.00504792720829 & Score: -4809.132590
.Lambda : 0.00582956452260 Mu : 0.00499834959145 & Score: -4809.682477
.Lambda : 0.00578148795773 Mu : 0.00505021326937 & Score: -4809.171320
.Lambda : 0.00573341139286 Mu : 0.00510207694728 & Score: -4808.876614
.Lambda : 0.00568584976088 Mu : 0.00515348341298 & Score: -4808.781350
.Lambda : 0.00568687962668 Mu : 0.00515256898855 & Score: -4808.757990
.Lambda : 0.00566361374359 Mu : 0.00517781500918 & Score: -4808.782079
.Lambda : 0.00563828812891 Mu : 0.00520488987867 & Score: -4808.910044
.Lambda : 0.00566232641134 Mu : 0.00517895803972 & Score: -4808.814885
.Lambda : 0.00571040297621 Mu : 0.00512709436181 & Score: -4808.791144
.Lambda : 0.00566232641134 Mu : 0.00517895803972 & Score: -4808.814885
.Lambda : 0.00567434555256 Mu : 0.00516599212024 & Score: -4808.783899
.Lambda : 0.00569838383500 Mu : 0.00514006028128 & Score: -4808.770303
.Lambda : 0.00569941370079 Mu : 0.00513914585685 & Score: -4808.748483
.Lambda : 0.00570619567075 Mu : 0.00513197707879 & Score: -4808.741382
.Lambda : 0.00569469146243 Mu : 0.00514448578606 & Score: -4808.715589
.Lambda : 0.00569284527614 Mu : 0.00514669853844 & Score: -4808.689496
.Lambda : 0.00571216132021 Mu : 0.00512610662869 & Score: -4808.687679
.Lambda : 0.00572480216698 Mu : 0.00511287544876 & Score: -4808.670193
.Lambda : 0.00571145177237 Mu : 0.00512759690842 & Score: -4808.600492
.Lambda : 0.00571407982319 Mu : 0.00512540682323 & Score: -4808.529903
.Lambda : 0.00574603671402 Mu : 0.00509158373355 & Score: -4808.565166
.Lambda : 0.00573531437023 Mu : 0.00510411510801 & Score: -4808.398905
.Lambda : 0.00574057047186 Mu : 0.00509973493763 & Score: -4808.268321
.Lambda : 0.00570861358102 Mu : 0.00513355802731 & Score: -4808.251845
.Lambda : 0.00568990201452 Mu : 0.00515454517419 & Score: -4808.144576
.Lambda : 0.00571639266319 Mu : 0.00512887328859 & Score: -4807.831916
.Lambda : 0.00571754908319 Mu : 0.00513060652127 & Score: -4807.483059
.Lambda : 0.00566688062585 Mu : 0.00518541675784 & Score: -4807.484949
.Lambda : 0.00569452769452 Mu : 0.00516147810492 & Score: -4806.750509
.Lambda : 0.00569684053452 Mu : 0.00516494457028 & Score: -4806.054654
.Lambda : 0.00574750899187 Mu : 0.00511013433372 & Score: -4806.177683
.Lambda : 0.00572680044320 Mu : 0.00514447238273 & Score: -4804.696848
.Lambda : 0.00573142612321 Mu : 0.00515140531346 & Score: -inf
.Lambda : 0.00567613198586 Mu : 0.00519928261930 & Score: -4804.704119
.Lambda : 0.00570609189454 Mu : 0.00517881043175 & Score: -inf
.Lambda : 0.00570377905453 Mu : 0.00517534396638 & Score: -inf
.Lambda : 0.00570146621453 Mu : 0.00517187750102 & Score: -4804.664732
.Lambda : 0.00571182048886 Mu : 0.00515470847651 & Score: -4805.365185
.Lambda : 0.00571644616887 Mu : 0.00516164140724 & Score: -4803.976273
.Lambda : 0.00571875900887 Mu : 0.00516510787261 & Score: -inf
.Lambda : 0.00569111194020 Mu : 0.00518904652552 & Score: -inf
.Lambda : 0.00570003406595 Mu : 0.00517790298982 & Score: -inf
.Lambda : 0.00570895619170 Mu : 0.00516675945413 & Score: -4804.318546
.Lambda : 0.00572162330603 Mu : 0.00515305689499 & Score: -4804.334685
.Lambda : 0.00570377905453 Mu : 0.00517534396638 & Score: -inf
.Lambda : 0.00570824011741 Mu : 0.00516977219853 & Score: -4804.058230
.Lambda : 0.00571573009458 Mu : 0.00516465415164 & Score: -inf
.Lambda : 0.00571403661886 Mu : 0.00516518047727 & Score: -inf
.Lambda : 0.00571234314314 Mu : 0.00516570680289 & Score: -4804.016275
.Lambda : 0.00571270118028 Mu : 0.00516420043068 & Score: -4804.147102
.Lambda : 0.00571608813172 Mu : 0.00516314777944 & Score: -inf
.Lambda : 0.00571524139386 Mu : 0.00516341094225 & Score: -4803.920760
.Lambda : 0.00571934441959 Mu : 0.00515934554661 & Score: -4803.882289
.Lambda : 0.00572284505782 Mu : 0.00515616491847 & Score: -4803.818390
.Lambda : 0.00572164028282 Mu : 0.00515793445348 & Score: -inf
.Lambda : 0.00572034175433 Mu : 0.00515886119192 & Score: -4803.814507
.Lambda : 0.00572794541829 Mu : 0.00515161516813 & Score: -4803.716302
.Lambda : 0.00573429743050 Mu : 0.00514571728107 & Score: -4803.620211
.Lambda : 0.00573179412701 Mu : 0.00514841355453 & Score: -inf
.Lambda : 0.00572955685971 Mu : 0.00515035139551 & Score: -inf
.Lambda : 0.00572731959241 Mu : 0.00515228923650 & Score: -4803.715298
.Lambda : 0.00572857124416 Mu : 0.00515094109977 & Score: -4803.717391
.Lambda : 0.00573304577875 Mu : 0.00514706541780 & Score: -inf
.Lambda : 0.00573192714510 Mu : 0.00514803433829 & Score: -4803.641524
.Lambda : 0.00573890498319 Mu : 0.00514146238287 & Score: -4803.548172
.Lambda : 0.00574469767857 Mu : 0.00513604895606 & Score: -4803.466991
.Lambda : 0.00574706796397 Mu : 0.00513373189884 & Score: -4803.446396
.Lambda : 0.00575463837340 Mu : 0.00512658067911 & Score: -4803.356073
.Lambda : 0.00576503862148 Mu : 0.00511691235409 & Score: -4803.222538
.Lambda : 0.00578040921697 Mu : 0.00510250989060 & Score: -4803.052031
.Lambda : 0.00579034991180 Mu : 0.00509304161366 & Score: -4802.975728
.Lambda : 0.00581317602841 Mu : 0.00507153794246 & Score: -4802.787593
.Lambda : 0.00583894687198 Mu : 0.00504746715395 & Score: -4802.591149
.Lambda : 0.00588110112126 Mu : 0.00500791039137 & Score: -4802.443785
.Lambda : 0.00591386793270 Mu : 0.00497693844323 & Score: -4802.387773
.Lambda : 0.00598059729057 Mu : 0.00491415271954 & Score: -4802.558809
.Lambda : 0.00598179302556 Mu : 0.00491331089214 & Score: -4802.530638
.Lambda : 0.00581317602841 Mu : 0.00507153794246 & Score: -4802.787593
.Lambda : 0.00585533027769 Mu : 0.00503198117988 & Score: -4802.536351
.Lambda : 0.00589748452698 Mu : 0.00499242441730 & Score: -4802.412410
.Lambda : 0.00594783047913 Mu : 0.00494512466768 & Score: -4802.398502
.Lambda : 0.00596421388485 Mu : 0.00492963869361 & Score: -4802.464965
.Lambda : 0.00594753154538 Mu : 0.00494533512453 & Score: -4802.406544
.Lambda : 0.00591416686645 Mu : 0.00497672798638 & Score: -4802.378816
.Lambda : 0.00589748452698 Mu : 0.00499242441730 & Score: -4802.412410
.Lambda : 0.00588020432002 Mu : 0.00500854176192 & Score: -4802.472002
.Lambda : 0.00589711085980 Mu : 0.00499268748836 & Score: -4802.424079
.Lambda : 0.00591401739957 Mu : 0.00497683321480 & Score: -4802.383293
.Lambda : 0.00593099867279 Mu : 0.00496092632703 & Score: -4802.372366
.Lambda : 0.00593114813966 Mu : 0.00496082109860 & Score: -4802.368145
.Lambda : 0.00593971350971 Mu : 0.00495281504051 & Score: -4802.373113
.Lambda : 0.00594797994600 Mu : 0.00494501943926 & Score: -4802.394479
.Lambda : 0.00593952667611 Mu : 0.00495294657604 & Score: -4802.378207
.Lambda : 0.00592262013634 Mu : 0.00496880084960 & Score: -4802.368687
.Lambda : 0.00592276960321 Mu : 0.00496869562117 & Score: -4802.364347
.Lambda : 0.00591865506842 Mu : 0.00497258026824 & Score: -4802.364444
.Lambda : 0.00593129760654 Mu : 0.00496071587018 & Score: -4802.363927
.Lambda : 0.00593563634164 Mu : 0.00495667338047 & Score: -4802.363920
.Lambda : 0.00592725780518 Mu : 0.00496454790304 & Score: -4802.356733
.Lambda : 0.00592531263795 Mu : 0.00496641130526 & Score: -4802.351528
.Lambda : 0.00593817937637 Mu : 0.00495438906456 & Score: -4802.354245
.Lambda : 0.00592785567268 Mu : 0.00496412698934 & Score: -4802.339829
.Lambda : 0.00592396533820 Mu : 0.00496785379377 & Score: -4802.329743
.Lambda : 0.00591109859978 Mu : 0.00497987603447 & Score: -4802.350619
.Lambda : 0.00590975130003 Mu : 0.00498131852299 & Score: -4802.330963
.Lambda : 0.00592261803846 Mu : 0.00496929628229 & Score: -4802.308333
.Lambda : 0.00592837775780 Mu : 0.00496400640620 & Score: -4802.294772
.Lambda : 0.00594259179597 Mu : 0.00495054167698 & Score: -4802.325757
.Lambda : 0.00594700421556 Mu : 0.00494669428941 & Score: -4802.298396
.Lambda : 0.00593279017739 Mu : 0.00496015901863 & Score: -4802.261239
.Lambda : 0.00592788936811 Mu : 0.00496496768945 & Score: -4802.232754
.Lambda : 0.00590926291034 Mu : 0.00498227980624 & Score: -4802.270578
.Lambda : 0.00590877452065 Mu : 0.00498324108949 & Score: -4802.210299
.Lambda : 0.00589897290208 Mu : 0.00499285843114 & Score: -4802.186294
.Lambda : 0.00591759935984 Mu : 0.00497554631435 & Score: -4802.125133
.Lambda : 0.00592176758459 Mu : 0.00497217956840 & Score: -4802.054072
.Lambda : 0.00589285111857 Mu : 0.00500007031009 & Score: -4802.025151
.Lambda : 0.00587533199380 Mu : 0.00501762162041 & Score: -inf
.Lambda : 0.00591564580108 Mu : 0.00497939144735 & Score: -4801.883250
.Lambda : 0.00592398225058 Mu : 0.00497265795545 & Score: -4801.740445
.Lambda : 0.00589506578456 Mu : 0.00500054869714 & Score: -inf
.Lambda : 0.00590174123457 Mu : 0.00499345641496 & Score: -inf
.Lambda : 0.00590841668458 Mu : 0.00498636413277 & Score: -4801.872424
.Lambda : 0.00592287491759 Mu : 0.00497241876193 & Score: -4801.897222
.Lambda : 0.00590952401757 Mu : 0.00498660332630 & Score: -inf
.Lambda : 0.00591286174258 Mu : 0.00498305718521 & Score: -4801.758980
.Lambda : 0.00592842730858 Mu : 0.00496935100789 & Score: -inf
.Lambda : 0.00592342465258 Mu : 0.00497360428911 & Score: -4801.689186
.Lambda : 0.00593454516059 Mu : 0.00496320505936 & Score: -4801.685923
.Lambda : 0.00594538686960 Mu : 0.00495327899643 & Score: -4801.669762
.Lambda : 0.00594482927160 Mu : 0.00495422533009 & Score: -4801.616411
.Lambda : 0.00595525278210 Mu : 0.00494500901741 & Score: -4801.569999
.Lambda : 0.00597721499912 Mu : 0.00492468372473 & Score: -4801.622524
.Lambda : 0.00598708091163 Mu : 0.00491641374570 & Score: -4801.552578
.Lambda : 0.00600792793264 Mu : 0.00489798112034 & Score: -4801.564201
.Lambda : 0.00596511869461 Mu : 0.00493673903838 & Score: -4801.480161
.Lambda : 0.00595907054235 Mu : 0.00494276669520 & Score: -inf
.Lambda : 0.00599694682413 Mu : 0.00490814376668 & Score: -4801.492680
.Lambda : 0.00597498460711 Mu : 0.00492846905935 & Score: -inf
.Lambda : 0.00597800868324 Mu : 0.00492545523094 & Score: -4801.437536
.Lambda : 0.00594618055372 Mu : 0.00495405050264 & Score: -inf
.Lambda : 0.00595887212132 Mu : 0.00494257381865 & Score: -inf
.Lambda : 0.00597156368892 Mu : 0.00493109713466 & Score: -4801.457179
.Lambda : 0.00598747775369 Mu : 0.00491679949881 & Score: -4801.460113
.Lambda : 0.00596209461848 Mu : 0.00493975286679 & Score: -inf
.Lambda : 0.00596844040228 Mu : 0.00493401452479 & Score: -inf
.Lambda : 0.00597478618608 Mu : 0.00492827618280 & Score: -4801.446870
.Lambda : 0.00598274321846 Mu : 0.00492112736487 & Score: -4801.447723
.Lambda : 0.00597005165086 Mu : 0.00493260404886 & Score: -inf
.Lambda : 0.00597322454276 Mu : 0.00492973487787 & Score: -inf
.Lambda : 0.00597639743466 Mu : 0.00492686570687 & Score: -4801.442365
.Lambda : 0.00598037595085 Mu : 0.00492329129791 & Score: -4801.442647
.Lambda : 0.00597403016705 Mu : 0.00492902963990 & Score: -inf
.Lambda : 0.00597561661300 Mu : 0.00492759505440 & Score: -4801.438780
.Lambda : 0.00597722786158 Mu : 0.00492618457847 & Score: -4801.434122
.Lambda : 0.00597764307504 Mu : 0.00492584401427 & Score: -inf
.Lambda : 0.00597961993182 Mu : 0.00492404475501 & Score: -4801.433129
.Lambda : 0.00598162159123 Mu : 0.00492226960531 & Score: -4801.430786
.Lambda : 0.00598084076957 Mu : 0.00492299895285 & Score: -4801.427217
.Lambda : 0.00598225681273 Mu : 0.00492177081380 & Score: -4801.421888
.Lambda : 0.00598665054238 Mu : 0.00491785584064 & Score: -4801.420132
.Lambda : 0.00599136188278 Mu : 0.00491369147172 & Score: -4801.416962
.Lambda : 0.00599199710429 Mu : 0.00491319268021 & Score: -4801.408731
.Lambda : 0.00599718486081 Mu : 0.00490865421766 & Score: -4801.402182
.Lambda : 0.00600628993086 Mu : 0.00490057487558 & Score: -4801.415870
.Lambda : 0.00601211290889 Mu : 0.00489553762152 & Score: -4801.415445
.Lambda : 0.00600300783884 Mu : 0.00490361696359 & Score: -inf
.Lambda : 0.00600382836185 Mu : 0.00490285644159 & Score: -4801.398516
.Lambda : 0.00598890031377 Mu : 0.00491597303773 & Score: -inf
.Lambda : 0.00599470346255 Mu : 0.00491086418368 & Score: -inf
.Lambda : 0.00600050661133 Mu : 0.00490575532962 & Score: -4801.399437
.Lambda : 0.00600797063537 Mu : 0.00489919703155 & Score: -4801.405548
.Lambda : 0.00599636433781 Mu : 0.00490941473966 & Score: -inf
.Lambda : 0.00599926591220 Mu : 0.00490686031263 & Score: -4801.397452
.Lambda : 0.00600258766272 Mu : 0.00490396142460 & Score: -4801.395843
.Lambda : 0.00600362818841 Mu : 0.00490306447209 & Score: -inf
.Lambda : 0.00599802521307 Mu : 0.00490796529564 & Score: -inf
.Lambda : 0.00599947600026 Mu : 0.00490668808213 & Score: -inf
.Lambda : 0.00600092678746 Mu : 0.00490541086862 & Score: -4801.396420
.Lambda : 0.00600320801228 Mu : 0.00490340893310 & Score: -4801.397147
.Lambda : 0.00600030643789 Mu : 0.00490596336012 & Score: -inf
.Lambda : 0.00600103183149 Mu : 0.00490532475337 & Score: -4801.395670
.Lambda : 0.00600269270675 Mu : 0.00490387530935 & Score: -inf
.Lambda : 0.00600225122693 Mu : 0.00490425919917 & Score: -4801.395398
.Lambda : 0.00600069539570 Mu : 0.00490562252793 & Score: -inf
.Lambda : 0.00600116846245 Mu : 0.00490520725210 & Score: -inf
.Lambda : 0.00600164152921 Mu : 0.00490479197627 & Score: -4801.395503
.Lambda : 0.00600241944482 Mu : 0.00490411031188 & Score: -4801.395618
.Lambda : 0.00600147331131 Mu : 0.00490494086355 & Score: -inf
.Lambda : 0.00600170984469 Mu : 0.00490473322563 & Score: -4801.395369
.Lambda : 0.00600231954241 Mu : 0.00490420044853 & Score: -inf
.Lambda : 0.00600215003911 Mu : 0.00490434833047 & Score: -4801.395322
.Lambda : 0.00600160865687 Mu : 0.00490482235693 & Score: -inf
.Lambda : 0.00600176929939 Mu : 0.00490468156749 & Score: -inf
.Lambda : 0.00600192994190 Mu : 0.00490454077805 & Score: -4801.395341
.Lambda : 0.00600220063302 Mu : 0.00490430376482 & Score: -4801.395360
.Lambda : 0.00600187934799 Mu : 0.00490458534370 & Score: -inf
.Lambda : 0.00600195966925 Mu : 0.00490451494898 & Score: -inf
.Lambda : 0.00600203999050 Mu : 0.00490444455426 & Score: -4801.395330
.Lambda : 0.00600217533606 Mu : 0.00490432604764 & Score: -4801.395341
.Lambda : 0.00600201469355 Mu : 0.00490446683708 & Score: -4801.395312
.Lambda : 0.00600193437229 Mu : 0.00490453723180 & Score: -inf
.Lambda : 0.00600212474215 Mu : 0.00490437061329 & Score: -4801.395303
.Lambda : 0.00600216711798 Mu : 0.00490433364281 & Score: -inf
.Lambda : 0.00600198939659 Mu : 0.00490448911991 & Score: -inf
.Lambda : 0.00600202955722 Mu : 0.00490445392255 & Score: -inf
.Lambda : 0.00600206971785 Mu : 0.00490441872519 & Score: -4801.395307
.Lambda : 0.00600213739063 Mu : 0.00490435947188 & Score: -4801.395312
.Lambda : 0.00600205706937 Mu : 0.00490442986660 & Score: -inf
.Lambda : 0.00600207714969 Mu : 0.00490441226792 & Score: -inf
.Lambda : 0.00600209723000 Mu : 0.00490439466924 & Score: -4801.395305
.Lambda : 0.00600213106639 Mu : 0.00490436504258 & Score: -4801.395308
.Lambda : 0.00600209090576 Mu : 0.00490440023994 & Score: -4801.395300
.Lambda : 0.00600207082545 Mu : 0.00490441783862 & Score: -inf
.Lambda : 0.00600211841792 Mu : 0.00490437618400 & Score: -4801.395298
.Lambda : 0.00600212901187 Mu : 0.00490436694138 & Score: -inf
.Lambda : 0.00600208458153 Mu : 0.00490440581065 & Score: -inf
.Lambda : 0.00600209462168 Mu : 0.00490439701131 & Score: -inf
.Lambda : 0.00600210466184 Mu : 0.00490438821197 & Score: -4801.395299
.Lambda : 0.00600212158003 Mu : 0.00490437339864 & Score: -4801.395300
.Lambda : 0.00600210149972 Mu : 0.00490439099732 & Score: -inf
.Lambda : 0.00600210651980 Mu : 0.00490438659765 & Score: -inf
.Lambda : 0.00600211153988 Mu : 0.00490438219798 & Score: -4801.395299
.Lambda : 0.00600211999897 Mu : 0.00490437479132 & Score: -4801.395299
.Lambda : 0.00600210995882 Mu : 0.00490438359066 & Score: -inf
.Lambda : 0.00600211246886 Mu : 0.00490438139083 & Score: -4801.395298
.
Lambda Search Result: 162
Lambda : 0.00600211246886 Mu : 0.00490438139083 & Score: 4801.395298
DONE: Lamda,Mu Search or setting, for command:
lambdamu -s
