The Number of families : 1000 ==> 444
-----------------------------------------------------------
Family information: sim
Log: ./sim.log
Tree: (((musDom:52,gloMor:52):52,((droWil:56,(droPse:48,((droYak:14,droMel:14):17,droAna:31):17):8):8,(droVir:32,droMoj:32):32):39):184,((culQui:79,aedAeg:79):79,(anoDar:70,(anoSte:35,anoGam:35):35):88):129)
The number of families is 444
Root Family size : 1 ~ 30
Family size : 0 ~ 71
P-value: 0.010000
Num of Threads: 4
Num of Random: 1000
Empirical Prior Estimation Result: 29
Poisson lambda: 1.209079 & Score: 8225.750490
Lambda : 0.00399790729811 & Score: -8950.433395
.Lambda : 0.00419780266302 & Score: -8963.389222
.Lambda : 0.00379801193321 & Score: -8941.518470
.Lambda : 0.00359811656830 & Score: -8937.548126
.Lambda : 0.00319832583849 & Score: -8947.909772
.Lambda : 0.00399790729811 & Score: -8950.433395
.Lambda : 0.00379801193321 & Score: -8941.518470
.Lambda : 0.00339822120339 & Score: -8939.175305
.Lambda : 0.00379801193321 & Score: -8941.518470
.Lambda : 0.00369806425075 & Score: -8938.868347
.Lambda : 0.00349816888585 & Score: -8937.572134
.Lambda : 0.00369806425075 & Score: -8938.868347
.Lambda : 0.00364809040953 & Score: -8938.043979
.Lambda : 0.00354814272707 & Score: -8937.394951
.Lambda : 0.00349816888585 & Score: -8937.572134
.Lambda : 0.00352315580646 & Score: -8937.439706
.Lambda : 0.00357312964769 & Score: -8937.426737
.Lambda : 0.00352315580646 & Score: -8937.439706
.Lambda : 0.00353564926677 & Score: -8937.407435
.Lambda : 0.00356063618738 & Score: -8937.399430
.Lambda : 0.00353564926677 & Score: -8937.407435
.Lambda : 0.00354189599692 & Score: -8937.399192
.Lambda : 0.00355438945723 & Score: -8937.394421
.Lambda : 0.00356063618738 & Score: -8937.399430
.Lambda : 0.00356063618738 & Score: -8937.399430
.Lambda : 0.00355751282230 & Score: -8937.396455
.Lambda : 0.00355126609215 & Score: -8937.394000
.Lambda : 0.00354814272707 & Score: -8937.394951
.Lambda : 0.00354970440961 & Score: -8937.394344
.Lambda : 0.00355282777469 & Score: -8937.394027
.Lambda : 0.00354970440961 & Score: -8937.394344
.Lambda : 0.00355048525088 & Score: -8937.394120
.Lambda : 0.00355204693342 & Score: -8937.393984
.Lambda : 0.00355282777469 & Score: -8937.394027
.Lambda : 0.00355243735405 & Score: -8937.393993
.Lambda : 0.00355165651278 & Score: -8937.393979
.Lambda : 0.00355126609215 & Score: -8937.394000
.Lambda : 0.00355126609215 & Score: -8937.394000
.Lambda : 0.00355146130247 & Score: -8937.393986
.Lambda : 0.00355185172310 & Score: -8937.393979
.
Lambda Search Result: 20
Lambda : 0.00355185172310 & Score: 8937.393979
DONE: Lamda Search or setting, for command:
lambda -s
Empirical Prior Estimation Result: 32
Poisson lambda: 1.209080 & Score: 8225.750490
Lambda : 0.00134302063025 Mu : 0.00149556923071 & Score: -9731.674110
.Lambda : 0.00141017166176 Mu : 0.00149556923071 & Score: -9691.699040
.Lambda : 0.00141017166176 Mu : 0.00157034769224 & Score: -9652.619705
.Lambda : 0.00147732269328 Mu : 0.00157034769224 & Score: -9616.260403
.Lambda : 0.00154447372479 Mu : 0.00160773692301 & Score: -9564.738404
.Lambda : 0.00154447372479 Mu : 0.00168251538454 & Score: -9530.887743
.Lambda : 0.00161162475630 Mu : 0.00177598846146 & Score: -9462.173900
.Lambda : 0.00174592681933 Mu : 0.00181337769223 & Score: -9395.181487
.Lambda : 0.00191380439811 Mu : 0.00193489269222 & Score: -9299.394948
.Lambda : 0.00198095542962 Mu : 0.00210314423068 & Score: -9232.555241
.Lambda : 0.00219919628204 Mu : 0.00235084788451 & Score: -9128.027322
.Lambda : 0.00250137592384 Mu : 0.00250975211528 & Score: -9055.499751
.Lambda : 0.00294625150761 Mu : 0.00287663394218 & Score: -8978.123130
.Lambda : 0.00323164339154 Mu : 0.00329258913447 & Score: -8941.944731
.Lambda : 0.00389056288826 Mu : 0.00397143735560 & Score: -8942.662512
.Lambda : 0.00397869861712 Mu : 0.00381837519214 & Score: -8954.779839
.Lambda : 0.00426409050105 Mu : 0.00423433038443 & Score: -8969.197169
.Lambda : 0.00294625150761 Mu : 0.00287663394218 & Score: -8978.123130
.Lambda : 0.00327571125597 Mu : 0.00321605805275 & Score: -8947.527775
.Lambda : 0.00252865603040 Mu : 0.00269027199508 & Score: -9026.436409
.Lambda : 0.00289116667708 Mu : 0.00297229779434 & Score: -8970.452522
.Lambda : 0.00325367732376 Mu : 0.00325432359361 & Score: -8944.672770
.Lambda : 0.00360517100433 Mu : 0.00355548216331 & Score: -8939.744814
.Lambda : 0.00358313707212 Mu : 0.00359374770417 & Score: -8937.006917
.Lambda : 0.00374786694630 Mu : 0.00376345975945 & Score: -8939.445335
.Lambda : 0.00395666468490 Mu : 0.00385664073301 & Score: -8951.509984
.Lambda : 0.00377540936156 Mu : 0.00371562783337 & Score: -8943.093400
.Lambda : 0.00359415403822 Mu : 0.00357461493374 & Score: -8938.370151
.Lambda : 0.00340739023183 Mu : 0.00344316841932 & Score: -8937.109579
.Lambda : 0.00339637326572 Mu : 0.00346230118976 & Score: -8935.843356
.Lambda : 0.00329748287947 Mu : 0.00340614431776 & Score: -8936.335880
.Lambda : 0.00357212010601 Mu : 0.00361288047460 & Score: -8935.665158
.Lambda : 0.00365448504310 Mu : 0.00369773650225 & Score: -8936.381774
.Lambda : 0.00338535629961 Mu : 0.00348143396019 & Score: -8934.563021
.Lambda : 0.00328646591336 Mu : 0.00342527708819 & Score: -8935.137386
.Lambda : 0.00356110313990 Mu : 0.00363201324504 & Score: -8934.320136
.Lambda : 0.00364346807699 Mu : 0.00371686927268 & Score: -8935.050751
.Lambda : 0.00337433933351 Mu : 0.00350056673062 & Score: -8933.303554
.Lambda : 0.00327544894726 Mu : 0.00344440985863 & Score: -8933.959472
.Lambda : 0.00355008617379 Mu : 0.00365114601547 & Score: -8932.979244
.Lambda : 0.00363245111088 Mu : 0.00373600204311 & Score: -8933.757548
.Lambda : 0.00336332236740 Mu : 0.00351969950105 & Score: -8932.070179
.Lambda : 0.00326443198115 Mu : 0.00346354262906 & Score: -8932.814657
.Lambda : 0.00353906920769 Mu : 0.00367027878590 & Score: -8931.685828
.Lambda : 0.00362143414478 Mu : 0.00375513481354 & Score: -8932.481694
.Lambda : 0.00335230540129 Mu : 0.00353883227148 & Score: -8930.850640
.Lambda : 0.00325341501504 Mu : 0.00348267539949 & Score: -8931.689796
.Lambda : 0.00352805224158 Mu : 0.00368941155633 & Score: -8930.450443
.Lambda : 0.00361041717867 Mu : 0.00377426758397 & Score: -8931.233392
.Lambda : 0.00334128843518 Mu : 0.00355796504191 & Score: -8929.680864
.Lambda : 0.00324239804893 Mu : 0.00350180816992 & Score: -8930.616583
.Lambda : 0.00351703527547 Mu : 0.00370854432676 & Score: -8929.255937
.Lambda : 0.00359940021256 Mu : 0.00379340035440 & Score: -8930.011620
.Lambda : 0.00333027146908 Mu : 0.00357709781235 & Score: -8928.600021
.Lambda : 0.00323138108283 Mu : 0.00352094094035 & Score: -8929.616855
.Lambda : 0.00350601830936 Mu : 0.00372767709720 & Score: -8928.100780
.Lambda : 0.00358838324645 Mu : 0.00381253312484 & Score: -8928.823203
.Lambda : 0.00331925450297 Mu : 0.00359623058278 & Score: -8927.594231
.Lambda : 0.00322036411672 Mu : 0.00354007371079 & Score: -8928.688601
.Lambda : 0.00349500134326 Mu : 0.00374680986763 & Score: -8926.993054
.Lambda : 0.00357736628035 Mu : 0.00383166589527 & Score: -8927.658398
.Lambda : 0.00330823753686 Mu : 0.00361536335321 & Score: -8926.623832
.Lambda : 0.00320934715061 Mu : 0.00355920648122 & Score: -8927.818499
.Lambda : 0.00348398437715 Mu : 0.00376594263806 & Score: -8925.923979
.Lambda : 0.00356634931424 Mu : 0.00385079866570 & Score: -8926.547545
.Lambda : 0.00329722057075 Mu : 0.00363449612364 & Score: -8925.708443
.Lambda : 0.00319833018450 Mu : 0.00357833925165 & Score: -8927.000063
.Lambda : 0.00347296741104 Mu : 0.00378507540849 & Score: -8924.893796
.Lambda : 0.00355533234813 Mu : 0.00386993143613 & Score: -8925.527008
.Lambda : 0.00328620360465 Mu : 0.00365362889407 & Score: -8924.847202
.Lambda : 0.00318731321840 Mu : 0.00359747202208 & Score: -8926.239276
.Lambda : 0.00346195044493 Mu : 0.00380420817892 & Score: -8923.902197
.Lambda : 0.00354431538202 Mu : 0.00388906420656 & Score: -8924.572878
.Lambda : 0.00327518663854 Mu : 0.00367276166451 & Score: -8924.015791
.Lambda : 0.00345093347883 Mu : 0.00382334094936 & Score: -8922.993882
.Lambda : 0.00353329841592 Mu : 0.00390819697700 & Score: -8923.656285
.Lambda : 0.00363769728522 Mu : 0.00395478746377 & Score: -8927.139715
.Lambda : 0.00354706962355 Mu : 0.00388428101396 & Score: -8924.807779
.Lambda : 0.00345644196188 Mu : 0.00381377456414 & Score: -8923.436430
.Lambda : 0.00336306005868 Mu : 0.00374805130693 & Score: -8922.954051
.Lambda : 0.00335755157563 Mu : 0.00375761769215 & Score: -8922.531645
.Lambda : 0.00330810638250 Mu : 0.00372953925615 & Score: -8922.543374
.Lambda : 0.00326967815548 Mu : 0.00368232804972 & Score: -8923.616808
.Lambda : 0.00331499198632 Mu : 0.00371758127463 & Score: -8923.036102
.Lambda : 0.00336030581716 Mu : 0.00375283449954 & Score: -8922.740722
.Lambda : 0.00340424252723 Mu : 0.00379047932075 & Score: -8922.616721
.Lambda : 0.00340148828570 Mu : 0.00379526251336 & Score: -8922.407497
.Lambda : 0.00342207951997 Mu : 0.00381647652027 & Score: -8922.351175
.Lambda : 0.00337538856837 Mu : 0.00378361489166 & Score: -8922.130507
.Lambda : 0.00336096158895 Mu : 0.00378018267712 & Score: -8921.924432
.Lambda : 0.00342548953329 Mu : 0.00383904150524 & Score: -8921.856799
.Lambda : 0.00345945851212 Mu : 0.00387975341179 & Score: -8921.809260
.Lambda : 0.00339834058110 Mu : 0.00384345956865 & Score: -8921.068343
.Lambda : 0.00338647111166 Mu : 0.00385695109283 & Score: -8920.455277
.Lambda : 0.00348496803484 Mu : 0.00395652182750 & Score: -8920.903372
.Lambda : 0.00341198063437 Mu : 0.00393371950855 & Score: -8919.382496
.Lambda : 0.00338824169550 Mu : 0.00396070255692 & Score: -8918.465348
.Lambda : 0.00328974477232 Mu : 0.00386113182225 & Score: -8918.910767
.Lambda : 0.00329151535616 Mu : 0.00396488328634 & Score: -8917.200450
.Lambda : 0.00324403747841 Mu : 0.00401884938309 & Score: -8916.480353
.Lambda : 0.00334253440159 Mu : 0.00411842011776 & Score: -8916.125939
.Lambda : 0.00336892921622 Mu : 0.00424706426552 & Score: -8916.016264
.Lambda : 0.00322472499914 Mu : 0.00430521109169 & Score: -8916.929482
.Lambda : 0.00338824169550 Mu : 0.00396070255692 & Score: -8918.465348
.Lambda : 0.00334736252141 Mu : 0.00404682969061 & Score: -8916.767391
.Lambda : 0.00326560417323 Mu : 0.00421908395800 & Score: -8915.793455
.Lambda : 0.00322472499914 Mu : 0.00430521109169 & Score: -8916.929482
.Lambda : 0.00339049591103 Mu : 0.00444729884042 & Score: -8917.807301
.Lambda : 0.00335388130288 Mu : 0.00434018647609 & Score: -8916.445184
.Lambda : 0.00328065208657 Mu : 0.00412596174742 & Score: -8915.817423
.Lambda : 0.00317732704357 Mu : 0.00409798143990 & Score: -8916.576064
.Lambda : 0.00322522758674 Mu : 0.00413525214631 & Score: -8916.004182
.Lambda : 0.00332102867306 Mu : 0.00420979355911 & Score: -8915.724068
.Lambda : 0.00336892921622 Mu : 0.00424706426552 & Score: -8916.016264
.Lambda : 0.00330598075972 Mu : 0.00430291576969 & Score: -8916.136854
.Lambda : 0.00329964859143 Mu : 0.00425867726412 & Score: -8915.833016
.Lambda : 0.00329331642314 Mu : 0.00421443875856 & Score: -8915.702295
.Lambda : 0.00330084037981 Mu : 0.00416787765327 & Score: -8915.719000
.Lambda : 0.00327312812990 Mu : 0.00417252285271 & Score: -8915.727036
.Lambda : 0.00328510326569 Mu : 0.00418184052931 & Score: -8915.697664
.Lambda : 0.00327757930902 Mu : 0.00422840163460 & Score: -8915.769836
.Lambda : 0.00328339457672 Mu : 0.00421327063927 & Score: -8915.713376
.Lambda : 0.00329502511211 Mu : 0.00418300864860 & Score: -8915.692829
.Lambda : 0.00330084037981 Mu : 0.00416787765327 & Score: -8915.719000
.Lambda : 0.00328681195466 Mu : 0.00415041041936 & Score: -8915.745846
.Lambda : 0.00328843807178 Mu : 0.00416641750416 & Score: -8915.710532
.Lambda : 0.00329006418890 Mu : 0.00418242458896 & Score: -8915.693416
.Lambda : 0.00329417076763 Mu : 0.00419872370358 & Score: -8915.689056
.Lambda : 0.00329913169084 Mu : 0.00419930776322 & Score: -8915.687897
.Lambda : 0.00330366544181 Mu : 0.00420774935036 & Score: -8915.695406
.Lambda : 0.00329827734636 Mu : 0.00421502281820 & Score: -8915.702239
.Lambda : 0.00329746428780 Mu : 0.00420701927580 & Score: -8915.693897
.Lambda : 0.00329665122924 Mu : 0.00419901573340 & Score: -8915.688205
.Lambda : 0.00329707840148 Mu : 0.00419115820591 & Score: -8915.686911
.Lambda : 0.00329955886309 Mu : 0.00419145023573 & Score: -8915.687752
.Lambda : 0.00329750557372 Mu : 0.00418330067842 & Score: -8915.693906
.Lambda : 0.00329791210300 Mu : 0.00418730244962 & Score: -8915.689639
.Lambda : 0.00329831863228 Mu : 0.00419130422082 & Score: -8915.687218
.Lambda : 0.00329810504616 Mu : 0.00419523298457 & Score: -8915.686543
.Lambda : 0.00329686481536 Mu : 0.00419508696966 & Score: -8915.686523
.Lambda : 0.00329613790689 Mu : 0.00419697834407 & Score: -8915.687253
.Lambda : 0.00329789146004 Mu : 0.00419916174831 & Score: -8915.687937
.Lambda : 0.00329768819540 Mu : 0.00419716086271 & Score: -8915.686991
.Lambda : 0.00329748493076 Mu : 0.00419515997711 & Score: -8915.686504
.Lambda : 0.00329697160842 Mu : 0.00419312258778 & Score: -8915.686458
.Lambda : 0.00329759172382 Mu : 0.00419319559524 & Score: -8915.686511
.Lambda : 0.00329686481536 Mu : 0.00419508696966 & Score: -8915.686523
.Lambda : 0.00329704654247 Mu : 0.00419461412605 & Score: -8915.686453
.Lambda : 0.00329653322013 Mu : 0.00419257673672 & Score: -8915.686507
.Lambda : 0.00329677114779 Mu : 0.00419322254682 & Score: -8915.686444
.Lambda : 0.00329684608184 Mu : 0.00419471408509 & Score: -8915.686474
.Lambda : 0.00329687746349 Mu : 0.00419431621076 & Score: -8915.686437
.Lambda : 0.00329660206880 Mu : 0.00419292463153 & Score: -8915.686467
.Lambda : 0.00329671318722 Mu : 0.00419334700516 & Score: -8915.686436
.Lambda : 0.00329681950292 Mu : 0.00419444066910 & Score: -8915.686449
.Lambda : 0.00329680741414 Mu : 0.00419413613853 & Score: -8915.686431
.Lambda : 0.00329664313787 Mu : 0.00419316693293 & Score: -8915.686447
.Lambda : 0.00329670171927 Mu : 0.00419345425239 & Score: -8915.686432
.Lambda : 0.00329679594619 Mu : 0.00419424338576 & Score: -8915.686437
.Lambda : 0.00329677525645 Mu : 0.00419401929061 & Score: -8915.686428
.Lambda : 0.00329688095131 Mu : 0.00419470117675 & Score: -8915.686470
.Lambda : 0.00329683614330 Mu : 0.00419438944566 & Score: -8915.686444
.Lambda : 0.00329679133529 Mu : 0.00419407771457 & Score: -8915.686429
.Lambda : 0.00329673848786 Mu : 0.00419373677150 & Score: -8915.686425
.Lambda : 0.00329672240902 Mu : 0.00419367834754 & Score: -8915.686426
.Lambda : 0.00329668564043 Mu : 0.00419339582843 & Score: -8915.686434
.Lambda : 0.00329670804443 Mu : 0.00419355169397 & Score: -8915.686428
.Lambda : 0.00329673044844 Mu : 0.00419370755952 & Score: -8915.686426
.Lambda : 0.00329675687215 Mu : 0.00419387803106 & Score: -8915.686425
.
Lambda Search Result: 77
Lambda : 0.00329673848786 Mu : 0.00419373677150 & Score: 8915.686425
DONE: Lamda,Mu Search or setting, for command:
lambdamu -s
