The Number of families : 1000 ==> 19
-----------------------------------------------------------
Family information: sim
Log: ./sim.log
Tree: (((musDom:52,gloMor:52):52,((droWil:56,(droPse:48,((droYak:14,droMel:14):17,droAna:31):17):8):8,(droVir:32,droMoj:32):32):39):184,((culQui:79,aedAeg:79):79,(anoDar:70,(anoSte:35,anoGam:35):35):88):129)
The number of families is 19
Root Family size : 1 ~ 206
Family size : 0 ~ 215
P-value: 0.010000
Num of Threads: 4
Num of Random: 1000
Empirical Prior Estimation Result: 15
Poisson lambda: 0.393700 & Score: inf
Lambda : 0.00494603659077 & Score: -2514.692317
.Lambda : 0.00519333842031 & Score: -2446.064488
.Lambda : 0.00544064024985 & Score: -inf
.Lambda : 0.00531698933508 & Score: -2413.666261
.Lambda : 0.00544064024985 & Score: -inf
.Lambda : 0.00537881479246 & Score: -2397.913353
.Lambda : 0.00544064024985 & Score: -inf
.Lambda : 0.00540972752115 & Score: -2390.138129
.Lambda : 0.00544064024985 & Score: -inf
.Lambda : 0.00542518388550 & Score: -2386.277298
.Lambda : 0.00544064024985 & Score: -inf
.Lambda : 0.00543291206767 & Score: -2384.353526
.Lambda : 0.00544064024985 & Score: -inf
.Lambda : 0.00543677615876 & Score: -inf
.Lambda : 0.00542904797659 & Score: -2385.314860
.Lambda : 0.00543677615876 & Score: -inf
.Lambda : 0.00543484411322 & Score: -inf
.Lambda : 0.00543098002213 & Score: -2384.834055
.Lambda : 0.00543484411322 & Score: -inf
.Lambda : 0.00543387809044 & Score: -2384.113364
.Lambda : 0.00543484411322 & Score: -inf
.Lambda : 0.00543436110183 & Score: -2383.993309
.Lambda : 0.00543484411322 & Score: -inf
.Lambda : 0.00543460260752 & Score: -2383.933289
.Lambda : 0.00543484411322 & Score: -inf
.Lambda : 0.00543472336037 & Score: -2383.903280
.Lambda : 0.00543484411322 & Score: -inf
.Lambda : 0.00543478373679 & Score: -inf
.Lambda : 0.00543466298395 & Score: -2383.918284
.Lambda : 0.00543478373679 & Score: -inf
.Lambda : 0.00543475354858 & Score: -2383.895778
.Lambda : 0.00543478373679 & Score: -inf
.Lambda : 0.00543476864269 & Score: -2383.892027
.Lambda : 0.00543478373679 & Score: -inf
.Lambda : 0.00543477618974 & Score: -2383.890151
.Lambda : 0.00543478373679 & Score: -inf
.Lambda : 0.00543477996327 & Score: -2383.889213
.Lambda : 0.00543478373679 & Score: -inf
.Lambda : 0.00543478185003 & Score: -2383.888744
.Lambda : 0.00543478373679 & Score: -inf
.Lambda : 0.00543478279341 & Score: -inf
.Lambda : 0.00543478090665 & Score: -2383.888979
.Lambda : 0.00543478279341 & Score: -inf
.Lambda : 0.00543478232172 & Score: -2383.888627
.Lambda : 0.00543478279341 & Score: -inf
.Lambda : 0.00543478255757 & Score: -2383.888569
.Lambda : 0.00543478279341 & Score: -inf
.Lambda : 0.00543478267549 & Score: -inf
.Lambda : 0.00543478243964 & Score: -2383.888598
.Lambda : 0.00543478267549 & Score: -inf
.Lambda : 0.00543478261653 & Score: -inf
.Lambda : 0.00543478249860 & Score: -2383.888583
.Lambda : 0.00543478261653 & Score: -inf
.Lambda : 0.00543478258705 & Score: -2383.888561
.Lambda : 0.00543478261653 & Score: -inf
.Lambda : 0.00543478260179 & Score: -2383.888558
.Lambda : 0.00543478261653 & Score: -inf
.Lambda : 0.00543478260916 & Score: -inf
.Lambda : 0.00543478259442 & Score: -2383.888559
.Lambda : 0.00543478260916 & Score: -inf
.Lambda : 0.00543478260547 & Score: -2383.888557
.
Lambda Search Result: 26
Lambda : 0.00543478260547 & Score: 2383.888557
DONE: Lamda Search or setting, for command:
lambda -s
Empirical Prior Estimation Result: 15
Poisson lambda: 0.558812 & Score: inf
Lambda : 0.00514781011684 Mu : 0.00294032611419 & Score: -2467.590675
.Lambda : 0.00540520062268 Mu : 0.00294032611419 & Score: -2398.280297
.Lambda : 0.00540520062268 Mu : 0.00308734241989 & Score: -2392.719468
.Lambda : 0.00566259112852 Mu : 0.00308734241989 & Score: -2328.019815
.Lambda : 0.00591998163436 Mu : 0.00316085057275 & Score: -2264.937993
.Lambda : 0.00591998163436 Mu : 0.00330786687846 & Score: -2260.355032
.Lambda : 0.00617737214020 Mu : 0.00349163726059 & Score: -2198.673430
.Lambda : 0.00669215315189 Mu : 0.00356514541345 & Score: -2093.523935
.Lambda : 0.00733562941649 Mu : 0.00380404691023 & Score: -1975.398625
.Lambda : 0.00759301992233 Mu : 0.00413483359807 & Score: -inf
.Lambda : 0.00717476035034 Mu : 0.00389133784174 & Score: -2000.471215
.Lambda : 0.00833301762663 Mu : 0.00420374749137 & Score: -inf
.Lambda : 0.00779410625502 Mu : 0.00402571993368 & Score: -inf
.Lambda : 0.00725519488341 Mu : 0.00384769237598 & Score: -1987.775341
.Lambda : 0.00675650077835 Mu : 0.00364784208541 & Score: -2079.571101
.Lambda : 0.00783432352156 Mu : 0.00400389720080 & Score: -inf
.Lambda : 0.00756486783576 Mu : 0.00391488342195 & Score: -inf
.Lambda : 0.00729541214995 Mu : 0.00382586964311 & Score: -1981.547589
.Lambda : 0.00704606509742 Mu : 0.00372594449782 & Score: -2025.754849
.Lambda : 0.00758497646902 Mu : 0.00390397205551 & Score: -inf
.Lambda : 0.00745024862612 Mu : 0.00385946516609 & Score: -inf
.Lambda : 0.00731552078322 Mu : 0.00381495827667 & Score: -1978.463320
.Lambda : 0.00719084725695 Mu : 0.00376499570402 & Score: -2000.157322
.Lambda : 0.00746030294276 Mu : 0.00385400948287 & Score: -inf
.Lambda : 0.00739293902131 Mu : 0.00383175603816 & Score: -1965.579541
.Lambda : 0.00741304765458 Mu : 0.00382084467172 & Score: -1962.568465
.Lambda : 0.00746181109025 Mu : 0.00382378786925 & Score: -inf
.Lambda : 0.00747035725939 Mu : 0.00384855379965 & Score: -inf
.Lambda : 0.00743667529867 Mu : 0.00383742707729 & Score: -inf
.Lambda : 0.00740299333794 Mu : 0.00382630035494 & Score: -1964.073567
.Lambda : 0.00737433853553 Mu : 0.00381244579097 & Score: -1968.957287
.Lambda : 0.00744170245698 Mu : 0.00383469923568 & Score: -inf
.Lambda : 0.00742486147662 Mu : 0.00382913587451 & Score: -1960.514442
.Lambda : 0.00743491579326 Mu : 0.00382368019129 & Score: -1959.014435
.Lambda : 0.00745087702091 Mu : 0.00382237010946 & Score: -inf
.Lambda : 0.00744672961530 Mu : 0.00383197139408 & Score: -inf
.Lambda : 0.00743830912512 Mu : 0.00382918971349 & Score: -inf
.Lambda : 0.00742988863494 Mu : 0.00382640803290 & Score: -1959.763846
.Lambda : 0.00742398172392 Mu : 0.00382226243150 & Score: -1960.789231
.Lambda : 0.00744082270428 Mu : 0.00382782579268 & Score: -inf
.Lambda : 0.00743661245919 Mu : 0.00382643495239 & Score: -1958.689872
.Lambda : 0.00744163961750 Mu : 0.00382370711078 & Score: -1957.941786
.Lambda : 0.00744751510879 Mu : 0.00382235664972 & Score: -inf
.Lambda : 0.00744333628344 Mu : 0.00382646187188 & Score: -inf
.Lambda : 0.00744123116089 Mu : 0.00382576645173 & Score: -1957.966554
.Lambda : 0.00744625831921 Mu : 0.00382303861012 & Score: -inf
.Lambda : 0.00744384685420 Mu : 0.00382388769569 & Score: -1957.586668
.Lambda : 0.00744425531082 Mu : 0.00382182835473 & Score: -1957.562037
.Lambda : 0.00744576738578 Mu : 0.00381985930624 & Score: -1957.360050
.Lambda : 0.00744797462248 Mu : 0.00382003989115 & Score: -1957.005284
.Lambda : 0.00745114212496 Mu : 0.00381820628133 & Score: -1956.537751
.Lambda : 0.00745306265654 Mu : 0.00381417789188 & Score: -1956.312236
.Lambda : 0.00745767055771 Mu : 0.00380932298998 & Score: -1955.677121
.Lambda : 0.00746304529689 Mu : 0.00380766996507 & Score: -1954.857793
.Lambda : 0.00747168425245 Mu : 0.00380157529449 & Score: -1953.612429
.Lambda : 0.00747821268520 Mu : 0.00379269200314 & Score: -1952.760159
.Lambda : 0.00749174796531 Mu : 0.00377993486404 & Score: -1950.877691
.Lambda : 0.00750576166005 Mu : 0.00377218716855 & Score: -1948.827986
.Lambda : 0.00752980721123 Mu : 0.00375361925783 & Score: -1945.439270
.Lambda : 0.00754987092409 Mu : 0.00373197882738 & Score: -1942.751914
.Lambda : 0.00758896425991 Mu : 0.00369718059383 & Score: -1937.409866
.Lambda : 0.00762702350582 Mu : 0.00367086498763 & Score: -1932.112153
.Lambda : 0.00769466127608 Mu : 0.00361633004942 & Score: -1923.005090
.Lambda : 0.00775381832475 Mu : 0.00355989138542 & Score: -1915.361429
.Lambda : 0.00786582388152 Mu : 0.00346302744922 & Score: -1901.086587
.Lambda : 0.00797152089769 Mu : 0.00338217690481 & Score: -1887.879924
.Lambda : 0.00816279921658 Mu : 0.00322467506030 & Score: -1865.608838
.Lambda : 0.00833396182202 Mu : 0.00307137246009 & Score: -1847.373584
.Lambda : 0.00865361209499 Mu : 0.00279889366542 & Score: -1815.954291
.Lambda : 0.00895058743005 Mu : 0.00256054127650 & Score: -1788.986551
.Lambda : 0.00949296920431 Mu : 0.00210929819015 & Score: -1747.096051
.Lambda : 0.00998378208272 Mu : 0.00168351679527 & Score: -1717.332840
.Lambda : 0.01089427351580 Mu : 0.00091293766276 & Score: -1685.013341
.Lambda : 0.01173363062512 Mu : 0.00022334218748 & Score: -1712.740757
.Lambda : 0.01313493493661 Mu : -0.00097301833991 & Score: -inf
.Lambda : 0.01222444350354 Mu : -0.00020243920739 & Score: -inf
.Lambda : 0.01131395207046 Mu : 0.00056813992512 & Score: -1684.876128
.Lambda : 0.01019362136006 Mu : 0.00151111792645 & Score: -1706.414736
.Lambda : 0.01201460422620 Mu : -0.00003004033857 & Score: -inf
.Lambda : 0.01155935850967 Mu : 0.00035524922768 & Score: -1697.084455
.Lambda : 0.01064886707659 Mu : 0.00112582836020 & Score: -1689.514377
.Lambda : 0.01155935850967 Mu : 0.00035524922768 & Score: -1697.084455
.Lambda : 0.01133173565140 Mu : 0.00054789401081 & Score: -1686.008572
.Lambda : 0.01087648993486 Mu : 0.00093318357707 & Score: -1684.803387
.Lambda : 0.01064886707659 Mu : 0.00112582836020 & Score: -1689.514377
.Lambda : 0.01129616848952 Mu : 0.00058838583943 & Score: -1683.821291
.Lambda : 0.01149711597639 Mu : 0.00042610992777 & Score: -1689.868523
.Lambda : 0.01085870635392 Mu : 0.00095342949138 & Score: -1684.627200
.Lambda : 0.01127838490859 Mu : 0.00060863175374 & Score: -1682.839328
.Lambda : 0.01147933239545 Mu : 0.00044635584207 & Score: -1688.127248
.Lambda : 0.01171584704419 Mu : 0.00024358810179 & Score: -1708.731869
.Lambda : 0.01150156187162 Mu : 0.00042104844919 & Score: -1690.323904
.Lambda : 0.01128727669906 Mu : 0.00059850879658 & Score: -1683.321477
.Lambda : 0.01106854563126 Mu : 0.00078103062256 & Score: -1682.035973
.Lambda : 0.01105965384079 Mu : 0.00079115357971 & Score: -1681.807043
.Lambda : 0.01094584241165 Mu : 0.00088747597128 & Score: -1682.721899
.Lambda : 0.01084981456346 Mu : 0.00096355244853 & Score: -1684.551422
.Lambda : 0.01095695714974 Mu : 0.00087482227483 & Score: -1682.902322
.Lambda : 0.01106409973602 Mu : 0.00078609210114 & Score: -1681.920127
.Lambda : 0.01116901937469 Mu : 0.00069989266673 & Score: -1681.747236
.Lambda : 0.01116457347945 Mu : 0.00070495414530 & Score: -1681.581513
.Lambda : 0.01121481035117 Mu : 0.00066438516739 & Score: -1681.740805
.Lambda : 0.01127393901335 Mu : 0.00061369323232 & Score: -1682.604714
.Lambda : 0.01122036772021 Mu : 0.00065805831917 & Score: -1681.984390
.Lambda : 0.01116679642707 Mu : 0.00070242340601 & Score: -1681.663957
.Lambda : 0.01111211366012 Mu : 0.00074805386251 & Score: -1681.578909
.Lambda : 0.01110989071250 Mu : 0.00075058460180 & Score: -1681.510955
.Lambda : 0.01108143785522 Mu : 0.00077466519969 & Score: -1681.542921
.Lambda : 0.01105743089317 Mu : 0.00079368431900 & Score: -1681.751527
.Lambda : 0.01108421653974 Mu : 0.00077150177558 & Score: -1681.619136
.Lambda : 0.01111100218631 Mu : 0.00074931923215 & Score: -1681.544838
.Lambda : 0.01113723209598 Mu : 0.00072776937355 & Score: -1681.512639
.Lambda : 0.01113612062217 Mu : 0.00072903474319 & Score: -1681.475428
.Lambda : 0.01114867984010 Mu : 0.00071889249872 & Score: -1681.460594
.Lambda : 0.01112133845662 Mu : 0.00074170772696 & Score: -1681.432932
.Lambda : 0.01111339163695 Mu : 0.00074867690367 & Score: -1681.402144
.Lambda : 0.01115218076454 Mu : 0.00071698480059 & Score: -1681.360005
.Lambda : 0.01117332579056 Mu : 0.00070018489998 & Score: -1681.340461
.Lambda : 0.01113803758741 Mu : 0.00072996930493 & Score: -1681.208847
.Lambda : 0.01113271646106 Mu : 0.00073550770804 & Score: -1681.088672
.Lambda : 0.01119265061468 Mu : 0.00068701570436 & Score: -1681.113804
.Lambda : 0.01115204128518 Mu : 0.00072233851242 & Score: -1680.798578
.Lambda : 0.01114139903249 Mu : 0.00073341531864 & Score: -1680.550937
.Lambda : 0.01108146487888 Mu : 0.00078190732232 & Score: -1680.810567
.Lambda : 0.01109014745030 Mu : 0.00077981493292 & Score: -1680.257970
.Lambda : 0.01106886294492 Mu : 0.00080196854536 & Score: -1679.925330
.Lambda : 0.01112879709854 Mu : 0.00075347654167 & Score: -1679.557225
.Lambda : 0.01115246320837 Mu : 0.00073926115134 & Score: -1678.971845
.Lambda : 0.01107992712080 Mu : 0.00080781437806 & Score: -1678.379741
.Lambda : 0.01104919116496 Mu : 0.00084501390777 & Score: -1677.512004
.Lambda : 0.01113279142840 Mu : 0.00078230651376 & Score: -1676.278978
.Lambda : 0.01116475567014 Mu : 0.00077247549796 & Score: -1674.489774
.Lambda : 0.01106148362673 Mu : 0.00087822825439 & Score: -1673.352643
.Lambda : 0.01101599383591 Mu : 0.00094771180592 & Score: -1671.164801
.Lambda : 0.01113155834109 Mu : 0.00087517339611 & Score: -1667.527522
.Lambda : 0.01117274192916 Mu : 0.00089025314027 & Score: -1662.617021
.Lambda : 0.01102398009493 Mu : 0.00106548944823 & Score: -1660.780249
.Lambda : 0.01095359230732 Mu : 0.00121199642337 & Score: -1655.920348
.Lambda : 0.01111034040057 Mu : 0.00115453775772 & Score: -1646.653043
.Lambda : 0.01115751368290 Mu : 0.00125795073362 & Score: -1635.421892
.Lambda : 0.01093836406106 Mu : 0.00157969401671 & Score: -1634.057428
.Lambda : 0.01082117512701 Mu : 0.00192441445493 & Score: -1626.497855
.Lambda : 0.01102509650260 Mu : 0.00197036876519 & Score: -1607.151298
.Lambda : 0.01106084860024 Mu : 0.00234955493610 & Score: -inf
.Lambda : 0.01068875794671 Mu : 0.00263683248649 & Score: -inf
.Lambda : 0.01080594688076 Mu : 0.00229211204828 & Score: -inf
.Lambda : 0.01092313581481 Mu : 0.00194739161006 & Score: -1616.730603
.Lambda : 0.01109130509275 Mu : 0.00161415974940 & Score: -1619.286255
.Lambda : 0.01085692722465 Mu : 0.00230360062584 & Score: -inf
.Lambda : 0.01091552169168 Mu : 0.00213124040673 & Score: -1609.350321
.Lambda : 0.01101748237947 Mu : 0.00215421756186 & Score: -1599.894680
.Lambda : 0.01106465566180 Mu : 0.00225763053776 & Score: -inf
.Lambda : 0.01112705719039 Mu : 0.00199334592031 & Score: -1597.755498
.Lambda : 0.01123282493975 Mu : 0.00192439867710 & Score: -1592.324052
.Lambda : 0.01122521081662 Mu : 0.00210824747378 & Score: -inf
.Lambda : 0.01117518223811 Mu : 0.00207377779663 & Score: -1590.386996
.Lambda : 0.01139052479839 Mu : 0.00184395891188 & Score: -1583.617381
.Lambda : 0.01157704600785 Mu : 0.00168882958688 & Score: -1576.900742
.Lambda : 0.01151940330622 Mu : 0.00183820870641 & Score: -1573.976837
.Lambda : 0.01166269248945 Mu : 0.00179511372106 & Score: -1565.258892
.Lambda : 0.01206455625919 Mu : 0.00141016551132 & Score: -1556.077437
.Lambda : 0.01250924326972 Mu : 0.00107835936866 & Score: -1546.424180
.Lambda : 0.01259488975132 Mu : 0.00118464350284 & Score: -1533.619507
.Lambda : 0.01310381162306 Mu : 0.00093255046081 & Score: -1519.243026
.Lambda : 0.01395036240333 Mu : 0.00021579610841 & Score: -1562.774935
.Lambda : 0.01166269248945 Mu : 0.00179511372106 & Score: -1565.258892
.Lambda : 0.01223460996792 Mu : 0.00140028431790 & Score: -1544.748628
.Lambda : 0.01282917832126 Mu : 0.00125447541005 & Score: -1514.293663
.Lambda : 0.01298914584703 Mu : 0.00134253343075 & Score: -1499.308586
.Lambda : 0.01385834750217 Mu : 0.00087479957366 & Score: -1480.421114
.Lambda : 0.01467021626929 Mu : 0.00061205720155 & Score: -1462.725723
.Lambda : 0.01455555049326 Mu : 0.00102204017148 & Score: -1434.662229
.Lambda : 0.01528141992836 Mu : 0.00106678502682 & Score: -1399.591546
.Lambda : 0.01696249035063 Mu : 0.00033630879761 & Score: -1406.876408
.Lambda : 0.01757369400970 Mu : 0.00079103662288 & Score: -1339.116028
.Lambda : 0.01902543287990 Mu : 0.00088052633355 & Score: -inf
.Lambda : 0.01589262358743 Mu : 0.00152151285209 & Score: -inf
.Lambda : 0.01616009027823 Mu : 0.00122521183847 & Score: -inf
.Lambda : 0.01642755696903 Mu : 0.00092891082485 & Score: -1365.102442
.Lambda : 0.01726809218016 Mu : 0.00056367271025 & Score: -1367.959522
.Lambda : 0.01673315879856 Mu : 0.00115627473748 & Score: -inf
.Lambda : 0.01686689214396 Mu : 0.00100812423068 & Score: -inf
.Lambda : 0.01700062548936 Mu : 0.00085997372387 & Score: -1351.104703
.Lambda : 0.01742089309493 Mu : 0.00067735466657 & Score: -1352.690363
.Lambda : 0.01715342640413 Mu : 0.00097365568018 & Score: -inf
.Lambda : 0.01722029307683 Mu : 0.00089958042678 & Score: -inf
.Lambda : 0.01728715974953 Mu : 0.00082550517337 & Score: -1344.864952
.Lambda : 0.01749729355231 Mu : 0.00073419564472 & Score: -1345.721189
.Lambda : 0.01736356020691 Mu : 0.00088234615153 & Score: -inf
.Lambda : 0.01739699354326 Mu : 0.00084530852483 & Score: -inf
.Lambda : 0.01743042687961 Mu : 0.00080827089813 & Score: -1341.929751
.Lambda : 0.01753549378100 Mu : 0.00076261613380 & Score: -1342.376112
.Lambda : 0.01746862710831 Mu : 0.00083669138721 & Score: -inf
.Lambda : 0.01748534377648 Mu : 0.00081817257386 & Score: -inf
.Lambda : 0.01750206044466 Mu : 0.00079965376051 & Score: -1340.507775
.Lambda : 0.01755459389535 Mu : 0.00077682637834 & Score: -1340.735786
.Lambda : 0.01752116055900 Mu : 0.00081386400505 & Score: -inf
.Lambda : 0.01752951889309 Mu : 0.00080460459837 & Score: -1339.355261
.Lambda : 0.01760115245813 Mu : 0.00079598746075 & Score: -1337.970209
.Lambda : 0.01765069846487 Mu : 0.00079415431087 & Score: -inf
.Lambda : 0.01764532757474 Mu : 0.00078241948526 & Score: -1337.754379
.Lambda : 0.01770323191556 Mu : 0.00077132692871 & Score: -1336.991579
.Lambda : 0.01773069036400 Mu : 0.00077627776657 & Score: -1335.855432
.Lambda : 0.01780918854115 Mu : 0.00076889833841 & Score: -1334.275206
.Lambda : 0.01791126799858 Mu : 0.00074423780637 & Score: -1333.446855
.Lambda : 0.01806632576881 Mu : 0.00071836297918 & Score: -1331.432818
.Lambda : 0.01817228239439 Mu : 0.00071593438889 & Score: -1328.902927
.Lambda : 0.01840680763380 Mu : 0.00068823811898 & Score: -1325.328717
.Lambda : 0.01866394486146 Mu : 0.00063770275975 & Score: -1323.540393
.Lambda : 0.01909132302162 Mu : 0.00057210497042 & Score: -1320.026093
.Lambda : 0.01943180488661 Mu : 0.00054198011022 & Score: -1315.875074
.Lambda : 0.02011454444551 Mu : 0.00045378867574 & Score: -1312.521406
.Lambda : 0.02079905983333 Mu : 0.00033765552718 & Score: -1316.759094
.Lambda : 0.02182228125723 Mu : 0.00021933923250 & Score: -1324.551009
.Lambda : 0.02113954169833 Mu : 0.00030753066698 & Score: -1316.477414
.Lambda : 0.02045502631051 Mu : 0.00042366381554 & Score: -1310.312032
.Lambda : 0.02028300954910 Mu : 0.00046666795972 & Score: -1308.043438
.Lambda : 0.01925801229629 Mu : 0.00061292596848 & Score: -1312.615579
.Lambda : 0.02113954169833 Mu : 0.00030753066698 & Score: -1316.477414
.Lambda : 0.02066915934782 Mu : 0.00038387949235 & Score: -1312.049876
.Lambda : 0.02083762445140 Mu : 0.00039675877633 & Score: -1307.637361
.Lambda : 0.02119916445435 Mu : 0.00036824382663 & Score: -1306.175691
.Lambda : 0.02081301465563 Mu : 0.00045103229399 & Score: -1301.186110
.Lambda : 0.02088494230954 Mu : 0.00048460869482 & Score: -1296.228692
.Lambda : 0.02180109721479 Mu : 0.00038618456173 & Score: -1295.578936
.Lambda : 0.02256014104763 Mu : 0.00034594286273 & Score: -1292.585150
.Lambda : 0.02224591890282 Mu : 0.00046230773092 & Score: -inf
.Lambda : 0.02198423029070 Mu : 0.00043879175484 & Score: -inf
.Lambda : 0.02172254167858 Mu : 0.00041527577877 & Score: -1292.751796
.Lambda : 0.02187965275099 Mu : 0.00035709334468 & Score: -1298.699127
.Lambda : 0.02240302997522 Mu : 0.00040412529682 & Score: -inf
.Lambda : 0.02227218566917 Mu : 0.00039236730879 & Score: -1289.155600
.Lambda : 0.02310978503821 Mu : 0.00032303439274 & Score: -1290.736690
.Lambda : 0.02282182965975 Mu : 0.00036945883880 & Score: -inf
.Lambda : 0.02275640750672 Mu : 0.00036357984478 & Score: -1288.001322
.Lambda : 0.02191880813767 Mu : 0.00043291276083 & Score: -inf
.Lambda : 0.02221655236281 Mu : 0.00040544316881 & Score: -inf
.Lambda : 0.02251429658794 Mu : 0.00037797357679 & Score: -1288.469115
.Lambda : 0.02293309627246 Mu : 0.00034330711876 & Score: -1289.248265
.Lambda : 0.02233760782219 Mu : 0.00039824630280 & Score: -inf
.Lambda : 0.02248647993476 Mu : 0.00038451150679 & Score: -1287.870645
.Lambda : 0.02272859085354 Mu : 0.00037011777479 & Score: -1287.354436
.Lambda : 0.02283573798634 Mu : 0.00036618987380 & Score: -inf
.Lambda : 0.02245866328158 Mu : 0.00039104943680 & Score: -inf
.Lambda : 0.02253309933787 Mu : 0.00038418203880 & Score: -inf
.Lambda : 0.02260753539415 Mu : 0.00037731464079 & Score: -1287.585398
.Lambda : 0.02274249918013 Mu : 0.00036684880979 & Score: -1287.675733
.Lambda : 0.02259362706756 Mu : 0.00038058360580 & Score: -inf
.Lambda : 0.02263084509570 Mu : 0.00037714990680 & Score: -inf
.Lambda : 0.02266806312384 Mu : 0.00037371620779 & Score: -1287.463124
.Lambda : 0.02273554501683 Mu : 0.00036848329229 & Score: -1287.514552
.Lambda : 0.02266110896055 Mu : 0.00037535069030 & Score: -inf
.Lambda : 0.02267971797462 Mu : 0.00037363384079 & Score: -1287.356155
.Lambda : 0.02274024570431 Mu : 0.00037003540779 & Score: -1287.249345
.Lambda : 0.02277633699455 Mu : 0.00036819500779 & Score: -1287.149088
.Lambda : 0.02282520987347 Mu : 0.00036467894179 & Score: -1287.165725
.Lambda : 0.02287295601448 Mu : 0.00036275617479 & Score: -1286.975498
.Lambda : 0.02294513859495 Mu : 0.00035907537479 & Score: -1286.812534
.Lambda : 0.02289626571603 Mu : 0.00036259144080 & Score: -inf
.Lambda : 0.02287850175539 Mu : 0.00036311331605 & Score: -1286.870974
.Lambda : 0.02304730335579 Mu : 0.00035399368305 & Score: -1286.593367
.Lambda : 0.02318278653641 Mu : 0.00034689302067 & Score: -1286.410208
.Lambda : 0.02324942337597 Mu : 0.00034285507942 & Score: -1286.425195
.Lambda : 0.02348707131743 Mu : 0.00033067272530 & Score: -1286.271748
.Lambda : 0.02375803767867 Mu : 0.00031647140055 & Score: -1286.382485
.Lambda : 0.02342043447787 Mu : 0.00033471066655 & Score: -1286.199782
.Lambda : 0.02350594002882 Mu : 0.00033063846011 & Score: -inf
.Lambda : 0.02372471925889 Mu : 0.00031849037118 & Score: -1286.311239
.Lambda : 0.02318278653641 Mu : 0.00034689302067 & Score: -1286.410208
.Lambda : 0.02331826971703 Mu : 0.00033979235830 & Score: -1286.290252
.Lambda : 0.02358923607827 Mu : 0.00032559103355 & Score: -1286.240533
.Lambda : 0.02352259923871 Mu : 0.00032962897480 & Score: -1286.144205
.Lambda : 0.02354036319935 Mu : 0.00032910709955 & Score: -inf
.Lambda : 0.02335379763831 Mu : 0.00033874860780 & Score: -inf
.Lambda : 0.02341265724830 Mu : 0.00033545921424 & Score: -inf
.Lambda : 0.02347151685829 Mu : 0.00033216982067 & Score: -1286.167630
.Lambda : 0.02355591765849 Mu : 0.00032761000417 & Score: -1286.190220
.Lambda : 0.02343819843851 Mu : 0.00033418879130 & Score: -inf
.Lambda : 0.02346762824350 Mu : 0.00033254409452 & Score: -inf
.Lambda : 0.02349705804850 Mu : 0.00033089939774 & Score: -1286.154826
.Lambda : 0.02353925844860 Mu : 0.00032861948949 & Score: -1286.166676
.Lambda : 0.02348039883861 Mu : 0.00033190888305 & Score: -inf
.Lambda : 0.02349511374111 Mu : 0.00033108653466 & Score: -inf
.Lambda : 0.02350982864360 Mu : 0.00033026418627 & Score: -1286.149242
.Lambda : 0.02353092884365 Mu : 0.00032912423214 & Score: -1286.155306
.Lambda : 0.02350149903866 Mu : 0.00033076892893 & Score: -inf
.Lambda : 0.02350885648991 Mu : 0.00033035775473 & Score: -1286.142624
.Lambda : 0.02352162708501 Mu : 0.00032972254326 & Score: -1286.137533
.Lambda : 0.02352752630572 Mu : 0.00032945172176 & Score: -1286.131844
.Lambda : 0.02351378355692 Mu : 0.00033018050169 & Score: -inf
.Lambda : 0.02351598747736 Mu : 0.00033004261997 & Score: -1286.133563
.Lambda : 0.02353465729317 Mu : 0.00032913658699 & Score: -inf
.Lambda : 0.02352820709236 Mu : 0.00032944187893 & Score: -inf
.Lambda : 0.02352175689154 Mu : 0.00032974717086 & Score: -1286.132647
.Lambda : 0.02351819139781 Mu : 0.00032990473824 & Score: -1286.137091
.Lambda : 0.02353109179944 Mu : 0.00032929415438 & Score: -inf
.Lambda : 0.02352786669904 Mu : 0.00032944680034 & Score: -1286.129852
.Lambda : 0.02353363611321 Mu : 0.00032915135124 & Score: -1286.129169
.Lambda : 0.02353957572405 Mu : 0.00032885344143 & Score: -1286.127608
.Lambda : 0.02353991611737 Mu : 0.00032884852001 & Score: -1286.125626
.Lambda : 0.02354611102320 Mu : 0.00032854691914 & Score: -1286.122707
.Lambda : 0.02355782004821 Mu : 0.00032795356022 & Score: -1286.121180
.Lambda : 0.02357279672280 Mu : 0.00032720694016 & Score: -1286.117972
.Lambda : 0.02357933202194 Mu : 0.00032690041788 & Score: -1286.113784
.Lambda : 0.02359921017089 Mu : 0.00032592390610 & Score: -1286.108842
.Lambda : 0.02362589587049 Mu : 0.00032458392713 & Score: -1286.108857
.Lambda : 0.02365230931858 Mu : 0.00032330089306 & Score: -1286.104382
.Lambda : 0.02369206561647 Mu : 0.00032134786951 & Score: -1286.105474
.Lambda : 0.02362562361898 Mu : 0.00032464087204 & Score: -inf
.Lambda : 0.02362569168186 Mu : 0.00032462663581 & Score: -1286.103725
.Lambda : 0.02367879082955 Mu : 0.00032200362277 & Score: -1286.103947
.Lambda : 0.02365217319283 Mu : 0.00032332936552 & Score: -1286.100937
.Lambda : 0.02365210512995 Mu : 0.00032334360175 & Score: -inf
.Lambda : 0.02359907404513 Mu : 0.00032595237856 & Score: -inf
.Lambda : 0.02361900324124 Mu : 0.00032496518961 & Score: -inf
.Lambda : 0.02363893243734 Mu : 0.00032397800066 & Score: -1286.102040
.Lambda : 0.02366548201119 Mu : 0.00032266649414 & Score: -1286.102145
.Lambda : 0.02362562361898 Mu : 0.00032464087204 & Score: -inf
.Lambda : 0.02363558821703 Mu : 0.00032414727756 & Score: -1286.101549
.Lambda : 0.02364882897252 Mu : 0.00032349864242 & Score: -1286.100297
.Lambda : 0.02365377724010 Mu : 0.00032325896330 & Score: -1286.099547
.Lambda : 0.02367036221590 Mu : 0.00032244105125 & Score: -1286.099938
.Lambda : 0.02367196626318 Mu : 0.00032237064903 & Score: -1286.098642
.Lambda : 0.02368186279835 Mu : 0.00032189129078 & Score: -1286.097979
.Lambda : 0.02366527782256 Mu : 0.00032270920283 & Score: -inf
.Lambda : 0.02366654892089 Mu : 0.00032264216493 & Score: -inf
.Lambda : 0.02366782001923 Mu : 0.00032257512704 & Score: -1286.098437
.Lambda : 0.02367611250712 Mu : 0.00032216617102 & Score: -1286.098904
.Lambda : 0.02367357031045 Mu : 0.00032230024680 & Score: -inf
.Lambda : 0.02367420585962 Mu : 0.00032226672786 & Score: -1286.097739
.Lambda : 0.02368824863875 Mu : 0.00032158289160 & Score: -1286.097577
.Lambda : 0.02369846294850 Mu : 0.00032108677388 & Score: -1286.097665
.Lambda : 0.02368059170002 Mu : 0.00032195832868 & Score: -1286.097176
.Lambda : 0.02367995615085 Mu : 0.00032199184762 & Score: -inf
.Lambda : 0.02369463447914 Mu : 0.00032127449242 & Score: -1286.097310
.Lambda : 0.02368697754041 Mu : 0.00032164992950 & Score: -inf
.Lambda : 0.02368729531499 Mu : 0.00032163317002 & Score: -1286.096954
.Lambda : 0.02367325253587 Mu : 0.00032231700628 & Score: -inf
.Lambda : 0.02367859802169 Mu : 0.00032205637781 & Score: -inf
.Lambda : 0.02368394350751 Mu : 0.00032179574935 & Score: -1286.097046
.Lambda : 0.02369096489707 Mu : 0.00032145383122 & Score: -1286.097110
.Lambda : 0.02368027392543 Mu : 0.00032197508815 & Score: -inf
.Lambda : 0.02368294666834 Mu : 0.00032184477392 & Score: -inf
.Lambda : 0.02368561941125 Mu : 0.00032171445969 & Score: -1286.096996
.Lambda : 0.02368913010603 Mu : 0.00032154350062 & Score: -1286.097026
.Lambda : 0.02368378462021 Mu : 0.00032180412909 & Score: -inf
.Lambda : 0.02368512099167 Mu : 0.00032173897197 & Score: -inf
.Lambda : 0.02368645736312 Mu : 0.00032167381485 & Score: -1286.096974
.Lambda : 0.02368821271051 Mu : 0.00032158833532 & Score: -1286.096989
.Lambda : 0.02368553996760 Mu : 0.00032171864955 & Score: -inf
.Lambda : 0.02368620815333 Mu : 0.00032168607100 & Score: -1286.096953
.Lambda : 0.02368704610520 Mu : 0.00032164542616 & Score: -1286.096933
.Lambda : 0.02368734047624 Mu : 0.00032163123182 & Score: -inf
.Lambda : 0.02368595894354 Mu : 0.00032169832714 & Score: -inf
.Lambda : 0.02368629303640 Mu : 0.00032168203786 & Score: -inf
.Lambda : 0.02368662712927 Mu : 0.00032166574858 & Score: -1286.096943
.Lambda : 0.02368717071010 Mu : 0.00032163929809 & Score: -1286.096943
.Lambda : 0.02368650252437 Mu : 0.00032167187665 & Score: -inf
.Lambda : 0.02368666957080 Mu : 0.00032166373201 & Score: -inf
.Lambda : 0.02368683661724 Mu : 0.00032165558737 & Score: -1286.096938
.Lambda : 0.02368710840765 Mu : 0.00032164236213 & Score: -1286.096938
.Lambda : 0.02368677431479 Mu : 0.00032165865141 & Score: -inf
.Lambda : 0.02368685783800 Mu : 0.00032165457909 & Score: -1286.096934
.Lambda : 0.02368706732597 Mu : 0.00032164441788 & Score: -1286.096929
.Lambda : 0.02368718268034 Mu : 0.00032163883313 & Score: -1286.096925
.Lambda : 0.02368737094754 Mu : 0.00032162968021 & Score: -1286.096924
.Lambda : 0.02368762750231 Mu : 0.00032161723077 & Score: -1286.096919
.Lambda : 0.02368776407744 Mu : 0.00032161063774 & Score: -1286.096911
.Lambda : 0.02368812306356 Mu : 0.00032159324353 & Score: -1286.096901
.Lambda : 0.02368856788553 Mu : 0.00032157164117 & Score: -1286.096897
.Lambda : 0.02368926048813 Mu : 0.00032153804518 & Score: -1286.096886
.Lambda : 0.02368975604938 Mu : 0.00032151405794 & Score: -1286.096871
.Lambda : 0.02369082032292 Mu : 0.00032146247153 & Score: -1286.096852
.Lambda : 0.02369195774749 Mu : 0.00032140727318 & Score: -1286.096847
.Lambda : 0.02369387508945 Mu : 0.00032131428800 & Score: -1286.096838
.Lambda : 0.02369543492424 Mu : 0.00032123871435 & Score: -1286.096827
.Lambda : 0.02369852214230 Mu : 0.00032108904893 & Score: -1286.096845
.Lambda : 0.02369848969077 Mu : 0.00032109053083 & Score: -1286.096859
.Lambda : 0.02369657234881 Mu : 0.00032118351600 & Score: -1286.096839
.Lambda : 0.02369273766488 Mu : 0.00032136948635 & Score: -1286.096836
.Lambda : 0.02369429749968 Mu : 0.00032129391269 & Score: -1286.096820
.Lambda : 0.02369450870480 Mu : 0.00032128372504 & Score: -1286.096811
.Lambda : 0.02369720596415 Mu : 0.00032115295304 & Score: -1286.096818
.Lambda : 0.02369627974471 Mu : 0.00032119796373 & Score: -1286.096796
.Lambda : 0.02369670215494 Mu : 0.00032117758842 & Score: -1286.096782
.Lambda : 0.02369400489558 Mu : 0.00032130836042 & Score: -inf
.Lambda : 0.02369480516272 Mu : 0.00032126950857 & Score: -1286.096785
.Lambda : 0.02369699861286 Mu : 0.00032116337195 & Score: -1286.096759
.Lambda : 0.02369824356690 Mu : 0.00032110319540 & Score: -inf
.Lambda : 0.02369889560508 Mu : 0.00032107145179 & Score: -1286.096769
.Lambda : 0.02369919206300 Mu : 0.00032105723533 & Score: -1286.096747
.Lambda : 0.02370043701704 Mu : 0.00032099705878 & Score: -inf
.Lambda : 0.02369729507079 Mu : 0.00032114915548 & Score: -inf
.Lambda : 0.02369769520436 Mu : 0.00032112972956 & Score: -inf
.Lambda : 0.02369809533793 Mu : 0.00032111030364 & Score: -1286.096751
.Lambda : 0.02369904383404 Mu : 0.00032106434356 & Score: -1286.096758
.Lambda : 0.02369824356690 Mu : 0.00032110319540 & Score: -inf
.Lambda : 0.02369844363368 Mu : 0.00032109348244 & Score: -inf
.Lambda : 0.02369864370047 Mu : 0.00032108376948 & Score: -1286.096749
.Lambda : 0.02369911794852 Mu : 0.00032106078944 & Score: -1286.096753
.Lambda : 0.02369871781495 Mu : 0.00032108021537 & Score: -inf
.Lambda : 0.02369881784834 Mu : 0.00032107535888 & Score: -inf
.Lambda : 0.02369891788174 Mu : 0.00032107050240 & Score: -1286.096748
.Lambda : 0.02369915500576 Mu : 0.00032105901238 & Score: -1286.096750
.Lambda : 0.02369895493898 Mu : 0.00032106872535 & Score: -inf
.Lambda : 0.02369900495567 Mu : 0.00032106629711 & Score: -inf
.Lambda : 0.02369905497237 Mu : 0.00032106386887 & Score: -1286.096748
.Lambda : 0.02369917353438 Mu : 0.00032105812386 & Score: -1286.096749
.Lambda : 0.02369907350099 Mu : 0.00032106298034 & Score: -inf
.Lambda : 0.02369909850934 Mu : 0.00032106176622 & Score: -1286.096747
.
Lambda Search Result: 179
Lambda : 0.02369909850934 Mu : 0.00032106176622 & Score: 1286.096747
DONE: Lamda,Mu Search or setting, for command:
lambdamu -s
