The Number of families : 1000 ==> 7
-----------------------------------------------------------
Family information: sim
Log: ./sim.log
Tree: (((musDom:52,gloMor:52):52,((droWil:56,(droPse:48,((droYak:14,droMel:14):17,droAna:31):17):8):8,(droVir:32,droMoj:32):32):39):184,((culQui:79,aedAeg:79):79,(anoDar:70,(anoSte:35,anoGam:35):35):88):129)
The number of families is 7
Root Family size : 1 ~ 258
Family size : 0 ~ 256
P-value: 0.010000
Num of Threads: 4
Num of Random: 1000
Empirical Prior Estimation Result: 15
Poisson lambda: 0.395132 & Score: inf
Lambda : 0.00533416284167 & Score: -2265.201148
.Lambda : 0.00560087098376 & Score: -inf
.Lambda : 0.00506745469959 & Score: -2336.841220
.Lambda : 0.00560087098376 & Score: -inf
.Lambda : 0.00546751691271 & Score: -inf
.Lambda : 0.00520080877063 & Score: -2300.350773
.Lambda : 0.00546751691271 & Score: -inf
.Lambda : 0.00540083987719 & Score: -2248.105331
.Lambda : 0.00546751691271 & Score: -inf
.Lambda : 0.00543417839495 & Score: -2239.673228
.Lambda : 0.00546751691271 & Score: -inf
.Lambda : 0.00545084765383 & Score: -inf
.Lambda : 0.00541750913607 & Score: -2243.879742
.Lambda : 0.00545084765383 & Score: -inf
.Lambda : 0.00544251302439 & Score: -inf
.Lambda : 0.00542584376551 & Score: -2241.774109
.Lambda : 0.00544251302439 & Score: -inf
.Lambda : 0.00543834570967 & Score: -inf
.Lambda : 0.00543001108023 & Score: -2240.723076
.Lambda : 0.00543834570967 & Score: -inf
.Lambda : 0.00543626205231 & Score: -inf
.Lambda : 0.00543209473759 & Score: -2240.198003
.Lambda : 0.00543626205231 & Score: -inf
.Lambda : 0.00543522022363 & Score: -inf
.Lambda : 0.00543313656627 & Score: -2239.935579
.Lambda : 0.00543522022363 & Score: -inf
.Lambda : 0.00543469930929 & Score: -2239.542080
.Lambda : 0.00543522022363 & Score: -inf
.Lambda : 0.00543495976646 & Score: -inf
.Lambda : 0.00543443885212 & Score: -2239.607651
.Lambda : 0.00543495976646 & Score: -inf
.Lambda : 0.00543482953788 & Score: -inf
.Lambda : 0.00543456908071 & Score: -2239.574865
.Lambda : 0.00543482953788 & Score: -inf
.Lambda : 0.00543476442359 & Score: -2239.525688
.Lambda : 0.00543482953788 & Score: -inf
.Lambda : 0.00543479698073 & Score: -inf
.Lambda : 0.00543473186644 & Score: -2239.533884
.Lambda : 0.00543479698073 & Score: -inf
.Lambda : 0.00543478070216 & Score: -2239.521590
.Lambda : 0.00543479698073 & Score: -inf
.Lambda : 0.00543478884145 & Score: -inf
.Lambda : 0.00543477256287 & Score: -2239.523639
.Lambda : 0.00543478884145 & Score: -inf
.Lambda : 0.00543478477180 & Score: -inf
.Lambda : 0.00543477663252 & Score: -2239.522614
.Lambda : 0.00543478477180 & Score: -inf
.Lambda : 0.00543478273698 & Score: -inf
.Lambda : 0.00543477866734 & Score: -2239.522102
.Lambda : 0.00543478273698 & Score: -inf
.Lambda : 0.00543478171957 & Score: -2239.521334
.Lambda : 0.00543478273698 & Score: -inf
.Lambda : 0.00543478222828 & Score: -2239.521206
.Lambda : 0.00543478273698 & Score: -inf
.Lambda : 0.00543478248263 & Score: -2239.521142
.Lambda : 0.00543478273698 & Score: -inf
.Lambda : 0.00543478260980 & Score: -inf
.Lambda : 0.00543478235545 & Score: -2239.521174
.Lambda : 0.00543478260980 & Score: -inf
.Lambda : 0.00543478254622 & Score: -2239.521126
.Lambda : 0.00543478260980 & Score: -inf
.Lambda : 0.00543478257801 & Score: -2239.521118
.Lambda : 0.00543478260980 & Score: -inf
.Lambda : 0.00543478259391 & Score: -2239.521114
.Lambda : 0.00543478260980 & Score: -inf
.Lambda : 0.00543478260186 & Score: -2239.521112
.Lambda : 0.00543478260980 & Score: -inf
.Lambda : 0.00543478260583 & Score: -2239.521111
.Lambda : 0.00543478260980 & Score: -inf
.Lambda : 0.00543478260782 & Score: -2239.521110
.
Lambda Search Result: 28
Lambda : 0.00543478260782 & Score: 2239.521110
DONE: Lamda Search or setting, for command:
lambda -s
Empirical Prior Estimation Result: 16
Poisson lambda: 0.834586 & Score: inf
Lambda : 0.00478353914957 Mu : 0.00020339375908 & Score: -2973.899906
.Lambda : 0.00502271610704 Mu : 0.00020339375908 & Score: -2889.001706
.Lambda : 0.00502271610704 Mu : 0.00021356344704 & Score: -2882.823020
.Lambda : 0.00526189306452 Mu : 0.00021356344704 & Score: -2802.857065
.Lambda : 0.00550107002200 Mu : 0.00021864829102 & Score: -2724.401116
.Lambda : 0.00550107002200 Mu : 0.00022881797897 & Score: -2718.973860
.Lambda : 0.00574024697948 Mu : 0.00024153008891 & Score: -2641.255936
.Lambda : 0.00621860089444 Mu : 0.00024661493289 & Score: -2507.260066
.Lambda : 0.00681654328813 Mu : 0.00026314067582 & Score: -2353.385014
.Lambda : 0.00705572024561 Mu : 0.00028602247371 & Score: -2290.858477
.Lambda : 0.00783304535741 Mu : 0.00031970956506 & Score: -2120.469894
.Lambda : 0.00890934166607 Mu : 0.00034132015196 & Score: -1927.247548
.Lambda : 0.01049388900936 Mu : 0.00039121518349 & Score: -1694.169985
.Lambda : 0.01151039107864 Mu : 0.00044778407273 & Score: -1567.571778
.Lambda : 0.01385731497390 Mu : 0.00054010577119 & Score: -1341.052625
.Lambda : 0.01651815862585 Mu : 0.00061161138962 & Score: -1157.189298
.Lambda : 0.02086071526006 Mu : 0.00075756230190 & Score: -inf
.Lambda : 0.01988158459038 Mu : 0.00076050197733 & Score: -inf
.Lambda : 0.01753466069513 Mu : 0.00066818027887 & Score: -1098.982910
.Lambda : 0.02019550434707 Mu : 0.00073968589730 & Score: -inf
.Lambda : 0.01861095700378 Mu : 0.00068979086577 & Score: -inf
.Lambda : 0.01702640966049 Mu : 0.00063989583424 & Score: -1127.204035
.Lambda : 0.01569598783451 Mu : 0.00060414302503 & Score: -1206.696719
.Lambda : 0.01886508252110 Mu : 0.00070393308808 & Score: -inf
.Lambda : 0.01807280884945 Mu : 0.00067898557232 & Score: -1072.021696
.Lambda : 0.01858105988410 Mu : 0.00070727001694 & Score: -inf
.Lambda : 0.01819239732819 Mu : 0.00069042647127 & Score: -1065.711835
.Lambda : 0.01873054548252 Mu : 0.00070123176472 & Score: -inf
.Lambda : 0.01843157428567 Mu : 0.00069296889326 & Score: -1054.530987
.Lambda : 0.01855116276441 Mu : 0.00070440979220 & Score: -inf
.Lambda : 0.01843157428567 Mu : 0.00069805373723 & Score: -1054.238169
.Lambda : 0.01867075124315 Mu : 0.00070059615922 & Score: -inf
.Lambda : 0.01855116276441 Mu : 0.00069805373723 & Score: -inf
.Lambda : 0.01843157428567 Mu : 0.00069551131524 & Score: -1054.384374
.Lambda : 0.01831198580693 Mu : 0.00069424010425 & Score: -1059.936659
.Lambda : 0.01855116276441 Mu : 0.00069932494823 & Score: -inf
.Lambda : 0.01849136852504 Mu : 0.00069805373723 & Score: -1051.526241
.Lambda : 0.01849136852504 Mu : 0.00070059615922 & Score: -inf
.Lambda : 0.01847641996520 Mu : 0.00069932494823 & Score: -1052.129841
.Lambda : 0.01853621420457 Mu : 0.00069932494823 & Score: -inf
.Lambda : 0.01851005422484 Mu : 0.00069900714548 & Score: -inf
.Lambda : 0.01848389424512 Mu : 0.00069868934273 & Score: -1051.827910
.Lambda : 0.01846147140536 Mu : 0.00069805373723 & Score: -1052.879996
.Lambda : 0.01851379136480 Mu : 0.00069868934273 & Score: -inf
.Lambda : 0.01850071137494 Mu : 0.00069853044136 & Score: -1051.076857
.Lambda : 0.01850818565486 Mu : 0.00069789483586 & Score: -1050.775767
.Lambda : 0.01852033135974 Mu : 0.00069749758242 & Score: -inf
.Lambda : 0.01851752850477 Mu : 0.00069837153998 & Score: -inf
.Lambda : 0.01851098850983 Mu : 0.00069829208929 & Score: -inf
.Lambda : 0.01850444851490 Mu : 0.00069821263861 & Score: -1050.926279
.Lambda : 0.01849977708995 Mu : 0.00069797428655 & Score: -1051.150832
.Lambda : 0.01851285707981 Mu : 0.00069813318792 & Score: -inf
.Lambda : 0.01850958708235 Mu : 0.00069809346258 & Score: -1050.701186
.Lambda : 0.01851332422231 Mu : 0.00069777565983 & Score: -1050.550763
.Lambda : 0.01851776207601 Mu : 0.00069755717044 & Score: -inf
.Lambda : 0.01851472564979 Mu : 0.00069797428655 & Score: -inf
.Lambda : 0.01851309065106 Mu : 0.00069795442387 & Score: -1050.551086
.Lambda : 0.01851682779102 Mu : 0.00069763662113 & Score: -1050.400723
.Lambda : 0.01852044814536 Mu : 0.00069740820040 & Score: -inf
.Lambda : 0.01851706136227 Mu : 0.00069745785708 & Score: -1050.400404
.Lambda : 0.01851904671787 Mu : 0.00069720957368 & Score: -1050.325092
.Lambda : 0.01852255028659 Mu : 0.00069707053498 & Score: -inf
.Lambda : 0.01852024377052 Mu : 0.00069724681619 & Score: -1050.269012
.Lambda : 0.01852246269737 Mu : 0.00069681976875 & Score: -1050.193420
.Lambda : 0.01852528015054 Mu : 0.00069641134256 & Score: -1050.089829
.Lambda : 0.01852647720319 Mu : 0.00069644858507 & Score: -1050.033781
.Lambda : 0.01853019244584 Mu : 0.00069606809076 & Score: -1049.888224
.Lambda : 0.01853522882587 Mu : 0.00069523261713 & Score: -1049.709293
.Lambda : 0.01854272135354 Mu : 0.00069422551760 & Score: -1049.429853
.Lambda : 0.01854763364884 Mu : 0.00069388226580 & Score: -1049.228649
.Lambda : 0.01855881039799 Mu : 0.00069261772743 & Score: -1048.798961
.Lambda : 0.01857133930569 Mu : 0.00069077515426 & Score: -1048.342368
.Lambda : 0.01859191273562 Mu : 0.00068812868601 & Score: -1047.572567
.Lambda : 0.01860800178007 Mu : 0.00068652089584 & Score: -1046.945466
.Lambda : 0.01864064199333 Mu : 0.00068266858496 & Score: -1045.710998
.Lambda : 0.01867374433095 Mu : 0.00067817954355 & Score: -1044.497908
.Lambda : 0.01873121129743 Mu : 0.00067096045161 & Score: -1042.371563
.Lambda : 0.01877994055514 Mu : 0.00066550035055 & Score: -1040.542634
.Lambda : 0.01887395446491 Mu : 0.00065418618282 & Score: -1037.091546
.Lambda : 0.01896452376901 Mu : 0.00064247804947 & Score: -1033.854686
.Lambda : 0.01912646465686 Mu : 0.00062238278172 & Score: -1028.116305
.Lambda : 0.01926920782433 Mu : 0.00060560851293 & Score: -1023.105628
.Lambda : 0.01953820608778 Mu : 0.00057293254360 & Score: -1013.990052
.Lambda : 0.01979071627973 Mu : 0.00054112914250 & Score: -1005.818259
.Lambda : 0.02024909718713 Mu : 0.00048460062234 & Score: -991.692363
.Lambda : 0.02066083861806 Mu : 0.00043515038422 & Score: -979.785762
.Lambda : 0.02142802559866 Mu : 0.00034153418547 & Score: -960.040566
.Lambda : 0.02213891669802 Mu : 0.00025320226421 & Score: -945.044160
.Lambda : 0.02343927200313 Mu : 0.00009333712452 & Score: -931.170049
.Lambda : 0.02461820041466 Mu : -0.00004972931236 & Score: -inf
.Lambda : 0.02352592460778 Mu : 0.00008385317132 & Score: -931.275262
.Lambda : 0.02553717101225 Mu : -0.00016434388964 & Score: -inf
.Lambda : 0.02450988465886 Mu : -0.00003787437086 & Score: -inf
.Lambda : 0.02348259830546 Mu : 0.00008859514792 & Score: -931.188716
.Lambda : 0.02243364880090 Mu : 0.00021743565499 & Score: -939.860686
.Lambda : 0.02448822150769 Mu : -0.00003550338256 & Score: -inf
.Lambda : 0.02397457833100 Mu : 0.00002773137683 & Score: -944.389843
.Lambda : 0.02346093515430 Mu : 0.00009096613622 & Score: -931.171310
.Lambda : 0.02293646040202 Mu : 0.00015538638975 & Score: -933.269401
.Lambda : 0.02396374675541 Mu : 0.00002891687098 & Score: -943.737434
.Lambda : 0.02370692516706 Mu : 0.00006053425067 & Score: -933.867764
.Lambda : 0.02345010357872 Mu : 0.00009215163037 & Score: -931.168710
.Lambda : 0.02318786620258 Mu : 0.00012436175713 & Score: -931.431138
.Lambda : 0.02370150937927 Mu : 0.00006112699775 & Score: -933.791151
.Lambda : 0.02357309858510 Mu : 0.00007693568759 & Score: -931.984938
.Lambda : 0.02344468779093 Mu : 0.00009274437744 & Score: -931.168893
.Lambda : 0.02331898489065 Mu : 0.00010825669375 & Score: -931.031774
.Lambda : 0.02332440067844 Mu : 0.00010766394667 & Score: -931.009589
.Lambda : 0.02326425712219 Mu : 0.00011512373129 & Score: -931.110764
.Lambda : 0.02319328199037 Mu : 0.00012376901006 & Score: -931.391440
.Lambda : 0.02325748738745 Mu : 0.00011586466514 & Score: -931.149403
.Lambda : 0.02338589818163 Mu : 0.00010005597529 & Score: -931.020552
.Lambda : 0.02339131396942 Mu : 0.00009946322821 & Score: -931.009223
.Lambda : 0.02342747850880 Mu : 0.00009506649545 & Score: -931.065696
.Lambda : 0.02332981646623 Mu : 0.00010707119960 & Score: -930.988145
.Lambda : 0.02330177560852 Mu : 0.00011057881176 & Score: -931.011195
.Lambda : 0.02339672975721 Mu : 0.00009887048114 & Score: -930.998749
.Lambda : 0.02333523225402 Mu : 0.00010647845252 & Score: -930.967452
.Lambda : 0.02330719139632 Mu : 0.00010998606468 & Score: -930.986228
.Lambda : 0.02326831896303 Mu : 0.00011467917099 & Score: -931.088074
.Lambda : 0.02330042166158 Mu : 0.00011072699852 & Score: -931.017547
.Lambda : 0.02333252436012 Mu : 0.00010677482606 & Score: -930.977705
.Lambda : 0.02336598100561 Mu : 0.00010267446683 & Score: -930.966789
.Lambda : 0.02336868889951 Mu : 0.00010237809329 & Score: -930.959214
.Lambda : 0.02338677116920 Mu : 0.00010017972691 & Score: -930.966226
.Lambda : 0.02339943765110 Mu : 0.00009857410760 & Score: -930.993837
.Lambda : 0.02338338630183 Mu : 0.00010055019383 & Score: -930.973830
.Lambda : 0.02336733495256 Mu : 0.00010252628006 & Score: -930.962977
.Lambda : 0.02335196057676 Mu : 0.00010442827291 & Score: -930.958736
.Lambda : 0.02335331452371 Mu : 0.00010428008614 & Score: -930.954341
.Lambda : 0.02334630430928 Mu : 0.00010515698918 & Score: -930.952557
.Lambda : 0.02332957598654 Mu : 0.00010720716879 & Score: -930.964450
.Lambda : 0.02333935421478 Mu : 0.00010599989992 & Score: -930.958428
.Lambda : 0.02333369794730 Mu : 0.00010672861619 & Score: -930.954691
.Lambda : 0.02334064804181 Mu : 0.00010588570545 & Score: -930.947516
.Lambda : 0.02334129495532 Mu : 0.00010582860821 & Score: -930.942071
.Lambda : 0.02335390131730 Mu : 0.00010425698120 & Score: -930.942979
.Lambda : 0.02334889196334 Mu : 0.00010492860024 & Score: -930.931191
.Lambda : 0.02335018579036 Mu : 0.00010481440577 & Score: -930.920553
.Lambda : 0.02333757942838 Mu : 0.00010638603278 & Score: -930.921502
.Lambda : 0.02334647026342 Mu : 0.00010537183033 & Score: -930.898785
.Lambda : 0.02334905791747 Mu : 0.00010514344139 & Score: -930.877323
.Lambda : 0.02336166427945 Mu : 0.00010357181438 & Score: -930.880643
.Lambda : 0.02336053640657 Mu : 0.00010390085001 & Score: -930.836556
.Lambda : 0.02336571171467 Mu : 0.00010344407213 & Score: -930.795299
.Lambda : 0.02335310535269 Mu : 0.00010501569914 & Score: -930.791440
.Lambda : 0.02334882588931 Mu : 0.00010573764152 & Score: -930.748475
.Lambda : 0.02336547968650 Mu : 0.00010403827225 & Score: -930.664421
.Lambda : 0.02337369057102 Mu : 0.00010348568768 & Score: -930.559170
.Lambda : 0.02335680474565 Mu : 0.00010577925707 & Score: -930.512189
.Lambda : 0.02335235126114 Mu : 0.00010694684954 & Score: -930.374767
.Lambda : 0.02337721594285 Mu : 0.00010469489571 & Score: -930.180333
.Lambda : 0.02339141096963 Mu : 0.00010417352280 & Score: -929.897931
.Lambda : 0.02337007165975 Mu : 0.00010763468466 & Score: -929.717289
.Lambda : 0.02336826220412 Mu : 0.00010970918315 & Score: -929.308890
.Lambda : 0.02340732191261 Mu : 0.00010693585640 & Score: -928.819253
.Lambda : 0.02343480723834 Mu : 0.00010693035983 & Score: -928.044936
.Lambda : 0.02341165847283 Mu : 0.00011246602018 & Score: -927.482406
.Lambda : 0.02342178222444 Mu : 0.00011661226887 & Score: -926.322129
.Lambda : 0.02348832725865 Mu : 0.00011383344556 & Score: -925.035752
.Lambda : 0.02354835978592 Mu : 0.00011589557677 & Score: -922.927764
.Lambda : 0.02353533477202 Mu : 0.00012557748580 & Score: -921.347238
.Lambda : 0.02358559853886 Mu : 0.00013490104879 & Score: -918.209347
.Lambda : 0.02371217610034 Mu : 0.00013418435669 & Score: -914.864715
.Lambda : 0.02385737303829 Mu : 0.00014297040059 & Score: -909.391106
.Lambda : 0.02389461179122 Mu : 0.00016197587261 & Score: -905.330526
.Lambda : 0.02406773779388 Mu : 0.00018501602054 & Score: -897.463622
.Lambda : 0.02433951229331 Mu : 0.00019308537234 & Score: -889.406762
.Lambda : 0.02471646917053 Mu : 0.00022217753412 & Score: -876.543222
.Lambda : 0.02492683392613 Mu : 0.00026422315406 & Score: -867.120796
.Lambda : 0.02546156437005 Mu : 0.00032484953080 & Score: -inf
.Lambda : 0.02557556530278 Mu : 0.00030138466764 & Score: -inf
.Lambda : 0.02519860842556 Mu : 0.00027229250587 & Score: -inf
.Lambda : 0.02482165154833 Mu : 0.00024320034409 & Score: -871.728876
.Lambda : 0.02449728586000 Mu : 0.00022461958730 & Score: -881.656061
.Lambda : 0.02525119961445 Mu : 0.00028280391085 & Score: -inf
.Lambda : 0.02506272117584 Mu : 0.00026825782997 & Score: -inf
.Lambda : 0.02487424273723 Mu : 0.00025371174908 & Score: -869.400852
.Lambda : 0.02471205989306 Mu : 0.00024442137068 & Score: -874.246260
.Lambda : 0.02508901677029 Mu : 0.00027351353246 & Score: -inf
.Lambda : 0.02499477755098 Mu : 0.00026624049201 & Score: -inf
.Lambda : 0.02490053833168 Mu : 0.00025896745157 & Score: -868.255029
.Lambda : 0.02481944690960 Mu : 0.00025432226237 & Score: -870.649701
.Lambda : 0.02500792534821 Mu : 0.00026886834326 & Score: -inf
.Lambda : 0.02496080573855 Mu : 0.00026523182304 & Score: -866.220830
.Lambda : 0.02498710133300 Mu : 0.00027048752553 & Score: -inf
.Lambda : 0.02496546058267 Mu : 0.00026760750704 & Score: -inf
.Lambda : 0.02494381983234 Mu : 0.00026472748855 & Score: -866.670397
.Lambda : 0.02493067203512 Mu : 0.00026209963731 & Score: -867.235000
.Lambda : 0.02497395353578 Mu : 0.00026785967429 & Score: -inf
.Lambda : 0.02496313316061 Mu : 0.00026641966504 & Score: -inf
.Lambda : 0.02495231278545 Mu : 0.00026497965580 & Score: -866.445510
.Lambda : 0.02494573888684 Mu : 0.00026366573017 & Score: -866.727188
.Lambda : 0.02496737963717 Mu : 0.00026654574866 & Score: -inf
.Lambda : 0.02496196944958 Mu : 0.00026582574404 & Score: -inf
.Lambda : 0.02495655926200 Mu : 0.00026510573942 & Score: -866.333144
.Lambda : 0.02495327231270 Mu : 0.00026444877661 & Score: -866.473828
.Lambda : 0.02496409268786 Mu : 0.00026588878585 & Score: -inf
.Lambda : 0.02496138759407 Mu : 0.00026552878354 & Score: -inf
.Lambda : 0.02495868250028 Mu : 0.00026516878123 & Score: -866.276981
.Lambda : 0.02495703902563 Mu : 0.00026484029982 & Score: -866.347284
.Lambda : 0.02496244921321 Mu : 0.00026556030445 & Score: -inf
.Lambda : 0.02496109666631 Mu : 0.00026538030329 & Score: -inf
.Lambda : 0.02495974411942 Mu : 0.00026520030213 & Score: -866.248904
.Lambda : 0.02495892238209 Mu : 0.00026503606143 & Score: -866.284046
.Lambda : 0.02496162747588 Mu : 0.00026539606374 & Score: -inf
.Lambda : 0.02496095120243 Mu : 0.00026530606316 & Score: -866.210283
.Lambda : 0.02496201282157 Mu : 0.00026533758407 & Score: -inf
.Lambda : 0.02496144564603 Mu : 0.00026530326359 & Score: -866.198884
.Lambda : 0.02496159110991 Mu : 0.00026537750371 & Score: -inf
.Lambda : 0.02496139476707 Mu : 0.00026534108354 & Score: -inf
.Lambda : 0.02496119842423 Mu : 0.00026530466338 & Score: -866.204584
.Lambda : 0.02496112569229 Mu : 0.00026526754331 & Score: -866.209857
.Lambda : 0.02496151837797 Mu : 0.00026534038365 & Score: -inf
.Lambda : 0.02496142020655 Mu : 0.00026532217356 & Score: -866.197673
.Lambda : 0.02496166742835 Mu : 0.00026532077378 & Score: -866.191974
.Lambda : 0.02496190193041 Mu : 0.00026532882898 & Score: -inf
.Lambda : 0.02496164198887 Mu : 0.00026533968375 & Score: -inf
.Lambda : 0.02496159290316 Mu : 0.00026533057871 & Score: -866.192793
.Lambda : 0.02496184012496 Mu : 0.00026532917892 & Score: -inf
.Lambda : 0.02496173514536 Mu : 0.00026532742758 & Score: -inf
.Lambda : 0.02496163016576 Mu : 0.00026532567624 & Score: -866.192383
.Lambda : 0.02496154381745 Mu : 0.00026532147367 & Score: -866.194823
.Lambda : 0.02496175377666 Mu : 0.00026532497635 & Score: -866.189534
.Lambda : 0.02496185875626 Mu : 0.00026532672769 & Score: -inf
.Lambda : 0.02496179103925 Mu : 0.00026532007388 & Score: -866.189124
.Lambda : 0.02496187147600 Mu : 0.00026531727270 & Score: -866.187495
.Lambda : 0.02496195782430 Mu : 0.00026532147527 & Score: -inf
.Lambda : 0.02496188522532 Mu : 0.00026532129990 & Score: -inf
.Lambda : 0.02496181262633 Mu : 0.00026532112452 & Score: -866.188514
.Lambda : 0.02496176945218 Mu : 0.00026531902324 & Score: -866.189734
.Lambda : 0.02496191465015 Mu : 0.00026531937399 & Score: -inf
.Lambda : 0.02496187835066 Mu : 0.00026531928630 & Score: -866.187140
.Lambda : 0.02496193720033 Mu : 0.00026531543447 & Score: -866.186120
.Lambda : 0.02496199948733 Mu : 0.00026531258945 & Score: -866.184923
.Lambda : 0.02496200636199 Mu : 0.00026531460305 & Score: -866.184568
.Lambda : 0.02496207380498 Mu : 0.00026531326822 & Score: -inf
.Lambda : 0.02496212749866 Mu : 0.00026530790620 & Score: -866.182352
.Lambda : 0.02496225207266 Mu : 0.00026530221615 & Score: -866.179958
.Lambda : 0.02496225894732 Mu : 0.00026530422975 & Score: -866.179603
.Lambda : 0.02496238867731 Mu : 0.00026530004990 & Score: -inf
.Lambda : 0.02496250465799 Mu : 0.00026529184285 & Score: -866.174993
.Lambda : 0.02496275380599 Mu : 0.00026528046275 & Score: -866.170205
.Lambda : 0.02496276068065 Mu : 0.00026528247635 & Score: -866.169850
.Lambda : 0.02496301498465 Mu : 0.00026527260645 & Score: -866.164797
.Lambda : 0.02496350984332 Mu : 0.00026524883945 & Score: -866.155400
.Lambda : 0.02496413529132 Mu : 0.00026522114430 & Score: -866.143301
.Lambda : 0.02496439646998 Mu : 0.00026521328799 & Score: -866.137893
.Lambda : 0.02496521780197 Mu : 0.00026517970062 & Score: -866.121739
.Lambda : 0.02496633810865 Mu : 0.00026512823847 & Score: -866.100251
.Lambda : 0.02496799967064 Mu : 0.00026505605448 & Score: -866.067990
.Lambda : 0.02496908218129 Mu : 0.00026501461080 & Score: -866.046441
.Lambda : 0.02497155562627 Mu : 0.00026491134405 & Score: -865.998037
.Lambda : 0.02497433749495 Mu : 0.00026478769791 & Score: -865.944339
.Lambda : 0.02497889734144 Mu : 0.00026459169656 & Score: -865.855729
.Lambda : 0.02498245329707 Mu : 0.00026444698613 & Score: -865.785887
.Lambda : 0.02498968011028 Mu : 0.00026414245196 & Score: -865.645062
.Lambda : 0.02499702182544 Mu : 0.00026382280446 & Score: -865.503140
.Lambda : 0.02500975492502 Mu : 0.00026327853467 & Score: -865.256395
.Lambda : 0.02502053769386 Mu : 0.00026282929007 & Score: -865.046686
.Lambda : 0.02504135787008 Mu : 0.00026194808683 & Score: -864.644040
.Lambda : 0.02506143268482 Mu : 0.00026108416954 & Score: -864.258376
.Lambda : 0.02509730897210 Mu : 0.00025955502834 & Score: -863.570612
.Lambda : 0.02512891191715 Mu : 0.00025822458050 & Score: -862.966229
.Lambda : 0.02518849041322 Mu : 0.00025569760341 & Score: -861.836493
.Lambda : 0.02524444151524 Mu : 0.00025330454491 & Score: -860.786827
.Lambda : 0.02534598333782 Mu : 0.00024898277395 & Score: -858.902815
.Lambda : 0.02543716477893 Mu : 0.00024512534903 & Score: -857.233965
.Lambda : 0.02560709268235 Mu : 0.00023791050937 & Score: -854.190356
.Lambda : 0.02576458560695 Mu : 0.00023119567992 & Score: -851.446786
.Lambda : 0.02605263320382 Mu : 0.00021894471817 & Score: -846.611618
.Lambda : 0.02631374254836 Mu : 0.00020787245359 & Score: -842.434045
.Lambda : 0.02679762215363 Mu : 0.00018731729340 & Score: -835.232064
.Lambda : 0.02724316267509 Mu : 0.00016835150220 & Score: -829.243407
.Lambda : 0.02806119767147 Mu : 0.00013357199862 & Score: -819.978521
.Lambda : 0.02880618662127 Mu : 0.00010194457385 & Score: -813.856219
.Lambda : 0.03018296332999 Mu : 0.00004344450169 & Score: -812.632841
.Lambda : 0.03144653884784 Mu : -0.00001030079310 & Score: -inf
.Lambda : 0.03028430967428 Mu : 0.00003910372853 & Score: -813.588460
.Lambda : 0.03240607533281 Mu : -0.00005102376839 & Score: -inf
.Lambda : 0.03131985591748 Mu : -0.00000487482664 & Score: -inf
.Lambda : 0.03023363650214 Mu : 0.00004127411511 & Score: -813.078371
.Lambda : 0.02912208050073 Mu : 0.00008850825015 & Score: -812.122744
.Lambda : 0.02907140732859 Mu : 0.00009067863674 & Score: -812.355857
.Lambda : 0.02801052449932 Mu : 0.00013574238520 & Score: -820.478588
.Lambda : 0.02855363420699 Mu : 0.00011266791432 & Score: -815.643260
.Lambda : 0.02909674391466 Mu : 0.00008959344344 & Score: -812.237183
.Lambda : 0.02965252191536 Mu : 0.00006597637592 & Score: -810.803496
.Lambda : 0.02967785850143 Mu : 0.00006489118263 & Score: -810.807360
.Lambda : 0.03020829991607 Mu : 0.00004235930840 & Score: -812.847928
.Lambda : 0.02993674506223 Mu : 0.00005389654384 & Score: -811.256583
.Lambda : 0.02939363535456 Mu : 0.00007697101472 & Score: -811.157333
.Lambda : 0.02993674506223 Mu : 0.00005389654384 & Score: -811.256583
.Lambda : 0.02980096763532 Mu : 0.00005966516156 & Score: -810.913675
.Lambda : 0.02952941278148 Mu : 0.00007120239700 & Score: -810.894585
.Lambda : 0.02980096763532 Mu : 0.00005966516156 & Score: -810.913675
.Lambda : 0.02973307892186 Mu : 0.00006254947042 & Score: -810.832282
.Lambda : 0.02959730149494 Mu : 0.00006831808814 & Score: -810.826486
.Lambda : 0.02973307892186 Mu : 0.00006254947042 & Score: -810.832282
.Lambda : 0.02969913456513 Mu : 0.00006399162485 & Score: -810.811972
.Lambda : 0.02963124585167 Mu : 0.00006687593371 & Score: -810.809540
.Lambda : 0.02969913456513 Mu : 0.00006399162485 & Score: -810.811972
.Lambda : 0.02968216238676 Mu : 0.00006471270206 & Score: -810.806681
.Lambda : 0.02965682580069 Mu : 0.00006579789535 & Score: -810.801658
.Lambda : 0.02964630945032 Mu : 0.00006625125171 & Score: -810.800628
.Lambda : 0.02961666897892 Mu : 0.00006751492557 & Score: -810.808818
.Lambda : 0.02963304233088 Mu : 0.00006681436970 & Score: -810.804003
.Lambda : 0.02966578903480 Mu : 0.00006541325794 & Score: -810.802883
.Lambda : 0.02965957656976 Mu : 0.00006568813373 & Score: -810.799106
.Lambda : 0.02966310389696 Mu : 0.00006554401264 & Score: -810.797097
.Lambda : 0.02964362431247 Mu : 0.00006638200641 & Score: -810.795475
.Lambda : 0.02963254195131 Mu : 0.00006686638064 & Score: -810.793812
.Lambda : 0.02964933639795 Mu : 0.00006615914157 & Score: -810.787752
.Lambda : 0.02965084987176 Mu : 0.00006611308649 & Score: -810.781335
.Lambda : 0.02962028792612 Mu : 0.00006743545450 & Score: -810.782354
.Lambda : 0.02963859584657 Mu : 0.00006668216035 & Score: -810.767427
.Lambda : 0.02964162279420 Mu : 0.00006659005020 & Score: -810.754318
.Lambda : 0.02967218473985 Mu : 0.00006526768219 & Score: -810.759862
.Lambda : 0.02966295766228 Mu : 0.00006574464590 & Score: -810.730511
.Lambda : 0.02966901155754 Mu : 0.00006556042560 & Score: -810.705440
.Lambda : 0.02963844961189 Mu : 0.00006688279361 & Score: -810.701988
.Lambda : 0.02962158204792 Mu : 0.00006769034932 & Score: -810.678535
.Lambda : 0.02964897081126 Mu : 0.00006666072472 & Score: -810.623226
.Lambda : 0.02965264481979 Mu : 0.00006669606198 & Score: -810.557721
.Lambda : 0.02960521531017 Mu : 0.00006882598569 & Score: -810.543748
.Lambda : 0.02957331718648 Mu : 0.00007045876574 & Score: -810.484049
.Lambda : 0.02960437995835 Mu : 0.00006946447840 & Score: -810.348111
.Lambda : 0.02959577891357 Mu : 0.00007035154295 & Score: -810.188484
.Lambda : 0.02951645128026 Mu : 0.00007411424671 & Score: -810.182619
.Lambda : 0.02944835451050 Mu : 0.00007782333907 & Score: -810.091163
.Lambda : 0.02947081623759 Mu : 0.00007771611628 & Score: -809.788141
.Lambda : 0.02941956576314 Mu : 0.00008134479155 & Score: -809.520409
.Lambda : 0.02927214136007 Mu : 0.00008881658768 & Score: -809.749340
.Lambda : 0.02924335261271 Mu : 0.00009233804015 & Score: -809.304154
.Lambda : 0.02914085166381 Mu : 0.00009959539069 & Score: -809.150881
.Lambda : 0.02928827606688 Mu : 0.00009212359456 & Score: -808.675258
.Lambda : 0.02929634342029 Mu : 0.00009377709800 & Score: -808.149194
.Lambda : 0.02901762932097 Mu : 0.00011202769715 & Score: -808.371689
.Lambda : 0.02917312107745 Mu : 0.00010620940446 & Score: -807.190098
.Lambda : 0.02918925578426 Mu : 0.00010951641134 & Score: -806.243277
.Lambda : 0.02946796988359 Mu : 0.00009126581220 & Score: -806.193276
.Lambda : 0.02969314016490 Mu : 0.00008088486973 & Score: -805.621508
.Lambda : 0.02958605252887 Mu : 0.00009662418307 & Score: -803.156320
.Lambda : 0.02973090708317 Mu : 0.00009804772561 & Score: -800.717537
.Lambda : 0.03023479146380 Mu : 0.00006941618399 & Score: -801.432028
.Lambda : 0.03027255838207 Mu : 0.00008657903987 & Score: -795.939286
.Lambda : 0.03056226749065 Mu : 0.00008942612493 & Score: -791.324400
.Lambda : 0.03005838311001 Mu : 0.00011805766655 & Score: -791.851248
.Lambda : 0.03088974351749 Mu : 0.00010943606587 & Score: -inf
.Lambda : 0.03060003440891 Mu : 0.00010658898081 & Score: -786.853899
.Lambda : 0.03110391878955 Mu : 0.00007795743919 & Score: -787.472864
.Lambda : 0.03114168570781 Mu : 0.00009512029507 & Score: -782.522034
.Lambda : 0.03143139481639 Mu : 0.00009796738013 & Score: -778.325311
.Lambda : 0.03092751043575 Mu : 0.00012659892175 & Score: -inf
.Lambda : 0.03097161252420 Mu : 0.00011443855111 & Score: -inf
.Lambda : 0.03101571461265 Mu : 0.00010227818047 & Score: -782.452743
.Lambda : 0.03126765680297 Mu : 0.00008796240966 & Score: -782.736629
.Lambda : 0.03117945262607 Mu : 0.00011228315094 & Score: -inf
.Lambda : 0.03120150367030 Mu : 0.00010620296562 & Score: -inf
.Lambda : 0.03122355471452 Mu : 0.00010012278030 & Score: -780.355160
.Lambda : 0.03134952580968 Mu : 0.00009296489490 & Score: -780.494311
.Lambda : 0.03130542372123 Mu : 0.00010512526554 & Score: -inf
.Lambda : 0.03131644924335 Mu : 0.00010208517288 & Score: -inf
.Lambda : 0.03132747476546 Mu : 0.00009904508022 & Score: -779.331809
.Lambda : 0.03139046031304 Mu : 0.00009546613752 & Score: -779.401072
.Lambda : 0.03136840926881 Mu : 0.00010154632284 & Score: -inf
.Lambda : 0.03137392202987 Mu : 0.00010002627651 & Score: -inf
.Lambda : 0.03137943479093 Mu : 0.00009850623018 & Score: -778.826459
.Lambda : 0.03141092756472 Mu : 0.00009671675882 & Score: -778.861057
.Lambda : 0.03139990204260 Mu : 0.00009975685148 & Score: -inf
.Lambda : 0.03140265842313 Mu : 0.00009899682832 & Score: -inf
.Lambda : 0.03140541480366 Mu : 0.00009823680515 & Score: -778.575360
.Lambda : 0.03142116119055 Mu : 0.00009734206948 & Score: -778.592656
.Lambda : 0.03141564842950 Mu : 0.00009886211581 & Score: -inf
.Lambda : 0.03141702661976 Mu : 0.00009848210423 & Score: -778.379478
.Lambda : 0.03144300663250 Mu : 0.00009821267921 & Score: -778.129680
.Lambda : 0.03146180254692 Mu : 0.00009820061623 & Score: -inf
.Lambda : 0.03145737482913 Mu : 0.00009769795511 & Score: -778.076311
.Lambda : 0.03147754893381 Mu : 0.00009730588056 & Score: -777.926047
.Lambda : 0.03148916074991 Mu : 0.00009755117963 & Score: -777.730749
.Lambda : 0.03151804371667 Mu : 0.00009734307937 & Score: -inf
.Lambda : 0.03152370305123 Mu : 0.00009664438098 & Score: -777.530561
.Lambda : 0.03156405126059 Mu : 0.00009586023186 & Score: -777.236303
.Lambda : 0.03157566307669 Mu : 0.00009610553094 & Score: -777.041488
.Lambda : 0.03162472014814 Mu : 0.00009550535613 & Score: -776.605145
.Lambda : 0.03169961065881 Mu : 0.00009381440836 & Score: -776.131980
.Lambda : 0.03180483561326 Mu : 0.00009194602273 & Score: -775.366620
.Lambda : 0.03186550450081 Mu : 0.00009159114699 & Score: -774.757537
.Lambda : 0.03201623112092 Mu : 0.00008945660455 & Score: -773.578677
.Lambda : 0.03219634658605 Mu : 0.00008589727116 & Score: -772.485479
.Lambda : 0.03248215980500 Mu : 0.00008109322867 & Score: -770.675366
.Lambda : 0.03269355531266 Mu : 0.00007860381050 & Score: -769.142839
.Lambda : 0.03313791516235 Mu : 0.00007193270438 & Score: -766.606479
.Lambda : 0.03360384384644 Mu : 0.00006356932850 & Score: -764.863790
.Lambda : 0.03439765020920 Mu : 0.00005062569048 & Score: -762.795896
.Lambda : 0.03505340556655 Mu : 0.00004146516619 & Score: -761.813221
.Lambda : 0.03633902844732 Mu : 0.00002165113494 & Score: -766.745063
.Lambda : 0.03631314061339 Mu : 0.00002015815228 & Score: -768.498342
.Lambda : 0.03551933425063 Mu : 0.00003310179030 & Score: -763.207771
.Lambda : 0.03393172152511 Mu : 0.00005898906636 & Score: -763.503072
.Lambda : 0.03432862470649 Mu : 0.00005251724734 & Score: -762.575140
.Lambda : 0.03498438006384 Mu : 0.00004335672305 & Score: -761.373983
.Lambda : 0.03527774499117 Mu : 0.00003972223934 & Score: -761.008637
.Lambda : 0.03600252585122 Mu : 0.00002867015818 & Score: -762.868786
.Lambda : 0.03558405056504 Mu : 0.00003463193047 & Score: -761.723928
.Lambda : 0.03580838998966 Mu : 0.00003288900363 & Score: -761.220412
.Lambda : 0.03550208441579 Mu : 0.00003797931250 & Score: -760.293535
.Lambda : 0.03546110134116 Mu : 0.00003965300351 & Score: -759.646770
.Lambda : 0.03493045634267 Mu : 0.00004648623922 & Score: -760.260383
.Lambda : 0.03511381269266 Mu : 0.00004641700339 & Score: -758.833037
.Lambda : 0.03503184654340 Mu : 0.00004976438542 & Score: -757.935929
.Lambda : 0.03556249154189 Mu : 0.00004293114971 & Score: -757.125012
.Lambda : 0.03587850914151 Mu : 0.00004115360495 & Score: -755.750667
.Lambda : 0.03544925434375 Mu : 0.00005126498686 & Score: -754.038621
.Lambda : 0.03544333084505 Mu : 0.00005707097853 & Score: -inf
.Lambda : 0.03629591694186 Mu : 0.00004265420639 & Score: -752.039810
.Lambda : 0.03692795214109 Mu : 0.00003909911687 & Score: -749.834789
.Lambda : 0.03649869734333 Mu : 0.00004921049878 & Score: -inf
.Lambda : 0.03634365029287 Mu : 0.00004719627532 & Score: -inf
.Lambda : 0.03618860324242 Mu : 0.00004518205187 & Score: -751.498822
.Lambda : 0.03640323064130 Mu : 0.00004012636091 & Score: -752.667997
.Lambda : 0.03671332474221 Mu : 0.00004415480783 & Score: -inf
.Lambda : 0.03663580121698 Mu : 0.00004314769610 & Score: -749.520831
.Lambda : 0.03737515011565 Mu : 0.00003706476111 & Score: -748.291564
.Lambda : 0.03796842355226 Mu : 0.00003300611573 & Score: -747.482679
.Lambda : 0.03767627262815 Mu : 0.00003705469495 & Score: -inf
.Lambda : 0.03748919250639 Mu : 0.00003756580043 & Score: -747.324591
.Lambda : 0.03882181484167 Mu : 0.00002742422006 & Score: -747.183029
.Lambda : 0.03991482165401 Mu : 0.00001956248204 & Score: -749.752465
.Lambda : 0.03834258379579 Mu : 0.00003198390477 & Score: -746.186581
.Lambda : 0.03852966391756 Mu : 0.00003147279928 & Score: -745.585262
.Lambda : 0.03986228625284 Mu : 0.00002133121891 & Score: -748.059362
.Lambda : 0.03926901281623 Mu : 0.00002538986429 & Score: -746.788464
.Lambda : 0.03897686189212 Mu : 0.00002943844352 & Score: -744.874429
.Lambda : 0.03905438541735 Mu : 0.00003044555525 & Score: -inf
.Lambda : 0.03823751299346 Mu : 0.00003552137851 & Score: -inf
.Lambda : 0.03849538794915 Mu : 0.00003298849996 & Score: -inf
.Lambda : 0.03875326290484 Mu : 0.00003045562140 & Score: -745.199985
.Lambda : 0.03912293735417 Mu : 0.00002741415390 & Score: -745.764044
.Lambda : 0.03860718744279 Mu : 0.00003247991101 & Score: -inf
.Lambda : 0.03873612492064 Mu : 0.00003121347174 & Score: -744.740631
.Lambda : 0.03895972390792 Mu : 0.00003019629385 & Score: -inf
.Lambda : 0.03890810865715 Mu : 0.00003026112574 & Score: -744.592539
.Lambda : 0.03866737168566 Mu : 0.00003203615396 & Score: -inf
.Lambda : 0.03874474423728 Mu : 0.00003138672635 & Score: -inf
.Lambda : 0.03882211678889 Mu : 0.00003073729874 & Score: -744.661359
.Lambda : 0.03894248527463 Mu : 0.00002984978463 & Score: -744.730987
.Lambda : 0.03878774017140 Mu : 0.00003114863985 & Score: -inf
.Lambda : 0.03882642644721 Mu : 0.00003082392604 & Score: -744.578287
.Lambda : 0.03891241831547 Mu : 0.00003034775305 & Score: -744.508753
.Lambda : 0.03895756907876 Mu : 0.00003015298020 & Score: -744.435930
.Lambda : 0.03887588686882 Mu : 0.00003071578050 & Score: -inf
.Lambda : 0.03888394231590 Mu : 0.00003060211681 & Score: -inf
.Lambda : 0.03889199776298 Mu : 0.00003048845312 & Score: -744.504282
.Lambda : 0.03893283886795 Mu : 0.00003020705297 & Score: -744.513987
.Lambda : 0.03891672797379 Mu : 0.00003043438035 & Score: -inf
.Lambda : 0.03892075569733 Mu : 0.00003037754851 & Score: -inf
.Lambda : 0.03892478342087 Mu : 0.00003032071666 & Score: -744.469397
.Lambda : 0.03894520397335 Mu : 0.00003018001658 & Score: -744.474897
.Lambda : 0.03893714852627 Mu : 0.00003029368028 & Score: -inf
.Lambda : 0.03893916238804 Mu : 0.00003026526435 & Score: -744.441314
.Lambda : 0.03897194804593 Mu : 0.00003009752789 & Score: -744.408398
.Lambda : 0.03899553035846 Mu : 0.00002998593351 & Score: -744.378928
.Lambda : 0.03901393704917 Mu : 0.00002987364935 & Score: -744.375024
.Lambda : 0.03905132437974 Mu : 0.00002967784185 & Score: -744.344737
.Lambda : 0.03908928565944 Mu : 0.00002951079516 & Score: -744.292147
.Lambda : 0.03915514394978 Mu : 0.00002918970264 & Score: -744.228596
.Lambda : 0.03921093797106 Mu : 0.00002888161099 & Score: -744.206725
.Lambda : 0.03931864177736 Mu : 0.00002832944973 & Score: -744.144370
.Lambda : 0.03942246134740 Mu : 0.00002784131052 & Score: -744.064528
.Lambda : 0.03960802983123 Mu : 0.00002692304486 & Score: -743.994203
.Lambda : 0.03977152765881 Mu : 0.00002606279194 & Score: -744.015508
.Lambda : 0.04006091571268 Mu : 0.00002465638707 & Score: -744.051095
.Lambda : 0.03931864177736 Mu : 0.00002832944973 & Score: -744.144370
.Lambda : 0.03950421026119 Mu : 0.00002741118407 & Score: -744.048313
.Lambda : 0.03987534722885 Mu : 0.00002557465273 & Score: -744.000165
.Lambda : 0.03971184940127 Mu : 0.00002643490564 & Score: -743.954409
.Lambda : 0.03968201027250 Mu : 0.00002662096249 & Score: -743.926371
.Lambda : 0.03941469287488 Mu : 0.00002796935462 & Score: -743.997618
.Lambda : 0.03987534722885 Mu : 0.00002557465273 & Score: -744.000165
.Lambda : 0.03976018364036 Mu : 0.00002617332820 & Score: -743.969765
.Lambda : 0.03983416408163 Mu : 0.00002587124584 & Score: -743.916418
.Lambda : 0.03994723120684 Mu : 0.00002534534634 & Score: -743.903402
.Lambda : 0.03986905783898 Mu : 0.00002579298063 & Score: -743.838473
.Lambda : 0.03992349493829 Mu : 0.00002560280684 & Score: -743.777480
.Lambda : 0.04018871587262 Mu : 0.00002432719068 & Score: -743.839614
.Lambda : 0.04016497960408 Mu : 0.00002458465118 & Score: -743.700801
.Lambda : 0.04027385380271 Mu : 0.00002420430361 & Score: -743.618543
.Lambda : 0.04000863286838 Mu : 0.00002547991977 & Score: -743.536558
.Lambda : 0.03991859136625 Mu : 0.00002605628431 & Score: -inf
.Lambda : 0.04035899173279 Mu : 0.00002408141653 & Score: -743.402565
.Lambda : 0.04057674013004 Mu : 0.00002332072138 & Score: -inf
.Lambda : 0.04009377079846 Mu : 0.00002535703269 & Score: -inf
.Lambda : 0.04013879154952 Mu : 0.00002506885042 & Score: -inf
.Lambda : 0.04018381230058 Mu : 0.00002478066815 & Score: -743.451159
.Lambda : 0.04031642276775 Mu : 0.00002414286007 & Score: -743.509919
.Lambda : 0.04022638126563 Mu : 0.00002471922461 & Score: -inf
.Lambda : 0.04024889164116 Mu : 0.00002457513348 & Score: -inf
.Lambda : 0.04027140201669 Mu : 0.00002443104234 & Score: -743.422215
.Lambda : 0.04033770725027 Mu : 0.00002411213830 & Score: -743.456084
.Lambda : 0.04029268649921 Mu : 0.00002440032057 & Score: -inf
.Lambda : 0.04030394168697 Mu : 0.00002432827501 & Score: -743.389202
.Lambda : 0.04039153140308 Mu : 0.00002397864920 & Score: -743.372672
.Lambda : 0.04045159609627 Mu : 0.00002375245263 & Score: -743.354169
.Lambda : 0.04039654605045 Mu : 0.00002399931110 & Score: -inf
.Lambda : 0.04038715747104 Mu : 0.00002401983746 & Score: -743.351455
.Lambda : 0.04053481188034 Mu : 0.00002344401508 & Score: -743.330852
.Lambda : 0.04065024697702 Mu : 0.00002300188511 & Score: -743.325530
.Lambda : 0.04058580835179 Mu : 0.00002326926994 & Score: -743.306990
.Lambda : 0.04065291447954 Mu : 0.00002302767860 & Score: -743.291054
.Lambda : 0.04091600398552 Mu : 0.00002200972626 & Score: -743.349482
.Lambda : 0.04038715747104 Mu : 0.00002401983746 & Score: -743.351455
.Lambda : 0.04051936909966 Mu : 0.00002351730966 & Score: -743.319498
.Lambda : 0.04052203660218 Mu : 0.00002354310315 & Score: -inf
.Lambda : 0.04055408919589 Mu : 0.00002340779864 & Score: -inf
.Lambda : 0.04058614178960 Mu : 0.00002327249413 & Score: -743.302701
.Lambda : 0.04065158072828 Mu : 0.00002301478186 & Score: -743.308288
.Lambda : 0.04058747554086 Mu : 0.00002328539087 & Score: -inf
.Lambda : 0.04060350183772 Mu : 0.00002321773862 & Score: -inf
.Lambda : 0.04061952813457 Mu : 0.00002315008636 & Score: -743.296232
.Lambda : 0.04065224760391 Mu : 0.00002302123023 & Score: -743.299670
.Lambda : 0.04062019501020 Mu : 0.00002315653474 & Score: -inf
.Lambda : 0.04062820815863 Mu : 0.00002312270861 & Score: -743.290516
.Lambda : 0.04066159450360 Mu : 0.00002300030085 & Score: -743.285653
.Lambda : 0.04068262768811 Mu : 0.00002292540809 & Score: -inf
.Lambda : 0.04063688818269 Mu : 0.00002309533086 & Score: -inf
.Lambda : 0.04064089475690 Mu : 0.00002307841779 & Score: -inf
.Lambda : 0.04064490133112 Mu : 0.00002306150473 & Score: -743.287923
.Lambda : 0.04065725449157 Mu : 0.00002301398972 & Score: -743.288344
.Lambda : 0.04064924134314 Mu : 0.00002304781585 & Score: -inf
.Lambda : 0.04065124463025 Mu : 0.00002303935932 & Score: -inf
.Lambda : 0.04065324791736 Mu : 0.00002303090279 & Score: -743.286747
.Lambda : 0.04065942449759 Mu : 0.00002300714528 & Score: -743.286996
.Lambda : 0.04065541792337 Mu : 0.00002302405835 & Score: -inf
.Lambda : 0.04065641956693 Mu : 0.00002301983008 & Score: -743.285789
.Lambda : 0.04066476615317 Mu : 0.00002298922814 & Score: -743.284725
.Lambda : 0.04067052527107 Mu : 0.00002296839082 & Score: -inf
.Lambda : 0.04066994108984 Mu : 0.00002296969891 & Score: -743.284640
.Lambda : 0.04067670185130 Mu : 0.00002294463332 & Score: -743.284146
.Lambda : 0.04067987350087 Mu : 0.00002293356061 & Score: -743.283273
.Lambda : 0.04068901299950 Mu : 0.00002290019049 & Score: -743.282228
.Lambda : 0.04070094869764 Mu : 0.00002285559567 & Score: -743.281990
.Lambda : 0.04071903996987 Mu : 0.00002278877943 & Score: -743.281201
.Lambda : 0.04073135111808 Mu : 0.00002274433661 & Score: -743.279890
.Lambda : 0.04075867575146 Mu : 0.00002264418826 & Score: -743.279074
.Lambda : 0.04078870272183 Mu : 0.00002253277720 & Score: -743.280522
.Lambda : 0.04082833850342 Mu : 0.00002238818603 & Score: -743.281649
.Lambda : 0.04080101387003 Mu : 0.00002248833438 & Score: -743.280214
.Lambda : 0.04077098689966 Mu : 0.00002259974544 & Score: -743.278331
.Lambda : 0.04076212898858 Mu : 0.00002263322956 & Score: -743.277378
.Lambda : 0.04071979087001 Mu : 0.00002278908344 & Score: -inf
.Lambda : 0.04074009662002 Mu : 0.00002271389617 & Score: -inf
.Lambda : 0.04076040237002 Mu : 0.00002263870891 & Score: -743.278224
.Lambda : 0.04078157142931 Mu : 0.00002256078197 & Score: -743.278569
.Lambda : 0.04074095992930 Mu : 0.00002271115650 & Score: -inf
.Lambda : 0.04075111280430 Mu : 0.00002267356287 & Score: -743.277601
.Lambda : 0.04075283942286 Mu : 0.00002266808352 & Score: -inf
.Lambda : 0.04075473015965 Mu : 0.00002266073986 & Score: -inf
.Lambda : 0.04075662089644 Mu : 0.00002265339621 & Score: -743.277471
.Lambda : 0.04076126567930 Mu : 0.00002263596923 & Score: -743.277801
.Lambda : 0.04075748420572 Mu : 0.00002265065654 & Score: -inf
.Lambda : 0.04075842957412 Mu : 0.00002264698471 & Score: -743.277231
.Lambda : 0.04076393766626 Mu : 0.00002262681806 & Score: -743.277150
.Lambda : 0.04076759605117 Mu : 0.00002261352898 & Score: -743.277012
.Lambda : 0.04076389663670 Mu : 0.00002262728413 & Score: -743.276842
.Lambda : 0.04076478046076 Mu : 0.00002262431142 & Score: -inf
.Lambda : 0.04077306311375 Mu : 0.00002259382840 & Score: -743.276681
.Lambda : 0.04078037988357 Mu : 0.00002256725024 & Score: -743.276500
.Lambda : 0.04077668046910 Mu : 0.00002258100540 & Score: -743.276274
.Lambda : 0.04078122267807 Mu : 0.00002256474361 & Score: -inf
.Lambda : 0.04079316371597 Mu : 0.00002252097151 & Score: -743.276178
.Lambda : 0.04080779725560 Mu : 0.00002246781520 & Score: -743.276221
.Lambda : 0.04078946430150 Mu : 0.00002253472666 & Score: -743.275896
.Lambda : 0.04079400651047 Mu : 0.00002251846487 & Score: -743.275629
.Lambda : 0.04081048975733 Mu : 0.00002245843098 & Score: -743.275867
.Lambda : 0.04081133255183 Mu : 0.00002245592435 & Score: -743.275335
.Lambda : 0.04082041696977 Mu : 0.00002242340076 & Score: -743.275057
.Lambda : 0.04080393372290 Mu : 0.00002248343465 & Score: -inf
.Lambda : 0.04080557273151 Mu : 0.00002247718374 & Score: -inf
.Lambda : 0.04080721174012 Mu : 0.00002247093282 & Score: -inf
.Lambda : 0.04081545336355 Mu : 0.00002244091587 & Score: -743.275448
.Lambda : 0.04082865859320 Mu : 0.00002239338382 & Score: -743.275391
.Lambda : 0.04083362219942 Mu : 0.00002237586871 & Score: -743.275075
.Lambda : 0.04082538057599 Mu : 0.00002240588565 & Score: -inf
.Lambda : 0.04082620008029 Mu : 0.00002240276020 & Score: -inf
.Lambda : 0.04082701958459 Mu : 0.00002239963474 & Score: -743.275041
.Lambda : 0.04082453778148 Mu : 0.00002240839229 & Score: -743.275214
.Lambda : 0.04082289877288 Mu : 0.00002241464321 & Score: -inf
.Lambda : 0.04082330852503 Mu : 0.00002241308048 & Score: -inf
.Lambda : 0.04082371827718 Mu : 0.00002241151775 & Score: -743.275042
.Lambda : 0.04082577868304 Mu : 0.00002240401352 & Score: -743.275126
.Lambda : 0.04082495917874 Mu : 0.00002240713897 & Score: -inf
.Lambda : 0.04082516405481 Mu : 0.00002240635761 & Score: -743.274997
.Lambda : 0.04082846536222 Mu : 0.00002239447460 & Score: -743.275001
.Lambda : 0.04082660983244 Mu : 0.00002240119747 & Score: -743.274954
.Lambda : 0.04082640495637 Mu : 0.00002240197883 & Score: -inf
.Lambda : 0.04082330852503 Mu : 0.00002241308048 & Score: -inf
.Lambda : 0.04082459773433 Mu : 0.00002240842901 & Score: -743.274965
.Lambda : 0.04082604351196 Mu : 0.00002240326887 & Score: -inf
.Lambda : 0.04082582364767 Mu : 0.00002240404105 & Score: -inf
.Lambda : 0.04082560378338 Mu : 0.00002240481324 & Score: -743.274959
.Lambda : 0.04082588694363 Mu : 0.00002240377754 & Score: -743.274975
.Lambda : 0.04082632667220 Mu : 0.00002240223317 & Score: -inf
.Lambda : 0.04082621674006 Mu : 0.00002240261926 & Score: -743.274947
.Lambda : 0.04082722278911 Mu : 0.00002239900349 & Score: -743.274942
.Lambda : 0.04082803229198 Mu : 0.00002239609861 & Score: -743.274935
.Lambda : 0.04082763919959 Mu : 0.00002239752041 & Score: -inf
.Lambda : 0.04082738185780 Mu : 0.00002239843967 & Score: -743.274934
.Lambda : 0.04082919740973 Mu : 0.00002239191903 & Score: -743.274925
.Lambda : 0.04083068774456 Mu : 0.00002238656891 & Score: -743.274918
.Lambda : 0.04083003731039 Mu : 0.00002238890997 & Score: -743.274915
.Lambda : 0.04083103981959 Mu : 0.00002238531564 & Score: -743.274906
.Lambda : 0.04083434570635 Mu : 0.00002237344488 & Score: -743.274904
.Lambda : 0.04083782763062 Mu : 0.00002236094749 & Score: -743.274910
.Lambda : 0.04083469778138 Mu : 0.00002237219162 & Score: -743.274894
.Lambda : 0.04083670279979 Mu : 0.00002236500297 & Score: -743.274889
.Lambda : 0.04084000868655 Mu : 0.00002235313221 & Score: -743.274909
.Lambda : 0.04083776646981 Mu : 0.00002236117807 & Score: -743.274899
.Lambda : 0.04084012356325 Mu : 0.00002235273615 & Score: -743.274893
.Lambda : 0.04083905989324 Mu : 0.00002235656106 & Score: -743.274880
.Lambda : 0.04083970660495 Mu : 0.00002235425255 & Score: -743.274871
.Lambda : 0.04083628584149 Mu : 0.00002236651937 & Score: -inf
.Lambda : 0.04083724527193 Mu : 0.00002236307356 & Score: -743.274873
.Lambda : 0.04084024907708 Mu : 0.00002235232315 & Score: -743.274857
.Lambda : 0.04084202221573 Mu : 0.00002234598323 & Score: -inf
.Lambda : 0.04084271041010 Mu : 0.00002234350213 & Score: -743.274864
.Lambda : 0.04084325288224 Mu : 0.00002234157273 & Score: -743.274852
.Lambda : 0.04084502602089 Mu : 0.00002233523282 & Score: -inf
.Lambda : 0.04084079154922 Mu : 0.00002235039374 & Score: -inf
.Lambda : 0.04084127126444 Mu : 0.00002234867084 & Score: -inf
.Lambda : 0.04084175097966 Mu : 0.00002234694794 & Score: -743.274853
.Lambda : 0.04084298164617 Mu : 0.00002234253743 & Score: -743.274858
.Lambda : 0.04084202221573 Mu : 0.00002234598323 & Score: -inf
.Lambda : 0.04084226207334 Mu : 0.00002234512178 & Score: -inf
.Lambda : 0.04084250193095 Mu : 0.00002234426033 & Score: -743.274852
.Lambda : 0.04084311726421 Mu : 0.00002234205508 & Score: -743.274855
.Lambda : 0.04084263754899 Mu : 0.00002234377798 & Score: -inf
.Lambda : 0.04084275747779 Mu : 0.00002234334726 & Score: -inf
.Lambda : 0.04084287740660 Mu : 0.00002234291653 & Score: -743.274852
.Lambda : 0.04084318507322 Mu : 0.00002234181390 & Score: -743.274853
.Lambda : 0.04084294521561 Mu : 0.00002234267536 & Score: -inf
.Lambda : 0.04084300518002 Mu : 0.00002234245999 & Score: -743.274851
.
Lambda Search Result: 289
Lambda : 0.04084300518002 Mu : 0.00002234245999 & Score: 743.274851
DONE: Lamda,Mu Search or setting, for command:
lambdamu -s
